#! /usr/bin/vvp
:ivl_version "12.0 (stable)";
:ivl_delay_selection "TYPICAL";
:vpi_time_precision - 12;
:vpi_module "/usr/lib/x86_64-linux-gnu/ivl/system.vpi";
:vpi_module "/usr/lib/x86_64-linux-gnu/ivl/vhdl_sys.vpi";
:vpi_module "/usr/lib/x86_64-linux-gnu/ivl/vhdl_textio.vpi";
:vpi_module "/usr/lib/x86_64-linux-gnu/ivl/v2005_math.vpi";
:vpi_module "/usr/lib/x86_64-linux-gnu/ivl/va_math.vpi";
:vpi_module "/usr/lib/x86_64-linux-gnu/ivl/v2009.vpi";
S_0x6490e1af1480 .scope package, "$unit" "$unit" 2 1;
 .timescale 0 0;
S_0x6490e1afc000 .scope module, "PC" "PC" 3 3;
 .timescale -9 -12;
    .port_info 0 /INPUT 1 "clk";
    .port_info 1 /INPUT 1 "reset";
    .port_info 2 /INPUT 1 "load";
    .port_info 3 /INPUT 1 "inc";
    .port_info 4 /INPUT 16 "in";
    .port_info 5 /OUTPUT 16 "out";
o0x70ba59972018 .functor BUFZ 1, C4<z>; HiZ drive
v0x6490e1af4c20_0 .net "clk", 0 0, o0x70ba59972018;  0 drivers
o0x70ba59972048 .functor BUFZ 16, C4<zzzzzzzzzzzzzzzz>; HiZ drive
v0x6490e1af36b0_0 .net "in", 15 0, o0x70ba59972048;  0 drivers
o0x70ba59972078 .functor BUFZ 1, C4<z>; HiZ drive
v0x6490e1af2140_0 .net "inc", 0 0, o0x70ba59972078;  0 drivers
o0x70ba599720a8 .functor BUFZ 1, C4<z>; HiZ drive
v0x6490e1af0bd0_0 .net "load", 0 0, o0x70ba599720a8;  0 drivers
v0x6490e1aef660_0 .var "out", 15 0;
o0x70ba59972108 .functor BUFZ 1, C4<z>; HiZ drive
v0x6490e1aeecb0_0 .net "reset", 0 0, o0x70ba59972108;  0 drivers
E_0x6490e1ab5ad0 .event posedge, v0x6490e1af4c20_0;
S_0x6490e1afd570 .scope module, "RAM16K" "RAM16K" 4 3;
 .timescale -9 -12;
    .port_info 0 /INPUT 1 "clk";
    .port_info 1 /INPUT 1 "load";
    .port_info 2 /INPUT 14 "address";
    .port_info 3 /INPUT 16 "in";
    .port_info 4 /OUTPUT 16 "out";
P_0x6490e1ab3c00 .param/l "DEPTH" 1 4 10, +C4<00000000000000000100000000000000>;
L_0x6490e1b2fc90 .functor BUFZ 16, L_0x6490e1b2fa20, C4<0000000000000000>, C4<0000000000000000>, C4<0000000000000000>;
v0x6490e1b1c200_0 .net *"_ivl_0", 15 0, L_0x6490e1b2fa20;  1 drivers
v0x6490e1b1c300_0 .net *"_ivl_2", 15 0, L_0x6490e1b2fb20;  1 drivers
L_0x70ba59929018 .functor BUFT 1, C4<00>, C4<0>, C4<0>, C4<0>;
v0x6490e1b1c3e0_0 .net *"_ivl_5", 1 0, L_0x70ba59929018;  1 drivers
o0x70ba599722e8 .functor BUFZ 14, C4<zzzzzzzzzzzzzz>; HiZ drive
v0x6490e1b1c4a0_0 .net "address", 13 0, o0x70ba599722e8;  0 drivers
o0x70ba59972318 .functor BUFZ 1, C4<z>; HiZ drive
v0x6490e1b1c580_0 .net "clk", 0 0, o0x70ba59972318;  0 drivers
v0x6490e1b1c690_0 .var/i "idx", 31 0;
o0x70ba59972378 .functor BUFZ 16, C4<zzzzzzzzzzzzzzzz>; HiZ drive
v0x6490e1b1c770_0 .net "in", 15 0, o0x70ba59972378;  0 drivers
o0x70ba599723a8 .functor BUFZ 1, C4<z>; HiZ drive
v0x6490e1b1c850_0 .net "load", 0 0, o0x70ba599723a8;  0 drivers
v0x6490e1b1c910 .array "mem", 16383 0, 15 0;
v0x6490e1b1c9d0_0 .net "out", 15 0, L_0x6490e1b2fc90;  1 drivers
E_0x6490e1ab5d20 .event posedge, v0x6490e1b1c580_0;
L_0x6490e1b2fa20 .array/port v0x6490e1b1c910, L_0x6490e1b2fb20;
L_0x6490e1b2fb20 .concat [ 14 2 0 0], o0x70ba599722e8, L_0x70ba59929018;
S_0x6490e1afeae0 .scope module, "RAM4K" "RAM4K" 5 3;
 .timescale -9 -12;
    .port_info 0 /INPUT 1 "clk";
    .port_info 1 /INPUT 1 "load";
    .port_info 2 /INPUT 12 "address";
    .port_info 3 /INPUT 16 "in";
    .port_info 4 /OUTPUT 16 "out";
P_0x6490e1b04410 .param/l "DEPTH" 1 5 10, +C4<00000000000000000001000000000000>;
L_0x6490e1b2ff90 .functor BUFZ 16, L_0x6490e1b2fd50, C4<0000000000000000>, C4<0000000000000000>, C4<0000000000000000>;
v0x6490e1b1cb90_0 .net *"_ivl_0", 15 0, L_0x6490e1b2fd50;  1 drivers
v0x6490e1b1cc90_0 .net *"_ivl_2", 13 0, L_0x6490e1b2fe20;  1 drivers
L_0x70ba59929060 .functor BUFT 1, C4<00>, C4<0>, C4<0>, C4<0>;
v0x6490e1b1cd70_0 .net *"_ivl_5", 1 0, L_0x70ba59929060;  1 drivers
o0x70ba59972588 .functor BUFZ 12, C4<zzzzzzzzzzzz>; HiZ drive
v0x6490e1b1ce30_0 .net "address", 11 0, o0x70ba59972588;  0 drivers
o0x70ba599725b8 .functor BUFZ 1, C4<z>; HiZ drive
v0x6490e1b1cf10_0 .net "clk", 0 0, o0x70ba599725b8;  0 drivers
v0x6490e1b1cfd0_0 .var/i "idx", 31 0;
o0x70ba59972618 .functor BUFZ 16, C4<zzzzzzzzzzzzzzzz>; HiZ drive
v0x6490e1b1d0b0_0 .net "in", 15 0, o0x70ba59972618;  0 drivers
o0x70ba59972648 .functor BUFZ 1, C4<z>; HiZ drive
v0x6490e1b1d190_0 .net "load", 0 0, o0x70ba59972648;  0 drivers
v0x6490e1b1d250 .array "mem", 4095 0, 15 0;
v0x6490e1b1d310_0 .net "out", 15 0, L_0x6490e1b2ff90;  1 drivers
E_0x6490e1ab5f80 .event posedge, v0x6490e1b1cf10_0;
L_0x6490e1b2fd50 .array/port v0x6490e1b1d250, L_0x6490e1b2fe20;
L_0x6490e1b2fe20 .concat [ 12 2 0 0], o0x70ba59972588, L_0x70ba59929060;
S_0x6490e1aeff10 .scope module, "RAM512" "RAM512" 6 3;
 .timescale -9 -12;
    .port_info 0 /INPUT 1 "clk";
    .port_info 1 /INPUT 1 "load";
    .port_info 2 /INPUT 9 "address";
    .port_info 3 /INPUT 16 "in";
    .port_info 4 /OUTPUT 16 "out";
P_0x6490e1ab61c0 .param/l "DEPTH" 1 6 10, +C4<00000000000000000000001000000000>;
L_0x6490e1b30290 .functor BUFZ 16, L_0x6490e1b30050, C4<0000000000000000>, C4<0000000000000000>, C4<0000000000000000>;
v0x6490e1b1d4d0_0 .net *"_ivl_0", 15 0, L_0x6490e1b30050;  1 drivers
v0x6490e1b1d5d0_0 .net *"_ivl_2", 10 0, L_0x6490e1b30120;  1 drivers
L_0x70ba599290a8 .functor BUFT 1, C4<00>, C4<0>, C4<0>, C4<0>;
v0x6490e1b1d6b0_0 .net *"_ivl_5", 1 0, L_0x70ba599290a8;  1 drivers
o0x70ba59972828 .functor BUFZ 9, C4<zzzzzzzzz>; HiZ drive
v0x6490e1b1d770_0 .net "address", 8 0, o0x70ba59972828;  0 drivers
o0x70ba59972858 .functor BUFZ 1, C4<z>; HiZ drive
v0x6490e1b1d850_0 .net "clk", 0 0, o0x70ba59972858;  0 drivers
v0x6490e1b1d910_0 .var/i "idx", 31 0;
o0x70ba599728b8 .functor BUFZ 16, C4<zzzzzzzzzzzzzzzz>; HiZ drive
v0x6490e1b1d9f0_0 .net "in", 15 0, o0x70ba599728b8;  0 drivers
o0x70ba599728e8 .functor BUFZ 1, C4<z>; HiZ drive
v0x6490e1b1dad0_0 .net "load", 0 0, o0x70ba599728e8;  0 drivers
v0x6490e1b1db90 .array "mem", 511 0, 15 0;
v0x6490e1b1dce0_0 .net "out", 15 0, L_0x6490e1b30290;  1 drivers
E_0x6490e1ab6110 .event posedge, v0x6490e1b1d850_0;
L_0x6490e1b30050 .array/port v0x6490e1b1db90, L_0x6490e1b30120;
L_0x6490e1b30120 .concat [ 9 2 0 0], o0x70ba59972828, L_0x70ba599290a8;
S_0x6490e1b00050 .scope module, "RAM64" "RAM64" 7 3;
 .timescale -9 -12;
    .port_info 0 /INPUT 1 "clk";
    .port_info 1 /INPUT 1 "load";
    .port_info 2 /INPUT 6 "address";
    .port_info 3 /INPUT 16 "in";
    .port_info 4 /OUTPUT 16 "out";
P_0x6490e1b01380 .param/l "DEPTH" 1 7 10, +C4<00000000000000000000000001000000>;
L_0x6490e1b305c0 .functor BUFZ 16, L_0x6490e1b30380, C4<0000000000000000>, C4<0000000000000000>, C4<0000000000000000>;
v0x6490e1b1dea0_0 .net *"_ivl_0", 15 0, L_0x6490e1b30380;  1 drivers
v0x6490e1b1dfa0_0 .net *"_ivl_2", 7 0, L_0x6490e1b30450;  1 drivers
L_0x70ba599290f0 .functor BUFT 1, C4<00>, C4<0>, C4<0>, C4<0>;
v0x6490e1b1e080_0 .net *"_ivl_5", 1 0, L_0x70ba599290f0;  1 drivers
o0x70ba59972ac8 .functor BUFZ 6, C4<zzzzzz>; HiZ drive
v0x6490e1b1e140_0 .net "address", 5 0, o0x70ba59972ac8;  0 drivers
o0x70ba59972af8 .functor BUFZ 1, C4<z>; HiZ drive
v0x6490e1b1e220_0 .net "clk", 0 0, o0x70ba59972af8;  0 drivers
v0x6490e1b1e2e0_0 .var/i "idx", 31 0;
o0x70ba59972b58 .functor BUFZ 16, C4<zzzzzzzzzzzzzzzz>; HiZ drive
v0x6490e1b1e3c0_0 .net "in", 15 0, o0x70ba59972b58;  0 drivers
o0x70ba59972b88 .functor BUFZ 1, C4<z>; HiZ drive
v0x6490e1b1e4a0_0 .net "load", 0 0, o0x70ba59972b88;  0 drivers
v0x6490e1b1e560 .array "mem", 63 0, 15 0;
v0x6490e1b1e6b0_0 .net "out", 15 0, L_0x6490e1b305c0;  1 drivers
E_0x6490e1a9b840 .event posedge, v0x6490e1b1e220_0;
L_0x6490e1b30380 .array/port v0x6490e1b1e560, L_0x6490e1b30450;
L_0x6490e1b30450 .concat [ 6 2 0 0], o0x70ba59972ac8, L_0x70ba599290f0;
S_0x6490e1b015c0 .scope module, "RAM8" "RAM8" 8 3;
 .timescale -9 -12;
    .port_info 0 /INPUT 1 "clk";
    .port_info 1 /INPUT 1 "load";
    .port_info 2 /INPUT 3 "address";
    .port_info 3 /INPUT 16 "in";
    .port_info 4 /OUTPUT 16 "out";
P_0x6490e1afd330 .param/l "DEPTH" 1 8 10, +C4<00000000000000000000000000001000>;
L_0x6490e1b30910 .functor BUFZ 16, L_0x6490e1b30680, C4<0000000000000000>, C4<0000000000000000>, C4<0000000000000000>;
v0x6490e1b1e8b0_0 .net *"_ivl_0", 15 0, L_0x6490e1b30680;  1 drivers
v0x6490e1b1e9b0_0 .net *"_ivl_2", 4 0, L_0x6490e1b30750;  1 drivers
L_0x70ba59929138 .functor BUFT 1, C4<00>, C4<0>, C4<0>, C4<0>;
v0x6490e1b1ea90_0 .net *"_ivl_5", 1 0, L_0x70ba59929138;  1 drivers
o0x70ba59972d68 .functor BUFZ 3, C4<zzz>; HiZ drive
v0x6490e1b1eb50_0 .net "address", 2 0, o0x70ba59972d68;  0 drivers
o0x70ba59972d98 .functor BUFZ 1, C4<z>; HiZ drive
v0x6490e1b1ec30_0 .net "clk", 0 0, o0x70ba59972d98;  0 drivers
v0x6490e1b1ecf0_0 .var/i "idx", 31 0;
o0x70ba59972df8 .functor BUFZ 16, C4<zzzzzzzzzzzzzzzz>; HiZ drive
v0x6490e1b1edd0_0 .net "in", 15 0, o0x70ba59972df8;  0 drivers
o0x70ba59972e28 .functor BUFZ 1, C4<z>; HiZ drive
v0x6490e1b1eeb0_0 .net "load", 0 0, o0x70ba59972e28;  0 drivers
v0x6490e1b1ef70 .array "mem", 7 0, 15 0;
v0x6490e1b1f0c0_0 .net "out", 15 0, L_0x6490e1b30910;  1 drivers
E_0x6490e1b1e830 .event posedge, v0x6490e1b1ec30_0;
L_0x6490e1b30680 .array/port v0x6490e1b1ef70, L_0x6490e1b30750;
L_0x6490e1b30750 .concat [ 3 2 0 0], o0x70ba59972d68, L_0x70ba59929138;
S_0x6490e1b02b30 .scope module, "Register" "Register" 9 3;
 .timescale -9 -12;
    .port_info 0 /INPUT 1 "clk";
    .port_info 1 /INPUT 1 "load";
    .port_info 2 /INPUT 16 "in";
    .port_info 3 /OUTPUT 16 "out";
L_0x6490e1b34160 .functor BUFZ 16, L_0x6490e1b33bc0, C4<0000000000000000>, C4<0000000000000000>, C4<0000000000000000>;
v0x6490e1b2e070_0 .net "bit_out", 15 0, L_0x6490e1b33bc0;  1 drivers
o0x70ba59972f78 .functor BUFZ 1, C4<z>; HiZ drive
v0x6490e1b2e170_0 .net "clk", 0 0, o0x70ba59972f78;  0 drivers
o0x70ba59975108 .functor BUFZ 16, C4<zzzzzzzzzzzzzzzz>; HiZ drive
v0x6490e1b2e640_0 .net "in", 15 0, o0x70ba59975108;  0 drivers
o0x70ba599730c8 .functor BUFZ 1, C4<z>; HiZ drive
v0x6490e1b2e6e0_0 .net "load", 0 0, o0x70ba599730c8;  0 drivers
v0x6490e1b2e780_0 .net "out", 15 0, L_0x6490e1b34160;  1 drivers
L_0x6490e1b30b80 .part o0x70ba59975108, 0, 1;
L_0x6490e1b30e20 .part o0x70ba59975108, 1, 1;
L_0x6490e1b31110 .part o0x70ba59975108, 2, 1;
L_0x6490e1b313b0 .part o0x70ba59975108, 3, 1;
L_0x6490e1b31630 .part o0x70ba59975108, 4, 1;
L_0x6490e1b318f0 .part o0x70ba59975108, 5, 1;
L_0x6490e1b31c10 .part o0x70ba59975108, 6, 1;
L_0x6490e1b31ef0 .part o0x70ba59975108, 7, 1;
L_0x6490e1b32220 .part o0x70ba59975108, 8, 1;
L_0x6490e1b32500 .part o0x70ba59975108, 9, 1;
L_0x6490e1b327f0 .part o0x70ba59975108, 10, 1;
L_0x6490e1b32ad0 .part o0x70ba59975108, 11, 1;
L_0x6490e1b32e20 .part o0x70ba59975108, 12, 1;
L_0x6490e1b330e0 .part o0x70ba59975108, 13, 1;
L_0x6490e1b33390 .part o0x70ba59975108, 14, 1;
L_0x6490e1b33a40 .part o0x70ba59975108, 15, 1;
LS_0x6490e1b33bc0_0_0 .concat8 [ 1 1 1 1], L_0x6490e1b30b10, L_0x6490e1b30db0, L_0x6490e1b310a0, L_0x6490e1b31340;
LS_0x6490e1b33bc0_0_4 .concat8 [ 1 1 1 1], L_0x6490e1b315c0, L_0x6490e1b31880, L_0x6490e1b31ba0, L_0x6490e1b31e80;
LS_0x6490e1b33bc0_0_8 .concat8 [ 1 1 1 1], L_0x6490e1b321b0, L_0x6490e1b32490, L_0x6490e1b32780, L_0x6490e1b32a60;
LS_0x6490e1b33bc0_0_12 .concat8 [ 1 1 1 1], L_0x6490e1b32db0, L_0x6490e1b33070, L_0x6490e1b32bc0, L_0x6490e1b339d0;
L_0x6490e1b33bc0 .concat8 [ 4 4 4 4], LS_0x6490e1b33bc0_0_0, LS_0x6490e1b33bc0_0_4, LS_0x6490e1b33bc0_0_8, LS_0x6490e1b33bc0_0_12;
S_0x6490e1af29f0 .scope generate, "gen_bits[0]" "gen_bits[0]" 9 13, 9 13 0, S_0x6490e1b02b30;
 .timescale -9 -12;
P_0x6490e1b1f280 .param/l "i" 1 9 13, +C4<00>;
S_0x6490e1af3f60 .scope module, "bit_cell" "Bit" 9 14, 10 3 0, S_0x6490e1af29f0;
 .timescale -9 -12;
    .port_info 0 /INPUT 1 "clk";
    .port_info 1 /INPUT 1 "load";
    .port_info 2 /INPUT 1 "in";
    .port_info 3 /OUTPUT 1 "out";
L_0x6490e1b30b10 .functor BUFZ 1, v0x6490e1b1f6b0_0, C4<0>, C4<0>, C4<0>;
v0x6490e1b1f7d0_0 .net "clk", 0 0, o0x70ba59972f78;  alias, 0 drivers
v0x6490e1b1f8a0_0 .net "in", 0 0, L_0x6490e1b30b80;  1 drivers
v0x6490e1b1f940_0 .net "load", 0 0, o0x70ba599730c8;  alias, 0 drivers
v0x6490e1b1fa10_0 .net "next_value", 0 0, L_0x6490e1b309d0;  1 drivers
v0x6490e1b1fae0_0 .net "out", 0 0, L_0x6490e1b30b10;  1 drivers
v0x6490e1b1fbd0_0 .net "stored", 0 0, v0x6490e1b1f6b0_0;  1 drivers
L_0x6490e1b309d0 .functor MUXZ 1, v0x6490e1b1f6b0_0, L_0x6490e1b30b80, o0x70ba599730c8, C4<>;
S_0x6490e1af54d0 .scope module, "storage" "DFF" 10 12, 11 3 0, S_0x6490e1af3f60;
 .timescale -9 -12;
    .port_info 0 /INPUT 1 "clk";
    .port_info 1 /INPUT 1 "d";
    .port_info 2 /OUTPUT 1 "q";
v0x6490e1b1f510_0 .net "clk", 0 0, o0x70ba59972f78;  alias, 0 drivers
v0x6490e1b1f5f0_0 .net "d", 0 0, L_0x6490e1b309d0;  alias, 1 drivers
v0x6490e1b1f6b0_0 .var "q", 0 0;
E_0x6490e1b1f490 .event posedge, v0x6490e1b1f510_0;
S_0x6490e1af6a40 .scope generate, "gen_bits[1]" "gen_bits[1]" 9 13, 9 13 0, S_0x6490e1b02b30;
 .timescale -9 -12;
P_0x6490e1b1fd90 .param/l "i" 1 9 13, +C4<01>;
S_0x6490e1af7fb0 .scope module, "bit_cell" "Bit" 9 14, 10 3 0, S_0x6490e1af6a40;
 .timescale -9 -12;
    .port_info 0 /INPUT 1 "clk";
    .port_info 1 /INPUT 1 "load";
    .port_info 2 /INPUT 1 "in";
    .port_info 3 /OUTPUT 1 "out";
L_0x6490e1b30db0 .functor BUFZ 1, v0x6490e1b20150_0, C4<0>, C4<0>, C4<0>;
v0x6490e1b20270_0 .net "clk", 0 0, o0x70ba59972f78;  alias, 0 drivers
v0x6490e1b20310_0 .net "in", 0 0, L_0x6490e1b30e20;  1 drivers
v0x6490e1b203d0_0 .net "load", 0 0, o0x70ba599730c8;  alias, 0 drivers
v0x6490e1b204d0_0 .net "next_value", 0 0, L_0x6490e1b30c70;  1 drivers
v0x6490e1b205a0_0 .net "out", 0 0, L_0x6490e1b30db0;  1 drivers
v0x6490e1b20690_0 .net "stored", 0 0, v0x6490e1b20150_0;  1 drivers
L_0x6490e1b30c70 .functor MUXZ 1, v0x6490e1b20150_0, L_0x6490e1b30e20, o0x70ba599730c8, C4<>;
S_0x6490e1af9520 .scope module, "storage" "DFF" 10 12, 11 3 0, S_0x6490e1af7fb0;
 .timescale -9 -12;
    .port_info 0 /INPUT 1 "clk";
    .port_info 1 /INPUT 1 "d";
    .port_info 2 /OUTPUT 1 "q";
v0x6490e1b1ff80_0 .net "clk", 0 0, o0x70ba59972f78;  alias, 0 drivers
v0x6490e1b20090_0 .net "d", 0 0, L_0x6490e1b30c70;  alias, 1 drivers
v0x6490e1b20150_0 .var "q", 0 0;
S_0x6490e1b20780 .scope generate, "gen_bits[2]" "gen_bits[2]" 9 13, 9 13 0, S_0x6490e1b02b30;
 .timescale -9 -12;
P_0x6490e1b20980 .param/l "i" 1 9 13, +C4<010>;
S_0x6490e1b20a40 .scope module, "bit_cell" "Bit" 9 14, 10 3 0, S_0x6490e1b20780;
 .timescale -9 -12;
    .port_info 0 /INPUT 1 "clk";
    .port_info 1 /INPUT 1 "load";
    .port_info 2 /INPUT 1 "in";
    .port_info 3 /OUTPUT 1 "out";
L_0x6490e1b310a0 .functor BUFZ 1, v0x6490e1b210d0_0, C4<0>, C4<0>, C4<0>;
v0x6490e1b21220_0 .net "clk", 0 0, o0x70ba59972f78;  alias, 0 drivers
v0x6490e1b212c0_0 .net "in", 0 0, L_0x6490e1b31110;  1 drivers
v0x6490e1b21380_0 .net "load", 0 0, o0x70ba599730c8;  alias, 0 drivers
v0x6490e1b21450_0 .net "next_value", 0 0, L_0x6490e1b30f60;  1 drivers
v0x6490e1b214f0_0 .net "out", 0 0, L_0x6490e1b310a0;  1 drivers
v0x6490e1b215e0_0 .net "stored", 0 0, v0x6490e1b210d0_0;  1 drivers
L_0x6490e1b30f60 .functor MUXZ 1, v0x6490e1b210d0_0, L_0x6490e1b31110, o0x70ba599730c8, C4<>;
S_0x6490e1b20c50 .scope module, "storage" "DFF" 10 12, 11 3 0, S_0x6490e1b20a40;
 .timescale -9 -12;
    .port_info 0 /INPUT 1 "clk";
    .port_info 1 /INPUT 1 "d";
    .port_info 2 /OUTPUT 1 "q";
v0x6490e1b20ec0_0 .net "clk", 0 0, o0x70ba59972f78;  alias, 0 drivers
v0x6490e1b21010_0 .net "d", 0 0, L_0x6490e1b30f60;  alias, 1 drivers
v0x6490e1b210d0_0 .var "q", 0 0;
S_0x6490e1b216f0 .scope generate, "gen_bits[3]" "gen_bits[3]" 9 13, 9 13 0, S_0x6490e1b02b30;
 .timescale -9 -12;
P_0x6490e1b218f0 .param/l "i" 1 9 13, +C4<011>;
S_0x6490e1b219d0 .scope module, "bit_cell" "Bit" 9 14, 10 3 0, S_0x6490e1b216f0;
 .timescale -9 -12;
    .port_info 0 /INPUT 1 "clk";
    .port_info 1 /INPUT 1 "load";
    .port_info 2 /INPUT 1 "in";
    .port_info 3 /OUTPUT 1 "out";
L_0x6490e1b31340 .functor BUFZ 1, v0x6490e1b21fa0_0, C4<0>, C4<0>, C4<0>;
v0x6490e1b220f0_0 .net "clk", 0 0, o0x70ba59972f78;  alias, 0 drivers
v0x6490e1b22190_0 .net "in", 0 0, L_0x6490e1b313b0;  1 drivers
v0x6490e1b22250_0 .net "load", 0 0, o0x70ba599730c8;  alias, 0 drivers
v0x6490e1b22320_0 .net "next_value", 0 0, L_0x6490e1b31200;  1 drivers
v0x6490e1b223f0_0 .net "out", 0 0, L_0x6490e1b31340;  1 drivers
v0x6490e1b224e0_0 .net "stored", 0 0, v0x6490e1b21fa0_0;  1 drivers
L_0x6490e1b31200 .functor MUXZ 1, v0x6490e1b21fa0_0, L_0x6490e1b313b0, o0x70ba599730c8, C4<>;
S_0x6490e1b21bb0 .scope module, "storage" "DFF" 10 12, 11 3 0, S_0x6490e1b219d0;
 .timescale -9 -12;
    .port_info 0 /INPUT 1 "clk";
    .port_info 1 /INPUT 1 "d";
    .port_info 2 /OUTPUT 1 "q";
v0x6490e1b21e20_0 .net "clk", 0 0, o0x70ba59972f78;  alias, 0 drivers
v0x6490e1b21ee0_0 .net "d", 0 0, L_0x6490e1b31200;  alias, 1 drivers
v0x6490e1b21fa0_0 .var "q", 0 0;
S_0x6490e1b225f0 .scope generate, "gen_bits[4]" "gen_bits[4]" 9 13, 9 13 0, S_0x6490e1b02b30;
 .timescale -9 -12;
P_0x6490e1b22840 .param/l "i" 1 9 13, +C4<0100>;
S_0x6490e1b22920 .scope module, "bit_cell" "Bit" 9 14, 10 3 0, S_0x6490e1b225f0;
 .timescale -9 -12;
    .port_info 0 /INPUT 1 "clk";
    .port_info 1 /INPUT 1 "load";
    .port_info 2 /INPUT 1 "in";
    .port_info 3 /OUTPUT 1 "out";
L_0x6490e1b315c0 .functor BUFZ 1, v0x6490e1b22ef0_0, C4<0>, C4<0>, C4<0>;
v0x6490e1b23010_0 .net "clk", 0 0, o0x70ba59972f78;  alias, 0 drivers
v0x6490e1b230b0_0 .net "in", 0 0, L_0x6490e1b31630;  1 drivers
v0x6490e1b23170_0 .net "load", 0 0, o0x70ba599730c8;  alias, 0 drivers
v0x6490e1b23240_0 .net "next_value", 0 0, L_0x6490e1b314d0;  1 drivers
v0x6490e1b23310_0 .net "out", 0 0, L_0x6490e1b315c0;  1 drivers
v0x6490e1b233b0_0 .net "stored", 0 0, v0x6490e1b22ef0_0;  1 drivers
L_0x6490e1b314d0 .functor MUXZ 1, v0x6490e1b22ef0_0, L_0x6490e1b31630, o0x70ba599730c8, C4<>;
S_0x6490e1b22b00 .scope module, "storage" "DFF" 10 12, 11 3 0, S_0x6490e1b22920;
 .timescale -9 -12;
    .port_info 0 /INPUT 1 "clk";
    .port_info 1 /INPUT 1 "d";
    .port_info 2 /OUTPUT 1 "q";
v0x6490e1b22d70_0 .net "clk", 0 0, o0x70ba59972f78;  alias, 0 drivers
v0x6490e1b22e30_0 .net "d", 0 0, L_0x6490e1b314d0;  alias, 1 drivers
v0x6490e1b22ef0_0 .var "q", 0 0;
S_0x6490e1b234c0 .scope generate, "gen_bits[5]" "gen_bits[5]" 9 13, 9 13 0, S_0x6490e1b02b30;
 .timescale -9 -12;
P_0x6490e1b236c0 .param/l "i" 1 9 13, +C4<0101>;
S_0x6490e1b237a0 .scope module, "bit_cell" "Bit" 9 14, 10 3 0, S_0x6490e1b234c0;
 .timescale -9 -12;
    .port_info 0 /INPUT 1 "clk";
    .port_info 1 /INPUT 1 "load";
    .port_info 2 /INPUT 1 "in";
    .port_info 3 /OUTPUT 1 "out";
L_0x6490e1b31880 .functor BUFZ 1, v0x6490e1b23d70_0, C4<0>, C4<0>, C4<0>;
v0x6490e1b23ec0_0 .net "clk", 0 0, o0x70ba59972f78;  alias, 0 drivers
v0x6490e1b23f60_0 .net "in", 0 0, L_0x6490e1b318f0;  1 drivers
v0x6490e1b24020_0 .net "load", 0 0, o0x70ba599730c8;  alias, 0 drivers
v0x6490e1b240f0_0 .net "next_value", 0 0, L_0x6490e1b31720;  1 drivers
v0x6490e1b241c0_0 .net "out", 0 0, L_0x6490e1b31880;  1 drivers
v0x6490e1b242b0_0 .net "stored", 0 0, v0x6490e1b23d70_0;  1 drivers
L_0x6490e1b31720 .functor MUXZ 1, v0x6490e1b23d70_0, L_0x6490e1b318f0, o0x70ba599730c8, C4<>;
S_0x6490e1b23980 .scope module, "storage" "DFF" 10 12, 11 3 0, S_0x6490e1b237a0;
 .timescale -9 -12;
    .port_info 0 /INPUT 1 "clk";
    .port_info 1 /INPUT 1 "d";
    .port_info 2 /OUTPUT 1 "q";
v0x6490e1b23bf0_0 .net "clk", 0 0, o0x70ba59972f78;  alias, 0 drivers
v0x6490e1b23cb0_0 .net "d", 0 0, L_0x6490e1b31720;  alias, 1 drivers
v0x6490e1b23d70_0 .var "q", 0 0;
S_0x6490e1b243c0 .scope generate, "gen_bits[6]" "gen_bits[6]" 9 13, 9 13 0, S_0x6490e1b02b30;
 .timescale -9 -12;
P_0x6490e1b245c0 .param/l "i" 1 9 13, +C4<0110>;
S_0x6490e1b246a0 .scope module, "bit_cell" "Bit" 9 14, 10 3 0, S_0x6490e1b243c0;
 .timescale -9 -12;
    .port_info 0 /INPUT 1 "clk";
    .port_info 1 /INPUT 1 "load";
    .port_info 2 /INPUT 1 "in";
    .port_info 3 /OUTPUT 1 "out";
L_0x6490e1b31ba0 .functor BUFZ 1, v0x6490e1b24ce0_0, C4<0>, C4<0>, C4<0>;
v0x6490e1b24e30_0 .net "clk", 0 0, o0x70ba59972f78;  alias, 0 drivers
v0x6490e1b24ed0_0 .net "in", 0 0, L_0x6490e1b31c10;  1 drivers
v0x6490e1b24f90_0 .net "load", 0 0, o0x70ba599730c8;  alias, 0 drivers
v0x6490e1b25060_0 .net "next_value", 0 0, L_0x6490e1b31a20;  1 drivers
v0x6490e1b25130_0 .net "out", 0 0, L_0x6490e1b31ba0;  1 drivers
v0x6490e1b25220_0 .net "stored", 0 0, v0x6490e1b24ce0_0;  1 drivers
L_0x6490e1b31a20 .functor MUXZ 1, v0x6490e1b24ce0_0, L_0x6490e1b31c10, o0x70ba599730c8, C4<>;
S_0x6490e1b248f0 .scope module, "storage" "DFF" 10 12, 11 3 0, S_0x6490e1b246a0;
 .timescale -9 -12;
    .port_info 0 /INPUT 1 "clk";
    .port_info 1 /INPUT 1 "d";
    .port_info 2 /OUTPUT 1 "q";
v0x6490e1b24b60_0 .net "clk", 0 0, o0x70ba59972f78;  alias, 0 drivers
v0x6490e1b24c20_0 .net "d", 0 0, L_0x6490e1b31a20;  alias, 1 drivers
v0x6490e1b24ce0_0 .var "q", 0 0;
S_0x6490e1b25330 .scope generate, "gen_bits[7]" "gen_bits[7]" 9 13, 9 13 0, S_0x6490e1b02b30;
 .timescale -9 -12;
P_0x6490e1b25530 .param/l "i" 1 9 13, +C4<0111>;
S_0x6490e1b25610 .scope module, "bit_cell" "Bit" 9 14, 10 3 0, S_0x6490e1b25330;
 .timescale -9 -12;
    .port_info 0 /INPUT 1 "clk";
    .port_info 1 /INPUT 1 "load";
    .port_info 2 /INPUT 1 "in";
    .port_info 3 /OUTPUT 1 "out";
L_0x6490e1b31e80 .functor BUFZ 1, v0x6490e1b25c50_0, C4<0>, C4<0>, C4<0>;
v0x6490e1b25da0_0 .net "clk", 0 0, o0x70ba59972f78;  alias, 0 drivers
v0x6490e1b25e40_0 .net "in", 0 0, L_0x6490e1b31ef0;  1 drivers
v0x6490e1b25f00_0 .net "load", 0 0, o0x70ba599730c8;  alias, 0 drivers
v0x6490e1b25fd0_0 .net "next_value", 0 0, L_0x6490e1b31d00;  1 drivers
v0x6490e1b260a0_0 .net "out", 0 0, L_0x6490e1b31e80;  1 drivers
v0x6490e1b26190_0 .net "stored", 0 0, v0x6490e1b25c50_0;  1 drivers
L_0x6490e1b31d00 .functor MUXZ 1, v0x6490e1b25c50_0, L_0x6490e1b31ef0, o0x70ba599730c8, C4<>;
S_0x6490e1b25860 .scope module, "storage" "DFF" 10 12, 11 3 0, S_0x6490e1b25610;
 .timescale -9 -12;
    .port_info 0 /INPUT 1 "clk";
    .port_info 1 /INPUT 1 "d";
    .port_info 2 /OUTPUT 1 "q";
v0x6490e1b25ad0_0 .net "clk", 0 0, o0x70ba59972f78;  alias, 0 drivers
v0x6490e1b25b90_0 .net "d", 0 0, L_0x6490e1b31d00;  alias, 1 drivers
v0x6490e1b25c50_0 .var "q", 0 0;
S_0x6490e1b262a0 .scope generate, "gen_bits[8]" "gen_bits[8]" 9 13, 9 13 0, S_0x6490e1b02b30;
 .timescale -9 -12;
P_0x6490e1b227f0 .param/l "i" 1 9 13, +C4<01000>;
S_0x6490e1b265c0 .scope module, "bit_cell" "Bit" 9 14, 10 3 0, S_0x6490e1b262a0;
 .timescale -9 -12;
    .port_info 0 /INPUT 1 "clk";
    .port_info 1 /INPUT 1 "load";
    .port_info 2 /INPUT 1 "in";
    .port_info 3 /OUTPUT 1 "out";
L_0x6490e1b321b0 .functor BUFZ 1, v0x6490e1b26e10_0, C4<0>, C4<0>, C4<0>;
v0x6490e1b26f60_0 .net "clk", 0 0, o0x70ba59972f78;  alias, 0 drivers
v0x6490e1b27000_0 .net "in", 0 0, L_0x6490e1b32220;  1 drivers
v0x6490e1b270c0_0 .net "load", 0 0, o0x70ba599730c8;  alias, 0 drivers
v0x6490e1b27190_0 .net "next_value", 0 0, L_0x6490e1b32030;  1 drivers
v0x6490e1b27260_0 .net "out", 0 0, L_0x6490e1b321b0;  1 drivers
v0x6490e1b27350_0 .net "stored", 0 0, v0x6490e1b26e10_0;  1 drivers
L_0x6490e1b32030 .functor MUXZ 1, v0x6490e1b26e10_0, L_0x6490e1b32220, o0x70ba599730c8, C4<>;
S_0x6490e1b26810 .scope module, "storage" "DFF" 10 12, 11 3 0, S_0x6490e1b265c0;
 .timescale -9 -12;
    .port_info 0 /INPUT 1 "clk";
    .port_info 1 /INPUT 1 "d";
    .port_info 2 /OUTPUT 1 "q";
v0x6490e1b26a80_0 .net "clk", 0 0, o0x70ba59972f78;  alias, 0 drivers
v0x6490e1b26d50_0 .net "d", 0 0, L_0x6490e1b32030;  alias, 1 drivers
v0x6490e1b26e10_0 .var "q", 0 0;
S_0x6490e1b27460 .scope generate, "gen_bits[9]" "gen_bits[9]" 9 13, 9 13 0, S_0x6490e1b02b30;
 .timescale -9 -12;
P_0x6490e1b27660 .param/l "i" 1 9 13, +C4<01001>;
S_0x6490e1b27740 .scope module, "bit_cell" "Bit" 9 14, 10 3 0, S_0x6490e1b27460;
 .timescale -9 -12;
    .port_info 0 /INPUT 1 "clk";
    .port_info 1 /INPUT 1 "load";
    .port_info 2 /INPUT 1 "in";
    .port_info 3 /OUTPUT 1 "out";
L_0x6490e1b32490 .functor BUFZ 1, v0x6490e1b27d80_0, C4<0>, C4<0>, C4<0>;
v0x6490e1b27ed0_0 .net "clk", 0 0, o0x70ba59972f78;  alias, 0 drivers
v0x6490e1b27f70_0 .net "in", 0 0, L_0x6490e1b32500;  1 drivers
v0x6490e1b28030_0 .net "load", 0 0, o0x70ba599730c8;  alias, 0 drivers
v0x6490e1b28100_0 .net "next_value", 0 0, L_0x6490e1b32310;  1 drivers
v0x6490e1b281d0_0 .net "out", 0 0, L_0x6490e1b32490;  1 drivers
v0x6490e1b282c0_0 .net "stored", 0 0, v0x6490e1b27d80_0;  1 drivers
L_0x6490e1b32310 .functor MUXZ 1, v0x6490e1b27d80_0, L_0x6490e1b32500, o0x70ba599730c8, C4<>;
S_0x6490e1b27990 .scope module, "storage" "DFF" 10 12, 11 3 0, S_0x6490e1b27740;
 .timescale -9 -12;
    .port_info 0 /INPUT 1 "clk";
    .port_info 1 /INPUT 1 "d";
    .port_info 2 /OUTPUT 1 "q";
v0x6490e1b27c00_0 .net "clk", 0 0, o0x70ba59972f78;  alias, 0 drivers
v0x6490e1b27cc0_0 .net "d", 0 0, L_0x6490e1b32310;  alias, 1 drivers
v0x6490e1b27d80_0 .var "q", 0 0;
S_0x6490e1b283d0 .scope generate, "gen_bits[10]" "gen_bits[10]" 9 13, 9 13 0, S_0x6490e1b02b30;
 .timescale -9 -12;
P_0x6490e1b285d0 .param/l "i" 1 9 13, +C4<01010>;
S_0x6490e1b286b0 .scope module, "bit_cell" "Bit" 9 14, 10 3 0, S_0x6490e1b283d0;
 .timescale -9 -12;
    .port_info 0 /INPUT 1 "clk";
    .port_info 1 /INPUT 1 "load";
    .port_info 2 /INPUT 1 "in";
    .port_info 3 /OUTPUT 1 "out";
L_0x6490e1b32780 .functor BUFZ 1, v0x6490e1b28cf0_0, C4<0>, C4<0>, C4<0>;
v0x6490e1b28e40_0 .net "clk", 0 0, o0x70ba59972f78;  alias, 0 drivers
v0x6490e1b28ee0_0 .net "in", 0 0, L_0x6490e1b327f0;  1 drivers
v0x6490e1b28fa0_0 .net "load", 0 0, o0x70ba599730c8;  alias, 0 drivers
v0x6490e1b29070_0 .net "next_value", 0 0, L_0x6490e1b32650;  1 drivers
v0x6490e1b29140_0 .net "out", 0 0, L_0x6490e1b32780;  1 drivers
v0x6490e1b29230_0 .net "stored", 0 0, v0x6490e1b28cf0_0;  1 drivers
L_0x6490e1b32650 .functor MUXZ 1, v0x6490e1b28cf0_0, L_0x6490e1b327f0, o0x70ba599730c8, C4<>;
S_0x6490e1b28900 .scope module, "storage" "DFF" 10 12, 11 3 0, S_0x6490e1b286b0;
 .timescale -9 -12;
    .port_info 0 /INPUT 1 "clk";
    .port_info 1 /INPUT 1 "d";
    .port_info 2 /OUTPUT 1 "q";
v0x6490e1b28b70_0 .net "clk", 0 0, o0x70ba59972f78;  alias, 0 drivers
v0x6490e1b28c30_0 .net "d", 0 0, L_0x6490e1b32650;  alias, 1 drivers
v0x6490e1b28cf0_0 .var "q", 0 0;
S_0x6490e1b29340 .scope generate, "gen_bits[11]" "gen_bits[11]" 9 13, 9 13 0, S_0x6490e1b02b30;
 .timescale -9 -12;
P_0x6490e1b29540 .param/l "i" 1 9 13, +C4<01011>;
S_0x6490e1b29620 .scope module, "bit_cell" "Bit" 9 14, 10 3 0, S_0x6490e1b29340;
 .timescale -9 -12;
    .port_info 0 /INPUT 1 "clk";
    .port_info 1 /INPUT 1 "load";
    .port_info 2 /INPUT 1 "in";
    .port_info 3 /OUTPUT 1 "out";
L_0x6490e1b32a60 .functor BUFZ 1, v0x6490e1b29c60_0, C4<0>, C4<0>, C4<0>;
v0x6490e1b29db0_0 .net "clk", 0 0, o0x70ba59972f78;  alias, 0 drivers
v0x6490e1b29e50_0 .net "in", 0 0, L_0x6490e1b32ad0;  1 drivers
v0x6490e1b29f10_0 .net "load", 0 0, o0x70ba599730c8;  alias, 0 drivers
v0x6490e1b29fe0_0 .net "next_value", 0 0, L_0x6490e1b328e0;  1 drivers
v0x6490e1b2a0b0_0 .net "out", 0 0, L_0x6490e1b32a60;  1 drivers
v0x6490e1b2a1a0_0 .net "stored", 0 0, v0x6490e1b29c60_0;  1 drivers
L_0x6490e1b328e0 .functor MUXZ 1, v0x6490e1b29c60_0, L_0x6490e1b32ad0, o0x70ba599730c8, C4<>;
S_0x6490e1b29870 .scope module, "storage" "DFF" 10 12, 11 3 0, S_0x6490e1b29620;
 .timescale -9 -12;
    .port_info 0 /INPUT 1 "clk";
    .port_info 1 /INPUT 1 "d";
    .port_info 2 /OUTPUT 1 "q";
v0x6490e1b29ae0_0 .net "clk", 0 0, o0x70ba59972f78;  alias, 0 drivers
v0x6490e1b29ba0_0 .net "d", 0 0, L_0x6490e1b328e0;  alias, 1 drivers
v0x6490e1b29c60_0 .var "q", 0 0;
S_0x6490e1b2a2b0 .scope generate, "gen_bits[12]" "gen_bits[12]" 9 13, 9 13 0, S_0x6490e1b02b30;
 .timescale -9 -12;
P_0x6490e1b2a4b0 .param/l "i" 1 9 13, +C4<01100>;
S_0x6490e1b2a590 .scope module, "bit_cell" "Bit" 9 14, 10 3 0, S_0x6490e1b2a2b0;
 .timescale -9 -12;
    .port_info 0 /INPUT 1 "clk";
    .port_info 1 /INPUT 1 "load";
    .port_info 2 /INPUT 1 "in";
    .port_info 3 /OUTPUT 1 "out";
L_0x6490e1b32db0 .functor BUFZ 1, v0x6490e1b2abd0_0, C4<0>, C4<0>, C4<0>;
v0x6490e1b2ad20_0 .net "clk", 0 0, o0x70ba59972f78;  alias, 0 drivers
v0x6490e1b2adc0_0 .net "in", 0 0, L_0x6490e1b32e20;  1 drivers
v0x6490e1b2ae80_0 .net "load", 0 0, o0x70ba599730c8;  alias, 0 drivers
v0x6490e1b2af50_0 .net "next_value", 0 0, L_0x6490e1b32c30;  1 drivers
v0x6490e1b2b020_0 .net "out", 0 0, L_0x6490e1b32db0;  1 drivers
v0x6490e1b2b110_0 .net "stored", 0 0, v0x6490e1b2abd0_0;  1 drivers
L_0x6490e1b32c30 .functor MUXZ 1, v0x6490e1b2abd0_0, L_0x6490e1b32e20, o0x70ba599730c8, C4<>;
S_0x6490e1b2a7e0 .scope module, "storage" "DFF" 10 12, 11 3 0, S_0x6490e1b2a590;
 .timescale -9 -12;
    .port_info 0 /INPUT 1 "clk";
    .port_info 1 /INPUT 1 "d";
    .port_info 2 /OUTPUT 1 "q";
v0x6490e1b2aa50_0 .net "clk", 0 0, o0x70ba59972f78;  alias, 0 drivers
v0x6490e1b2ab10_0 .net "d", 0 0, L_0x6490e1b32c30;  alias, 1 drivers
v0x6490e1b2abd0_0 .var "q", 0 0;
S_0x6490e1b2b220 .scope generate, "gen_bits[13]" "gen_bits[13]" 9 13, 9 13 0, S_0x6490e1b02b30;
 .timescale -9 -12;
P_0x6490e1b2b420 .param/l "i" 1 9 13, +C4<01101>;
S_0x6490e1b2b500 .scope module, "bit_cell" "Bit" 9 14, 10 3 0, S_0x6490e1b2b220;
 .timescale -9 -12;
    .port_info 0 /INPUT 1 "clk";
    .port_info 1 /INPUT 1 "load";
    .port_info 2 /INPUT 1 "in";
    .port_info 3 /OUTPUT 1 "out";
L_0x6490e1b33070 .functor BUFZ 1, v0x6490e1b2bb40_0, C4<0>, C4<0>, C4<0>;
v0x6490e1b2bc90_0 .net "clk", 0 0, o0x70ba59972f78;  alias, 0 drivers
v0x6490e1b2bd30_0 .net "in", 0 0, L_0x6490e1b330e0;  1 drivers
v0x6490e1b2bdf0_0 .net "load", 0 0, o0x70ba599730c8;  alias, 0 drivers
v0x6490e1b2bec0_0 .net "next_value", 0 0, L_0x6490e1b32f10;  1 drivers
v0x6490e1b2bf90_0 .net "out", 0 0, L_0x6490e1b33070;  1 drivers
v0x6490e1b2c080_0 .net "stored", 0 0, v0x6490e1b2bb40_0;  1 drivers
L_0x6490e1b32f10 .functor MUXZ 1, v0x6490e1b2bb40_0, L_0x6490e1b330e0, o0x70ba599730c8, C4<>;
S_0x6490e1b2b750 .scope module, "storage" "DFF" 10 12, 11 3 0, S_0x6490e1b2b500;
 .timescale -9 -12;
    .port_info 0 /INPUT 1 "clk";
    .port_info 1 /INPUT 1 "d";
    .port_info 2 /OUTPUT 1 "q";
v0x6490e1b2b9c0_0 .net "clk", 0 0, o0x70ba59972f78;  alias, 0 drivers
v0x6490e1b2ba80_0 .net "d", 0 0, L_0x6490e1b32f10;  alias, 1 drivers
v0x6490e1b2bb40_0 .var "q", 0 0;
S_0x6490e1b2c190 .scope generate, "gen_bits[14]" "gen_bits[14]" 9 13, 9 13 0, S_0x6490e1b02b30;
 .timescale -9 -12;
P_0x6490e1b2c390 .param/l "i" 1 9 13, +C4<01110>;
S_0x6490e1b2c470 .scope module, "bit_cell" "Bit" 9 14, 10 3 0, S_0x6490e1b2c190;
 .timescale -9 -12;
    .port_info 0 /INPUT 1 "clk";
    .port_info 1 /INPUT 1 "load";
    .port_info 2 /INPUT 1 "in";
    .port_info 3 /OUTPUT 1 "out";
L_0x6490e1b32bc0 .functor BUFZ 1, v0x6490e1b2cab0_0, C4<0>, C4<0>, C4<0>;
v0x6490e1b2cc00_0 .net "clk", 0 0, o0x70ba59972f78;  alias, 0 drivers
v0x6490e1b2cca0_0 .net "in", 0 0, L_0x6490e1b33390;  1 drivers
v0x6490e1b2cd60_0 .net "load", 0 0, o0x70ba599730c8;  alias, 0 drivers
v0x6490e1b2ce30_0 .net "next_value", 0 0, L_0x6490e1b33250;  1 drivers
v0x6490e1b2cf00_0 .net "out", 0 0, L_0x6490e1b32bc0;  1 drivers
v0x6490e1b2cff0_0 .net "stored", 0 0, v0x6490e1b2cab0_0;  1 drivers
L_0x6490e1b33250 .functor MUXZ 1, v0x6490e1b2cab0_0, L_0x6490e1b33390, o0x70ba599730c8, C4<>;
S_0x6490e1b2c6c0 .scope module, "storage" "DFF" 10 12, 11 3 0, S_0x6490e1b2c470;
 .timescale -9 -12;
    .port_info 0 /INPUT 1 "clk";
    .port_info 1 /INPUT 1 "d";
    .port_info 2 /OUTPUT 1 "q";
v0x6490e1b2c930_0 .net "clk", 0 0, o0x70ba59972f78;  alias, 0 drivers
v0x6490e1b2c9f0_0 .net "d", 0 0, L_0x6490e1b33250;  alias, 1 drivers
v0x6490e1b2cab0_0 .var "q", 0 0;
S_0x6490e1b2d100 .scope generate, "gen_bits[15]" "gen_bits[15]" 9 13, 9 13 0, S_0x6490e1b02b30;
 .timescale -9 -12;
P_0x6490e1b2d300 .param/l "i" 1 9 13, +C4<01111>;
S_0x6490e1b2d3e0 .scope module, "bit_cell" "Bit" 9 14, 10 3 0, S_0x6490e1b2d100;
 .timescale -9 -12;
    .port_info 0 /INPUT 1 "clk";
    .port_info 1 /INPUT 1 "load";
    .port_info 2 /INPUT 1 "in";
    .port_info 3 /OUTPUT 1 "out";
L_0x6490e1b339d0 .functor BUFZ 1, v0x6490e1b2da20_0, C4<0>, C4<0>, C4<0>;
v0x6490e1b2db70_0 .net "clk", 0 0, o0x70ba59972f78;  alias, 0 drivers
v0x6490e1b2dc10_0 .net "in", 0 0, L_0x6490e1b33a40;  1 drivers
v0x6490e1b2dcd0_0 .net "load", 0 0, o0x70ba599730c8;  alias, 0 drivers
v0x6490e1b2dda0_0 .net "next_value", 0 0, L_0x6490e1b33480;  1 drivers
v0x6490e1b2de70_0 .net "out", 0 0, L_0x6490e1b339d0;  1 drivers
v0x6490e1b2df60_0 .net "stored", 0 0, v0x6490e1b2da20_0;  1 drivers
L_0x6490e1b33480 .functor MUXZ 1, v0x6490e1b2da20_0, L_0x6490e1b33a40, o0x70ba599730c8, C4<>;
S_0x6490e1b2d630 .scope module, "storage" "DFF" 10 12, 11 3 0, S_0x6490e1b2d3e0;
 .timescale -9 -12;
    .port_info 0 /INPUT 1 "clk";
    .port_info 1 /INPUT 1 "d";
    .port_info 2 /OUTPUT 1 "q";
v0x6490e1b2d8a0_0 .net "clk", 0 0, o0x70ba59972f78;  alias, 0 drivers
v0x6490e1b2d960_0 .net "d", 0 0, L_0x6490e1b33480;  alias, 1 drivers
v0x6490e1b2da20_0 .var "q", 0 0;
S_0x6490e1afaa90 .scope module, "tb_bit" "tb_bit" 12 3;
 .timescale -9 -12;
v0x6490e1b2f6b0_0 .var "clk", 0 0;
v0x6490e1b2f7c0_0 .var "in", 0 0;
v0x6490e1b2f880_0 .var "load", 0 0;
v0x6490e1b2f950_0 .net "out", 0 0, L_0x6490e1b34400;  1 drivers
S_0x6490e1b2e930 .scope module, "dut" "Bit" 12 9, 10 3 0, S_0x6490e1afaa90;
 .timescale -9 -12;
    .port_info 0 /INPUT 1 "clk";
    .port_info 1 /INPUT 1 "load";
    .port_info 2 /INPUT 1 "in";
    .port_info 3 /OUTPUT 1 "out";
L_0x6490e1b34400 .functor BUFZ 1, v0x6490e1b2f030_0, C4<0>, C4<0>, C4<0>;
v0x6490e1b2f180_0 .net "clk", 0 0, v0x6490e1b2f6b0_0;  1 drivers
v0x6490e1b2f250_0 .net "in", 0 0, v0x6490e1b2f7c0_0;  1 drivers
v0x6490e1b2f2f0_0 .net "load", 0 0, v0x6490e1b2f880_0;  1 drivers
v0x6490e1b2f3c0_0 .net "next_value", 0 0, L_0x6490e1b34220;  1 drivers
v0x6490e1b2f490_0 .net "out", 0 0, L_0x6490e1b34400;  alias, 1 drivers
v0x6490e1b2f580_0 .net "stored", 0 0, v0x6490e1b2f030_0;  1 drivers
L_0x6490e1b34220 .functor MUXZ 1, v0x6490e1b2f030_0, v0x6490e1b2f7c0_0, v0x6490e1b2f880_0, C4<>;
S_0x6490e1b2eba0 .scope module, "storage" "DFF" 10 12, 11 3 0, S_0x6490e1b2e930;
 .timescale -9 -12;
    .port_info 0 /INPUT 1 "clk";
    .port_info 1 /INPUT 1 "d";
    .port_info 2 /OUTPUT 1 "q";
v0x6490e1b2ee90_0 .net "clk", 0 0, v0x6490e1b2f6b0_0;  alias, 1 drivers
v0x6490e1b2ef70_0 .net "d", 0 0, L_0x6490e1b34220;  alias, 1 drivers
v0x6490e1b2f030_0 .var "q", 0 0;
E_0x6490e1b2ee10 .event posedge, v0x6490e1b2ee90_0;
    .scope S_0x6490e1afc000;
T_0 ;
    %pushi/vec4 0, 0, 16;
    %store/vec4 v0x6490e1aef660_0, 0, 16;
    %end;
    .thread T_0;
    .scope S_0x6490e1afc000;
T_1 ;
    %wait E_0x6490e1ab5ad0;
    %load/vec4 v0x6490e1aeecb0_0;
    %flag_set/vec4 8;
    %jmp/0xz  T_1.0, 8;
    %pushi/vec4 0, 0, 16;
    %assign/vec4 v0x6490e1aef660_0, 0;
    %jmp T_1.1;
T_1.0 ;
    %load/vec4 v0x6490e1af0bd0_0;
    %flag_set/vec4 8;
    %jmp/0xz  T_1.2, 8;
    %load/vec4 v0x6490e1af36b0_0;
    %assign/vec4 v0x6490e1aef660_0, 0;
    %jmp T_1.3;
T_1.2 ;
    %load/vec4 v0x6490e1af2140_0;
    %flag_set/vec4 8;
    %jmp/0xz  T_1.4, 8;
    %load/vec4 v0x6490e1aef660_0;
    %addi 1, 0, 16;
    %assign/vec4 v0x6490e1aef660_0, 0;
T_1.4 ;
T_1.3 ;
T_1.1 ;
    %jmp T_1;
    .thread T_1;
    .scope S_0x6490e1afd570;
T_2 ;
    %pushi/vec4 0, 0, 32;
    %store/vec4 v0x6490e1b1c690_0, 0, 32;
T_2.0 ;
    %load/vec4 v0x6490e1b1c690_0;
    %cmpi/s 16384, 0, 32;
    %jmp/0xz T_2.1, 5;
    %pushi/vec4 0, 0, 16;
    %ix/getv/s 4, v0x6490e1b1c690_0;
    %store/vec4a v0x6490e1b1c910, 4, 0;
    %load/vec4 v0x6490e1b1c690_0;
    %addi 1, 0, 32;
    %store/vec4 v0x6490e1b1c690_0, 0, 32;
    %jmp T_2.0;
T_2.1 ;
    %end;
    .thread T_2;
    .scope S_0x6490e1afd570;
T_3 ;
    %wait E_0x6490e1ab5d20;
    %load/vec4 v0x6490e1b1c850_0;
    %flag_set/vec4 8;
    %jmp/0xz  T_3.0, 8;
    %load/vec4 v0x6490e1b1c770_0;
    %load/vec4 v0x6490e1b1c4a0_0;
    %pad/u 16;
    %ix/vec4 3;
    %ix/load 4, 0, 0; Constant delay
    %assign/vec4/a/d v0x6490e1b1c910, 0, 4;
T_3.0 ;
    %jmp T_3;
    .thread T_3;
    .scope S_0x6490e1afeae0;
T_4 ;
    %pushi/vec4 0, 0, 32;
    %store/vec4 v0x6490e1b1cfd0_0, 0, 32;
T_4.0 ;
    %load/vec4 v0x6490e1b1cfd0_0;
    %cmpi/s 4096, 0, 32;
    %jmp/0xz T_4.1, 5;
    %pushi/vec4 0, 0, 16;
    %ix/getv/s 4, v0x6490e1b1cfd0_0;
    %store/vec4a v0x6490e1b1d250, 4, 0;
    %load/vec4 v0x6490e1b1cfd0_0;
    %addi 1, 0, 32;
    %store/vec4 v0x6490e1b1cfd0_0, 0, 32;
    %jmp T_4.0;
T_4.1 ;
    %end;
    .thread T_4;
    .scope S_0x6490e1afeae0;
T_5 ;
    %wait E_0x6490e1ab5f80;
    %load/vec4 v0x6490e1b1d190_0;
    %flag_set/vec4 8;
    %jmp/0xz  T_5.0, 8;
    %load/vec4 v0x6490e1b1d0b0_0;
    %load/vec4 v0x6490e1b1ce30_0;
    %pad/u 14;
    %ix/vec4 3;
    %ix/load 4, 0, 0; Constant delay
    %assign/vec4/a/d v0x6490e1b1d250, 0, 4;
T_5.0 ;
    %jmp T_5;
    .thread T_5;
    .scope S_0x6490e1aeff10;
T_6 ;
    %pushi/vec4 0, 0, 32;
    %store/vec4 v0x6490e1b1d910_0, 0, 32;
T_6.0 ;
    %load/vec4 v0x6490e1b1d910_0;
    %cmpi/s 512, 0, 32;
    %jmp/0xz T_6.1, 5;
    %pushi/vec4 0, 0, 16;
    %ix/getv/s 4, v0x6490e1b1d910_0;
    %store/vec4a v0x6490e1b1db90, 4, 0;
    %load/vec4 v0x6490e1b1d910_0;
    %addi 1, 0, 32;
    %store/vec4 v0x6490e1b1d910_0, 0, 32;
    %jmp T_6.0;
T_6.1 ;
    %end;
    .thread T_6;
    .scope S_0x6490e1aeff10;
T_7 ;
    %wait E_0x6490e1ab6110;
    %load/vec4 v0x6490e1b1dad0_0;
    %flag_set/vec4 8;
    %jmp/0xz  T_7.0, 8;
    %load/vec4 v0x6490e1b1d9f0_0;
    %load/vec4 v0x6490e1b1d770_0;
    %pad/u 11;
    %ix/vec4 3;
    %ix/load 4, 0, 0; Constant delay
    %assign/vec4/a/d v0x6490e1b1db90, 0, 4;
T_7.0 ;
    %jmp T_7;
    .thread T_7;
    .scope S_0x6490e1b00050;
T_8 ;
    %pushi/vec4 0, 0, 32;
    %store/vec4 v0x6490e1b1e2e0_0, 0, 32;
T_8.0 ;
    %load/vec4 v0x6490e1b1e2e0_0;
    %cmpi/s 64, 0, 32;
    %jmp/0xz T_8.1, 5;
    %pushi/vec4 0, 0, 16;
    %ix/getv/s 4, v0x6490e1b1e2e0_0;
    %store/vec4a v0x6490e1b1e560, 4, 0;
    %load/vec4 v0x6490e1b1e2e0_0;
    %addi 1, 0, 32;
    %store/vec4 v0x6490e1b1e2e0_0, 0, 32;
    %jmp T_8.0;
T_8.1 ;
    %end;
    .thread T_8;
    .scope S_0x6490e1b00050;
T_9 ;
    %wait E_0x6490e1a9b840;
    %load/vec4 v0x6490e1b1e4a0_0;
    %flag_set/vec4 8;
    %jmp/0xz  T_9.0, 8;
    %load/vec4 v0x6490e1b1e3c0_0;
    %load/vec4 v0x6490e1b1e140_0;
    %pad/u 8;
    %ix/vec4 3;
    %ix/load 4, 0, 0; Constant delay
    %assign/vec4/a/d v0x6490e1b1e560, 0, 4;
T_9.0 ;
    %jmp T_9;
    .thread T_9;
    .scope S_0x6490e1b015c0;
T_10 ;
    %pushi/vec4 0, 0, 32;
    %store/vec4 v0x6490e1b1ecf0_0, 0, 32;
T_10.0 ;
    %load/vec4 v0x6490e1b1ecf0_0;
    %cmpi/s 8, 0, 32;
    %jmp/0xz T_10.1, 5;
    %pushi/vec4 0, 0, 16;
    %ix/getv/s 4, v0x6490e1b1ecf0_0;
    %store/vec4a v0x6490e1b1ef70, 4, 0;
    %load/vec4 v0x6490e1b1ecf0_0;
    %addi 1, 0, 32;
    %store/vec4 v0x6490e1b1ecf0_0, 0, 32;
    %jmp T_10.0;
T_10.1 ;
    %end;
    .thread T_10;
    .scope S_0x6490e1b015c0;
T_11 ;
    %wait E_0x6490e1b1e830;
    %load/vec4 v0x6490e1b1eeb0_0;
    %flag_set/vec4 8;
    %jmp/0xz  T_11.0, 8;
    %load/vec4 v0x6490e1b1edd0_0;
    %load/vec4 v0x6490e1b1eb50_0;
    %pad/u 5;
    %ix/vec4 3;
    %ix/load 4, 0, 0; Constant delay
    %assign/vec4/a/d v0x6490e1b1ef70, 0, 4;
T_11.0 ;
    %jmp T_11;
    .thread T_11;
    .scope S_0x6490e1af54d0;
T_12 ;
    %pushi/vec4 0, 0, 1;
    %store/vec4 v0x6490e1b1f6b0_0, 0, 1;
    %end;
    .thread T_12;
    .scope S_0x6490e1af54d0;
T_13 ;
    %wait E_0x6490e1b1f490;
    %load/vec4 v0x6490e1b1f5f0_0;
    %assign/vec4 v0x6490e1b1f6b0_0, 0;
    %jmp T_13;
    .thread T_13;
    .scope S_0x6490e1af9520;
T_14 ;
    %pushi/vec4 0, 0, 1;
    %store/vec4 v0x6490e1b20150_0, 0, 1;
    %end;
    .thread T_14;
    .scope S_0x6490e1af9520;
T_15 ;
    %wait E_0x6490e1b1f490;
    %load/vec4 v0x6490e1b20090_0;
    %assign/vec4 v0x6490e1b20150_0, 0;
    %jmp T_15;
    .thread T_15;
    .scope S_0x6490e1b20c50;
T_16 ;
    %pushi/vec4 0, 0, 1;
    %store/vec4 v0x6490e1b210d0_0, 0, 1;
    %end;
    .thread T_16;
    .scope S_0x6490e1b20c50;
T_17 ;
    %wait E_0x6490e1b1f490;
    %load/vec4 v0x6490e1b21010_0;
    %assign/vec4 v0x6490e1b210d0_0, 0;
    %jmp T_17;
    .thread T_17;
    .scope S_0x6490e1b21bb0;
T_18 ;
    %pushi/vec4 0, 0, 1;
    %store/vec4 v0x6490e1b21fa0_0, 0, 1;
    %end;
    .thread T_18;
    .scope S_0x6490e1b21bb0;
T_19 ;
    %wait E_0x6490e1b1f490;
    %load/vec4 v0x6490e1b21ee0_0;
    %assign/vec4 v0x6490e1b21fa0_0, 0;
    %jmp T_19;
    .thread T_19;
    .scope S_0x6490e1b22b00;
T_20 ;
    %pushi/vec4 0, 0, 1;
    %store/vec4 v0x6490e1b22ef0_0, 0, 1;
    %end;
    .thread T_20;
    .scope S_0x6490e1b22b00;
T_21 ;
    %wait E_0x6490e1b1f490;
    %load/vec4 v0x6490e1b22e30_0;
    %assign/vec4 v0x6490e1b22ef0_0, 0;
    %jmp T_21;
    .thread T_21;
    .scope S_0x6490e1b23980;
T_22 ;
    %pushi/vec4 0, 0, 1;
    %store/vec4 v0x6490e1b23d70_0, 0, 1;
    %end;
    .thread T_22;
    .scope S_0x6490e1b23980;
T_23 ;
    %wait E_0x6490e1b1f490;
    %load/vec4 v0x6490e1b23cb0_0;
    %assign/vec4 v0x6490e1b23d70_0, 0;
    %jmp T_23;
    .thread T_23;
    .scope S_0x6490e1b248f0;
T_24 ;
    %pushi/vec4 0, 0, 1;
    %store/vec4 v0x6490e1b24ce0_0, 0, 1;
    %end;
    .thread T_24;
    .scope S_0x6490e1b248f0;
T_25 ;
    %wait E_0x6490e1b1f490;
    %load/vec4 v0x6490e1b24c20_0;
    %assign/vec4 v0x6490e1b24ce0_0, 0;
    %jmp T_25;
    .thread T_25;
    .scope S_0x6490e1b25860;
T_26 ;
    %pushi/vec4 0, 0, 1;
    %store/vec4 v0x6490e1b25c50_0, 0, 1;
    %end;
    .thread T_26;
    .scope S_0x6490e1b25860;
T_27 ;
    %wait E_0x6490e1b1f490;
    %load/vec4 v0x6490e1b25b90_0;
    %assign/vec4 v0x6490e1b25c50_0, 0;
    %jmp T_27;
    .thread T_27;
    .scope S_0x6490e1b26810;
T_28 ;
    %pushi/vec4 0, 0, 1;
    %store/vec4 v0x6490e1b26e10_0, 0, 1;
    %end;
    .thread T_28;
    .scope S_0x6490e1b26810;
T_29 ;
    %wait E_0x6490e1b1f490;
    %load/vec4 v0x6490e1b26d50_0;
    %assign/vec4 v0x6490e1b26e10_0, 0;
    %jmp T_29;
    .thread T_29;
    .scope S_0x6490e1b27990;
T_30 ;
    %pushi/vec4 0, 0, 1;
    %store/vec4 v0x6490e1b27d80_0, 0, 1;
    %end;
    .thread T_30;
    .scope S_0x6490e1b27990;
T_31 ;
    %wait E_0x6490e1b1f490;
    %load/vec4 v0x6490e1b27cc0_0;
    %assign/vec4 v0x6490e1b27d80_0, 0;
    %jmp T_31;
    .thread T_31;
    .scope S_0x6490e1b28900;
T_32 ;
    %pushi/vec4 0, 0, 1;
    %store/vec4 v0x6490e1b28cf0_0, 0, 1;
    %end;
    .thread T_32;
    .scope S_0x6490e1b28900;
T_33 ;
    %wait E_0x6490e1b1f490;
    %load/vec4 v0x6490e1b28c30_0;
    %assign/vec4 v0x6490e1b28cf0_0, 0;
    %jmp T_33;
    .thread T_33;
    .scope S_0x6490e1b29870;
T_34 ;
    %pushi/vec4 0, 0, 1;
    %store/vec4 v0x6490e1b29c60_0, 0, 1;
    %end;
    .thread T_34;
    .scope S_0x6490e1b29870;
T_35 ;
    %wait E_0x6490e1b1f490;
    %load/vec4 v0x6490e1b29ba0_0;
    %assign/vec4 v0x6490e1b29c60_0, 0;
    %jmp T_35;
    .thread T_35;
    .scope S_0x6490e1b2a7e0;
T_36 ;
    %pushi/vec4 0, 0, 1;
    %store/vec4 v0x6490e1b2abd0_0, 0, 1;
    %end;
    .thread T_36;
    .scope S_0x6490e1b2a7e0;
T_37 ;
    %wait E_0x6490e1b1f490;
    %load/vec4 v0x6490e1b2ab10_0;
    %assign/vec4 v0x6490e1b2abd0_0, 0;
    %jmp T_37;
    .thread T_37;
    .scope S_0x6490e1b2b750;
T_38 ;
    %pushi/vec4 0, 0, 1;
    %store/vec4 v0x6490e1b2bb40_0, 0, 1;
    %end;
    .thread T_38;
    .scope S_0x6490e1b2b750;
T_39 ;
    %wait E_0x6490e1b1f490;
    %load/vec4 v0x6490e1b2ba80_0;
    %assign/vec4 v0x6490e1b2bb40_0, 0;
    %jmp T_39;
    .thread T_39;
    .scope S_0x6490e1b2c6c0;
T_40 ;
    %pushi/vec4 0, 0, 1;
    %store/vec4 v0x6490e1b2cab0_0, 0, 1;
    %end;
    .thread T_40;
    .scope S_0x6490e1b2c6c0;
T_41 ;
    %wait E_0x6490e1b1f490;
    %load/vec4 v0x6490e1b2c9f0_0;
    %assign/vec4 v0x6490e1b2cab0_0, 0;
    %jmp T_41;
    .thread T_41;
    .scope S_0x6490e1b2d630;
T_42 ;
    %pushi/vec4 0, 0, 1;
    %store/vec4 v0x6490e1b2da20_0, 0, 1;
    %end;
    .thread T_42;
    .scope S_0x6490e1b2d630;
T_43 ;
    %wait E_0x6490e1b1f490;
    %load/vec4 v0x6490e1b2d960_0;
    %assign/vec4 v0x6490e1b2da20_0, 0;
    %jmp T_43;
    .thread T_43;
    .scope S_0x6490e1b2eba0;
T_44 ;
    %pushi/vec4 0, 0, 1;
    %store/vec4 v0x6490e1b2f030_0, 0, 1;
    %end;
    .thread T_44;
    .scope S_0x6490e1b2eba0;
T_45 ;
    %wait E_0x6490e1b2ee10;
    %load/vec4 v0x6490e1b2ef70_0;
    %assign/vec4 v0x6490e1b2f030_0, 0;
    %jmp T_45;
    .thread T_45;
    .scope S_0x6490e1afaa90;
T_46 ;
    %pushi/vec4 0, 0, 1;
    %store/vec4 v0x6490e1b2f6b0_0, 0, 1;
T_46.0 ;
    %delay 5000, 0;
    %load/vec4 v0x6490e1b2f6b0_0;
    %inv;
    %store/vec4 v0x6490e1b2f6b0_0, 0, 1;
    %jmp T_46.0;
    %end;
    .thread T_46;
    .scope S_0x6490e1afaa90;
T_47 ;
    %pushi/vec4 0, 0, 1;
    %store/vec4 v0x6490e1b2f880_0, 0, 1;
    %pushi/vec4 0, 0, 1;
    %store/vec4 v0x6490e1b2f7c0_0, 0, 1;
    %wait E_0x6490e1b2ee10;
    %delay 1000, 0;
    %load/vec4 v0x6490e1b2f950_0;
    %cmpi/ne 0, 0, 1;
    %jmp/0xz  T_47.0, 6;
    %vpi_call/w 12 26 "$fatal", 32'sb00000000000000000000000000000001, "Bit should start at 0" {0 0 0};
T_47.0 ;
    %pushi/vec4 1, 0, 1;
    %store/vec4 v0x6490e1b2f7c0_0, 0, 1;
    %pushi/vec4 1, 0, 1;
    %store/vec4 v0x6490e1b2f880_0, 0, 1;
    %wait E_0x6490e1b2ee10;
    %pushi/vec4 0, 0, 1;
    %store/vec4 v0x6490e1b2f880_0, 0, 1;
    %delay 1000, 0;
    %load/vec4 v0x6490e1b2f950_0;
    %cmpi/ne 1, 0, 1;
    %jmp/0xz  T_47.2, 6;
    %vpi_call/w 12 33 "$fatal", 32'sb00000000000000000000000000000001, "Bit failed to load 1" {0 0 0};
T_47.2 ;
    %pushi/vec4 0, 0, 1;
    %store/vec4 v0x6490e1b2f7c0_0, 0, 1;
    %wait E_0x6490e1b2ee10;
    %delay 1000, 0;
    %load/vec4 v0x6490e1b2f950_0;
    %cmpi/ne 1, 0, 1;
    %jmp/0xz  T_47.4, 6;
    %vpi_call/w 12 38 "$fatal", 32'sb00000000000000000000000000000001, "Bit lost stored value with load=0" {0 0 0};
T_47.4 ;
    %pushi/vec4 1, 0, 1;
    %store/vec4 v0x6490e1b2f880_0, 0, 1;
    %wait E_0x6490e1b2ee10;
    %pushi/vec4 0, 0, 1;
    %store/vec4 v0x6490e1b2f880_0, 0, 1;
    %delay 1000, 0;
    %load/vec4 v0x6490e1b2f950_0;
    %cmpi/ne 0, 0, 1;
    %jmp/0xz  T_47.6, 6;
    %vpi_call/w 12 44 "$fatal", 32'sb00000000000000000000000000000001, "Bit failed to load 0" {0 0 0};
T_47.6 ;
    %vpi_call/w 12 46 "$display", "tb_bit passed" {0 0 0};
    %vpi_call/w 12 47 "$finish" {0 0 0};
    %end;
    .thread T_47;
# The file index is used to find the file name in the following table.
:file_names 13;
    "N/A";
    "<interactive>";
    "-";
    "pc.v";
    "ram16k.v";
    "ram4k.v";
    "ram512.v";
    "ram64.v";
    "ram8.v";
    "register.v";
    "bit.v";
    "dff.v";
    "tb_bit.v";
