#! /usr/bin/vvp
:ivl_version "12.0 (stable)";
:ivl_delay_selection "TYPICAL";
:vpi_time_precision - 12;
:vpi_module "/usr/lib/x86_64-linux-gnu/ivl/system.vpi";
:vpi_module "/usr/lib/x86_64-linux-gnu/ivl/vhdl_sys.vpi";
:vpi_module "/usr/lib/x86_64-linux-gnu/ivl/vhdl_textio.vpi";
:vpi_module "/usr/lib/x86_64-linux-gnu/ivl/v2005_math.vpi";
:vpi_module "/usr/lib/x86_64-linux-gnu/ivl/va_math.vpi";
:vpi_module "/usr/lib/x86_64-linux-gnu/ivl/v2009.vpi";
S_0x56b60b038ff0 .scope package, "$unit" "$unit" 2 1;
 .timescale 0 0;
S_0x56b60b0324c0 .scope module, "PC" "PC" 3 3;
 .timescale -9 -12;
    .port_info 0 /INPUT 1 "clk";
    .port_info 1 /INPUT 1 "reset";
    .port_info 2 /INPUT 1 "load";
    .port_info 3 /INPUT 1 "inc";
    .port_info 4 /INPUT 16 "in";
    .port_info 5 /OUTPUT 16 "out";
o0x746793289018 .functor BUFZ 1, C4<z>; HiZ drive
v0x56b60b02c650_0 .net "clk", 0 0, o0x746793289018;  0 drivers
o0x746793289048 .functor BUFZ 16, C4<zzzzzzzzzzzzzzzz>; HiZ drive
v0x56b60b02b0e0_0 .net "in", 15 0, o0x746793289048;  0 drivers
o0x746793289078 .functor BUFZ 1, C4<z>; HiZ drive
v0x56b60b029b70_0 .net "inc", 0 0, o0x746793289078;  0 drivers
o0x7467932890a8 .functor BUFZ 1, C4<z>; HiZ drive
v0x56b60b028600_0 .net "load", 0 0, o0x7467932890a8;  0 drivers
v0x56b60b027090_0 .var "out", 15 0;
o0x746793289108 .functor BUFZ 1, C4<z>; HiZ drive
v0x56b60b025b20_0 .net "reset", 0 0, o0x746793289108;  0 drivers
E_0x56b60afed070 .event posedge, v0x56b60b02c650_0;
S_0x56b60b027940 .scope module, "RAM16K" "RAM16K" 4 3;
 .timescale -9 -12;
    .port_info 0 /INPUT 1 "clk";
    .port_info 1 /INPUT 1 "load";
    .port_info 2 /INPUT 14 "address";
    .port_info 3 /INPUT 16 "in";
    .port_info 4 /OUTPUT 16 "out";
P_0x56b60afeb1a0 .param/l "DEPTH" 1 4 10, +C4<00000000000000000100000000000000>;
L_0x56b60b066320 .functor BUFZ 16, L_0x56b60b0660b0, C4<0000000000000000>, C4<0000000000000000>, C4<0000000000000000>;
v0x56b60b0534c0_0 .net *"_ivl_0", 15 0, L_0x56b60b0660b0;  1 drivers
v0x56b60b0535c0_0 .net *"_ivl_2", 15 0, L_0x56b60b0661b0;  1 drivers
L_0x746793240018 .functor BUFT 1, C4<00>, C4<0>, C4<0>, C4<0>;
v0x56b60b0536a0_0 .net *"_ivl_5", 1 0, L_0x746793240018;  1 drivers
o0x7467932892e8 .functor BUFZ 14, C4<zzzzzzzzzzzzzz>; HiZ drive
v0x56b60b053760_0 .net "address", 13 0, o0x7467932892e8;  0 drivers
o0x746793289318 .functor BUFZ 1, C4<z>; HiZ drive
v0x56b60b053840_0 .net "clk", 0 0, o0x746793289318;  0 drivers
v0x56b60b053950_0 .var/i "idx", 31 0;
o0x746793289378 .functor BUFZ 16, C4<zzzzzzzzzzzzzzzz>; HiZ drive
v0x56b60b053a30_0 .net "in", 15 0, o0x746793289378;  0 drivers
o0x7467932893a8 .functor BUFZ 1, C4<z>; HiZ drive
v0x56b60b053b10_0 .net "load", 0 0, o0x7467932893a8;  0 drivers
v0x56b60b053bd0 .array "mem", 16383 0, 15 0;
v0x56b60b053c90_0 .net "out", 15 0, L_0x56b60b066320;  1 drivers
E_0x56b60afed2c0 .event posedge, v0x56b60b053840_0;
L_0x56b60b0660b0 .array/port v0x56b60b053bd0, L_0x56b60b0661b0;
L_0x56b60b0661b0 .concat [ 14 2 0 0], o0x7467932892e8, L_0x746793240018;
S_0x56b60b033a30 .scope module, "RAM4K" "RAM4K" 5 3;
 .timescale -9 -12;
    .port_info 0 /INPUT 1 "clk";
    .port_info 1 /INPUT 1 "load";
    .port_info 2 /INPUT 12 "address";
    .port_info 3 /INPUT 16 "in";
    .port_info 4 /OUTPUT 16 "out";
P_0x56b60b03b6b0 .param/l "DEPTH" 1 5 10, +C4<00000000000000000001000000000000>;
L_0x56b60b066620 .functor BUFZ 16, L_0x56b60b0663e0, C4<0000000000000000>, C4<0000000000000000>, C4<0000000000000000>;
v0x56b60b053e50_0 .net *"_ivl_0", 15 0, L_0x56b60b0663e0;  1 drivers
v0x56b60b053f50_0 .net *"_ivl_2", 13 0, L_0x56b60b0664b0;  1 drivers
L_0x746793240060 .functor BUFT 1, C4<00>, C4<0>, C4<0>, C4<0>;
v0x56b60b054030_0 .net *"_ivl_5", 1 0, L_0x746793240060;  1 drivers
o0x746793289588 .functor BUFZ 12, C4<zzzzzzzzzzzz>; HiZ drive
v0x56b60b0540f0_0 .net "address", 11 0, o0x746793289588;  0 drivers
o0x7467932895b8 .functor BUFZ 1, C4<z>; HiZ drive
v0x56b60b0541d0_0 .net "clk", 0 0, o0x7467932895b8;  0 drivers
v0x56b60b054290_0 .var/i "idx", 31 0;
o0x746793289618 .functor BUFZ 16, C4<zzzzzzzzzzzzzzzz>; HiZ drive
v0x56b60b054370_0 .net "in", 15 0, o0x746793289618;  0 drivers
o0x746793289648 .functor BUFZ 1, C4<z>; HiZ drive
v0x56b60b054450_0 .net "load", 0 0, o0x746793289648;  0 drivers
v0x56b60b054510 .array "mem", 4095 0, 15 0;
v0x56b60b0545d0_0 .net "out", 15 0, L_0x56b60b066620;  1 drivers
E_0x56b60afed520 .event posedge, v0x56b60b0541d0_0;
L_0x56b60b0663e0 .array/port v0x56b60b054510, L_0x56b60b0664b0;
L_0x56b60b0664b0 .concat [ 12 2 0 0], o0x746793289588, L_0x746793240060;
S_0x56b60b034fa0 .scope module, "RAM512" "RAM512" 6 3;
 .timescale -9 -12;
    .port_info 0 /INPUT 1 "clk";
    .port_info 1 /INPUT 1 "load";
    .port_info 2 /INPUT 9 "address";
    .port_info 3 /INPUT 16 "in";
    .port_info 4 /OUTPUT 16 "out";
P_0x56b60afed760 .param/l "DEPTH" 1 6 10, +C4<00000000000000000000001000000000>;
L_0x56b60b066920 .functor BUFZ 16, L_0x56b60b0666e0, C4<0000000000000000>, C4<0000000000000000>, C4<0000000000000000>;
v0x56b60b054790_0 .net *"_ivl_0", 15 0, L_0x56b60b0666e0;  1 drivers
v0x56b60b054890_0 .net *"_ivl_2", 10 0, L_0x56b60b0667b0;  1 drivers
L_0x7467932400a8 .functor BUFT 1, C4<00>, C4<0>, C4<0>, C4<0>;
v0x56b60b054970_0 .net *"_ivl_5", 1 0, L_0x7467932400a8;  1 drivers
o0x746793289828 .functor BUFZ 9, C4<zzzzzzzzz>; HiZ drive
v0x56b60b054a30_0 .net "address", 8 0, o0x746793289828;  0 drivers
o0x746793289858 .functor BUFZ 1, C4<z>; HiZ drive
v0x56b60b054b10_0 .net "clk", 0 0, o0x746793289858;  0 drivers
v0x56b60b054bd0_0 .var/i "idx", 31 0;
o0x7467932898b8 .functor BUFZ 16, C4<zzzzzzzzzzzzzzzz>; HiZ drive
v0x56b60b054cb0_0 .net "in", 15 0, o0x7467932898b8;  0 drivers
o0x7467932898e8 .functor BUFZ 1, C4<z>; HiZ drive
v0x56b60b054d90_0 .net "load", 0 0, o0x7467932898e8;  0 drivers
v0x56b60b054e50 .array "mem", 511 0, 15 0;
v0x56b60b054fa0_0 .net "out", 15 0, L_0x56b60b066920;  1 drivers
E_0x56b60afed6b0 .event posedge, v0x56b60b054b10_0;
L_0x56b60b0666e0 .array/port v0x56b60b054e50, L_0x56b60b0667b0;
L_0x56b60b0667b0 .concat [ 9 2 0 0], o0x746793289828, L_0x7467932400a8;
S_0x56b60b0263d0 .scope module, "RAM64" "RAM64" 7 3;
 .timescale -9 -12;
    .port_info 0 /INPUT 1 "clk";
    .port_info 1 /INPUT 1 "load";
    .port_info 2 /INPUT 6 "address";
    .port_info 3 /INPUT 16 "in";
    .port_info 4 /OUTPUT 16 "out";
P_0x56b60b0362d0 .param/l "DEPTH" 1 7 10, +C4<00000000000000000000000001000000>;
L_0x56b60b066c50 .functor BUFZ 16, L_0x56b60b066a10, C4<0000000000000000>, C4<0000000000000000>, C4<0000000000000000>;
v0x56b60b055160_0 .net *"_ivl_0", 15 0, L_0x56b60b066a10;  1 drivers
v0x56b60b055260_0 .net *"_ivl_2", 7 0, L_0x56b60b066ae0;  1 drivers
L_0x7467932400f0 .functor BUFT 1, C4<00>, C4<0>, C4<0>, C4<0>;
v0x56b60b055340_0 .net *"_ivl_5", 1 0, L_0x7467932400f0;  1 drivers
o0x746793289ac8 .functor BUFZ 6, C4<zzzzzz>; HiZ drive
v0x56b60b055400_0 .net "address", 5 0, o0x746793289ac8;  0 drivers
o0x746793289af8 .functor BUFZ 1, C4<z>; HiZ drive
v0x56b60b0554e0_0 .net "clk", 0 0, o0x746793289af8;  0 drivers
v0x56b60b0555a0_0 .var/i "idx", 31 0;
o0x746793289b58 .functor BUFZ 16, C4<zzzzzzzzzzzzzzzz>; HiZ drive
v0x56b60b055680_0 .net "in", 15 0, o0x746793289b58;  0 drivers
o0x746793289b88 .functor BUFZ 1, C4<z>; HiZ drive
v0x56b60b055760_0 .net "load", 0 0, o0x746793289b88;  0 drivers
v0x56b60b055820 .array "mem", 63 0, 15 0;
v0x56b60b055970_0 .net "out", 15 0, L_0x56b60b066c50;  1 drivers
E_0x56b60afd2840 .event posedge, v0x56b60b0554e0_0;
L_0x56b60b066a10 .array/port v0x56b60b055820, L_0x56b60b066ae0;
L_0x56b60b066ae0 .concat [ 6 2 0 0], o0x746793289ac8, L_0x7467932400f0;
S_0x56b60b036510 .scope module, "RAM8" "RAM8" 8 3;
 .timescale -9 -12;
    .port_info 0 /INPUT 1 "clk";
    .port_info 1 /INPUT 1 "load";
    .port_info 2 /INPUT 3 "address";
    .port_info 3 /INPUT 16 "in";
    .port_info 4 /OUTPUT 16 "out";
P_0x56b60b032280 .param/l "DEPTH" 1 8 10, +C4<00000000000000000000000000001000>;
L_0x56b60b066fa0 .functor BUFZ 16, L_0x56b60b066d10, C4<0000000000000000>, C4<0000000000000000>, C4<0000000000000000>;
v0x56b60b055b70_0 .net *"_ivl_0", 15 0, L_0x56b60b066d10;  1 drivers
v0x56b60b055c70_0 .net *"_ivl_2", 4 0, L_0x56b60b066de0;  1 drivers
L_0x746793240138 .functor BUFT 1, C4<00>, C4<0>, C4<0>, C4<0>;
v0x56b60b055d50_0 .net *"_ivl_5", 1 0, L_0x746793240138;  1 drivers
o0x746793289d68 .functor BUFZ 3, C4<zzz>; HiZ drive
v0x56b60b055e10_0 .net "address", 2 0, o0x746793289d68;  0 drivers
o0x746793289d98 .functor BUFZ 1, C4<z>; HiZ drive
v0x56b60b055ef0_0 .net "clk", 0 0, o0x746793289d98;  0 drivers
v0x56b60b055fb0_0 .var/i "idx", 31 0;
o0x746793289df8 .functor BUFZ 16, C4<zzzzzzzzzzzzzzzz>; HiZ drive
v0x56b60b056090_0 .net "in", 15 0, o0x746793289df8;  0 drivers
o0x746793289e28 .functor BUFZ 1, C4<z>; HiZ drive
v0x56b60b056170_0 .net "load", 0 0, o0x746793289e28;  0 drivers
v0x56b60b056230 .array "mem", 7 0, 15 0;
v0x56b60b056380_0 .net "out", 15 0, L_0x56b60b066fa0;  1 drivers
E_0x56b60b055af0 .event posedge, v0x56b60b055ef0_0;
L_0x56b60b066d10 .array/port v0x56b60b056230, L_0x56b60b066de0;
L_0x56b60b066de0 .concat [ 3 2 0 0], o0x746793289d68, L_0x746793240138;
S_0x56b60b037a80 .scope module, "Register" "Register" 9 3;
 .timescale -9 -12;
    .port_info 0 /INPUT 1 "clk";
    .port_info 1 /INPUT 1 "load";
    .port_info 2 /INPUT 16 "in";
    .port_info 3 /OUTPUT 16 "out";
L_0x56b60b06a890 .functor BUFZ 16, L_0x56b60b06a2f0, C4<0000000000000000>, C4<0000000000000000>, C4<0000000000000000>;
v0x56b60b065330_0 .net "bit_out", 15 0, L_0x56b60b06a2f0;  1 drivers
o0x746793289f78 .functor BUFZ 1, C4<z>; HiZ drive
v0x56b60b065430_0 .net "clk", 0 0, o0x746793289f78;  0 drivers
o0x74679328c108 .functor BUFZ 16, C4<zzzzzzzzzzzzzzzz>; HiZ drive
v0x56b60b0654f0_0 .net "in", 15 0, o0x74679328c108;  0 drivers
o0x74679328a0c8 .functor BUFZ 1, C4<z>; HiZ drive
v0x56b60b065590_0 .net "load", 0 0, o0x74679328a0c8;  0 drivers
v0x56b60b065630_0 .net "out", 15 0, L_0x56b60b06a890;  1 drivers
L_0x56b60b067210 .part o0x74679328c108, 0, 1;
L_0x56b60b0674b0 .part o0x74679328c108, 1, 1;
L_0x56b60b0677a0 .part o0x74679328c108, 2, 1;
L_0x56b60b067a40 .part o0x74679328c108, 3, 1;
L_0x56b60b067cc0 .part o0x74679328c108, 4, 1;
L_0x56b60b067fa0 .part o0x74679328c108, 5, 1;
L_0x56b60b0682c0 .part o0x74679328c108, 6, 1;
L_0x56b60b0685a0 .part o0x74679328c108, 7, 1;
L_0x56b60b0688d0 .part o0x74679328c108, 8, 1;
L_0x56b60b068bb0 .part o0x74679328c108, 9, 1;
L_0x56b60b068ea0 .part o0x74679328c108, 10, 1;
L_0x56b60b069180 .part o0x74679328c108, 11, 1;
L_0x56b60b0694d0 .part o0x74679328c108, 12, 1;
L_0x56b60b0697b0 .part o0x74679328c108, 13, 1;
L_0x56b60b069aa0 .part o0x74679328c108, 14, 1;
L_0x56b60b06a170 .part o0x74679328c108, 15, 1;
LS_0x56b60b06a2f0_0_0 .concat8 [ 1 1 1 1], L_0x56b60b0671a0, L_0x56b60b067440, L_0x56b60b067730, L_0x56b60b0679d0;
LS_0x56b60b06a2f0_0_4 .concat8 [ 1 1 1 1], L_0x56b60b067c50, L_0x56b60b067f30, L_0x56b60b068250, L_0x56b60b068530;
LS_0x56b60b06a2f0_0_8 .concat8 [ 1 1 1 1], L_0x56b60b068860, L_0x56b60b068b40, L_0x56b60b068e30, L_0x56b60b069110;
LS_0x56b60b06a2f0_0_12 .concat8 [ 1 1 1 1], L_0x56b60b069460, L_0x56b60b069740, L_0x56b60b069270, L_0x56b60b06a100;
L_0x56b60b06a2f0 .concat8 [ 4 4 4 4], LS_0x56b60b06a2f0_0_0, LS_0x56b60b06a2f0_0_4, LS_0x56b60b06a2f0_0_8, LS_0x56b60b06a2f0_0_12;
S_0x56b60b028eb0 .scope generate, "gen_bits[0]" "gen_bits[0]" 9 13, 9 13 0, S_0x56b60b037a80;
 .timescale -9 -12;
P_0x56b60b056540 .param/l "i" 1 9 13, +C4<00>;
S_0x56b60b02a420 .scope module, "bit_cell" "Bit" 9 14, 10 3 0, S_0x56b60b028eb0;
 .timescale -9 -12;
    .port_info 0 /INPUT 1 "clk";
    .port_info 1 /INPUT 1 "load";
    .port_info 2 /INPUT 1 "in";
    .port_info 3 /OUTPUT 1 "out";
L_0x56b60b0671a0 .functor BUFZ 1, v0x56b60b056970_0, C4<0>, C4<0>, C4<0>;
v0x56b60b056a90_0 .net "clk", 0 0, o0x746793289f78;  alias, 0 drivers
v0x56b60b056b60_0 .net "in", 0 0, L_0x56b60b067210;  1 drivers
v0x56b60b056c00_0 .net "load", 0 0, o0x74679328a0c8;  alias, 0 drivers
v0x56b60b056cd0_0 .net "next_value", 0 0, L_0x56b60b067060;  1 drivers
v0x56b60b056da0_0 .net "out", 0 0, L_0x56b60b0671a0;  1 drivers
v0x56b60b056e90_0 .net "stored", 0 0, v0x56b60b056970_0;  1 drivers
L_0x56b60b067060 .functor MUXZ 1, v0x56b60b056970_0, L_0x56b60b067210, o0x74679328a0c8, C4<>;
S_0x56b60b02b990 .scope module, "storage" "DFF" 10 12, 11 3 0, S_0x56b60b02a420;
 .timescale -9 -12;
    .port_info 0 /INPUT 1 "clk";
    .port_info 1 /INPUT 1 "d";
    .port_info 2 /OUTPUT 1 "q";
v0x56b60b0567d0_0 .net "clk", 0 0, o0x746793289f78;  alias, 0 drivers
v0x56b60b0568b0_0 .net "d", 0 0, L_0x56b60b067060;  alias, 1 drivers
v0x56b60b056970_0 .var "q", 0 0;
E_0x56b60b056750 .event posedge, v0x56b60b0567d0_0;
S_0x56b60b02cf00 .scope generate, "gen_bits[1]" "gen_bits[1]" 9 13, 9 13 0, S_0x56b60b037a80;
 .timescale -9 -12;
P_0x56b60b057050 .param/l "i" 1 9 13, +C4<01>;
S_0x56b60b02e470 .scope module, "bit_cell" "Bit" 9 14, 10 3 0, S_0x56b60b02cf00;
 .timescale -9 -12;
    .port_info 0 /INPUT 1 "clk";
    .port_info 1 /INPUT 1 "load";
    .port_info 2 /INPUT 1 "in";
    .port_info 3 /OUTPUT 1 "out";
L_0x56b60b067440 .functor BUFZ 1, v0x56b60b057410_0, C4<0>, C4<0>, C4<0>;
v0x56b60b057530_0 .net "clk", 0 0, o0x746793289f78;  alias, 0 drivers
v0x56b60b0575d0_0 .net "in", 0 0, L_0x56b60b0674b0;  1 drivers
v0x56b60b057690_0 .net "load", 0 0, o0x74679328a0c8;  alias, 0 drivers
v0x56b60b057790_0 .net "next_value", 0 0, L_0x56b60b067300;  1 drivers
v0x56b60b057860_0 .net "out", 0 0, L_0x56b60b067440;  1 drivers
v0x56b60b057950_0 .net "stored", 0 0, v0x56b60b057410_0;  1 drivers
L_0x56b60b067300 .functor MUXZ 1, v0x56b60b057410_0, L_0x56b60b0674b0, o0x74679328a0c8, C4<>;
S_0x56b60b02f9e0 .scope module, "storage" "DFF" 10 12, 11 3 0, S_0x56b60b02e470;
 .timescale -9 -12;
    .port_info 0 /INPUT 1 "clk";
    .port_info 1 /INPUT 1 "d";
    .port_info 2 /OUTPUT 1 "q";
v0x56b60b057240_0 .net "clk", 0 0, o0x746793289f78;  alias, 0 drivers
v0x56b60b057350_0 .net "d", 0 0, L_0x56b60b067300;  alias, 1 drivers
v0x56b60b057410_0 .var "q", 0 0;
S_0x56b60b057a40 .scope generate, "gen_bits[2]" "gen_bits[2]" 9 13, 9 13 0, S_0x56b60b037a80;
 .timescale -9 -12;
P_0x56b60b057c40 .param/l "i" 1 9 13, +C4<010>;
S_0x56b60b057d00 .scope module, "bit_cell" "Bit" 9 14, 10 3 0, S_0x56b60b057a40;
 .timescale -9 -12;
    .port_info 0 /INPUT 1 "clk";
    .port_info 1 /INPUT 1 "load";
    .port_info 2 /INPUT 1 "in";
    .port_info 3 /OUTPUT 1 "out";
L_0x56b60b067730 .functor BUFZ 1, v0x56b60b058390_0, C4<0>, C4<0>, C4<0>;
v0x56b60b0584e0_0 .net "clk", 0 0, o0x746793289f78;  alias, 0 drivers
v0x56b60b058580_0 .net "in", 0 0, L_0x56b60b0677a0;  1 drivers
v0x56b60b058640_0 .net "load", 0 0, o0x74679328a0c8;  alias, 0 drivers
v0x56b60b058710_0 .net "next_value", 0 0, L_0x56b60b0675f0;  1 drivers
v0x56b60b0587b0_0 .net "out", 0 0, L_0x56b60b067730;  1 drivers
v0x56b60b0588a0_0 .net "stored", 0 0, v0x56b60b058390_0;  1 drivers
L_0x56b60b0675f0 .functor MUXZ 1, v0x56b60b058390_0, L_0x56b60b0677a0, o0x74679328a0c8, C4<>;
S_0x56b60b057f10 .scope module, "storage" "DFF" 10 12, 11 3 0, S_0x56b60b057d00;
 .timescale -9 -12;
    .port_info 0 /INPUT 1 "clk";
    .port_info 1 /INPUT 1 "d";
    .port_info 2 /OUTPUT 1 "q";
v0x56b60b058180_0 .net "clk", 0 0, o0x746793289f78;  alias, 0 drivers
v0x56b60b0582d0_0 .net "d", 0 0, L_0x56b60b0675f0;  alias, 1 drivers
v0x56b60b058390_0 .var "q", 0 0;
S_0x56b60b0589b0 .scope generate, "gen_bits[3]" "gen_bits[3]" 9 13, 9 13 0, S_0x56b60b037a80;
 .timescale -9 -12;
P_0x56b60b058bb0 .param/l "i" 1 9 13, +C4<011>;
S_0x56b60b058c90 .scope module, "bit_cell" "Bit" 9 14, 10 3 0, S_0x56b60b0589b0;
 .timescale -9 -12;
    .port_info 0 /INPUT 1 "clk";
    .port_info 1 /INPUT 1 "load";
    .port_info 2 /INPUT 1 "in";
    .port_info 3 /OUTPUT 1 "out";
L_0x56b60b0679d0 .functor BUFZ 1, v0x56b60b059260_0, C4<0>, C4<0>, C4<0>;
v0x56b60b0593b0_0 .net "clk", 0 0, o0x746793289f78;  alias, 0 drivers
v0x56b60b059450_0 .net "in", 0 0, L_0x56b60b067a40;  1 drivers
v0x56b60b059510_0 .net "load", 0 0, o0x74679328a0c8;  alias, 0 drivers
v0x56b60b0595e0_0 .net "next_value", 0 0, L_0x56b60b067890;  1 drivers
v0x56b60b0596b0_0 .net "out", 0 0, L_0x56b60b0679d0;  1 drivers
v0x56b60b0597a0_0 .net "stored", 0 0, v0x56b60b059260_0;  1 drivers
L_0x56b60b067890 .functor MUXZ 1, v0x56b60b059260_0, L_0x56b60b067a40, o0x74679328a0c8, C4<>;
S_0x56b60b058e70 .scope module, "storage" "DFF" 10 12, 11 3 0, S_0x56b60b058c90;
 .timescale -9 -12;
    .port_info 0 /INPUT 1 "clk";
    .port_info 1 /INPUT 1 "d";
    .port_info 2 /OUTPUT 1 "q";
v0x56b60b0590e0_0 .net "clk", 0 0, o0x746793289f78;  alias, 0 drivers
v0x56b60b0591a0_0 .net "d", 0 0, L_0x56b60b067890;  alias, 1 drivers
v0x56b60b059260_0 .var "q", 0 0;
S_0x56b60b0598b0 .scope generate, "gen_bits[4]" "gen_bits[4]" 9 13, 9 13 0, S_0x56b60b037a80;
 .timescale -9 -12;
P_0x56b60b059b00 .param/l "i" 1 9 13, +C4<0100>;
S_0x56b60b059be0 .scope module, "bit_cell" "Bit" 9 14, 10 3 0, S_0x56b60b0598b0;
 .timescale -9 -12;
    .port_info 0 /INPUT 1 "clk";
    .port_info 1 /INPUT 1 "load";
    .port_info 2 /INPUT 1 "in";
    .port_info 3 /OUTPUT 1 "out";
L_0x56b60b067c50 .functor BUFZ 1, v0x56b60b05a1b0_0, C4<0>, C4<0>, C4<0>;
v0x56b60b05a2d0_0 .net "clk", 0 0, o0x746793289f78;  alias, 0 drivers
v0x56b60b05a370_0 .net "in", 0 0, L_0x56b60b067cc0;  1 drivers
v0x56b60b05a430_0 .net "load", 0 0, o0x74679328a0c8;  alias, 0 drivers
v0x56b60b05a500_0 .net "next_value", 0 0, L_0x56b60b067b60;  1 drivers
v0x56b60b05a5d0_0 .net "out", 0 0, L_0x56b60b067c50;  1 drivers
v0x56b60b05a670_0 .net "stored", 0 0, v0x56b60b05a1b0_0;  1 drivers
L_0x56b60b067b60 .functor MUXZ 1, v0x56b60b05a1b0_0, L_0x56b60b067cc0, o0x74679328a0c8, C4<>;
S_0x56b60b059dc0 .scope module, "storage" "DFF" 10 12, 11 3 0, S_0x56b60b059be0;
 .timescale -9 -12;
    .port_info 0 /INPUT 1 "clk";
    .port_info 1 /INPUT 1 "d";
    .port_info 2 /OUTPUT 1 "q";
v0x56b60b05a030_0 .net "clk", 0 0, o0x746793289f78;  alias, 0 drivers
v0x56b60b05a0f0_0 .net "d", 0 0, L_0x56b60b067b60;  alias, 1 drivers
v0x56b60b05a1b0_0 .var "q", 0 0;
S_0x56b60b05a780 .scope generate, "gen_bits[5]" "gen_bits[5]" 9 13, 9 13 0, S_0x56b60b037a80;
 .timescale -9 -12;
P_0x56b60b05a980 .param/l "i" 1 9 13, +C4<0101>;
S_0x56b60b05aa60 .scope module, "bit_cell" "Bit" 9 14, 10 3 0, S_0x56b60b05a780;
 .timescale -9 -12;
    .port_info 0 /INPUT 1 "clk";
    .port_info 1 /INPUT 1 "load";
    .port_info 2 /INPUT 1 "in";
    .port_info 3 /OUTPUT 1 "out";
L_0x56b60b067f30 .functor BUFZ 1, v0x56b60b05b030_0, C4<0>, C4<0>, C4<0>;
v0x56b60b05b180_0 .net "clk", 0 0, o0x746793289f78;  alias, 0 drivers
v0x56b60b05b220_0 .net "in", 0 0, L_0x56b60b067fa0;  1 drivers
v0x56b60b05b2e0_0 .net "load", 0 0, o0x74679328a0c8;  alias, 0 drivers
v0x56b60b05b3b0_0 .net "next_value", 0 0, L_0x56b60b067db0;  1 drivers
v0x56b60b05b480_0 .net "out", 0 0, L_0x56b60b067f30;  1 drivers
v0x56b60b05b570_0 .net "stored", 0 0, v0x56b60b05b030_0;  1 drivers
L_0x56b60b067db0 .functor MUXZ 1, v0x56b60b05b030_0, L_0x56b60b067fa0, o0x74679328a0c8, C4<>;
S_0x56b60b05ac40 .scope module, "storage" "DFF" 10 12, 11 3 0, S_0x56b60b05aa60;
 .timescale -9 -12;
    .port_info 0 /INPUT 1 "clk";
    .port_info 1 /INPUT 1 "d";
    .port_info 2 /OUTPUT 1 "q";
v0x56b60b05aeb0_0 .net "clk", 0 0, o0x746793289f78;  alias, 0 drivers
v0x56b60b05af70_0 .net "d", 0 0, L_0x56b60b067db0;  alias, 1 drivers
v0x56b60b05b030_0 .var "q", 0 0;
S_0x56b60b05b680 .scope generate, "gen_bits[6]" "gen_bits[6]" 9 13, 9 13 0, S_0x56b60b037a80;
 .timescale -9 -12;
P_0x56b60b05b880 .param/l "i" 1 9 13, +C4<0110>;
S_0x56b60b05b960 .scope module, "bit_cell" "Bit" 9 14, 10 3 0, S_0x56b60b05b680;
 .timescale -9 -12;
    .port_info 0 /INPUT 1 "clk";
    .port_info 1 /INPUT 1 "load";
    .port_info 2 /INPUT 1 "in";
    .port_info 3 /OUTPUT 1 "out";
L_0x56b60b068250 .functor BUFZ 1, v0x56b60b05bfa0_0, C4<0>, C4<0>, C4<0>;
v0x56b60b05c0f0_0 .net "clk", 0 0, o0x746793289f78;  alias, 0 drivers
v0x56b60b05c190_0 .net "in", 0 0, L_0x56b60b0682c0;  1 drivers
v0x56b60b05c250_0 .net "load", 0 0, o0x74679328a0c8;  alias, 0 drivers
v0x56b60b05c320_0 .net "next_value", 0 0, L_0x56b60b0680d0;  1 drivers
v0x56b60b05c3f0_0 .net "out", 0 0, L_0x56b60b068250;  1 drivers
v0x56b60b05c4e0_0 .net "stored", 0 0, v0x56b60b05bfa0_0;  1 drivers
L_0x56b60b0680d0 .functor MUXZ 1, v0x56b60b05bfa0_0, L_0x56b60b0682c0, o0x74679328a0c8, C4<>;
S_0x56b60b05bbb0 .scope module, "storage" "DFF" 10 12, 11 3 0, S_0x56b60b05b960;
 .timescale -9 -12;
    .port_info 0 /INPUT 1 "clk";
    .port_info 1 /INPUT 1 "d";
    .port_info 2 /OUTPUT 1 "q";
v0x56b60b05be20_0 .net "clk", 0 0, o0x746793289f78;  alias, 0 drivers
v0x56b60b05bee0_0 .net "d", 0 0, L_0x56b60b0680d0;  alias, 1 drivers
v0x56b60b05bfa0_0 .var "q", 0 0;
S_0x56b60b05c5f0 .scope generate, "gen_bits[7]" "gen_bits[7]" 9 13, 9 13 0, S_0x56b60b037a80;
 .timescale -9 -12;
P_0x56b60b05c7f0 .param/l "i" 1 9 13, +C4<0111>;
S_0x56b60b05c8d0 .scope module, "bit_cell" "Bit" 9 14, 10 3 0, S_0x56b60b05c5f0;
 .timescale -9 -12;
    .port_info 0 /INPUT 1 "clk";
    .port_info 1 /INPUT 1 "load";
    .port_info 2 /INPUT 1 "in";
    .port_info 3 /OUTPUT 1 "out";
L_0x56b60b068530 .functor BUFZ 1, v0x56b60b05cf10_0, C4<0>, C4<0>, C4<0>;
v0x56b60b05d060_0 .net "clk", 0 0, o0x746793289f78;  alias, 0 drivers
v0x56b60b05d100_0 .net "in", 0 0, L_0x56b60b0685a0;  1 drivers
v0x56b60b05d1c0_0 .net "load", 0 0, o0x74679328a0c8;  alias, 0 drivers
v0x56b60b05d290_0 .net "next_value", 0 0, L_0x56b60b0683b0;  1 drivers
v0x56b60b05d360_0 .net "out", 0 0, L_0x56b60b068530;  1 drivers
v0x56b60b05d450_0 .net "stored", 0 0, v0x56b60b05cf10_0;  1 drivers
L_0x56b60b0683b0 .functor MUXZ 1, v0x56b60b05cf10_0, L_0x56b60b0685a0, o0x74679328a0c8, C4<>;
S_0x56b60b05cb20 .scope module, "storage" "DFF" 10 12, 11 3 0, S_0x56b60b05c8d0;
 .timescale -9 -12;
    .port_info 0 /INPUT 1 "clk";
    .port_info 1 /INPUT 1 "d";
    .port_info 2 /OUTPUT 1 "q";
v0x56b60b05cd90_0 .net "clk", 0 0, o0x746793289f78;  alias, 0 drivers
v0x56b60b05ce50_0 .net "d", 0 0, L_0x56b60b0683b0;  alias, 1 drivers
v0x56b60b05cf10_0 .var "q", 0 0;
S_0x56b60b05d560 .scope generate, "gen_bits[8]" "gen_bits[8]" 9 13, 9 13 0, S_0x56b60b037a80;
 .timescale -9 -12;
P_0x56b60b059ab0 .param/l "i" 1 9 13, +C4<01000>;
S_0x56b60b05d880 .scope module, "bit_cell" "Bit" 9 14, 10 3 0, S_0x56b60b05d560;
 .timescale -9 -12;
    .port_info 0 /INPUT 1 "clk";
    .port_info 1 /INPUT 1 "load";
    .port_info 2 /INPUT 1 "in";
    .port_info 3 /OUTPUT 1 "out";
L_0x56b60b068860 .functor BUFZ 1, v0x56b60b05e0d0_0, C4<0>, C4<0>, C4<0>;
v0x56b60b05e220_0 .net "clk", 0 0, o0x746793289f78;  alias, 0 drivers
v0x56b60b05e2c0_0 .net "in", 0 0, L_0x56b60b0688d0;  1 drivers
v0x56b60b05e380_0 .net "load", 0 0, o0x74679328a0c8;  alias, 0 drivers
v0x56b60b05e450_0 .net "next_value", 0 0, L_0x56b60b0686e0;  1 drivers
v0x56b60b05e520_0 .net "out", 0 0, L_0x56b60b068860;  1 drivers
v0x56b60b05e610_0 .net "stored", 0 0, v0x56b60b05e0d0_0;  1 drivers
L_0x56b60b0686e0 .functor MUXZ 1, v0x56b60b05e0d0_0, L_0x56b60b0688d0, o0x74679328a0c8, C4<>;
S_0x56b60b05dad0 .scope module, "storage" "DFF" 10 12, 11 3 0, S_0x56b60b05d880;
 .timescale -9 -12;
    .port_info 0 /INPUT 1 "clk";
    .port_info 1 /INPUT 1 "d";
    .port_info 2 /OUTPUT 1 "q";
v0x56b60b05dd40_0 .net "clk", 0 0, o0x746793289f78;  alias, 0 drivers
v0x56b60b05e010_0 .net "d", 0 0, L_0x56b60b0686e0;  alias, 1 drivers
v0x56b60b05e0d0_0 .var "q", 0 0;
S_0x56b60b05e720 .scope generate, "gen_bits[9]" "gen_bits[9]" 9 13, 9 13 0, S_0x56b60b037a80;
 .timescale -9 -12;
P_0x56b60b05e920 .param/l "i" 1 9 13, +C4<01001>;
S_0x56b60b05ea00 .scope module, "bit_cell" "Bit" 9 14, 10 3 0, S_0x56b60b05e720;
 .timescale -9 -12;
    .port_info 0 /INPUT 1 "clk";
    .port_info 1 /INPUT 1 "load";
    .port_info 2 /INPUT 1 "in";
    .port_info 3 /OUTPUT 1 "out";
L_0x56b60b068b40 .functor BUFZ 1, v0x56b60b05f040_0, C4<0>, C4<0>, C4<0>;
v0x56b60b05f190_0 .net "clk", 0 0, o0x746793289f78;  alias, 0 drivers
v0x56b60b05f230_0 .net "in", 0 0, L_0x56b60b068bb0;  1 drivers
v0x56b60b05f2f0_0 .net "load", 0 0, o0x74679328a0c8;  alias, 0 drivers
v0x56b60b05f3c0_0 .net "next_value", 0 0, L_0x56b60b0689c0;  1 drivers
v0x56b60b05f490_0 .net "out", 0 0, L_0x56b60b068b40;  1 drivers
v0x56b60b05f580_0 .net "stored", 0 0, v0x56b60b05f040_0;  1 drivers
L_0x56b60b0689c0 .functor MUXZ 1, v0x56b60b05f040_0, L_0x56b60b068bb0, o0x74679328a0c8, C4<>;
S_0x56b60b05ec50 .scope module, "storage" "DFF" 10 12, 11 3 0, S_0x56b60b05ea00;
 .timescale -9 -12;
    .port_info 0 /INPUT 1 "clk";
    .port_info 1 /INPUT 1 "d";
    .port_info 2 /OUTPUT 1 "q";
v0x56b60b05eec0_0 .net "clk", 0 0, o0x746793289f78;  alias, 0 drivers
v0x56b60b05ef80_0 .net "d", 0 0, L_0x56b60b0689c0;  alias, 1 drivers
v0x56b60b05f040_0 .var "q", 0 0;
S_0x56b60b05f690 .scope generate, "gen_bits[10]" "gen_bits[10]" 9 13, 9 13 0, S_0x56b60b037a80;
 .timescale -9 -12;
P_0x56b60b05f890 .param/l "i" 1 9 13, +C4<01010>;
S_0x56b60b05f970 .scope module, "bit_cell" "Bit" 9 14, 10 3 0, S_0x56b60b05f690;
 .timescale -9 -12;
    .port_info 0 /INPUT 1 "clk";
    .port_info 1 /INPUT 1 "load";
    .port_info 2 /INPUT 1 "in";
    .port_info 3 /OUTPUT 1 "out";
L_0x56b60b068e30 .functor BUFZ 1, v0x56b60b05ffb0_0, C4<0>, C4<0>, C4<0>;
v0x56b60b060100_0 .net "clk", 0 0, o0x746793289f78;  alias, 0 drivers
v0x56b60b0601a0_0 .net "in", 0 0, L_0x56b60b068ea0;  1 drivers
v0x56b60b060260_0 .net "load", 0 0, o0x74679328a0c8;  alias, 0 drivers
v0x56b60b060330_0 .net "next_value", 0 0, L_0x56b60b068d00;  1 drivers
v0x56b60b060400_0 .net "out", 0 0, L_0x56b60b068e30;  1 drivers
v0x56b60b0604f0_0 .net "stored", 0 0, v0x56b60b05ffb0_0;  1 drivers
L_0x56b60b068d00 .functor MUXZ 1, v0x56b60b05ffb0_0, L_0x56b60b068ea0, o0x74679328a0c8, C4<>;
S_0x56b60b05fbc0 .scope module, "storage" "DFF" 10 12, 11 3 0, S_0x56b60b05f970;
 .timescale -9 -12;
    .port_info 0 /INPUT 1 "clk";
    .port_info 1 /INPUT 1 "d";
    .port_info 2 /OUTPUT 1 "q";
v0x56b60b05fe30_0 .net "clk", 0 0, o0x746793289f78;  alias, 0 drivers
v0x56b60b05fef0_0 .net "d", 0 0, L_0x56b60b068d00;  alias, 1 drivers
v0x56b60b05ffb0_0 .var "q", 0 0;
S_0x56b60b060600 .scope generate, "gen_bits[11]" "gen_bits[11]" 9 13, 9 13 0, S_0x56b60b037a80;
 .timescale -9 -12;
P_0x56b60b060800 .param/l "i" 1 9 13, +C4<01011>;
S_0x56b60b0608e0 .scope module, "bit_cell" "Bit" 9 14, 10 3 0, S_0x56b60b060600;
 .timescale -9 -12;
    .port_info 0 /INPUT 1 "clk";
    .port_info 1 /INPUT 1 "load";
    .port_info 2 /INPUT 1 "in";
    .port_info 3 /OUTPUT 1 "out";
L_0x56b60b069110 .functor BUFZ 1, v0x56b60b060f20_0, C4<0>, C4<0>, C4<0>;
v0x56b60b061070_0 .net "clk", 0 0, o0x746793289f78;  alias, 0 drivers
v0x56b60b061110_0 .net "in", 0 0, L_0x56b60b069180;  1 drivers
v0x56b60b0611d0_0 .net "load", 0 0, o0x74679328a0c8;  alias, 0 drivers
v0x56b60b0612a0_0 .net "next_value", 0 0, L_0x56b60b068f90;  1 drivers
v0x56b60b061370_0 .net "out", 0 0, L_0x56b60b069110;  1 drivers
v0x56b60b061460_0 .net "stored", 0 0, v0x56b60b060f20_0;  1 drivers
L_0x56b60b068f90 .functor MUXZ 1, v0x56b60b060f20_0, L_0x56b60b069180, o0x74679328a0c8, C4<>;
S_0x56b60b060b30 .scope module, "storage" "DFF" 10 12, 11 3 0, S_0x56b60b0608e0;
 .timescale -9 -12;
    .port_info 0 /INPUT 1 "clk";
    .port_info 1 /INPUT 1 "d";
    .port_info 2 /OUTPUT 1 "q";
v0x56b60b060da0_0 .net "clk", 0 0, o0x746793289f78;  alias, 0 drivers
v0x56b60b060e60_0 .net "d", 0 0, L_0x56b60b068f90;  alias, 1 drivers
v0x56b60b060f20_0 .var "q", 0 0;
S_0x56b60b061570 .scope generate, "gen_bits[12]" "gen_bits[12]" 9 13, 9 13 0, S_0x56b60b037a80;
 .timescale -9 -12;
P_0x56b60b061770 .param/l "i" 1 9 13, +C4<01100>;
S_0x56b60b061850 .scope module, "bit_cell" "Bit" 9 14, 10 3 0, S_0x56b60b061570;
 .timescale -9 -12;
    .port_info 0 /INPUT 1 "clk";
    .port_info 1 /INPUT 1 "load";
    .port_info 2 /INPUT 1 "in";
    .port_info 3 /OUTPUT 1 "out";
L_0x56b60b069460 .functor BUFZ 1, v0x56b60b061e90_0, C4<0>, C4<0>, C4<0>;
v0x56b60b061fe0_0 .net "clk", 0 0, o0x746793289f78;  alias, 0 drivers
v0x56b60b062080_0 .net "in", 0 0, L_0x56b60b0694d0;  1 drivers
v0x56b60b062140_0 .net "load", 0 0, o0x74679328a0c8;  alias, 0 drivers
v0x56b60b062210_0 .net "next_value", 0 0, L_0x56b60b0692e0;  1 drivers
v0x56b60b0622e0_0 .net "out", 0 0, L_0x56b60b069460;  1 drivers
v0x56b60b0623d0_0 .net "stored", 0 0, v0x56b60b061e90_0;  1 drivers
L_0x56b60b0692e0 .functor MUXZ 1, v0x56b60b061e90_0, L_0x56b60b0694d0, o0x74679328a0c8, C4<>;
S_0x56b60b061aa0 .scope module, "storage" "DFF" 10 12, 11 3 0, S_0x56b60b061850;
 .timescale -9 -12;
    .port_info 0 /INPUT 1 "clk";
    .port_info 1 /INPUT 1 "d";
    .port_info 2 /OUTPUT 1 "q";
v0x56b60b061d10_0 .net "clk", 0 0, o0x746793289f78;  alias, 0 drivers
v0x56b60b061dd0_0 .net "d", 0 0, L_0x56b60b0692e0;  alias, 1 drivers
v0x56b60b061e90_0 .var "q", 0 0;
S_0x56b60b0624e0 .scope generate, "gen_bits[13]" "gen_bits[13]" 9 13, 9 13 0, S_0x56b60b037a80;
 .timescale -9 -12;
P_0x56b60b0626e0 .param/l "i" 1 9 13, +C4<01101>;
S_0x56b60b0627c0 .scope module, "bit_cell" "Bit" 9 14, 10 3 0, S_0x56b60b0624e0;
 .timescale -9 -12;
    .port_info 0 /INPUT 1 "clk";
    .port_info 1 /INPUT 1 "load";
    .port_info 2 /INPUT 1 "in";
    .port_info 3 /OUTPUT 1 "out";
L_0x56b60b069740 .functor BUFZ 1, v0x56b60b062e00_0, C4<0>, C4<0>, C4<0>;
v0x56b60b062f50_0 .net "clk", 0 0, o0x746793289f78;  alias, 0 drivers
v0x56b60b062ff0_0 .net "in", 0 0, L_0x56b60b0697b0;  1 drivers
v0x56b60b0630b0_0 .net "load", 0 0, o0x74679328a0c8;  alias, 0 drivers
v0x56b60b063180_0 .net "next_value", 0 0, L_0x56b60b0695c0;  1 drivers
v0x56b60b063250_0 .net "out", 0 0, L_0x56b60b069740;  1 drivers
v0x56b60b063340_0 .net "stored", 0 0, v0x56b60b062e00_0;  1 drivers
L_0x56b60b0695c0 .functor MUXZ 1, v0x56b60b062e00_0, L_0x56b60b0697b0, o0x74679328a0c8, C4<>;
S_0x56b60b062a10 .scope module, "storage" "DFF" 10 12, 11 3 0, S_0x56b60b0627c0;
 .timescale -9 -12;
    .port_info 0 /INPUT 1 "clk";
    .port_info 1 /INPUT 1 "d";
    .port_info 2 /OUTPUT 1 "q";
v0x56b60b062c80_0 .net "clk", 0 0, o0x746793289f78;  alias, 0 drivers
v0x56b60b062d40_0 .net "d", 0 0, L_0x56b60b0695c0;  alias, 1 drivers
v0x56b60b062e00_0 .var "q", 0 0;
S_0x56b60b063450 .scope generate, "gen_bits[14]" "gen_bits[14]" 9 13, 9 13 0, S_0x56b60b037a80;
 .timescale -9 -12;
P_0x56b60b063650 .param/l "i" 1 9 13, +C4<01110>;
S_0x56b60b063730 .scope module, "bit_cell" "Bit" 9 14, 10 3 0, S_0x56b60b063450;
 .timescale -9 -12;
    .port_info 0 /INPUT 1 "clk";
    .port_info 1 /INPUT 1 "load";
    .port_info 2 /INPUT 1 "in";
    .port_info 3 /OUTPUT 1 "out";
L_0x56b60b069270 .functor BUFZ 1, v0x56b60b063d70_0, C4<0>, C4<0>, C4<0>;
v0x56b60b063ec0_0 .net "clk", 0 0, o0x746793289f78;  alias, 0 drivers
v0x56b60b063f60_0 .net "in", 0 0, L_0x56b60b069aa0;  1 drivers
v0x56b60b064020_0 .net "load", 0 0, o0x74679328a0c8;  alias, 0 drivers
v0x56b60b0640f0_0 .net "next_value", 0 0, L_0x56b60b069920;  1 drivers
v0x56b60b0641c0_0 .net "out", 0 0, L_0x56b60b069270;  1 drivers
v0x56b60b0642b0_0 .net "stored", 0 0, v0x56b60b063d70_0;  1 drivers
L_0x56b60b069920 .functor MUXZ 1, v0x56b60b063d70_0, L_0x56b60b069aa0, o0x74679328a0c8, C4<>;
S_0x56b60b063980 .scope module, "storage" "DFF" 10 12, 11 3 0, S_0x56b60b063730;
 .timescale -9 -12;
    .port_info 0 /INPUT 1 "clk";
    .port_info 1 /INPUT 1 "d";
    .port_info 2 /OUTPUT 1 "q";
v0x56b60b063bf0_0 .net "clk", 0 0, o0x746793289f78;  alias, 0 drivers
v0x56b60b063cb0_0 .net "d", 0 0, L_0x56b60b069920;  alias, 1 drivers
v0x56b60b063d70_0 .var "q", 0 0;
S_0x56b60b0643c0 .scope generate, "gen_bits[15]" "gen_bits[15]" 9 13, 9 13 0, S_0x56b60b037a80;
 .timescale -9 -12;
P_0x56b60b0645c0 .param/l "i" 1 9 13, +C4<01111>;
S_0x56b60b0646a0 .scope module, "bit_cell" "Bit" 9 14, 10 3 0, S_0x56b60b0643c0;
 .timescale -9 -12;
    .port_info 0 /INPUT 1 "clk";
    .port_info 1 /INPUT 1 "load";
    .port_info 2 /INPUT 1 "in";
    .port_info 3 /OUTPUT 1 "out";
L_0x56b60b06a100 .functor BUFZ 1, v0x56b60b064ce0_0, C4<0>, C4<0>, C4<0>;
v0x56b60b064e30_0 .net "clk", 0 0, o0x746793289f78;  alias, 0 drivers
v0x56b60b064ed0_0 .net "in", 0 0, L_0x56b60b06a170;  1 drivers
v0x56b60b064f90_0 .net "load", 0 0, o0x74679328a0c8;  alias, 0 drivers
v0x56b60b065060_0 .net "next_value", 0 0, L_0x56b60b069b90;  1 drivers
v0x56b60b065130_0 .net "out", 0 0, L_0x56b60b06a100;  1 drivers
v0x56b60b065220_0 .net "stored", 0 0, v0x56b60b064ce0_0;  1 drivers
L_0x56b60b069b90 .functor MUXZ 1, v0x56b60b064ce0_0, L_0x56b60b06a170, o0x74679328a0c8, C4<>;
S_0x56b60b0648f0 .scope module, "storage" "DFF" 10 12, 11 3 0, S_0x56b60b0646a0;
 .timescale -9 -12;
    .port_info 0 /INPUT 1 "clk";
    .port_info 1 /INPUT 1 "d";
    .port_info 2 /OUTPUT 1 "q";
v0x56b60b064b60_0 .net "clk", 0 0, o0x746793289f78;  alias, 0 drivers
v0x56b60b064c20_0 .net "d", 0 0, L_0x56b60b069b90;  alias, 1 drivers
v0x56b60b064ce0_0 .var "q", 0 0;
S_0x56b60b030f50 .scope module, "tb_dff" "tb_dff" 12 3;
 .timescale -9 -12;
v0x56b60b065e10_0 .var "clk", 0 0;
v0x56b60b065ee0_0 .var "d", 0 0;
v0x56b60b065fb0_0 .net "q", 0 0, v0x56b60b065cf0_0;  1 drivers
E_0x56b60b0657e0 .event negedge, v0x56b60b065b50_0;
S_0x56b60b065860 .scope module, "dut" "DFF" 12 8, 11 3 0, S_0x56b60b030f50;
 .timescale -9 -12;
    .port_info 0 /INPUT 1 "clk";
    .port_info 1 /INPUT 1 "d";
    .port_info 2 /OUTPUT 1 "q";
v0x56b60b065b50_0 .net "clk", 0 0, v0x56b60b065e10_0;  1 drivers
v0x56b60b065c30_0 .net "d", 0 0, v0x56b60b065ee0_0;  1 drivers
v0x56b60b065cf0_0 .var "q", 0 0;
E_0x56b60b065ad0 .event posedge, v0x56b60b065b50_0;
    .scope S_0x56b60b0324c0;
T_0 ;
    %pushi/vec4 0, 0, 16;
    %store/vec4 v0x56b60b027090_0, 0, 16;
    %end;
    .thread T_0;
    .scope S_0x56b60b0324c0;
T_1 ;
    %wait E_0x56b60afed070;
    %load/vec4 v0x56b60b025b20_0;
    %flag_set/vec4 8;
    %jmp/0xz  T_1.0, 8;
    %pushi/vec4 0, 0, 16;
    %assign/vec4 v0x56b60b027090_0, 0;
    %jmp T_1.1;
T_1.0 ;
    %load/vec4 v0x56b60b028600_0;
    %flag_set/vec4 8;
    %jmp/0xz  T_1.2, 8;
    %load/vec4 v0x56b60b02b0e0_0;
    %assign/vec4 v0x56b60b027090_0, 0;
    %jmp T_1.3;
T_1.2 ;
    %load/vec4 v0x56b60b029b70_0;
    %flag_set/vec4 8;
    %jmp/0xz  T_1.4, 8;
    %load/vec4 v0x56b60b027090_0;
    %addi 1, 0, 16;
    %assign/vec4 v0x56b60b027090_0, 0;
T_1.4 ;
T_1.3 ;
T_1.1 ;
    %jmp T_1;
    .thread T_1;
    .scope S_0x56b60b027940;
T_2 ;
    %pushi/vec4 0, 0, 32;
    %store/vec4 v0x56b60b053950_0, 0, 32;
T_2.0 ;
    %load/vec4 v0x56b60b053950_0;
    %cmpi/s 16384, 0, 32;
    %jmp/0xz T_2.1, 5;
    %pushi/vec4 0, 0, 16;
    %ix/getv/s 4, v0x56b60b053950_0;
    %store/vec4a v0x56b60b053bd0, 4, 0;
    %load/vec4 v0x56b60b053950_0;
    %addi 1, 0, 32;
    %store/vec4 v0x56b60b053950_0, 0, 32;
    %jmp T_2.0;
T_2.1 ;
    %end;
    .thread T_2;
    .scope S_0x56b60b027940;
T_3 ;
    %wait E_0x56b60afed2c0;
    %load/vec4 v0x56b60b053b10_0;
    %flag_set/vec4 8;
    %jmp/0xz  T_3.0, 8;
    %load/vec4 v0x56b60b053a30_0;
    %load/vec4 v0x56b60b053760_0;
    %pad/u 16;
    %ix/vec4 3;
    %ix/load 4, 0, 0; Constant delay
    %assign/vec4/a/d v0x56b60b053bd0, 0, 4;
T_3.0 ;
    %jmp T_3;
    .thread T_3;
    .scope S_0x56b60b033a30;
T_4 ;
    %pushi/vec4 0, 0, 32;
    %store/vec4 v0x56b60b054290_0, 0, 32;
T_4.0 ;
    %load/vec4 v0x56b60b054290_0;
    %cmpi/s 4096, 0, 32;
    %jmp/0xz T_4.1, 5;
    %pushi/vec4 0, 0, 16;
    %ix/getv/s 4, v0x56b60b054290_0;
    %store/vec4a v0x56b60b054510, 4, 0;
    %load/vec4 v0x56b60b054290_0;
    %addi 1, 0, 32;
    %store/vec4 v0x56b60b054290_0, 0, 32;
    %jmp T_4.0;
T_4.1 ;
    %end;
    .thread T_4;
    .scope S_0x56b60b033a30;
T_5 ;
    %wait E_0x56b60afed520;
    %load/vec4 v0x56b60b054450_0;
    %flag_set/vec4 8;
    %jmp/0xz  T_5.0, 8;
    %load/vec4 v0x56b60b054370_0;
    %load/vec4 v0x56b60b0540f0_0;
    %pad/u 14;
    %ix/vec4 3;
    %ix/load 4, 0, 0; Constant delay
    %assign/vec4/a/d v0x56b60b054510, 0, 4;
T_5.0 ;
    %jmp T_5;
    .thread T_5;
    .scope S_0x56b60b034fa0;
T_6 ;
    %pushi/vec4 0, 0, 32;
    %store/vec4 v0x56b60b054bd0_0, 0, 32;
T_6.0 ;
    %load/vec4 v0x56b60b054bd0_0;
    %cmpi/s 512, 0, 32;
    %jmp/0xz T_6.1, 5;
    %pushi/vec4 0, 0, 16;
    %ix/getv/s 4, v0x56b60b054bd0_0;
    %store/vec4a v0x56b60b054e50, 4, 0;
    %load/vec4 v0x56b60b054bd0_0;
    %addi 1, 0, 32;
    %store/vec4 v0x56b60b054bd0_0, 0, 32;
    %jmp T_6.0;
T_6.1 ;
    %end;
    .thread T_6;
    .scope S_0x56b60b034fa0;
T_7 ;
    %wait E_0x56b60afed6b0;
    %load/vec4 v0x56b60b054d90_0;
    %flag_set/vec4 8;
    %jmp/0xz  T_7.0, 8;
    %load/vec4 v0x56b60b054cb0_0;
    %load/vec4 v0x56b60b054a30_0;
    %pad/u 11;
    %ix/vec4 3;
    %ix/load 4, 0, 0; Constant delay
    %assign/vec4/a/d v0x56b60b054e50, 0, 4;
T_7.0 ;
    %jmp T_7;
    .thread T_7;
    .scope S_0x56b60b0263d0;
T_8 ;
    %pushi/vec4 0, 0, 32;
    %store/vec4 v0x56b60b0555a0_0, 0, 32;
T_8.0 ;
    %load/vec4 v0x56b60b0555a0_0;
    %cmpi/s 64, 0, 32;
    %jmp/0xz T_8.1, 5;
    %pushi/vec4 0, 0, 16;
    %ix/getv/s 4, v0x56b60b0555a0_0;
    %store/vec4a v0x56b60b055820, 4, 0;
    %load/vec4 v0x56b60b0555a0_0;
    %addi 1, 0, 32;
    %store/vec4 v0x56b60b0555a0_0, 0, 32;
    %jmp T_8.0;
T_8.1 ;
    %end;
    .thread T_8;
    .scope S_0x56b60b0263d0;
T_9 ;
    %wait E_0x56b60afd2840;
    %load/vec4 v0x56b60b055760_0;
    %flag_set/vec4 8;
    %jmp/0xz  T_9.0, 8;
    %load/vec4 v0x56b60b055680_0;
    %load/vec4 v0x56b60b055400_0;
    %pad/u 8;
    %ix/vec4 3;
    %ix/load 4, 0, 0; Constant delay
    %assign/vec4/a/d v0x56b60b055820, 0, 4;
T_9.0 ;
    %jmp T_9;
    .thread T_9;
    .scope S_0x56b60b036510;
T_10 ;
    %pushi/vec4 0, 0, 32;
    %store/vec4 v0x56b60b055fb0_0, 0, 32;
T_10.0 ;
    %load/vec4 v0x56b60b055fb0_0;
    %cmpi/s 8, 0, 32;
    %jmp/0xz T_10.1, 5;
    %pushi/vec4 0, 0, 16;
    %ix/getv/s 4, v0x56b60b055fb0_0;
    %store/vec4a v0x56b60b056230, 4, 0;
    %load/vec4 v0x56b60b055fb0_0;
    %addi 1, 0, 32;
    %store/vec4 v0x56b60b055fb0_0, 0, 32;
    %jmp T_10.0;
T_10.1 ;
    %end;
    .thread T_10;
    .scope S_0x56b60b036510;
T_11 ;
    %wait E_0x56b60b055af0;
    %load/vec4 v0x56b60b056170_0;
    %flag_set/vec4 8;
    %jmp/0xz  T_11.0, 8;
    %load/vec4 v0x56b60b056090_0;
    %load/vec4 v0x56b60b055e10_0;
    %pad/u 5;
    %ix/vec4 3;
    %ix/load 4, 0, 0; Constant delay
    %assign/vec4/a/d v0x56b60b056230, 0, 4;
T_11.0 ;
    %jmp T_11;
    .thread T_11;
    .scope S_0x56b60b02b990;
T_12 ;
    %pushi/vec4 0, 0, 1;
    %store/vec4 v0x56b60b056970_0, 0, 1;
    %end;
    .thread T_12;
    .scope S_0x56b60b02b990;
T_13 ;
    %wait E_0x56b60b056750;
    %load/vec4 v0x56b60b0568b0_0;
    %assign/vec4 v0x56b60b056970_0, 0;
    %jmp T_13;
    .thread T_13;
    .scope S_0x56b60b02f9e0;
T_14 ;
    %pushi/vec4 0, 0, 1;
    %store/vec4 v0x56b60b057410_0, 0, 1;
    %end;
    .thread T_14;
    .scope S_0x56b60b02f9e0;
T_15 ;
    %wait E_0x56b60b056750;
    %load/vec4 v0x56b60b057350_0;
    %assign/vec4 v0x56b60b057410_0, 0;
    %jmp T_15;
    .thread T_15;
    .scope S_0x56b60b057f10;
T_16 ;
    %pushi/vec4 0, 0, 1;
    %store/vec4 v0x56b60b058390_0, 0, 1;
    %end;
    .thread T_16;
    .scope S_0x56b60b057f10;
T_17 ;
    %wait E_0x56b60b056750;
    %load/vec4 v0x56b60b0582d0_0;
    %assign/vec4 v0x56b60b058390_0, 0;
    %jmp T_17;
    .thread T_17;
    .scope S_0x56b60b058e70;
T_18 ;
    %pushi/vec4 0, 0, 1;
    %store/vec4 v0x56b60b059260_0, 0, 1;
    %end;
    .thread T_18;
    .scope S_0x56b60b058e70;
T_19 ;
    %wait E_0x56b60b056750;
    %load/vec4 v0x56b60b0591a0_0;
    %assign/vec4 v0x56b60b059260_0, 0;
    %jmp T_19;
    .thread T_19;
    .scope S_0x56b60b059dc0;
T_20 ;
    %pushi/vec4 0, 0, 1;
    %store/vec4 v0x56b60b05a1b0_0, 0, 1;
    %end;
    .thread T_20;
    .scope S_0x56b60b059dc0;
T_21 ;
    %wait E_0x56b60b056750;
    %load/vec4 v0x56b60b05a0f0_0;
    %assign/vec4 v0x56b60b05a1b0_0, 0;
    %jmp T_21;
    .thread T_21;
    .scope S_0x56b60b05ac40;
T_22 ;
    %pushi/vec4 0, 0, 1;
    %store/vec4 v0x56b60b05b030_0, 0, 1;
    %end;
    .thread T_22;
    .scope S_0x56b60b05ac40;
T_23 ;
    %wait E_0x56b60b056750;
    %load/vec4 v0x56b60b05af70_0;
    %assign/vec4 v0x56b60b05b030_0, 0;
    %jmp T_23;
    .thread T_23;
    .scope S_0x56b60b05bbb0;
T_24 ;
    %pushi/vec4 0, 0, 1;
    %store/vec4 v0x56b60b05bfa0_0, 0, 1;
    %end;
    .thread T_24;
    .scope S_0x56b60b05bbb0;
T_25 ;
    %wait E_0x56b60b056750;
    %load/vec4 v0x56b60b05bee0_0;
    %assign/vec4 v0x56b60b05bfa0_0, 0;
    %jmp T_25;
    .thread T_25;
    .scope S_0x56b60b05cb20;
T_26 ;
    %pushi/vec4 0, 0, 1;
    %store/vec4 v0x56b60b05cf10_0, 0, 1;
    %end;
    .thread T_26;
    .scope S_0x56b60b05cb20;
T_27 ;
    %wait E_0x56b60b056750;
    %load/vec4 v0x56b60b05ce50_0;
    %assign/vec4 v0x56b60b05cf10_0, 0;
    %jmp T_27;
    .thread T_27;
    .scope S_0x56b60b05dad0;
T_28 ;
    %pushi/vec4 0, 0, 1;
    %store/vec4 v0x56b60b05e0d0_0, 0, 1;
    %end;
    .thread T_28;
    .scope S_0x56b60b05dad0;
T_29 ;
    %wait E_0x56b60b056750;
    %load/vec4 v0x56b60b05e010_0;
    %assign/vec4 v0x56b60b05e0d0_0, 0;
    %jmp T_29;
    .thread T_29;
    .scope S_0x56b60b05ec50;
T_30 ;
    %pushi/vec4 0, 0, 1;
    %store/vec4 v0x56b60b05f040_0, 0, 1;
    %end;
    .thread T_30;
    .scope S_0x56b60b05ec50;
T_31 ;
    %wait E_0x56b60b056750;
    %load/vec4 v0x56b60b05ef80_0;
    %assign/vec4 v0x56b60b05f040_0, 0;
    %jmp T_31;
    .thread T_31;
    .scope S_0x56b60b05fbc0;
T_32 ;
    %pushi/vec4 0, 0, 1;
    %store/vec4 v0x56b60b05ffb0_0, 0, 1;
    %end;
    .thread T_32;
    .scope S_0x56b60b05fbc0;
T_33 ;
    %wait E_0x56b60b056750;
    %load/vec4 v0x56b60b05fef0_0;
    %assign/vec4 v0x56b60b05ffb0_0, 0;
    %jmp T_33;
    .thread T_33;
    .scope S_0x56b60b060b30;
T_34 ;
    %pushi/vec4 0, 0, 1;
    %store/vec4 v0x56b60b060f20_0, 0, 1;
    %end;
    .thread T_34;
    .scope S_0x56b60b060b30;
T_35 ;
    %wait E_0x56b60b056750;
    %load/vec4 v0x56b60b060e60_0;
    %assign/vec4 v0x56b60b060f20_0, 0;
    %jmp T_35;
    .thread T_35;
    .scope S_0x56b60b061aa0;
T_36 ;
    %pushi/vec4 0, 0, 1;
    %store/vec4 v0x56b60b061e90_0, 0, 1;
    %end;
    .thread T_36;
    .scope S_0x56b60b061aa0;
T_37 ;
    %wait E_0x56b60b056750;
    %load/vec4 v0x56b60b061dd0_0;
    %assign/vec4 v0x56b60b061e90_0, 0;
    %jmp T_37;
    .thread T_37;
    .scope S_0x56b60b062a10;
T_38 ;
    %pushi/vec4 0, 0, 1;
    %store/vec4 v0x56b60b062e00_0, 0, 1;
    %end;
    .thread T_38;
    .scope S_0x56b60b062a10;
T_39 ;
    %wait E_0x56b60b056750;
    %load/vec4 v0x56b60b062d40_0;
    %assign/vec4 v0x56b60b062e00_0, 0;
    %jmp T_39;
    .thread T_39;
    .scope S_0x56b60b063980;
T_40 ;
    %pushi/vec4 0, 0, 1;
    %store/vec4 v0x56b60b063d70_0, 0, 1;
    %end;
    .thread T_40;
    .scope S_0x56b60b063980;
T_41 ;
    %wait E_0x56b60b056750;
    %load/vec4 v0x56b60b063cb0_0;
    %assign/vec4 v0x56b60b063d70_0, 0;
    %jmp T_41;
    .thread T_41;
    .scope S_0x56b60b0648f0;
T_42 ;
    %pushi/vec4 0, 0, 1;
    %store/vec4 v0x56b60b064ce0_0, 0, 1;
    %end;
    .thread T_42;
    .scope S_0x56b60b0648f0;
T_43 ;
    %wait E_0x56b60b056750;
    %load/vec4 v0x56b60b064c20_0;
    %assign/vec4 v0x56b60b064ce0_0, 0;
    %jmp T_43;
    .thread T_43;
    .scope S_0x56b60b065860;
T_44 ;
    %pushi/vec4 0, 0, 1;
    %store/vec4 v0x56b60b065cf0_0, 0, 1;
    %end;
    .thread T_44;
    .scope S_0x56b60b065860;
T_45 ;
    %wait E_0x56b60b065ad0;
    %load/vec4 v0x56b60b065c30_0;
    %assign/vec4 v0x56b60b065cf0_0, 0;
    %jmp T_45;
    .thread T_45;
    .scope S_0x56b60b030f50;
T_46 ;
    %pushi/vec4 0, 0, 1;
    %store/vec4 v0x56b60b065e10_0, 0, 1;
T_46.0 ;
    %delay 5000, 0;
    %load/vec4 v0x56b60b065e10_0;
    %inv;
    %store/vec4 v0x56b60b065e10_0, 0, 1;
    %jmp T_46.0;
    %end;
    .thread T_46;
    .scope S_0x56b60b030f50;
T_47 ;
    %pushi/vec4 0, 0, 1;
    %store/vec4 v0x56b60b065ee0_0, 0, 1;
    %wait E_0x56b60b065ad0;
    %delay 1000, 0;
    %load/vec4 v0x56b60b065fb0_0;
    %cmpi/ne 0, 0, 1;
    %jmp/0xz  T_47.0, 6;
    %vpi_call/w 12 23 "$fatal", 32'sb00000000000000000000000000000001, "DFF failed to reset to 0" {0 0 0};
T_47.0 ;
    %pushi/vec4 1, 0, 1;
    %store/vec4 v0x56b60b065ee0_0, 0, 1;
    %wait E_0x56b60b065ad0;
    %delay 1000, 0;
    %load/vec4 v0x56b60b065fb0_0;
    %cmpi/ne 1, 0, 1;
    %jmp/0xz  T_47.2, 6;
    %vpi_call/w 12 28 "$fatal", 32'sb00000000000000000000000000000001, "DFF failed to capture 1" {0 0 0};
T_47.2 ;
    %pushi/vec4 0, 0, 1;
    %store/vec4 v0x56b60b065ee0_0, 0, 1;
    %wait E_0x56b60b0657e0;
    %delay 1000, 0;
    %load/vec4 v0x56b60b065fb0_0;
    %cmpi/ne 1, 0, 1;
    %jmp/0xz  T_47.4, 6;
    %vpi_call/w 12 33 "$fatal", 32'sb00000000000000000000000000000001, "DFF changed without a clock edge" {0 0 0};
T_47.4 ;
    %wait E_0x56b60b065ad0;
    %delay 1000, 0;
    %load/vec4 v0x56b60b065fb0_0;
    %cmpi/ne 0, 0, 1;
    %jmp/0xz  T_47.6, 6;
    %vpi_call/w 12 36 "$fatal", 32'sb00000000000000000000000000000001, "DFF failed to capture 0" {0 0 0};
T_47.6 ;
    %pushi/vec4 1, 0, 1;
    %store/vec4 v0x56b60b065ee0_0, 0, 1;
    %wait E_0x56b60b065ad0;
    %delay 1000, 0;
    %load/vec4 v0x56b60b065fb0_0;
    %cmpi/ne 1, 0, 1;
    %jmp/0xz  T_47.8, 6;
    %vpi_call/w 12 41 "$fatal", 32'sb00000000000000000000000000000001, "DFF failed to capture trailing 1" {0 0 0};
T_47.8 ;
    %pushi/vec4 0, 0, 1;
    %store/vec4 v0x56b60b065ee0_0, 0, 1;
    %wait E_0x56b60b065ad0;
    %delay 1000, 0;
    %load/vec4 v0x56b60b065fb0_0;
    %cmpi/ne 0, 0, 1;
    %jmp/0xz  T_47.10, 6;
    %vpi_call/w 12 46 "$fatal", 32'sb00000000000000000000000000000001, "DFF failed final capture" {0 0 0};
T_47.10 ;
    %vpi_call/w 12 48 "$display", "tb_dff passed" {0 0 0};
    %vpi_call/w 12 49 "$finish" {0 0 0};
    %end;
    .thread T_47;
# The file index is used to find the file name in the following table.
:file_names 13;
    "N/A";
    "<interactive>";
    "-";
    "pc.v";
    "ram16k.v";
    "ram4k.v";
    "ram512.v";
    "ram64.v";
    "ram8.v";
    "register.v";
    "bit.v";
    "dff.v";
    "tb_dff.v";
