#! /usr/bin/vvp
:ivl_version "12.0 (stable)";
:ivl_delay_selection "TYPICAL";
:vpi_time_precision - 12;
:vpi_module "/usr/lib/x86_64-linux-gnu/ivl/system.vpi";
:vpi_module "/usr/lib/x86_64-linux-gnu/ivl/vhdl_sys.vpi";
:vpi_module "/usr/lib/x86_64-linux-gnu/ivl/vhdl_textio.vpi";
:vpi_module "/usr/lib/x86_64-linux-gnu/ivl/v2005_math.vpi";
:vpi_module "/usr/lib/x86_64-linux-gnu/ivl/va_math.vpi";
:vpi_module "/usr/lib/x86_64-linux-gnu/ivl/v2009.vpi";
S_0x5aa842b52d40 .scope package, "$unit" "$unit" 2 1;
 .timescale 0 0;
S_0x5aa842b4c8b0 .scope module, "RAM16K" "RAM16K" 3 3;
 .timescale -9 -12;
    .port_info 0 /INPUT 1 "clk";
    .port_info 1 /INPUT 1 "load";
    .port_info 2 /INPUT 14 "address";
    .port_info 3 /INPUT 16 "in";
    .port_info 4 /OUTPUT 16 "out";
P_0x5aa842aff290 .param/l "DEPTH" 1 3 10, +C4<00000000000000000100000000000000>;
L_0x5aa842b7b1f0 .functor BUFZ 16, L_0x5aa842b7af80, C4<0000000000000000>, C4<0000000000000000>, C4<0000000000000000>;
v0x5aa842b41480_0 .net *"_ivl_0", 15 0, L_0x5aa842b7af80;  1 drivers
v0x5aa842b3ff10_0 .net *"_ivl_2", 15 0, L_0x5aa842b7b080;  1 drivers
L_0x703402091018 .functor BUFT 1, C4<00>, C4<0>, C4<0>, C4<0>;
v0x5aa842b3e9a0_0 .net *"_ivl_5", 1 0, L_0x703402091018;  1 drivers
o0x7034020da0a8 .functor BUFZ 14, C4<zzzzzzzzzzzzzz>; HiZ drive
v0x5aa842b3d430_0 .net "address", 13 0, o0x7034020da0a8;  0 drivers
o0x7034020da0d8 .functor BUFZ 1, C4<z>; HiZ drive
v0x5aa842b3bec0_0 .net "clk", 0 0, o0x7034020da0d8;  0 drivers
v0x5aa842b3a950_0 .var/i "idx", 31 0;
o0x7034020da138 .functor BUFZ 16, C4<zzzzzzzzzzzzzzzz>; HiZ drive
v0x5aa842b393e0_0 .net "in", 15 0, o0x7034020da138;  0 drivers
o0x7034020da168 .functor BUFZ 1, C4<z>; HiZ drive
v0x5aa842b67910_0 .net "load", 0 0, o0x7034020da168;  0 drivers
v0x5aa842b679d0 .array "mem", 16383 0, 15 0;
v0x5aa842b67a90_0 .net "out", 15 0, L_0x5aa842b7b1f0;  1 drivers
E_0x5aa842b01380 .event posedge, v0x5aa842b3bec0_0;
L_0x5aa842b7af80 .array/port v0x5aa842b679d0, L_0x5aa842b7b080;
L_0x5aa842b7b080 .concat [ 14 2 0 0], o0x7034020da0a8, L_0x703402091018;
S_0x5aa842b45d80 .scope module, "RAM4K" "RAM4K" 4 3;
 .timescale -9 -12;
    .port_info 0 /INPUT 1 "clk";
    .port_info 1 /INPUT 1 "load";
    .port_info 2 /INPUT 12 "address";
    .port_info 3 /INPUT 16 "in";
    .port_info 4 /OUTPUT 16 "out";
P_0x5aa842b01820 .param/l "DEPTH" 1 4 10, +C4<00000000000000000001000000000000>;
L_0x5aa842b7b4f0 .functor BUFZ 16, L_0x5aa842b7b2b0, C4<0000000000000000>, C4<0000000000000000>, C4<0000000000000000>;
v0x5aa842b67c50_0 .net *"_ivl_0", 15 0, L_0x5aa842b7b2b0;  1 drivers
v0x5aa842b67d50_0 .net *"_ivl_2", 13 0, L_0x5aa842b7b380;  1 drivers
L_0x703402091060 .functor BUFT 1, C4<00>, C4<0>, C4<0>, C4<0>;
v0x5aa842b67e30_0 .net *"_ivl_5", 1 0, L_0x703402091060;  1 drivers
o0x7034020da348 .functor BUFZ 12, C4<zzzzzzzzzzzz>; HiZ drive
v0x5aa842b67ef0_0 .net "address", 11 0, o0x7034020da348;  0 drivers
o0x7034020da378 .functor BUFZ 1, C4<z>; HiZ drive
v0x5aa842b67fd0_0 .net "clk", 0 0, o0x7034020da378;  0 drivers
v0x5aa842b68090_0 .var/i "idx", 31 0;
o0x7034020da3d8 .functor BUFZ 16, C4<zzzzzzzzzzzzzzzz>; HiZ drive
v0x5aa842b68170_0 .net "in", 15 0, o0x7034020da3d8;  0 drivers
o0x7034020da408 .functor BUFZ 1, C4<z>; HiZ drive
v0x5aa842b68250_0 .net "load", 0 0, o0x7034020da408;  0 drivers
v0x5aa842b68310 .array "mem", 4095 0, 15 0;
v0x5aa842b683d0_0 .net "out", 15 0, L_0x5aa842b7b4f0;  1 drivers
E_0x5aa842b01130 .event posedge, v0x5aa842b67fd0_0;
L_0x5aa842b7b2b0 .array/port v0x5aa842b68310, L_0x5aa842b7b380;
L_0x5aa842b7b380 .concat [ 12 2 0 0], o0x7034020da348, L_0x703402091060;
S_0x5aa842b3b200 .scope module, "RAM512" "RAM512" 5 3;
 .timescale -9 -12;
    .port_info 0 /INPUT 1 "clk";
    .port_info 1 /INPUT 1 "load";
    .port_info 2 /INPUT 9 "address";
    .port_info 3 /INPUT 16 "in";
    .port_info 4 /OUTPUT 16 "out";
P_0x5aa842b49b90 .param/l "DEPTH" 1 5 10, +C4<00000000000000000000001000000000>;
L_0x5aa842b7b7f0 .functor BUFZ 16, L_0x5aa842b7b5b0, C4<0000000000000000>, C4<0000000000000000>, C4<0000000000000000>;
v0x5aa842b68590_0 .net *"_ivl_0", 15 0, L_0x5aa842b7b5b0;  1 drivers
v0x5aa842b68690_0 .net *"_ivl_2", 10 0, L_0x5aa842b7b680;  1 drivers
L_0x7034020910a8 .functor BUFT 1, C4<00>, C4<0>, C4<0>, C4<0>;
v0x5aa842b68770_0 .net *"_ivl_5", 1 0, L_0x7034020910a8;  1 drivers
o0x7034020da5e8 .functor BUFZ 9, C4<zzzzzzzzz>; HiZ drive
v0x5aa842b68830_0 .net "address", 8 0, o0x7034020da5e8;  0 drivers
o0x7034020da618 .functor BUFZ 1, C4<z>; HiZ drive
v0x5aa842b68910_0 .net "clk", 0 0, o0x7034020da618;  0 drivers
v0x5aa842b689d0_0 .var/i "idx", 31 0;
o0x7034020da678 .functor BUFZ 16, C4<zzzzzzzzzzzzzzzz>; HiZ drive
v0x5aa842b68ab0_0 .net "in", 15 0, o0x7034020da678;  0 drivers
o0x7034020da6a8 .functor BUFZ 1, C4<z>; HiZ drive
v0x5aa842b68b90_0 .net "load", 0 0, o0x7034020da6a8;  0 drivers
v0x5aa842b68c50 .array "mem", 511 0, 15 0;
v0x5aa842b68da0_0 .net "out", 15 0, L_0x5aa842b7b7f0;  1 drivers
E_0x5aa842b01bb0 .event posedge, v0x5aa842b68910_0;
L_0x5aa842b7b5b0 .array/port v0x5aa842b68c50, L_0x5aa842b7b680;
L_0x5aa842b7b680 .concat [ 9 2 0 0], o0x7034020da5e8, L_0x7034020910a8;
S_0x5aa842b472f0 .scope module, "RAM64" "RAM64" 6 3;
 .timescale -9 -12;
    .port_info 0 /INPUT 1 "clk";
    .port_info 1 /INPUT 1 "load";
    .port_info 2 /INPUT 6 "address";
    .port_info 3 /INPUT 16 "in";
    .port_info 4 /OUTPUT 16 "out";
P_0x5aa842b470b0 .param/l "DEPTH" 1 6 10, +C4<00000000000000000000000001000000>;
L_0x5aa842b7bb20 .functor BUFZ 16, L_0x5aa842b7b8e0, C4<0000000000000000>, C4<0000000000000000>, C4<0000000000000000>;
v0x5aa842b68f60_0 .net *"_ivl_0", 15 0, L_0x5aa842b7b8e0;  1 drivers
v0x5aa842b69060_0 .net *"_ivl_2", 7 0, L_0x5aa842b7b9b0;  1 drivers
L_0x7034020910f0 .functor BUFT 1, C4<00>, C4<0>, C4<0>, C4<0>;
v0x5aa842b69140_0 .net *"_ivl_5", 1 0, L_0x7034020910f0;  1 drivers
o0x7034020da888 .functor BUFZ 6, C4<zzzzzz>; HiZ drive
v0x5aa842b69200_0 .net "address", 5 0, o0x7034020da888;  0 drivers
o0x7034020da8b8 .functor BUFZ 1, C4<z>; HiZ drive
v0x5aa842b692e0_0 .net "clk", 0 0, o0x7034020da8b8;  0 drivers
v0x5aa842b693a0_0 .var/i "idx", 31 0;
o0x7034020da918 .functor BUFZ 16, C4<zzzzzzzzzzzzzzzz>; HiZ drive
v0x5aa842b69480_0 .net "in", 15 0, o0x7034020da918;  0 drivers
o0x7034020da948 .functor BUFZ 1, C4<z>; HiZ drive
v0x5aa842b69560_0 .net "load", 0 0, o0x7034020da948;  0 drivers
v0x5aa842b69620 .array "mem", 63 0, 15 0;
v0x5aa842b69770_0 .net "out", 15 0, L_0x5aa842b7bb20;  1 drivers
E_0x5aa842b015e0 .event posedge, v0x5aa842b692e0_0;
L_0x5aa842b7b8e0 .array/port v0x5aa842b69620, L_0x5aa842b7b9b0;
L_0x5aa842b7b9b0 .concat [ 6 2 0 0], o0x7034020da888, L_0x7034020910f0;
S_0x5aa842b48860 .scope module, "RAM8" "RAM8" 7 3;
 .timescale -9 -12;
    .port_info 0 /INPUT 1 "clk";
    .port_info 1 /INPUT 1 "load";
    .port_info 2 /INPUT 3 "address";
    .port_info 3 /INPUT 16 "in";
    .port_info 4 /OUTPUT 16 "out";
P_0x5aa842b445d0 .param/l "DEPTH" 1 7 10, +C4<00000000000000000000000000001000>;
L_0x5aa842b7be70 .functor BUFZ 16, L_0x5aa842b7bbe0, C4<0000000000000000>, C4<0000000000000000>, C4<0000000000000000>;
v0x5aa842b69930_0 .net *"_ivl_0", 15 0, L_0x5aa842b7bbe0;  1 drivers
v0x5aa842b69a30_0 .net *"_ivl_2", 4 0, L_0x5aa842b7bcb0;  1 drivers
L_0x703402091138 .functor BUFT 1, C4<00>, C4<0>, C4<0>, C4<0>;
v0x5aa842b69b10_0 .net *"_ivl_5", 1 0, L_0x703402091138;  1 drivers
o0x7034020dab28 .functor BUFZ 3, C4<zzz>; HiZ drive
v0x5aa842b69bd0_0 .net "address", 2 0, o0x7034020dab28;  0 drivers
o0x7034020dab58 .functor BUFZ 1, C4<z>; HiZ drive
v0x5aa842b69cb0_0 .net "clk", 0 0, o0x7034020dab58;  0 drivers
v0x5aa842b69d70_0 .var/i "idx", 31 0;
o0x7034020dabb8 .functor BUFZ 16, C4<zzzzzzzzzzzzzzzz>; HiZ drive
v0x5aa842b69e50_0 .net "in", 15 0, o0x7034020dabb8;  0 drivers
o0x7034020dabe8 .functor BUFZ 1, C4<z>; HiZ drive
v0x5aa842b69f30_0 .net "load", 0 0, o0x7034020dabe8;  0 drivers
v0x5aa842b69ff0 .array "mem", 7 0, 15 0;
v0x5aa842b6a140_0 .net "out", 15 0, L_0x5aa842b7be70;  1 drivers
E_0x5aa842b01770 .event posedge, v0x5aa842b69cb0_0;
L_0x5aa842b7bbe0 .array/port v0x5aa842b69ff0, L_0x5aa842b7bcb0;
L_0x5aa842b7bcb0 .concat [ 3 2 0 0], o0x7034020dab28, L_0x703402091138;
S_0x5aa842b39c90 .scope module, "Register" "Register" 8 3;
 .timescale -9 -12;
    .port_info 0 /INPUT 1 "clk";
    .port_info 1 /INPUT 1 "load";
    .port_info 2 /INPUT 16 "in";
    .port_info 3 /OUTPUT 16 "out";
L_0x5aa842b7f740 .functor BUFZ 16, L_0x5aa842b7f1a0, C4<0000000000000000>, C4<0000000000000000>, C4<0000000000000000>;
v0x5aa842b79880_0 .net "bit_out", 15 0, L_0x5aa842b7f1a0;  1 drivers
o0x7034020dad38 .functor BUFZ 1, C4<z>; HiZ drive
v0x5aa842b79980_0 .net "clk", 0 0, o0x7034020dad38;  0 drivers
o0x7034020dcec8 .functor BUFZ 16, C4<zzzzzzzzzzzzzzzz>; HiZ drive
v0x5aa842b79a40_0 .net "in", 15 0, o0x7034020dcec8;  0 drivers
o0x7034020dae88 .functor BUFZ 1, C4<z>; HiZ drive
v0x5aa842b79ae0_0 .net "load", 0 0, o0x7034020dae88;  0 drivers
v0x5aa842b79b80_0 .net "out", 15 0, L_0x5aa842b7f740;  1 drivers
L_0x5aa842b7c0e0 .part o0x7034020dcec8, 0, 1;
L_0x5aa842b7c380 .part o0x7034020dcec8, 1, 1;
L_0x5aa842b7c670 .part o0x7034020dcec8, 2, 1;
L_0x5aa842b7c910 .part o0x7034020dcec8, 3, 1;
L_0x5aa842b7cb90 .part o0x7034020dcec8, 4, 1;
L_0x5aa842b7ce50 .part o0x7034020dcec8, 5, 1;
L_0x5aa842b7d170 .part o0x7034020dcec8, 6, 1;
L_0x5aa842b7d450 .part o0x7034020dcec8, 7, 1;
L_0x5aa842b7d780 .part o0x7034020dcec8, 8, 1;
L_0x5aa842b7da60 .part o0x7034020dcec8, 9, 1;
L_0x5aa842b7dd50 .part o0x7034020dcec8, 10, 1;
L_0x5aa842b7e030 .part o0x7034020dcec8, 11, 1;
L_0x5aa842b7e380 .part o0x7034020dcec8, 12, 1;
L_0x5aa842b7e660 .part o0x7034020dcec8, 13, 1;
L_0x5aa842b7e950 .part o0x7034020dcec8, 14, 1;
L_0x5aa842b7f020 .part o0x7034020dcec8, 15, 1;
LS_0x5aa842b7f1a0_0_0 .concat8 [ 1 1 1 1], L_0x5aa842b7c070, L_0x5aa842b7c310, L_0x5aa842b7c600, L_0x5aa842b7c8a0;
LS_0x5aa842b7f1a0_0_4 .concat8 [ 1 1 1 1], L_0x5aa842b7cb20, L_0x5aa842b7cde0, L_0x5aa842b7d100, L_0x5aa842b7d3e0;
LS_0x5aa842b7f1a0_0_8 .concat8 [ 1 1 1 1], L_0x5aa842b7d710, L_0x5aa842b7d9f0, L_0x5aa842b7dce0, L_0x5aa842b7dfc0;
LS_0x5aa842b7f1a0_0_12 .concat8 [ 1 1 1 1], L_0x5aa842b7e310, L_0x5aa842b7e5f0, L_0x5aa842b7e120, L_0x5aa842b7efb0;
L_0x5aa842b7f1a0 .concat8 [ 4 4 4 4], LS_0x5aa842b7f1a0_0_0, LS_0x5aa842b7f1a0_0_4, LS_0x5aa842b7f1a0_0_8, LS_0x5aa842b7f1a0_0_12;
S_0x5aa842b4b340 .scope generate, "gen_bits[0]" "gen_bits[0]" 8 13, 8 13 0, S_0x5aa842b39c90;
 .timescale -9 -12;
P_0x5aa842b6a300 .param/l "i" 1 8 13, +C4<00>;
S_0x5aa842b6a3e0 .scope module, "bit_cell" "Bit" 8 14, 9 3 0, S_0x5aa842b4b340;
 .timescale -9 -12;
    .port_info 0 /INPUT 1 "clk";
    .port_info 1 /INPUT 1 "load";
    .port_info 2 /INPUT 1 "in";
    .port_info 3 /OUTPUT 1 "out";
L_0x5aa842b7c070 .functor BUFZ 1, v0x5aa842b6aa10_0, C4<0>, C4<0>, C4<0>;
v0x5aa842b6ab30_0 .net "clk", 0 0, o0x7034020dad38;  alias, 0 drivers
v0x5aa842b6ac00_0 .net "in", 0 0, L_0x5aa842b7c0e0;  1 drivers
v0x5aa842b6aca0_0 .net "load", 0 0, o0x7034020dae88;  alias, 0 drivers
v0x5aa842b6ad70_0 .net "next_value", 0 0, L_0x5aa842b7bf30;  1 drivers
v0x5aa842b6ae40_0 .net "out", 0 0, L_0x5aa842b7c070;  1 drivers
v0x5aa842b6af30_0 .net "stored", 0 0, v0x5aa842b6aa10_0;  1 drivers
L_0x5aa842b7bf30 .functor MUXZ 1, v0x5aa842b6aa10_0, L_0x5aa842b7c0e0, o0x7034020dae88, C4<>;
S_0x5aa842b6a5c0 .scope module, "storage" "DFF" 9 12, 10 3 0, S_0x5aa842b6a3e0;
 .timescale -9 -12;
    .port_info 0 /INPUT 1 "clk";
    .port_info 1 /INPUT 1 "d";
    .port_info 2 /OUTPUT 1 "q";
v0x5aa842b6a870_0 .net "clk", 0 0, o0x7034020dad38;  alias, 0 drivers
v0x5aa842b6a950_0 .net "d", 0 0, L_0x5aa842b7bf30;  alias, 1 drivers
v0x5aa842b6aa10_0 .var "q", 0 0;
E_0x5aa842ae4840 .event posedge, v0x5aa842b6a870_0;
S_0x5aa842b6b060 .scope generate, "gen_bits[1]" "gen_bits[1]" 8 13, 8 13 0, S_0x5aa842b39c90;
 .timescale -9 -12;
P_0x5aa842b6b280 .param/l "i" 1 8 13, +C4<01>;
S_0x5aa842b6b340 .scope module, "bit_cell" "Bit" 8 14, 9 3 0, S_0x5aa842b6b060;
 .timescale -9 -12;
    .port_info 0 /INPUT 1 "clk";
    .port_info 1 /INPUT 1 "load";
    .port_info 2 /INPUT 1 "in";
    .port_info 3 /OUTPUT 1 "out";
L_0x5aa842b7c310 .functor BUFZ 1, v0x5aa842b6b960_0, C4<0>, C4<0>, C4<0>;
v0x5aa842b6ba80_0 .net "clk", 0 0, o0x7034020dad38;  alias, 0 drivers
v0x5aa842b6bb20_0 .net "in", 0 0, L_0x5aa842b7c380;  1 drivers
v0x5aa842b6bbe0_0 .net "load", 0 0, o0x7034020dae88;  alias, 0 drivers
v0x5aa842b6bce0_0 .net "next_value", 0 0, L_0x5aa842b7c1d0;  1 drivers
v0x5aa842b6bdb0_0 .net "out", 0 0, L_0x5aa842b7c310;  1 drivers
v0x5aa842b6bea0_0 .net "stored", 0 0, v0x5aa842b6b960_0;  1 drivers
L_0x5aa842b7c1d0 .functor MUXZ 1, v0x5aa842b6b960_0, L_0x5aa842b7c380, o0x7034020dae88, C4<>;
S_0x5aa842b6b520 .scope module, "storage" "DFF" 9 12, 10 3 0, S_0x5aa842b6b340;
 .timescale -9 -12;
    .port_info 0 /INPUT 1 "clk";
    .port_info 1 /INPUT 1 "d";
    .port_info 2 /OUTPUT 1 "q";
v0x5aa842b6b790_0 .net "clk", 0 0, o0x7034020dad38;  alias, 0 drivers
v0x5aa842b6b8a0_0 .net "d", 0 0, L_0x5aa842b7c1d0;  alias, 1 drivers
v0x5aa842b6b960_0 .var "q", 0 0;
S_0x5aa842b6bf90 .scope generate, "gen_bits[2]" "gen_bits[2]" 8 13, 8 13 0, S_0x5aa842b39c90;
 .timescale -9 -12;
P_0x5aa842b6c190 .param/l "i" 1 8 13, +C4<010>;
S_0x5aa842b6c250 .scope module, "bit_cell" "Bit" 8 14, 9 3 0, S_0x5aa842b6bf90;
 .timescale -9 -12;
    .port_info 0 /INPUT 1 "clk";
    .port_info 1 /INPUT 1 "load";
    .port_info 2 /INPUT 1 "in";
    .port_info 3 /OUTPUT 1 "out";
L_0x5aa842b7c600 .functor BUFZ 1, v0x5aa842b6c8e0_0, C4<0>, C4<0>, C4<0>;
v0x5aa842b6ca30_0 .net "clk", 0 0, o0x7034020dad38;  alias, 0 drivers
v0x5aa842b6cad0_0 .net "in", 0 0, L_0x5aa842b7c670;  1 drivers
v0x5aa842b6cb90_0 .net "load", 0 0, o0x7034020dae88;  alias, 0 drivers
v0x5aa842b6cc60_0 .net "next_value", 0 0, L_0x5aa842b7c4c0;  1 drivers
v0x5aa842b6cd00_0 .net "out", 0 0, L_0x5aa842b7c600;  1 drivers
v0x5aa842b6cdf0_0 .net "stored", 0 0, v0x5aa842b6c8e0_0;  1 drivers
L_0x5aa842b7c4c0 .functor MUXZ 1, v0x5aa842b6c8e0_0, L_0x5aa842b7c670, o0x7034020dae88, C4<>;
S_0x5aa842b6c460 .scope module, "storage" "DFF" 9 12, 10 3 0, S_0x5aa842b6c250;
 .timescale -9 -12;
    .port_info 0 /INPUT 1 "clk";
    .port_info 1 /INPUT 1 "d";
    .port_info 2 /OUTPUT 1 "q";
v0x5aa842b6c6d0_0 .net "clk", 0 0, o0x7034020dad38;  alias, 0 drivers
v0x5aa842b6c820_0 .net "d", 0 0, L_0x5aa842b7c4c0;  alias, 1 drivers
v0x5aa842b6c8e0_0 .var "q", 0 0;
S_0x5aa842b6cf00 .scope generate, "gen_bits[3]" "gen_bits[3]" 8 13, 8 13 0, S_0x5aa842b39c90;
 .timescale -9 -12;
P_0x5aa842b6d100 .param/l "i" 1 8 13, +C4<011>;
S_0x5aa842b6d1e0 .scope module, "bit_cell" "Bit" 8 14, 9 3 0, S_0x5aa842b6cf00;
 .timescale -9 -12;
    .port_info 0 /INPUT 1 "clk";
    .port_info 1 /INPUT 1 "load";
    .port_info 2 /INPUT 1 "in";
    .port_info 3 /OUTPUT 1 "out";
L_0x5aa842b7c8a0 .functor BUFZ 1, v0x5aa842b6d7b0_0, C4<0>, C4<0>, C4<0>;
v0x5aa842b6d900_0 .net "clk", 0 0, o0x7034020dad38;  alias, 0 drivers
v0x5aa842b6d9a0_0 .net "in", 0 0, L_0x5aa842b7c910;  1 drivers
v0x5aa842b6da60_0 .net "load", 0 0, o0x7034020dae88;  alias, 0 drivers
v0x5aa842b6db30_0 .net "next_value", 0 0, L_0x5aa842b7c760;  1 drivers
v0x5aa842b6dc00_0 .net "out", 0 0, L_0x5aa842b7c8a0;  1 drivers
v0x5aa842b6dcf0_0 .net "stored", 0 0, v0x5aa842b6d7b0_0;  1 drivers
L_0x5aa842b7c760 .functor MUXZ 1, v0x5aa842b6d7b0_0, L_0x5aa842b7c910, o0x7034020dae88, C4<>;
S_0x5aa842b6d3c0 .scope module, "storage" "DFF" 9 12, 10 3 0, S_0x5aa842b6d1e0;
 .timescale -9 -12;
    .port_info 0 /INPUT 1 "clk";
    .port_info 1 /INPUT 1 "d";
    .port_info 2 /OUTPUT 1 "q";
v0x5aa842b6d630_0 .net "clk", 0 0, o0x7034020dad38;  alias, 0 drivers
v0x5aa842b6d6f0_0 .net "d", 0 0, L_0x5aa842b7c760;  alias, 1 drivers
v0x5aa842b6d7b0_0 .var "q", 0 0;
S_0x5aa842b6de00 .scope generate, "gen_bits[4]" "gen_bits[4]" 8 13, 8 13 0, S_0x5aa842b39c90;
 .timescale -9 -12;
P_0x5aa842b6e050 .param/l "i" 1 8 13, +C4<0100>;
S_0x5aa842b6e130 .scope module, "bit_cell" "Bit" 8 14, 9 3 0, S_0x5aa842b6de00;
 .timescale -9 -12;
    .port_info 0 /INPUT 1 "clk";
    .port_info 1 /INPUT 1 "load";
    .port_info 2 /INPUT 1 "in";
    .port_info 3 /OUTPUT 1 "out";
L_0x5aa842b7cb20 .functor BUFZ 1, v0x5aa842b6e700_0, C4<0>, C4<0>, C4<0>;
v0x5aa842b6e820_0 .net "clk", 0 0, o0x7034020dad38;  alias, 0 drivers
v0x5aa842b6e8c0_0 .net "in", 0 0, L_0x5aa842b7cb90;  1 drivers
v0x5aa842b6e980_0 .net "load", 0 0, o0x7034020dae88;  alias, 0 drivers
v0x5aa842b6ea50_0 .net "next_value", 0 0, L_0x5aa842b7ca30;  1 drivers
v0x5aa842b6eb20_0 .net "out", 0 0, L_0x5aa842b7cb20;  1 drivers
v0x5aa842b6ebc0_0 .net "stored", 0 0, v0x5aa842b6e700_0;  1 drivers
L_0x5aa842b7ca30 .functor MUXZ 1, v0x5aa842b6e700_0, L_0x5aa842b7cb90, o0x7034020dae88, C4<>;
S_0x5aa842b6e310 .scope module, "storage" "DFF" 9 12, 10 3 0, S_0x5aa842b6e130;
 .timescale -9 -12;
    .port_info 0 /INPUT 1 "clk";
    .port_info 1 /INPUT 1 "d";
    .port_info 2 /OUTPUT 1 "q";
v0x5aa842b6e580_0 .net "clk", 0 0, o0x7034020dad38;  alias, 0 drivers
v0x5aa842b6e640_0 .net "d", 0 0, L_0x5aa842b7ca30;  alias, 1 drivers
v0x5aa842b6e700_0 .var "q", 0 0;
S_0x5aa842b6ecd0 .scope generate, "gen_bits[5]" "gen_bits[5]" 8 13, 8 13 0, S_0x5aa842b39c90;
 .timescale -9 -12;
P_0x5aa842b6eed0 .param/l "i" 1 8 13, +C4<0101>;
S_0x5aa842b6efb0 .scope module, "bit_cell" "Bit" 8 14, 9 3 0, S_0x5aa842b6ecd0;
 .timescale -9 -12;
    .port_info 0 /INPUT 1 "clk";
    .port_info 1 /INPUT 1 "load";
    .port_info 2 /INPUT 1 "in";
    .port_info 3 /OUTPUT 1 "out";
L_0x5aa842b7cde0 .functor BUFZ 1, v0x5aa842b6f580_0, C4<0>, C4<0>, C4<0>;
v0x5aa842b6f6d0_0 .net "clk", 0 0, o0x7034020dad38;  alias, 0 drivers
v0x5aa842b6f770_0 .net "in", 0 0, L_0x5aa842b7ce50;  1 drivers
v0x5aa842b6f830_0 .net "load", 0 0, o0x7034020dae88;  alias, 0 drivers
v0x5aa842b6f900_0 .net "next_value", 0 0, L_0x5aa842b7cc80;  1 drivers
v0x5aa842b6f9d0_0 .net "out", 0 0, L_0x5aa842b7cde0;  1 drivers
v0x5aa842b6fac0_0 .net "stored", 0 0, v0x5aa842b6f580_0;  1 drivers
L_0x5aa842b7cc80 .functor MUXZ 1, v0x5aa842b6f580_0, L_0x5aa842b7ce50, o0x7034020dae88, C4<>;
S_0x5aa842b6f190 .scope module, "storage" "DFF" 9 12, 10 3 0, S_0x5aa842b6efb0;
 .timescale -9 -12;
    .port_info 0 /INPUT 1 "clk";
    .port_info 1 /INPUT 1 "d";
    .port_info 2 /OUTPUT 1 "q";
v0x5aa842b6f400_0 .net "clk", 0 0, o0x7034020dad38;  alias, 0 drivers
v0x5aa842b6f4c0_0 .net "d", 0 0, L_0x5aa842b7cc80;  alias, 1 drivers
v0x5aa842b6f580_0 .var "q", 0 0;
S_0x5aa842b6fbd0 .scope generate, "gen_bits[6]" "gen_bits[6]" 8 13, 8 13 0, S_0x5aa842b39c90;
 .timescale -9 -12;
P_0x5aa842b6fdd0 .param/l "i" 1 8 13, +C4<0110>;
S_0x5aa842b6feb0 .scope module, "bit_cell" "Bit" 8 14, 9 3 0, S_0x5aa842b6fbd0;
 .timescale -9 -12;
    .port_info 0 /INPUT 1 "clk";
    .port_info 1 /INPUT 1 "load";
    .port_info 2 /INPUT 1 "in";
    .port_info 3 /OUTPUT 1 "out";
L_0x5aa842b7d100 .functor BUFZ 1, v0x5aa842b704f0_0, C4<0>, C4<0>, C4<0>;
v0x5aa842b70640_0 .net "clk", 0 0, o0x7034020dad38;  alias, 0 drivers
v0x5aa842b706e0_0 .net "in", 0 0, L_0x5aa842b7d170;  1 drivers
v0x5aa842b707a0_0 .net "load", 0 0, o0x7034020dae88;  alias, 0 drivers
v0x5aa842b70870_0 .net "next_value", 0 0, L_0x5aa842b7cf80;  1 drivers
v0x5aa842b70940_0 .net "out", 0 0, L_0x5aa842b7d100;  1 drivers
v0x5aa842b70a30_0 .net "stored", 0 0, v0x5aa842b704f0_0;  1 drivers
L_0x5aa842b7cf80 .functor MUXZ 1, v0x5aa842b704f0_0, L_0x5aa842b7d170, o0x7034020dae88, C4<>;
S_0x5aa842b70100 .scope module, "storage" "DFF" 9 12, 10 3 0, S_0x5aa842b6feb0;
 .timescale -9 -12;
    .port_info 0 /INPUT 1 "clk";
    .port_info 1 /INPUT 1 "d";
    .port_info 2 /OUTPUT 1 "q";
v0x5aa842b70370_0 .net "clk", 0 0, o0x7034020dad38;  alias, 0 drivers
v0x5aa842b70430_0 .net "d", 0 0, L_0x5aa842b7cf80;  alias, 1 drivers
v0x5aa842b704f0_0 .var "q", 0 0;
S_0x5aa842b70b40 .scope generate, "gen_bits[7]" "gen_bits[7]" 8 13, 8 13 0, S_0x5aa842b39c90;
 .timescale -9 -12;
P_0x5aa842b70d40 .param/l "i" 1 8 13, +C4<0111>;
S_0x5aa842b70e20 .scope module, "bit_cell" "Bit" 8 14, 9 3 0, S_0x5aa842b70b40;
 .timescale -9 -12;
    .port_info 0 /INPUT 1 "clk";
    .port_info 1 /INPUT 1 "load";
    .port_info 2 /INPUT 1 "in";
    .port_info 3 /OUTPUT 1 "out";
L_0x5aa842b7d3e0 .functor BUFZ 1, v0x5aa842b71460_0, C4<0>, C4<0>, C4<0>;
v0x5aa842b715b0_0 .net "clk", 0 0, o0x7034020dad38;  alias, 0 drivers
v0x5aa842b71650_0 .net "in", 0 0, L_0x5aa842b7d450;  1 drivers
v0x5aa842b71710_0 .net "load", 0 0, o0x7034020dae88;  alias, 0 drivers
v0x5aa842b717e0_0 .net "next_value", 0 0, L_0x5aa842b7d260;  1 drivers
v0x5aa842b718b0_0 .net "out", 0 0, L_0x5aa842b7d3e0;  1 drivers
v0x5aa842b719a0_0 .net "stored", 0 0, v0x5aa842b71460_0;  1 drivers
L_0x5aa842b7d260 .functor MUXZ 1, v0x5aa842b71460_0, L_0x5aa842b7d450, o0x7034020dae88, C4<>;
S_0x5aa842b71070 .scope module, "storage" "DFF" 9 12, 10 3 0, S_0x5aa842b70e20;
 .timescale -9 -12;
    .port_info 0 /INPUT 1 "clk";
    .port_info 1 /INPUT 1 "d";
    .port_info 2 /OUTPUT 1 "q";
v0x5aa842b712e0_0 .net "clk", 0 0, o0x7034020dad38;  alias, 0 drivers
v0x5aa842b713a0_0 .net "d", 0 0, L_0x5aa842b7d260;  alias, 1 drivers
v0x5aa842b71460_0 .var "q", 0 0;
S_0x5aa842b71ab0 .scope generate, "gen_bits[8]" "gen_bits[8]" 8 13, 8 13 0, S_0x5aa842b39c90;
 .timescale -9 -12;
P_0x5aa842b6e000 .param/l "i" 1 8 13, +C4<01000>;
S_0x5aa842b71dd0 .scope module, "bit_cell" "Bit" 8 14, 9 3 0, S_0x5aa842b71ab0;
 .timescale -9 -12;
    .port_info 0 /INPUT 1 "clk";
    .port_info 1 /INPUT 1 "load";
    .port_info 2 /INPUT 1 "in";
    .port_info 3 /OUTPUT 1 "out";
L_0x5aa842b7d710 .functor BUFZ 1, v0x5aa842b72620_0, C4<0>, C4<0>, C4<0>;
v0x5aa842b72770_0 .net "clk", 0 0, o0x7034020dad38;  alias, 0 drivers
v0x5aa842b72810_0 .net "in", 0 0, L_0x5aa842b7d780;  1 drivers
v0x5aa842b728d0_0 .net "load", 0 0, o0x7034020dae88;  alias, 0 drivers
v0x5aa842b729a0_0 .net "next_value", 0 0, L_0x5aa842b7d590;  1 drivers
v0x5aa842b72a70_0 .net "out", 0 0, L_0x5aa842b7d710;  1 drivers
v0x5aa842b72b60_0 .net "stored", 0 0, v0x5aa842b72620_0;  1 drivers
L_0x5aa842b7d590 .functor MUXZ 1, v0x5aa842b72620_0, L_0x5aa842b7d780, o0x7034020dae88, C4<>;
S_0x5aa842b72020 .scope module, "storage" "DFF" 9 12, 10 3 0, S_0x5aa842b71dd0;
 .timescale -9 -12;
    .port_info 0 /INPUT 1 "clk";
    .port_info 1 /INPUT 1 "d";
    .port_info 2 /OUTPUT 1 "q";
v0x5aa842b72290_0 .net "clk", 0 0, o0x7034020dad38;  alias, 0 drivers
v0x5aa842b72560_0 .net "d", 0 0, L_0x5aa842b7d590;  alias, 1 drivers
v0x5aa842b72620_0 .var "q", 0 0;
S_0x5aa842b72c70 .scope generate, "gen_bits[9]" "gen_bits[9]" 8 13, 8 13 0, S_0x5aa842b39c90;
 .timescale -9 -12;
P_0x5aa842b72e70 .param/l "i" 1 8 13, +C4<01001>;
S_0x5aa842b72f50 .scope module, "bit_cell" "Bit" 8 14, 9 3 0, S_0x5aa842b72c70;
 .timescale -9 -12;
    .port_info 0 /INPUT 1 "clk";
    .port_info 1 /INPUT 1 "load";
    .port_info 2 /INPUT 1 "in";
    .port_info 3 /OUTPUT 1 "out";
L_0x5aa842b7d9f0 .functor BUFZ 1, v0x5aa842b73590_0, C4<0>, C4<0>, C4<0>;
v0x5aa842b736e0_0 .net "clk", 0 0, o0x7034020dad38;  alias, 0 drivers
v0x5aa842b73780_0 .net "in", 0 0, L_0x5aa842b7da60;  1 drivers
v0x5aa842b73840_0 .net "load", 0 0, o0x7034020dae88;  alias, 0 drivers
v0x5aa842b73910_0 .net "next_value", 0 0, L_0x5aa842b7d870;  1 drivers
v0x5aa842b739e0_0 .net "out", 0 0, L_0x5aa842b7d9f0;  1 drivers
v0x5aa842b73ad0_0 .net "stored", 0 0, v0x5aa842b73590_0;  1 drivers
L_0x5aa842b7d870 .functor MUXZ 1, v0x5aa842b73590_0, L_0x5aa842b7da60, o0x7034020dae88, C4<>;
S_0x5aa842b731a0 .scope module, "storage" "DFF" 9 12, 10 3 0, S_0x5aa842b72f50;
 .timescale -9 -12;
    .port_info 0 /INPUT 1 "clk";
    .port_info 1 /INPUT 1 "d";
    .port_info 2 /OUTPUT 1 "q";
v0x5aa842b73410_0 .net "clk", 0 0, o0x7034020dad38;  alias, 0 drivers
v0x5aa842b734d0_0 .net "d", 0 0, L_0x5aa842b7d870;  alias, 1 drivers
v0x5aa842b73590_0 .var "q", 0 0;
S_0x5aa842b73be0 .scope generate, "gen_bits[10]" "gen_bits[10]" 8 13, 8 13 0, S_0x5aa842b39c90;
 .timescale -9 -12;
P_0x5aa842b73de0 .param/l "i" 1 8 13, +C4<01010>;
S_0x5aa842b73ec0 .scope module, "bit_cell" "Bit" 8 14, 9 3 0, S_0x5aa842b73be0;
 .timescale -9 -12;
    .port_info 0 /INPUT 1 "clk";
    .port_info 1 /INPUT 1 "load";
    .port_info 2 /INPUT 1 "in";
    .port_info 3 /OUTPUT 1 "out";
L_0x5aa842b7dce0 .functor BUFZ 1, v0x5aa842b74500_0, C4<0>, C4<0>, C4<0>;
v0x5aa842b74650_0 .net "clk", 0 0, o0x7034020dad38;  alias, 0 drivers
v0x5aa842b746f0_0 .net "in", 0 0, L_0x5aa842b7dd50;  1 drivers
v0x5aa842b747b0_0 .net "load", 0 0, o0x7034020dae88;  alias, 0 drivers
v0x5aa842b74880_0 .net "next_value", 0 0, L_0x5aa842b7dbb0;  1 drivers
v0x5aa842b74950_0 .net "out", 0 0, L_0x5aa842b7dce0;  1 drivers
v0x5aa842b74a40_0 .net "stored", 0 0, v0x5aa842b74500_0;  1 drivers
L_0x5aa842b7dbb0 .functor MUXZ 1, v0x5aa842b74500_0, L_0x5aa842b7dd50, o0x7034020dae88, C4<>;
S_0x5aa842b74110 .scope module, "storage" "DFF" 9 12, 10 3 0, S_0x5aa842b73ec0;
 .timescale -9 -12;
    .port_info 0 /INPUT 1 "clk";
    .port_info 1 /INPUT 1 "d";
    .port_info 2 /OUTPUT 1 "q";
v0x5aa842b74380_0 .net "clk", 0 0, o0x7034020dad38;  alias, 0 drivers
v0x5aa842b74440_0 .net "d", 0 0, L_0x5aa842b7dbb0;  alias, 1 drivers
v0x5aa842b74500_0 .var "q", 0 0;
S_0x5aa842b74b50 .scope generate, "gen_bits[11]" "gen_bits[11]" 8 13, 8 13 0, S_0x5aa842b39c90;
 .timescale -9 -12;
P_0x5aa842b74d50 .param/l "i" 1 8 13, +C4<01011>;
S_0x5aa842b74e30 .scope module, "bit_cell" "Bit" 8 14, 9 3 0, S_0x5aa842b74b50;
 .timescale -9 -12;
    .port_info 0 /INPUT 1 "clk";
    .port_info 1 /INPUT 1 "load";
    .port_info 2 /INPUT 1 "in";
    .port_info 3 /OUTPUT 1 "out";
L_0x5aa842b7dfc0 .functor BUFZ 1, v0x5aa842b75470_0, C4<0>, C4<0>, C4<0>;
v0x5aa842b755c0_0 .net "clk", 0 0, o0x7034020dad38;  alias, 0 drivers
v0x5aa842b75660_0 .net "in", 0 0, L_0x5aa842b7e030;  1 drivers
v0x5aa842b75720_0 .net "load", 0 0, o0x7034020dae88;  alias, 0 drivers
v0x5aa842b757f0_0 .net "next_value", 0 0, L_0x5aa842b7de40;  1 drivers
v0x5aa842b758c0_0 .net "out", 0 0, L_0x5aa842b7dfc0;  1 drivers
v0x5aa842b759b0_0 .net "stored", 0 0, v0x5aa842b75470_0;  1 drivers
L_0x5aa842b7de40 .functor MUXZ 1, v0x5aa842b75470_0, L_0x5aa842b7e030, o0x7034020dae88, C4<>;
S_0x5aa842b75080 .scope module, "storage" "DFF" 9 12, 10 3 0, S_0x5aa842b74e30;
 .timescale -9 -12;
    .port_info 0 /INPUT 1 "clk";
    .port_info 1 /INPUT 1 "d";
    .port_info 2 /OUTPUT 1 "q";
v0x5aa842b752f0_0 .net "clk", 0 0, o0x7034020dad38;  alias, 0 drivers
v0x5aa842b753b0_0 .net "d", 0 0, L_0x5aa842b7de40;  alias, 1 drivers
v0x5aa842b75470_0 .var "q", 0 0;
S_0x5aa842b75ac0 .scope generate, "gen_bits[12]" "gen_bits[12]" 8 13, 8 13 0, S_0x5aa842b39c90;
 .timescale -9 -12;
P_0x5aa842b75cc0 .param/l "i" 1 8 13, +C4<01100>;
S_0x5aa842b75da0 .scope module, "bit_cell" "Bit" 8 14, 9 3 0, S_0x5aa842b75ac0;
 .timescale -9 -12;
    .port_info 0 /INPUT 1 "clk";
    .port_info 1 /INPUT 1 "load";
    .port_info 2 /INPUT 1 "in";
    .port_info 3 /OUTPUT 1 "out";
L_0x5aa842b7e310 .functor BUFZ 1, v0x5aa842b763e0_0, C4<0>, C4<0>, C4<0>;
v0x5aa842b76530_0 .net "clk", 0 0, o0x7034020dad38;  alias, 0 drivers
v0x5aa842b765d0_0 .net "in", 0 0, L_0x5aa842b7e380;  1 drivers
v0x5aa842b76690_0 .net "load", 0 0, o0x7034020dae88;  alias, 0 drivers
v0x5aa842b76760_0 .net "next_value", 0 0, L_0x5aa842b7e190;  1 drivers
v0x5aa842b76830_0 .net "out", 0 0, L_0x5aa842b7e310;  1 drivers
v0x5aa842b76920_0 .net "stored", 0 0, v0x5aa842b763e0_0;  1 drivers
L_0x5aa842b7e190 .functor MUXZ 1, v0x5aa842b763e0_0, L_0x5aa842b7e380, o0x7034020dae88, C4<>;
S_0x5aa842b75ff0 .scope module, "storage" "DFF" 9 12, 10 3 0, S_0x5aa842b75da0;
 .timescale -9 -12;
    .port_info 0 /INPUT 1 "clk";
    .port_info 1 /INPUT 1 "d";
    .port_info 2 /OUTPUT 1 "q";
v0x5aa842b76260_0 .net "clk", 0 0, o0x7034020dad38;  alias, 0 drivers
v0x5aa842b76320_0 .net "d", 0 0, L_0x5aa842b7e190;  alias, 1 drivers
v0x5aa842b763e0_0 .var "q", 0 0;
S_0x5aa842b76a30 .scope generate, "gen_bits[13]" "gen_bits[13]" 8 13, 8 13 0, S_0x5aa842b39c90;
 .timescale -9 -12;
P_0x5aa842b76c30 .param/l "i" 1 8 13, +C4<01101>;
S_0x5aa842b76d10 .scope module, "bit_cell" "Bit" 8 14, 9 3 0, S_0x5aa842b76a30;
 .timescale -9 -12;
    .port_info 0 /INPUT 1 "clk";
    .port_info 1 /INPUT 1 "load";
    .port_info 2 /INPUT 1 "in";
    .port_info 3 /OUTPUT 1 "out";
L_0x5aa842b7e5f0 .functor BUFZ 1, v0x5aa842b77350_0, C4<0>, C4<0>, C4<0>;
v0x5aa842b774a0_0 .net "clk", 0 0, o0x7034020dad38;  alias, 0 drivers
v0x5aa842b77540_0 .net "in", 0 0, L_0x5aa842b7e660;  1 drivers
v0x5aa842b77600_0 .net "load", 0 0, o0x7034020dae88;  alias, 0 drivers
v0x5aa842b776d0_0 .net "next_value", 0 0, L_0x5aa842b7e470;  1 drivers
v0x5aa842b777a0_0 .net "out", 0 0, L_0x5aa842b7e5f0;  1 drivers
v0x5aa842b77890_0 .net "stored", 0 0, v0x5aa842b77350_0;  1 drivers
L_0x5aa842b7e470 .functor MUXZ 1, v0x5aa842b77350_0, L_0x5aa842b7e660, o0x7034020dae88, C4<>;
S_0x5aa842b76f60 .scope module, "storage" "DFF" 9 12, 10 3 0, S_0x5aa842b76d10;
 .timescale -9 -12;
    .port_info 0 /INPUT 1 "clk";
    .port_info 1 /INPUT 1 "d";
    .port_info 2 /OUTPUT 1 "q";
v0x5aa842b771d0_0 .net "clk", 0 0, o0x7034020dad38;  alias, 0 drivers
v0x5aa842b77290_0 .net "d", 0 0, L_0x5aa842b7e470;  alias, 1 drivers
v0x5aa842b77350_0 .var "q", 0 0;
S_0x5aa842b779a0 .scope generate, "gen_bits[14]" "gen_bits[14]" 8 13, 8 13 0, S_0x5aa842b39c90;
 .timescale -9 -12;
P_0x5aa842b77ba0 .param/l "i" 1 8 13, +C4<01110>;
S_0x5aa842b77c80 .scope module, "bit_cell" "Bit" 8 14, 9 3 0, S_0x5aa842b779a0;
 .timescale -9 -12;
    .port_info 0 /INPUT 1 "clk";
    .port_info 1 /INPUT 1 "load";
    .port_info 2 /INPUT 1 "in";
    .port_info 3 /OUTPUT 1 "out";
L_0x5aa842b7e120 .functor BUFZ 1, v0x5aa842b782c0_0, C4<0>, C4<0>, C4<0>;
v0x5aa842b78410_0 .net "clk", 0 0, o0x7034020dad38;  alias, 0 drivers
v0x5aa842b784b0_0 .net "in", 0 0, L_0x5aa842b7e950;  1 drivers
v0x5aa842b78570_0 .net "load", 0 0, o0x7034020dae88;  alias, 0 drivers
v0x5aa842b78640_0 .net "next_value", 0 0, L_0x5aa842b7e7d0;  1 drivers
v0x5aa842b78710_0 .net "out", 0 0, L_0x5aa842b7e120;  1 drivers
v0x5aa842b78800_0 .net "stored", 0 0, v0x5aa842b782c0_0;  1 drivers
L_0x5aa842b7e7d0 .functor MUXZ 1, v0x5aa842b782c0_0, L_0x5aa842b7e950, o0x7034020dae88, C4<>;
S_0x5aa842b77ed0 .scope module, "storage" "DFF" 9 12, 10 3 0, S_0x5aa842b77c80;
 .timescale -9 -12;
    .port_info 0 /INPUT 1 "clk";
    .port_info 1 /INPUT 1 "d";
    .port_info 2 /OUTPUT 1 "q";
v0x5aa842b78140_0 .net "clk", 0 0, o0x7034020dad38;  alias, 0 drivers
v0x5aa842b78200_0 .net "d", 0 0, L_0x5aa842b7e7d0;  alias, 1 drivers
v0x5aa842b782c0_0 .var "q", 0 0;
S_0x5aa842b78910 .scope generate, "gen_bits[15]" "gen_bits[15]" 8 13, 8 13 0, S_0x5aa842b39c90;
 .timescale -9 -12;
P_0x5aa842b78b10 .param/l "i" 1 8 13, +C4<01111>;
S_0x5aa842b78bf0 .scope module, "bit_cell" "Bit" 8 14, 9 3 0, S_0x5aa842b78910;
 .timescale -9 -12;
    .port_info 0 /INPUT 1 "clk";
    .port_info 1 /INPUT 1 "load";
    .port_info 2 /INPUT 1 "in";
    .port_info 3 /OUTPUT 1 "out";
L_0x5aa842b7efb0 .functor BUFZ 1, v0x5aa842b79230_0, C4<0>, C4<0>, C4<0>;
v0x5aa842b79380_0 .net "clk", 0 0, o0x7034020dad38;  alias, 0 drivers
v0x5aa842b79420_0 .net "in", 0 0, L_0x5aa842b7f020;  1 drivers
v0x5aa842b794e0_0 .net "load", 0 0, o0x7034020dae88;  alias, 0 drivers
v0x5aa842b795b0_0 .net "next_value", 0 0, L_0x5aa842b7ea40;  1 drivers
v0x5aa842b79680_0 .net "out", 0 0, L_0x5aa842b7efb0;  1 drivers
v0x5aa842b79770_0 .net "stored", 0 0, v0x5aa842b79230_0;  1 drivers
L_0x5aa842b7ea40 .functor MUXZ 1, v0x5aa842b79230_0, L_0x5aa842b7f020, o0x7034020dae88, C4<>;
S_0x5aa842b78e40 .scope module, "storage" "DFF" 9 12, 10 3 0, S_0x5aa842b78bf0;
 .timescale -9 -12;
    .port_info 0 /INPUT 1 "clk";
    .port_info 1 /INPUT 1 "d";
    .port_info 2 /OUTPUT 1 "q";
v0x5aa842b790b0_0 .net "clk", 0 0, o0x7034020dad38;  alias, 0 drivers
v0x5aa842b79170_0 .net "d", 0 0, L_0x5aa842b7ea40;  alias, 1 drivers
v0x5aa842b79230_0 .var "q", 0 0;
S_0x5aa842b49dd0 .scope module, "tb_pc" "tb_pc" 11 3;
 .timescale -9 -12;
v0x5aa842b7aa60_0 .var "clk", 0 0;
v0x5aa842b7ab20_0 .var "in", 15 0;
v0x5aa842b7abf0_0 .var "inc", 0 0;
v0x5aa842b7acf0_0 .var "load", 0 0;
v0x5aa842b7adc0_0 .net "out", 15 0, v0x5aa842b7a770_0;  1 drivers
v0x5aa842b7aeb0_0 .var "reset", 0 0;
S_0x5aa842b79d30 .scope task, "check_output" "check_output" 11 25, 11 25 0, S_0x5aa842b49dd0;
 .timescale -9 -12;
v0x5aa842b79f30_0 .var "expected", 15 0;
v0x5aa842b7a030_0 .var "message", 255 0;
TD_tb_pc.check_output ;
    %delay 1000, 0;
    %load/vec4 v0x5aa842b7adc0_0;
    %load/vec4 v0x5aa842b79f30_0;
    %cmp/ne;
    %jmp/0xz  T_0.0, 6;
    %vpi_call/w 11 28 "$fatal", 32'sb00000000000000000000000000000001, "%s: exp=%h got=%h", v0x5aa842b7a030_0, v0x5aa842b79f30_0, v0x5aa842b7adc0_0 {0 0 0};
T_0.0 ;
    %end;
S_0x5aa842b7a110 .scope module, "dut" "PC" 11 11, 12 3 0, S_0x5aa842b49dd0;
 .timescale -9 -12;
    .port_info 0 /INPUT 1 "clk";
    .port_info 1 /INPUT 1 "reset";
    .port_info 2 /INPUT 1 "load";
    .port_info 3 /INPUT 1 "inc";
    .port_info 4 /INPUT 16 "in";
    .port_info 5 /OUTPUT 16 "out";
v0x5aa842b7a450_0 .net "clk", 0 0, v0x5aa842b7aa60_0;  1 drivers
v0x5aa842b7a530_0 .net "in", 15 0, v0x5aa842b7ab20_0;  1 drivers
v0x5aa842b7a610_0 .net "inc", 0 0, v0x5aa842b7abf0_0;  1 drivers
v0x5aa842b7a6b0_0 .net "load", 0 0, v0x5aa842b7acf0_0;  1 drivers
v0x5aa842b7a770_0 .var "out", 15 0;
v0x5aa842b7a8a0_0 .net "reset", 0 0, v0x5aa842b7aeb0_0;  1 drivers
E_0x5aa842b7a3f0 .event posedge, v0x5aa842b7a450_0;
    .scope S_0x5aa842b4c8b0;
T_1 ;
    %pushi/vec4 0, 0, 32;
    %store/vec4 v0x5aa842b3a950_0, 0, 32;
T_1.0 ;
    %load/vec4 v0x5aa842b3a950_0;
    %cmpi/s 16384, 0, 32;
    %jmp/0xz T_1.1, 5;
    %pushi/vec4 0, 0, 16;
    %ix/getv/s 4, v0x5aa842b3a950_0;
    %store/vec4a v0x5aa842b679d0, 4, 0;
    %load/vec4 v0x5aa842b3a950_0;
    %addi 1, 0, 32;
    %store/vec4 v0x5aa842b3a950_0, 0, 32;
    %jmp T_1.0;
T_1.1 ;
    %end;
    .thread T_1;
    .scope S_0x5aa842b4c8b0;
T_2 ;
    %wait E_0x5aa842b01380;
    %load/vec4 v0x5aa842b67910_0;
    %flag_set/vec4 8;
    %jmp/0xz  T_2.0, 8;
    %load/vec4 v0x5aa842b393e0_0;
    %load/vec4 v0x5aa842b3d430_0;
    %pad/u 16;
    %ix/vec4 3;
    %ix/load 4, 0, 0; Constant delay
    %assign/vec4/a/d v0x5aa842b679d0, 0, 4;
T_2.0 ;
    %jmp T_2;
    .thread T_2;
    .scope S_0x5aa842b45d80;
T_3 ;
    %pushi/vec4 0, 0, 32;
    %store/vec4 v0x5aa842b68090_0, 0, 32;
T_3.0 ;
    %load/vec4 v0x5aa842b68090_0;
    %cmpi/s 4096, 0, 32;
    %jmp/0xz T_3.1, 5;
    %pushi/vec4 0, 0, 16;
    %ix/getv/s 4, v0x5aa842b68090_0;
    %store/vec4a v0x5aa842b68310, 4, 0;
    %load/vec4 v0x5aa842b68090_0;
    %addi 1, 0, 32;
    %store/vec4 v0x5aa842b68090_0, 0, 32;
    %jmp T_3.0;
T_3.1 ;
    %end;
    .thread T_3;
    .scope S_0x5aa842b45d80;
T_4 ;
    %wait E_0x5aa842b01130;
    %load/vec4 v0x5aa842b68250_0;
    %flag_set/vec4 8;
    %jmp/0xz  T_4.0, 8;
    %load/vec4 v0x5aa842b68170_0;
    %load/vec4 v0x5aa842b67ef0_0;
    %pad/u 14;
    %ix/vec4 3;
    %ix/load 4, 0, 0; Constant delay
    %assign/vec4/a/d v0x5aa842b68310, 0, 4;
T_4.0 ;
    %jmp T_4;
    .thread T_4;
    .scope S_0x5aa842b3b200;
T_5 ;
    %pushi/vec4 0, 0, 32;
    %store/vec4 v0x5aa842b689d0_0, 0, 32;
T_5.0 ;
    %load/vec4 v0x5aa842b689d0_0;
    %cmpi/s 512, 0, 32;
    %jmp/0xz T_5.1, 5;
    %pushi/vec4 0, 0, 16;
    %ix/getv/s 4, v0x5aa842b689d0_0;
    %store/vec4a v0x5aa842b68c50, 4, 0;
    %load/vec4 v0x5aa842b689d0_0;
    %addi 1, 0, 32;
    %store/vec4 v0x5aa842b689d0_0, 0, 32;
    %jmp T_5.0;
T_5.1 ;
    %end;
    .thread T_5;
    .scope S_0x5aa842b3b200;
T_6 ;
    %wait E_0x5aa842b01bb0;
    %load/vec4 v0x5aa842b68b90_0;
    %flag_set/vec4 8;
    %jmp/0xz  T_6.0, 8;
    %load/vec4 v0x5aa842b68ab0_0;
    %load/vec4 v0x5aa842b68830_0;
    %pad/u 11;
    %ix/vec4 3;
    %ix/load 4, 0, 0; Constant delay
    %assign/vec4/a/d v0x5aa842b68c50, 0, 4;
T_6.0 ;
    %jmp T_6;
    .thread T_6;
    .scope S_0x5aa842b472f0;
T_7 ;
    %pushi/vec4 0, 0, 32;
    %store/vec4 v0x5aa842b693a0_0, 0, 32;
T_7.0 ;
    %load/vec4 v0x5aa842b693a0_0;
    %cmpi/s 64, 0, 32;
    %jmp/0xz T_7.1, 5;
    %pushi/vec4 0, 0, 16;
    %ix/getv/s 4, v0x5aa842b693a0_0;
    %store/vec4a v0x5aa842b69620, 4, 0;
    %load/vec4 v0x5aa842b693a0_0;
    %addi 1, 0, 32;
    %store/vec4 v0x5aa842b693a0_0, 0, 32;
    %jmp T_7.0;
T_7.1 ;
    %end;
    .thread T_7;
    .scope S_0x5aa842b472f0;
T_8 ;
    %wait E_0x5aa842b015e0;
    %load/vec4 v0x5aa842b69560_0;
    %flag_set/vec4 8;
    %jmp/0xz  T_8.0, 8;
    %load/vec4 v0x5aa842b69480_0;
    %load/vec4 v0x5aa842b69200_0;
    %pad/u 8;
    %ix/vec4 3;
    %ix/load 4, 0, 0; Constant delay
    %assign/vec4/a/d v0x5aa842b69620, 0, 4;
T_8.0 ;
    %jmp T_8;
    .thread T_8;
    .scope S_0x5aa842b48860;
T_9 ;
    %pushi/vec4 0, 0, 32;
    %store/vec4 v0x5aa842b69d70_0, 0, 32;
T_9.0 ;
    %load/vec4 v0x5aa842b69d70_0;
    %cmpi/s 8, 0, 32;
    %jmp/0xz T_9.1, 5;
    %pushi/vec4 0, 0, 16;
    %ix/getv/s 4, v0x5aa842b69d70_0;
    %store/vec4a v0x5aa842b69ff0, 4, 0;
    %load/vec4 v0x5aa842b69d70_0;
    %addi 1, 0, 32;
    %store/vec4 v0x5aa842b69d70_0, 0, 32;
    %jmp T_9.0;
T_9.1 ;
    %end;
    .thread T_9;
    .scope S_0x5aa842b48860;
T_10 ;
    %wait E_0x5aa842b01770;
    %load/vec4 v0x5aa842b69f30_0;
    %flag_set/vec4 8;
    %jmp/0xz  T_10.0, 8;
    %load/vec4 v0x5aa842b69e50_0;
    %load/vec4 v0x5aa842b69bd0_0;
    %pad/u 5;
    %ix/vec4 3;
    %ix/load 4, 0, 0; Constant delay
    %assign/vec4/a/d v0x5aa842b69ff0, 0, 4;
T_10.0 ;
    %jmp T_10;
    .thread T_10;
    .scope S_0x5aa842b6a5c0;
T_11 ;
    %pushi/vec4 0, 0, 1;
    %store/vec4 v0x5aa842b6aa10_0, 0, 1;
    %end;
    .thread T_11;
    .scope S_0x5aa842b6a5c0;
T_12 ;
    %wait E_0x5aa842ae4840;
    %load/vec4 v0x5aa842b6a950_0;
    %assign/vec4 v0x5aa842b6aa10_0, 0;
    %jmp T_12;
    .thread T_12;
    .scope S_0x5aa842b6b520;
T_13 ;
    %pushi/vec4 0, 0, 1;
    %store/vec4 v0x5aa842b6b960_0, 0, 1;
    %end;
    .thread T_13;
    .scope S_0x5aa842b6b520;
T_14 ;
    %wait E_0x5aa842ae4840;
    %load/vec4 v0x5aa842b6b8a0_0;
    %assign/vec4 v0x5aa842b6b960_0, 0;
    %jmp T_14;
    .thread T_14;
    .scope S_0x5aa842b6c460;
T_15 ;
    %pushi/vec4 0, 0, 1;
    %store/vec4 v0x5aa842b6c8e0_0, 0, 1;
    %end;
    .thread T_15;
    .scope S_0x5aa842b6c460;
T_16 ;
    %wait E_0x5aa842ae4840;
    %load/vec4 v0x5aa842b6c820_0;
    %assign/vec4 v0x5aa842b6c8e0_0, 0;
    %jmp T_16;
    .thread T_16;
    .scope S_0x5aa842b6d3c0;
T_17 ;
    %pushi/vec4 0, 0, 1;
    %store/vec4 v0x5aa842b6d7b0_0, 0, 1;
    %end;
    .thread T_17;
    .scope S_0x5aa842b6d3c0;
T_18 ;
    %wait E_0x5aa842ae4840;
    %load/vec4 v0x5aa842b6d6f0_0;
    %assign/vec4 v0x5aa842b6d7b0_0, 0;
    %jmp T_18;
    .thread T_18;
    .scope S_0x5aa842b6e310;
T_19 ;
    %pushi/vec4 0, 0, 1;
    %store/vec4 v0x5aa842b6e700_0, 0, 1;
    %end;
    .thread T_19;
    .scope S_0x5aa842b6e310;
T_20 ;
    %wait E_0x5aa842ae4840;
    %load/vec4 v0x5aa842b6e640_0;
    %assign/vec4 v0x5aa842b6e700_0, 0;
    %jmp T_20;
    .thread T_20;
    .scope S_0x5aa842b6f190;
T_21 ;
    %pushi/vec4 0, 0, 1;
    %store/vec4 v0x5aa842b6f580_0, 0, 1;
    %end;
    .thread T_21;
    .scope S_0x5aa842b6f190;
T_22 ;
    %wait E_0x5aa842ae4840;
    %load/vec4 v0x5aa842b6f4c0_0;
    %assign/vec4 v0x5aa842b6f580_0, 0;
    %jmp T_22;
    .thread T_22;
    .scope S_0x5aa842b70100;
T_23 ;
    %pushi/vec4 0, 0, 1;
    %store/vec4 v0x5aa842b704f0_0, 0, 1;
    %end;
    .thread T_23;
    .scope S_0x5aa842b70100;
T_24 ;
    %wait E_0x5aa842ae4840;
    %load/vec4 v0x5aa842b70430_0;
    %assign/vec4 v0x5aa842b704f0_0, 0;
    %jmp T_24;
    .thread T_24;
    .scope S_0x5aa842b71070;
T_25 ;
    %pushi/vec4 0, 0, 1;
    %store/vec4 v0x5aa842b71460_0, 0, 1;
    %end;
    .thread T_25;
    .scope S_0x5aa842b71070;
T_26 ;
    %wait E_0x5aa842ae4840;
    %load/vec4 v0x5aa842b713a0_0;
    %assign/vec4 v0x5aa842b71460_0, 0;
    %jmp T_26;
    .thread T_26;
    .scope S_0x5aa842b72020;
T_27 ;
    %pushi/vec4 0, 0, 1;
    %store/vec4 v0x5aa842b72620_0, 0, 1;
    %end;
    .thread T_27;
    .scope S_0x5aa842b72020;
T_28 ;
    %wait E_0x5aa842ae4840;
    %load/vec4 v0x5aa842b72560_0;
    %assign/vec4 v0x5aa842b72620_0, 0;
    %jmp T_28;
    .thread T_28;
    .scope S_0x5aa842b731a0;
T_29 ;
    %pushi/vec4 0, 0, 1;
    %store/vec4 v0x5aa842b73590_0, 0, 1;
    %end;
    .thread T_29;
    .scope S_0x5aa842b731a0;
T_30 ;
    %wait E_0x5aa842ae4840;
    %load/vec4 v0x5aa842b734d0_0;
    %assign/vec4 v0x5aa842b73590_0, 0;
    %jmp T_30;
    .thread T_30;
    .scope S_0x5aa842b74110;
T_31 ;
    %pushi/vec4 0, 0, 1;
    %store/vec4 v0x5aa842b74500_0, 0, 1;
    %end;
    .thread T_31;
    .scope S_0x5aa842b74110;
T_32 ;
    %wait E_0x5aa842ae4840;
    %load/vec4 v0x5aa842b74440_0;
    %assign/vec4 v0x5aa842b74500_0, 0;
    %jmp T_32;
    .thread T_32;
    .scope S_0x5aa842b75080;
T_33 ;
    %pushi/vec4 0, 0, 1;
    %store/vec4 v0x5aa842b75470_0, 0, 1;
    %end;
    .thread T_33;
    .scope S_0x5aa842b75080;
T_34 ;
    %wait E_0x5aa842ae4840;
    %load/vec4 v0x5aa842b753b0_0;
    %assign/vec4 v0x5aa842b75470_0, 0;
    %jmp T_34;
    .thread T_34;
    .scope S_0x5aa842b75ff0;
T_35 ;
    %pushi/vec4 0, 0, 1;
    %store/vec4 v0x5aa842b763e0_0, 0, 1;
    %end;
    .thread T_35;
    .scope S_0x5aa842b75ff0;
T_36 ;
    %wait E_0x5aa842ae4840;
    %load/vec4 v0x5aa842b76320_0;
    %assign/vec4 v0x5aa842b763e0_0, 0;
    %jmp T_36;
    .thread T_36;
    .scope S_0x5aa842b76f60;
T_37 ;
    %pushi/vec4 0, 0, 1;
    %store/vec4 v0x5aa842b77350_0, 0, 1;
    %end;
    .thread T_37;
    .scope S_0x5aa842b76f60;
T_38 ;
    %wait E_0x5aa842ae4840;
    %load/vec4 v0x5aa842b77290_0;
    %assign/vec4 v0x5aa842b77350_0, 0;
    %jmp T_38;
    .thread T_38;
    .scope S_0x5aa842b77ed0;
T_39 ;
    %pushi/vec4 0, 0, 1;
    %store/vec4 v0x5aa842b782c0_0, 0, 1;
    %end;
    .thread T_39;
    .scope S_0x5aa842b77ed0;
T_40 ;
    %wait E_0x5aa842ae4840;
    %load/vec4 v0x5aa842b78200_0;
    %assign/vec4 v0x5aa842b782c0_0, 0;
    %jmp T_40;
    .thread T_40;
    .scope S_0x5aa842b78e40;
T_41 ;
    %pushi/vec4 0, 0, 1;
    %store/vec4 v0x5aa842b79230_0, 0, 1;
    %end;
    .thread T_41;
    .scope S_0x5aa842b78e40;
T_42 ;
    %wait E_0x5aa842ae4840;
    %load/vec4 v0x5aa842b79170_0;
    %assign/vec4 v0x5aa842b79230_0, 0;
    %jmp T_42;
    .thread T_42;
    .scope S_0x5aa842b7a110;
T_43 ;
    %pushi/vec4 0, 0, 16;
    %store/vec4 v0x5aa842b7a770_0, 0, 16;
    %end;
    .thread T_43;
    .scope S_0x5aa842b7a110;
T_44 ;
    %wait E_0x5aa842b7a3f0;
    %load/vec4 v0x5aa842b7a8a0_0;
    %flag_set/vec4 8;
    %jmp/0xz  T_44.0, 8;
    %pushi/vec4 0, 0, 16;
    %assign/vec4 v0x5aa842b7a770_0, 0;
    %jmp T_44.1;
T_44.0 ;
    %load/vec4 v0x5aa842b7a6b0_0;
    %flag_set/vec4 8;
    %jmp/0xz  T_44.2, 8;
    %load/vec4 v0x5aa842b7a530_0;
    %assign/vec4 v0x5aa842b7a770_0, 0;
    %jmp T_44.3;
T_44.2 ;
    %load/vec4 v0x5aa842b7a610_0;
    %flag_set/vec4 8;
    %jmp/0xz  T_44.4, 8;
    %load/vec4 v0x5aa842b7a770_0;
    %addi 1, 0, 16;
    %assign/vec4 v0x5aa842b7a770_0, 0;
T_44.4 ;
T_44.3 ;
T_44.1 ;
    %jmp T_44;
    .thread T_44;
    .scope S_0x5aa842b49dd0;
T_45 ;
    %pushi/vec4 0, 0, 1;
    %store/vec4 v0x5aa842b7aa60_0, 0, 1;
T_45.0 ;
    %delay 5000, 0;
    %load/vec4 v0x5aa842b7aa60_0;
    %inv;
    %store/vec4 v0x5aa842b7aa60_0, 0, 1;
    %jmp T_45.0;
    %end;
    .thread T_45;
    .scope S_0x5aa842b49dd0;
T_46 ;
    %pushi/vec4 1, 0, 1;
    %store/vec4 v0x5aa842b7aeb0_0, 0, 1;
    %pushi/vec4 0, 0, 1;
    %store/vec4 v0x5aa842b7acf0_0, 0, 1;
    %pushi/vec4 0, 0, 1;
    %store/vec4 v0x5aa842b7abf0_0, 0, 1;
    %pushi/vec4 0, 0, 16;
    %store/vec4 v0x5aa842b7ab20_0, 0, 16;
    %wait E_0x5aa842b7a3f0;
    %pushi/vec4 0, 0, 1;
    %store/vec4 v0x5aa842b7aeb0_0, 0, 1;
    %pushi/vec4 0, 0, 16;
    %store/vec4 v0x5aa842b79f30_0, 0, 16;
    %pushi/vec4 0, 0, 32; draw_string_vec4
    %pushi/vec4 0, 0, 32; draw_string_vec4
    %concat/vec4; draw_string_vec4
    %pushi/vec4 0, 0, 32; draw_string_vec4
    %concat/vec4; draw_string_vec4
    %pushi/vec4 4286068, 0, 32; draw_string_vec4
    %concat/vec4; draw_string_vec4
    %pushi/vec4 1701978226, 0, 32; draw_string_vec4
    %concat/vec4; draw_string_vec4
    %pushi/vec4 1702061428, 0, 32; draw_string_vec4
    %concat/vec4; draw_string_vec4
    %pushi/vec4 544367980, 0, 32; draw_string_vec4
    %concat/vec4; draw_string_vec4
    %pushi/vec4 1700885349, 0, 32; draw_string_vec4
    %concat/vec4; draw_string_vec4
    %store/vec4 v0x5aa842b7a030_0, 0, 256;
    %fork TD_tb_pc.check_output, S_0x5aa842b79d30;
    %join;
    %pushi/vec4 1, 0, 1;
    %store/vec4 v0x5aa842b7abf0_0, 0, 1;
    %pushi/vec4 3, 0, 32;
T_46.0 %dup/vec4;
    %pushi/vec4 0, 0, 32;
    %cmp/s;
    %jmp/1xz T_46.1, 5;
    %jmp/1 T_46.1, 4;
    %pushi/vec4 1, 0, 32;
    %sub;
    %wait E_0x5aa842b7a3f0;
    %jmp T_46.0;
T_46.1 ;
    %pop/vec4 1;
    %delay 1000, 0;
    %pushi/vec4 0, 0, 1;
    %store/vec4 v0x5aa842b7abf0_0, 0, 1;
    %pushi/vec4 3, 0, 16;
    %store/vec4 v0x5aa842b79f30_0, 0, 16;
    %pushi/vec4 0, 0, 32; draw_string_vec4
    %pushi/vec4 0, 0, 32; draw_string_vec4
    %concat/vec4; draw_string_vec4
    %pushi/vec4 16742, 0, 32; draw_string_vec4
    %concat/vec4; draw_string_vec4
    %pushi/vec4 1952805408, 0, 32; draw_string_vec4
    %concat/vec4; draw_string_vec4
    %pushi/vec4 1953002085, 0, 32; draw_string_vec4
    %concat/vec4; draw_string_vec4
    %pushi/vec4 1696622958, 0, 32; draw_string_vec4
    %concat/vec4; draw_string_vec4
    %pushi/vec4 1668441453, 0, 32; draw_string_vec4
    %concat/vec4; draw_string_vec4
    %pushi/vec4 1701737587, 0, 32; draw_string_vec4
    %concat/vec4; draw_string_vec4
    %store/vec4 v0x5aa842b7a030_0, 0, 256;
    %fork TD_tb_pc.check_output, S_0x5aa842b79d30;
    %join;
    %pushi/vec4 4660, 0, 16;
    %store/vec4 v0x5aa842b7ab20_0, 0, 16;
    %pushi/vec4 1, 0, 1;
    %store/vec4 v0x5aa842b7acf0_0, 0, 1;
    %wait E_0x5aa842b7a3f0;
    %delay 1000, 0;
    %pushi/vec4 0, 0, 1;
    %store/vec4 v0x5aa842b7acf0_0, 0, 1;
    %pushi/vec4 4660, 0, 16;
    %store/vec4 v0x5aa842b79f30_0, 0, 16;
    %pushi/vec4 0, 0, 32; draw_string_vec4
    %pushi/vec4 0, 0, 32; draw_string_vec4
    %concat/vec4; draw_string_vec4
    %pushi/vec4 0, 0, 32; draw_string_vec4
    %concat/vec4; draw_string_vec4
    %pushi/vec4 0, 0, 32; draw_string_vec4
    %concat/vec4; draw_string_vec4
    %pushi/vec4 0, 0, 32; draw_string_vec4
    %concat/vec4; draw_string_vec4
    %pushi/vec4 16742, 0, 32; draw_string_vec4
    %concat/vec4; draw_string_vec4
    %pushi/vec4 1952805408, 0, 32; draw_string_vec4
    %concat/vec4; draw_string_vec4
    %pushi/vec4 1819238756, 0, 32; draw_string_vec4
    %concat/vec4; draw_string_vec4
    %store/vec4 v0x5aa842b7a030_0, 0, 256;
    %fork TD_tb_pc.check_output, S_0x5aa842b79d30;
    %join;
    %pushi/vec4 1, 0, 1;
    %store/vec4 v0x5aa842b7abf0_0, 0, 1;
    %wait E_0x5aa842b7a3f0;
    %delay 1000, 0;
    %pushi/vec4 0, 0, 1;
    %store/vec4 v0x5aa842b7abf0_0, 0, 1;
    %pushi/vec4 4661, 0, 16;
    %store/vec4 v0x5aa842b79f30_0, 0, 16;
    %pushi/vec4 16742, 0, 32; draw_string_vec4
    %pushi/vec4 1952805408, 0, 32; draw_string_vec4
    %concat/vec4; draw_string_vec4
    %pushi/vec4 1768842098, 0, 32; draw_string_vec4
    %concat/vec4; draw_string_vec4
    %pushi/vec4 1701668206, 0, 32; draw_string_vec4
    %concat/vec4; draw_string_vec4
    %pushi/vec4 1948280431, 0, 32; draw_string_vec4
    %concat/vec4; draw_string_vec4
    %pushi/vec4 1819045751, 0, 32; draw_string_vec4
    %concat/vec4; draw_string_vec4
    %pushi/vec4 1768843040, 0, 32; draw_string_vec4
    %concat/vec4; draw_string_vec4
    %pushi/vec4 1819238756, 0, 32; draw_string_vec4
    %concat/vec4; draw_string_vec4
    %store/vec4 v0x5aa842b7a030_0, 0, 256;
    %fork TD_tb_pc.check_output, S_0x5aa842b79d30;
    %join;
    %pushi/vec4 1, 0, 1;
    %store/vec4 v0x5aa842b7aeb0_0, 0, 1;
    %wait E_0x5aa842b7a3f0;
    %delay 1000, 0;
    %pushi/vec4 0, 0, 1;
    %store/vec4 v0x5aa842b7aeb0_0, 0, 1;
    %pushi/vec4 0, 0, 16;
    %store/vec4 v0x5aa842b79f30_0, 0, 16;
    %pushi/vec4 0, 0, 32; draw_string_vec4
    %pushi/vec4 0, 0, 32; draw_string_vec4
    %concat/vec4; draw_string_vec4
    %pushi/vec4 0, 0, 32; draw_string_vec4
    %concat/vec4; draw_string_vec4
    %pushi/vec4 65, 0, 32; draw_string_vec4
    %concat/vec4; draw_string_vec4
    %pushi/vec4 1718904178, 0, 32; draw_string_vec4
    %concat/vec4; draw_string_vec4
    %pushi/vec4 544367987, 0, 32; draw_string_vec4
    %concat/vec4; draw_string_vec4
    %pushi/vec4 1702109296, 0, 32; draw_string_vec4
    %concat/vec4; draw_string_vec4
    %pushi/vec4 1970041701, 0, 32; draw_string_vec4
    %concat/vec4; draw_string_vec4
    %store/vec4 v0x5aa842b7a030_0, 0, 256;
    %fork TD_tb_pc.check_output, S_0x5aa842b79d30;
    %join;
    %vpi_call/w 11 67 "$display", "tb_pc passed" {0 0 0};
    %vpi_call/w 11 68 "$finish" {0 0 0};
    %end;
    .thread T_46;
# The file index is used to find the file name in the following table.
:file_names 13;
    "N/A";
    "<interactive>";
    "-";
    "ram16k.v";
    "ram4k.v";
    "ram512.v";
    "ram64.v";
    "ram8.v";
    "register.v";
    "bit.v";
    "dff.v";
    "tb_pc.v";
    "pc.v";
