#! /usr/bin/vvp
:ivl_version "12.0 (stable)";
:ivl_delay_selection "TYPICAL";
:vpi_time_precision - 12;
:vpi_module "/usr/lib/x86_64-linux-gnu/ivl/system.vpi";
:vpi_module "/usr/lib/x86_64-linux-gnu/ivl/vhdl_sys.vpi";
:vpi_module "/usr/lib/x86_64-linux-gnu/ivl/vhdl_textio.vpi";
:vpi_module "/usr/lib/x86_64-linux-gnu/ivl/v2005_math.vpi";
:vpi_module "/usr/lib/x86_64-linux-gnu/ivl/va_math.vpi";
:vpi_module "/usr/lib/x86_64-linux-gnu/ivl/v2009.vpi";
S_0x5b57cb637ff0 .scope package, "$unit" "$unit" 2 1;
 .timescale 0 0;
S_0x5b57cb642b70 .scope module, "PC" "PC" 3 3;
 .timescale -9 -12;
    .port_info 0 /INPUT 1 "clk";
    .port_info 1 /INPUT 1 "reset";
    .port_info 2 /INPUT 1 "load";
    .port_info 3 /INPUT 1 "inc";
    .port_info 4 /INPUT 16 "in";
    .port_info 5 /OUTPUT 16 "out";
o0x7d7342a9d018 .functor BUFZ 1, C4<z>; HiZ drive
v0x5b57cb63b790_0 .net "clk", 0 0, o0x7d7342a9d018;  0 drivers
o0x7d7342a9d048 .functor BUFZ 16, C4<zzzzzzzzzzzzzzzz>; HiZ drive
v0x5b57cb63a220_0 .net "in", 15 0, o0x7d7342a9d048;  0 drivers
o0x7d7342a9d078 .functor BUFZ 1, C4<z>; HiZ drive
v0x5b57cb638cb0_0 .net "inc", 0 0, o0x7d7342a9d078;  0 drivers
o0x7d7342a9d0a8 .functor BUFZ 1, C4<z>; HiZ drive
v0x5b57cb637740_0 .net "load", 0 0, o0x7d7342a9d0a8;  0 drivers
v0x5b57cb6361d0_0 .var "out", 15 0;
o0x7d7342a9d108 .functor BUFZ 1, C4<z>; HiZ drive
v0x5b57cb635820_0 .net "reset", 0 0, o0x7d7342a9d108;  0 drivers
E_0x5b57cb5fe6b0 .event posedge, v0x5b57cb63b790_0;
S_0x5b57cb6440e0 .scope module, "RAM16K" "RAM16K" 4 3;
 .timescale -9 -12;
    .port_info 0 /INPUT 1 "clk";
    .port_info 1 /INPUT 1 "load";
    .port_info 2 /INPUT 14 "address";
    .port_info 3 /INPUT 16 "in";
    .port_info 4 /OUTPUT 16 "out";
P_0x5b57cb5fc8a0 .param/l "DEPTH" 1 4 10, +C4<00000000000000000100000000000000>;
L_0x5b57cb677460 .functor BUFZ 16, L_0x5b57cb6771f0, C4<0000000000000000>, C4<0000000000000000>, C4<0000000000000000>;
v0x5b57cb663420_0 .net *"_ivl_0", 15 0, L_0x5b57cb6771f0;  1 drivers
v0x5b57cb663520_0 .net *"_ivl_2", 15 0, L_0x5b57cb6772f0;  1 drivers
L_0x7d73427b7018 .functor BUFT 1, C4<00>, C4<0>, C4<0>, C4<0>;
v0x5b57cb663600_0 .net *"_ivl_5", 1 0, L_0x7d73427b7018;  1 drivers
o0x7d7342a9d2e8 .functor BUFZ 14, C4<zzzzzzzzzzzzzz>; HiZ drive
v0x5b57cb6636c0_0 .net "address", 13 0, o0x7d7342a9d2e8;  0 drivers
o0x7d7342a9d318 .functor BUFZ 1, C4<z>; HiZ drive
v0x5b57cb6637a0_0 .net "clk", 0 0, o0x7d7342a9d318;  0 drivers
v0x5b57cb6638b0_0 .var/i "idx", 31 0;
o0x7d7342a9d378 .functor BUFZ 16, C4<zzzzzzzzzzzzzzzz>; HiZ drive
v0x5b57cb663990_0 .net "in", 15 0, o0x7d7342a9d378;  0 drivers
o0x7d7342a9d3a8 .functor BUFZ 1, C4<z>; HiZ drive
v0x5b57cb663a70_0 .net "load", 0 0, o0x7d7342a9d3a8;  0 drivers
v0x5b57cb663b30 .array "mem", 16383 0, 15 0;
v0x5b57cb663bf0_0 .net "out", 15 0, L_0x5b57cb677460;  1 drivers
E_0x5b57cb5fe900 .event posedge, v0x5b57cb6637a0_0;
L_0x5b57cb6771f0 .array/port v0x5b57cb663b30, L_0x5b57cb6772f0;
L_0x5b57cb6772f0 .concat [ 14 2 0 0], o0x7d7342a9d2e8, L_0x7d73427b7018;
S_0x5b57cb645650 .scope module, "RAM4K" "RAM4K" 5 3;
 .timescale -9 -12;
    .port_info 0 /INPUT 1 "clk";
    .port_info 1 /INPUT 1 "load";
    .port_info 2 /INPUT 12 "address";
    .port_info 3 /INPUT 16 "in";
    .port_info 4 /OUTPUT 16 "out";
P_0x5b57cb647ef0 .param/l "DEPTH" 1 5 10, +C4<00000000000000000001000000000000>;
L_0x5b57cb677760 .functor BUFZ 16, L_0x5b57cb677520, C4<0000000000000000>, C4<0000000000000000>, C4<0000000000000000>;
v0x5b57cb663db0_0 .net *"_ivl_0", 15 0, L_0x5b57cb677520;  1 drivers
v0x5b57cb663eb0_0 .net *"_ivl_2", 13 0, L_0x5b57cb6775f0;  1 drivers
L_0x7d73427b7060 .functor BUFT 1, C4<00>, C4<0>, C4<0>, C4<0>;
v0x5b57cb663f90_0 .net *"_ivl_5", 1 0, L_0x7d73427b7060;  1 drivers
o0x7d7342a9d588 .functor BUFZ 12, C4<zzzzzzzzzzzz>; HiZ drive
v0x5b57cb664050_0 .net "address", 11 0, o0x7d7342a9d588;  0 drivers
o0x7d7342a9d5b8 .functor BUFZ 1, C4<z>; HiZ drive
v0x5b57cb664130_0 .net "clk", 0 0, o0x7d7342a9d5b8;  0 drivers
v0x5b57cb6641f0_0 .var/i "idx", 31 0;
o0x7d7342a9d618 .functor BUFZ 16, C4<zzzzzzzzzzzzzzzz>; HiZ drive
v0x5b57cb6642d0_0 .net "in", 15 0, o0x7d7342a9d618;  0 drivers
o0x7d7342a9d648 .functor BUFZ 1, C4<z>; HiZ drive
v0x5b57cb6643b0_0 .net "load", 0 0, o0x7d7342a9d648;  0 drivers
v0x5b57cb664470 .array "mem", 4095 0, 15 0;
v0x5b57cb6645c0_0 .net "out", 15 0, L_0x5b57cb677760;  1 drivers
E_0x5b57cb5feb60 .event posedge, v0x5b57cb664130_0;
L_0x5b57cb677520 .array/port v0x5b57cb664470, L_0x5b57cb6775f0;
L_0x5b57cb6775f0 .concat [ 12 2 0 0], o0x7d7342a9d588, L_0x7d73427b7060;
S_0x5b57cb636a80 .scope module, "RAM64" "RAM64" 6 3;
 .timescale -9 -12;
    .port_info 0 /INPUT 1 "clk";
    .port_info 1 /INPUT 1 "load";
    .port_info 2 /INPUT 6 "address";
    .port_info 3 /INPUT 16 "in";
    .port_info 4 /OUTPUT 16 "out";
P_0x5b57cb645410 .param/l "DEPTH" 1 6 10, +C4<00000000000000000000000001000000>;
L_0x5b57cb677a60 .functor BUFZ 16, L_0x5b57cb677820, C4<0000000000000000>, C4<0000000000000000>, C4<0000000000000000>;
v0x5b57cb664780_0 .net *"_ivl_0", 15 0, L_0x5b57cb677820;  1 drivers
v0x5b57cb664880_0 .net *"_ivl_2", 7 0, L_0x5b57cb6778f0;  1 drivers
L_0x7d73427b70a8 .functor BUFT 1, C4<00>, C4<0>, C4<0>, C4<0>;
v0x5b57cb664960_0 .net *"_ivl_5", 1 0, L_0x7d73427b70a8;  1 drivers
o0x7d7342a9d828 .functor BUFZ 6, C4<zzzzzz>; HiZ drive
v0x5b57cb664a20_0 .net "address", 5 0, o0x7d7342a9d828;  0 drivers
o0x7d7342a9d858 .functor BUFZ 1, C4<z>; HiZ drive
v0x5b57cb664b00_0 .net "clk", 0 0, o0x7d7342a9d858;  0 drivers
v0x5b57cb664bc0_0 .var/i "idx", 31 0;
o0x7d7342a9d8b8 .functor BUFZ 16, C4<zzzzzzzzzzzzzzzz>; HiZ drive
v0x5b57cb664ca0_0 .net "in", 15 0, o0x7d7342a9d8b8;  0 drivers
o0x7d7342a9d8e8 .functor BUFZ 1, C4<z>; HiZ drive
v0x5b57cb664d80_0 .net "load", 0 0, o0x7d7342a9d8e8;  0 drivers
v0x5b57cb664e40 .array "mem", 63 0, 15 0;
v0x5b57cb664f90_0 .net "out", 15 0, L_0x5b57cb677a60;  1 drivers
E_0x5b57cb5fecf0 .event posedge, v0x5b57cb664b00_0;
L_0x5b57cb677820 .array/port v0x5b57cb664e40, L_0x5b57cb6778f0;
L_0x5b57cb6778f0 .concat [ 6 2 0 0], o0x7d7342a9d828, L_0x7d73427b70a8;
S_0x5b57cb646bc0 .scope module, "RAM8" "RAM8" 7 3;
 .timescale -9 -12;
    .port_info 0 /INPUT 1 "clk";
    .port_info 1 /INPUT 1 "load";
    .port_info 2 /INPUT 3 "address";
    .port_info 3 /INPUT 16 "in";
    .port_info 4 /OUTPUT 16 "out";
P_0x5b57cb642930 .param/l "DEPTH" 1 7 10, +C4<00000000000000000000000000001000>;
L_0x5b57cb677d90 .functor BUFZ 16, L_0x5b57cb677b50, C4<0000000000000000>, C4<0000000000000000>, C4<0000000000000000>;
v0x5b57cb665150_0 .net *"_ivl_0", 15 0, L_0x5b57cb677b50;  1 drivers
v0x5b57cb665250_0 .net *"_ivl_2", 4 0, L_0x5b57cb677c20;  1 drivers
L_0x7d73427b70f0 .functor BUFT 1, C4<00>, C4<0>, C4<0>, C4<0>;
v0x5b57cb665330_0 .net *"_ivl_5", 1 0, L_0x7d73427b70f0;  1 drivers
o0x7d7342a9dac8 .functor BUFZ 3, C4<zzz>; HiZ drive
v0x5b57cb6653f0_0 .net "address", 2 0, o0x7d7342a9dac8;  0 drivers
o0x7d7342a9daf8 .functor BUFZ 1, C4<z>; HiZ drive
v0x5b57cb6654d0_0 .net "clk", 0 0, o0x7d7342a9daf8;  0 drivers
v0x5b57cb665590_0 .var/i "idx", 31 0;
o0x7d7342a9db58 .functor BUFZ 16, C4<zzzzzzzzzzzzzzzz>; HiZ drive
v0x5b57cb665670_0 .net "in", 15 0, o0x7d7342a9db58;  0 drivers
o0x7d7342a9db88 .functor BUFZ 1, C4<z>; HiZ drive
v0x5b57cb665750_0 .net "load", 0 0, o0x7d7342a9db88;  0 drivers
v0x5b57cb665810 .array "mem", 7 0, 15 0;
v0x5b57cb665960_0 .net "out", 15 0, L_0x5b57cb677d90;  1 drivers
E_0x5b57cb5e1880 .event posedge, v0x5b57cb6654d0_0;
L_0x5b57cb677b50 .array/port v0x5b57cb665810, L_0x5b57cb677c20;
L_0x5b57cb677c20 .concat [ 3 2 0 0], o0x7d7342a9dac8, L_0x7d73427b70f0;
S_0x5b57cb648130 .scope module, "Register" "Register" 8 3;
 .timescale -9 -12;
    .port_info 0 /INPUT 1 "clk";
    .port_info 1 /INPUT 1 "load";
    .port_info 2 /INPUT 16 "in";
    .port_info 3 /OUTPUT 16 "out";
L_0x5b57cb67b710 .functor BUFZ 16, L_0x5b57cb67b170, C4<0000000000000000>, C4<0000000000000000>, C4<0000000000000000>;
v0x5b57cb675030_0 .net "bit_out", 15 0, L_0x5b57cb67b170;  1 drivers
o0x7d7342a9dcd8 .functor BUFZ 1, C4<z>; HiZ drive
v0x5b57cb675130_0 .net "clk", 0 0, o0x7d7342a9dcd8;  0 drivers
o0x7d7342a9fe68 .functor BUFZ 16, C4<zzzzzzzzzzzzzzzz>; HiZ drive
v0x5b57cb675600_0 .net "in", 15 0, o0x7d7342a9fe68;  0 drivers
o0x7d7342a9de28 .functor BUFZ 1, C4<z>; HiZ drive
v0x5b57cb6756a0_0 .net "load", 0 0, o0x7d7342a9de28;  0 drivers
v0x5b57cb675740_0 .net "out", 15 0, L_0x5b57cb67b710;  1 drivers
L_0x5b57cb678000 .part o0x7d7342a9fe68, 0, 1;
L_0x5b57cb6782a0 .part o0x7d7342a9fe68, 1, 1;
L_0x5b57cb678590 .part o0x7d7342a9fe68, 2, 1;
L_0x5b57cb678830 .part o0x7d7342a9fe68, 3, 1;
L_0x5b57cb678b60 .part o0x7d7342a9fe68, 4, 1;
L_0x5b57cb678e40 .part o0x7d7342a9fe68, 5, 1;
L_0x5b57cb679140 .part o0x7d7342a9fe68, 6, 1;
L_0x5b57cb679420 .part o0x7d7342a9fe68, 7, 1;
L_0x5b57cb679750 .part o0x7d7342a9fe68, 8, 1;
L_0x5b57cb679a30 .part o0x7d7342a9fe68, 9, 1;
L_0x5b57cb679d20 .part o0x7d7342a9fe68, 10, 1;
L_0x5b57cb67a000 .part o0x7d7342a9fe68, 11, 1;
L_0x5b57cb67a350 .part o0x7d7342a9fe68, 12, 1;
L_0x5b57cb67a630 .part o0x7d7342a9fe68, 13, 1;
L_0x5b57cb67a920 .part o0x7d7342a9fe68, 14, 1;
L_0x5b57cb67aff0 .part o0x7d7342a9fe68, 15, 1;
LS_0x5b57cb67b170_0_0 .concat8 [ 1 1 1 1], L_0x5b57cb677f90, L_0x5b57cb678230, L_0x5b57cb678520, L_0x5b57cb6787c0;
LS_0x5b57cb67b170_0_4 .concat8 [ 1 1 1 1], L_0x5b57cb678af0, L_0x5b57cb678dd0, L_0x5b57cb6790d0, L_0x5b57cb6793b0;
LS_0x5b57cb67b170_0_8 .concat8 [ 1 1 1 1], L_0x5b57cb6796e0, L_0x5b57cb6799c0, L_0x5b57cb679cb0, L_0x5b57cb679f90;
LS_0x5b57cb67b170_0_12 .concat8 [ 1 1 1 1], L_0x5b57cb67a2e0, L_0x5b57cb67a5c0, L_0x5b57cb67a0f0, L_0x5b57cb67af80;
L_0x5b57cb67b170 .concat8 [ 4 4 4 4], LS_0x5b57cb67b170_0_0, LS_0x5b57cb67b170_0_4, LS_0x5b57cb67b170_0_8, LS_0x5b57cb67b170_0_12;
S_0x5b57cb665ae0 .scope generate, "gen_bits[0]" "gen_bits[0]" 8 13, 8 13 0, S_0x5b57cb648130;
 .timescale -9 -12;
P_0x5b57cb665cb0 .param/l "i" 1 8 13, +C4<00>;
S_0x5b57cb665d90 .scope module, "bit_cell" "Bit" 8 14, 9 3 0, S_0x5b57cb665ae0;
 .timescale -9 -12;
    .port_info 0 /INPUT 1 "clk";
    .port_info 1 /INPUT 1 "load";
    .port_info 2 /INPUT 1 "in";
    .port_info 3 /OUTPUT 1 "out";
L_0x5b57cb677f90 .functor BUFZ 1, v0x5b57cb666400_0, C4<0>, C4<0>, C4<0>;
v0x5b57cb666520_0 .net "clk", 0 0, o0x7d7342a9dcd8;  alias, 0 drivers
v0x5b57cb6665c0_0 .net "in", 0 0, L_0x5b57cb678000;  1 drivers
v0x5b57cb666660_0 .net "load", 0 0, o0x7d7342a9de28;  alias, 0 drivers
v0x5b57cb666730_0 .net "next_value", 0 0, L_0x5b57cb677e50;  1 drivers
v0x5b57cb666800_0 .net "out", 0 0, L_0x5b57cb677f90;  1 drivers
v0x5b57cb6668f0_0 .net "stored", 0 0, v0x5b57cb666400_0;  1 drivers
L_0x5b57cb677e50 .functor MUXZ 1, v0x5b57cb666400_0, L_0x5b57cb678000, o0x7d7342a9de28, C4<>;
S_0x5b57cb665f70 .scope module, "storage" "DFF" 9 12, 10 3 0, S_0x5b57cb665d90;
 .timescale -9 -12;
    .port_info 0 /INPUT 1 "clk";
    .port_info 1 /INPUT 1 "d";
    .port_info 2 /OUTPUT 1 "q";
v0x5b57cb666260_0 .net "clk", 0 0, o0x7d7342a9dcd8;  alias, 0 drivers
v0x5b57cb666340_0 .net "d", 0 0, L_0x5b57cb677e50;  alias, 1 drivers
v0x5b57cb666400_0 .var "q", 0 0;
E_0x5b57cb6661e0 .event posedge, v0x5b57cb666260_0;
S_0x5b57cb666a20 .scope generate, "gen_bits[1]" "gen_bits[1]" 8 13, 8 13 0, S_0x5b57cb648130;
 .timescale -9 -12;
P_0x5b57cb666c40 .param/l "i" 1 8 13, +C4<01>;
S_0x5b57cb666d00 .scope module, "bit_cell" "Bit" 8 14, 9 3 0, S_0x5b57cb666a20;
 .timescale -9 -12;
    .port_info 0 /INPUT 1 "clk";
    .port_info 1 /INPUT 1 "load";
    .port_info 2 /INPUT 1 "in";
    .port_info 3 /OUTPUT 1 "out";
L_0x5b57cb678230 .functor BUFZ 1, v0x5b57cb667320_0, C4<0>, C4<0>, C4<0>;
v0x5b57cb667440_0 .net "clk", 0 0, o0x7d7342a9dcd8;  alias, 0 drivers
v0x5b57cb6674e0_0 .net "in", 0 0, L_0x5b57cb6782a0;  1 drivers
v0x5b57cb6675a0_0 .net "load", 0 0, o0x7d7342a9de28;  alias, 0 drivers
v0x5b57cb6676a0_0 .net "next_value", 0 0, L_0x5b57cb6780f0;  1 drivers
v0x5b57cb667770_0 .net "out", 0 0, L_0x5b57cb678230;  1 drivers
v0x5b57cb667860_0 .net "stored", 0 0, v0x5b57cb667320_0;  1 drivers
L_0x5b57cb6780f0 .functor MUXZ 1, v0x5b57cb667320_0, L_0x5b57cb6782a0, o0x7d7342a9de28, C4<>;
S_0x5b57cb666ee0 .scope module, "storage" "DFF" 9 12, 10 3 0, S_0x5b57cb666d00;
 .timescale -9 -12;
    .port_info 0 /INPUT 1 "clk";
    .port_info 1 /INPUT 1 "d";
    .port_info 2 /OUTPUT 1 "q";
v0x5b57cb667150_0 .net "clk", 0 0, o0x7d7342a9dcd8;  alias, 0 drivers
v0x5b57cb667260_0 .net "d", 0 0, L_0x5b57cb6780f0;  alias, 1 drivers
v0x5b57cb667320_0 .var "q", 0 0;
S_0x5b57cb667950 .scope generate, "gen_bits[2]" "gen_bits[2]" 8 13, 8 13 0, S_0x5b57cb648130;
 .timescale -9 -12;
P_0x5b57cb667b50 .param/l "i" 1 8 13, +C4<010>;
S_0x5b57cb667c10 .scope module, "bit_cell" "Bit" 8 14, 9 3 0, S_0x5b57cb667950;
 .timescale -9 -12;
    .port_info 0 /INPUT 1 "clk";
    .port_info 1 /INPUT 1 "load";
    .port_info 2 /INPUT 1 "in";
    .port_info 3 /OUTPUT 1 "out";
L_0x5b57cb678520 .functor BUFZ 1, v0x5b57cb6682a0_0, C4<0>, C4<0>, C4<0>;
v0x5b57cb6683f0_0 .net "clk", 0 0, o0x7d7342a9dcd8;  alias, 0 drivers
v0x5b57cb668490_0 .net "in", 0 0, L_0x5b57cb678590;  1 drivers
v0x5b57cb668550_0 .net "load", 0 0, o0x7d7342a9de28;  alias, 0 drivers
v0x5b57cb668620_0 .net "next_value", 0 0, L_0x5b57cb6783e0;  1 drivers
v0x5b57cb6686c0_0 .net "out", 0 0, L_0x5b57cb678520;  1 drivers
v0x5b57cb6687b0_0 .net "stored", 0 0, v0x5b57cb6682a0_0;  1 drivers
L_0x5b57cb6783e0 .functor MUXZ 1, v0x5b57cb6682a0_0, L_0x5b57cb678590, o0x7d7342a9de28, C4<>;
S_0x5b57cb667e20 .scope module, "storage" "DFF" 9 12, 10 3 0, S_0x5b57cb667c10;
 .timescale -9 -12;
    .port_info 0 /INPUT 1 "clk";
    .port_info 1 /INPUT 1 "d";
    .port_info 2 /OUTPUT 1 "q";
v0x5b57cb668090_0 .net "clk", 0 0, o0x7d7342a9dcd8;  alias, 0 drivers
v0x5b57cb6681e0_0 .net "d", 0 0, L_0x5b57cb6783e0;  alias, 1 drivers
v0x5b57cb6682a0_0 .var "q", 0 0;
S_0x5b57cb6688c0 .scope generate, "gen_bits[3]" "gen_bits[3]" 8 13, 8 13 0, S_0x5b57cb648130;
 .timescale -9 -12;
P_0x5b57cb668ac0 .param/l "i" 1 8 13, +C4<011>;
S_0x5b57cb668ba0 .scope module, "bit_cell" "Bit" 8 14, 9 3 0, S_0x5b57cb6688c0;
 .timescale -9 -12;
    .port_info 0 /INPUT 1 "clk";
    .port_info 1 /INPUT 1 "load";
    .port_info 2 /INPUT 1 "in";
    .port_info 3 /OUTPUT 1 "out";
L_0x5b57cb6787c0 .functor BUFZ 1, v0x5b57cb669170_0, C4<0>, C4<0>, C4<0>;
v0x5b57cb6692c0_0 .net "clk", 0 0, o0x7d7342a9dcd8;  alias, 0 drivers
v0x5b57cb669360_0 .net "in", 0 0, L_0x5b57cb678830;  1 drivers
v0x5b57cb669420_0 .net "load", 0 0, o0x7d7342a9de28;  alias, 0 drivers
v0x5b57cb6694f0_0 .net "next_value", 0 0, L_0x5b57cb678680;  1 drivers
v0x5b57cb6695c0_0 .net "out", 0 0, L_0x5b57cb6787c0;  1 drivers
v0x5b57cb6696b0_0 .net "stored", 0 0, v0x5b57cb669170_0;  1 drivers
L_0x5b57cb678680 .functor MUXZ 1, v0x5b57cb669170_0, L_0x5b57cb678830, o0x7d7342a9de28, C4<>;
S_0x5b57cb668d80 .scope module, "storage" "DFF" 9 12, 10 3 0, S_0x5b57cb668ba0;
 .timescale -9 -12;
    .port_info 0 /INPUT 1 "clk";
    .port_info 1 /INPUT 1 "d";
    .port_info 2 /OUTPUT 1 "q";
v0x5b57cb668ff0_0 .net "clk", 0 0, o0x7d7342a9dcd8;  alias, 0 drivers
v0x5b57cb6690b0_0 .net "d", 0 0, L_0x5b57cb678680;  alias, 1 drivers
v0x5b57cb669170_0 .var "q", 0 0;
S_0x5b57cb6697c0 .scope generate, "gen_bits[4]" "gen_bits[4]" 8 13, 8 13 0, S_0x5b57cb648130;
 .timescale -9 -12;
P_0x5b57cb669a10 .param/l "i" 1 8 13, +C4<0100>;
S_0x5b57cb669af0 .scope module, "bit_cell" "Bit" 8 14, 9 3 0, S_0x5b57cb6697c0;
 .timescale -9 -12;
    .port_info 0 /INPUT 1 "clk";
    .port_info 1 /INPUT 1 "load";
    .port_info 2 /INPUT 1 "in";
    .port_info 3 /OUTPUT 1 "out";
L_0x5b57cb678af0 .functor BUFZ 1, v0x5b57cb66a0c0_0, C4<0>, C4<0>, C4<0>;
v0x5b57cb66a1e0_0 .net "clk", 0 0, o0x7d7342a9dcd8;  alias, 0 drivers
v0x5b57cb66a280_0 .net "in", 0 0, L_0x5b57cb678b60;  1 drivers
v0x5b57cb66a340_0 .net "load", 0 0, o0x7d7342a9de28;  alias, 0 drivers
v0x5b57cb66a410_0 .net "next_value", 0 0, L_0x5b57cb6789e0;  1 drivers
v0x5b57cb66a4e0_0 .net "out", 0 0, L_0x5b57cb678af0;  1 drivers
v0x5b57cb66a580_0 .net "stored", 0 0, v0x5b57cb66a0c0_0;  1 drivers
L_0x5b57cb6789e0 .functor MUXZ 1, v0x5b57cb66a0c0_0, L_0x5b57cb678b60, o0x7d7342a9de28, C4<>;
S_0x5b57cb669cd0 .scope module, "storage" "DFF" 9 12, 10 3 0, S_0x5b57cb669af0;
 .timescale -9 -12;
    .port_info 0 /INPUT 1 "clk";
    .port_info 1 /INPUT 1 "d";
    .port_info 2 /OUTPUT 1 "q";
v0x5b57cb669f40_0 .net "clk", 0 0, o0x7d7342a9dcd8;  alias, 0 drivers
v0x5b57cb66a000_0 .net "d", 0 0, L_0x5b57cb6789e0;  alias, 1 drivers
v0x5b57cb66a0c0_0 .var "q", 0 0;
S_0x5b57cb66a690 .scope generate, "gen_bits[5]" "gen_bits[5]" 8 13, 8 13 0, S_0x5b57cb648130;
 .timescale -9 -12;
P_0x5b57cb66a890 .param/l "i" 1 8 13, +C4<0101>;
S_0x5b57cb66a970 .scope module, "bit_cell" "Bit" 8 14, 9 3 0, S_0x5b57cb66a690;
 .timescale -9 -12;
    .port_info 0 /INPUT 1 "clk";
    .port_info 1 /INPUT 1 "load";
    .port_info 2 /INPUT 1 "in";
    .port_info 3 /OUTPUT 1 "out";
L_0x5b57cb678dd0 .functor BUFZ 1, v0x5b57cb66af40_0, C4<0>, C4<0>, C4<0>;
v0x5b57cb66b090_0 .net "clk", 0 0, o0x7d7342a9dcd8;  alias, 0 drivers
v0x5b57cb66b130_0 .net "in", 0 0, L_0x5b57cb678e40;  1 drivers
v0x5b57cb66b1f0_0 .net "load", 0 0, o0x7d7342a9de28;  alias, 0 drivers
v0x5b57cb66b2c0_0 .net "next_value", 0 0, L_0x5b57cb678c50;  1 drivers
v0x5b57cb66b390_0 .net "out", 0 0, L_0x5b57cb678dd0;  1 drivers
v0x5b57cb66b480_0 .net "stored", 0 0, v0x5b57cb66af40_0;  1 drivers
L_0x5b57cb678c50 .functor MUXZ 1, v0x5b57cb66af40_0, L_0x5b57cb678e40, o0x7d7342a9de28, C4<>;
S_0x5b57cb66ab50 .scope module, "storage" "DFF" 9 12, 10 3 0, S_0x5b57cb66a970;
 .timescale -9 -12;
    .port_info 0 /INPUT 1 "clk";
    .port_info 1 /INPUT 1 "d";
    .port_info 2 /OUTPUT 1 "q";
v0x5b57cb66adc0_0 .net "clk", 0 0, o0x7d7342a9dcd8;  alias, 0 drivers
v0x5b57cb66ae80_0 .net "d", 0 0, L_0x5b57cb678c50;  alias, 1 drivers
v0x5b57cb66af40_0 .var "q", 0 0;
S_0x5b57cb66b590 .scope generate, "gen_bits[6]" "gen_bits[6]" 8 13, 8 13 0, S_0x5b57cb648130;
 .timescale -9 -12;
P_0x5b57cb66b790 .param/l "i" 1 8 13, +C4<0110>;
S_0x5b57cb66b870 .scope module, "bit_cell" "Bit" 8 14, 9 3 0, S_0x5b57cb66b590;
 .timescale -9 -12;
    .port_info 0 /INPUT 1 "clk";
    .port_info 1 /INPUT 1 "load";
    .port_info 2 /INPUT 1 "in";
    .port_info 3 /OUTPUT 1 "out";
L_0x5b57cb6790d0 .functor BUFZ 1, v0x5b57cb66beb0_0, C4<0>, C4<0>, C4<0>;
v0x5b57cb66c000_0 .net "clk", 0 0, o0x7d7342a9dcd8;  alias, 0 drivers
v0x5b57cb66c0a0_0 .net "in", 0 0, L_0x5b57cb679140;  1 drivers
v0x5b57cb66c160_0 .net "load", 0 0, o0x7d7342a9de28;  alias, 0 drivers
v0x5b57cb66c230_0 .net "next_value", 0 0, L_0x5b57cb678f70;  1 drivers
v0x5b57cb66c300_0 .net "out", 0 0, L_0x5b57cb6790d0;  1 drivers
v0x5b57cb66c3f0_0 .net "stored", 0 0, v0x5b57cb66beb0_0;  1 drivers
L_0x5b57cb678f70 .functor MUXZ 1, v0x5b57cb66beb0_0, L_0x5b57cb679140, o0x7d7342a9de28, C4<>;
S_0x5b57cb66bac0 .scope module, "storage" "DFF" 9 12, 10 3 0, S_0x5b57cb66b870;
 .timescale -9 -12;
    .port_info 0 /INPUT 1 "clk";
    .port_info 1 /INPUT 1 "d";
    .port_info 2 /OUTPUT 1 "q";
v0x5b57cb66bd30_0 .net "clk", 0 0, o0x7d7342a9dcd8;  alias, 0 drivers
v0x5b57cb66bdf0_0 .net "d", 0 0, L_0x5b57cb678f70;  alias, 1 drivers
v0x5b57cb66beb0_0 .var "q", 0 0;
S_0x5b57cb66c500 .scope generate, "gen_bits[7]" "gen_bits[7]" 8 13, 8 13 0, S_0x5b57cb648130;
 .timescale -9 -12;
P_0x5b57cb66c700 .param/l "i" 1 8 13, +C4<0111>;
S_0x5b57cb66c7e0 .scope module, "bit_cell" "Bit" 8 14, 9 3 0, S_0x5b57cb66c500;
 .timescale -9 -12;
    .port_info 0 /INPUT 1 "clk";
    .port_info 1 /INPUT 1 "load";
    .port_info 2 /INPUT 1 "in";
    .port_info 3 /OUTPUT 1 "out";
L_0x5b57cb6793b0 .functor BUFZ 1, v0x5b57cb66ce20_0, C4<0>, C4<0>, C4<0>;
v0x5b57cb66cf70_0 .net "clk", 0 0, o0x7d7342a9dcd8;  alias, 0 drivers
v0x5b57cb66d010_0 .net "in", 0 0, L_0x5b57cb679420;  1 drivers
v0x5b57cb66d0d0_0 .net "load", 0 0, o0x7d7342a9de28;  alias, 0 drivers
v0x5b57cb66d1a0_0 .net "next_value", 0 0, L_0x5b57cb679230;  1 drivers
v0x5b57cb66d270_0 .net "out", 0 0, L_0x5b57cb6793b0;  1 drivers
v0x5b57cb66d360_0 .net "stored", 0 0, v0x5b57cb66ce20_0;  1 drivers
L_0x5b57cb679230 .functor MUXZ 1, v0x5b57cb66ce20_0, L_0x5b57cb679420, o0x7d7342a9de28, C4<>;
S_0x5b57cb66ca30 .scope module, "storage" "DFF" 9 12, 10 3 0, S_0x5b57cb66c7e0;
 .timescale -9 -12;
    .port_info 0 /INPUT 1 "clk";
    .port_info 1 /INPUT 1 "d";
    .port_info 2 /OUTPUT 1 "q";
v0x5b57cb66cca0_0 .net "clk", 0 0, o0x7d7342a9dcd8;  alias, 0 drivers
v0x5b57cb66cd60_0 .net "d", 0 0, L_0x5b57cb679230;  alias, 1 drivers
v0x5b57cb66ce20_0 .var "q", 0 0;
S_0x5b57cb66d470 .scope generate, "gen_bits[8]" "gen_bits[8]" 8 13, 8 13 0, S_0x5b57cb648130;
 .timescale -9 -12;
P_0x5b57cb6699c0 .param/l "i" 1 8 13, +C4<01000>;
S_0x5b57cb66d790 .scope module, "bit_cell" "Bit" 8 14, 9 3 0, S_0x5b57cb66d470;
 .timescale -9 -12;
    .port_info 0 /INPUT 1 "clk";
    .port_info 1 /INPUT 1 "load";
    .port_info 2 /INPUT 1 "in";
    .port_info 3 /OUTPUT 1 "out";
L_0x5b57cb6796e0 .functor BUFZ 1, v0x5b57cb66ddd0_0, C4<0>, C4<0>, C4<0>;
v0x5b57cb66df20_0 .net "clk", 0 0, o0x7d7342a9dcd8;  alias, 0 drivers
v0x5b57cb66dfc0_0 .net "in", 0 0, L_0x5b57cb679750;  1 drivers
v0x5b57cb66e080_0 .net "load", 0 0, o0x7d7342a9de28;  alias, 0 drivers
v0x5b57cb66e150_0 .net "next_value", 0 0, L_0x5b57cb679560;  1 drivers
v0x5b57cb66e220_0 .net "out", 0 0, L_0x5b57cb6796e0;  1 drivers
v0x5b57cb66e310_0 .net "stored", 0 0, v0x5b57cb66ddd0_0;  1 drivers
L_0x5b57cb679560 .functor MUXZ 1, v0x5b57cb66ddd0_0, L_0x5b57cb679750, o0x7d7342a9de28, C4<>;
S_0x5b57cb66d9e0 .scope module, "storage" "DFF" 9 12, 10 3 0, S_0x5b57cb66d790;
 .timescale -9 -12;
    .port_info 0 /INPUT 1 "clk";
    .port_info 1 /INPUT 1 "d";
    .port_info 2 /OUTPUT 1 "q";
v0x5b57cb66dc50_0 .net "clk", 0 0, o0x7d7342a9dcd8;  alias, 0 drivers
v0x5b57cb66dd10_0 .net "d", 0 0, L_0x5b57cb679560;  alias, 1 drivers
v0x5b57cb66ddd0_0 .var "q", 0 0;
S_0x5b57cb66e420 .scope generate, "gen_bits[9]" "gen_bits[9]" 8 13, 8 13 0, S_0x5b57cb648130;
 .timescale -9 -12;
P_0x5b57cb66e620 .param/l "i" 1 8 13, +C4<01001>;
S_0x5b57cb66e700 .scope module, "bit_cell" "Bit" 8 14, 9 3 0, S_0x5b57cb66e420;
 .timescale -9 -12;
    .port_info 0 /INPUT 1 "clk";
    .port_info 1 /INPUT 1 "load";
    .port_info 2 /INPUT 1 "in";
    .port_info 3 /OUTPUT 1 "out";
L_0x5b57cb6799c0 .functor BUFZ 1, v0x5b57cb66ed40_0, C4<0>, C4<0>, C4<0>;
v0x5b57cb66ee90_0 .net "clk", 0 0, o0x7d7342a9dcd8;  alias, 0 drivers
v0x5b57cb66ef30_0 .net "in", 0 0, L_0x5b57cb679a30;  1 drivers
v0x5b57cb66eff0_0 .net "load", 0 0, o0x7d7342a9de28;  alias, 0 drivers
v0x5b57cb66f0c0_0 .net "next_value", 0 0, L_0x5b57cb679840;  1 drivers
v0x5b57cb66f190_0 .net "out", 0 0, L_0x5b57cb6799c0;  1 drivers
v0x5b57cb66f280_0 .net "stored", 0 0, v0x5b57cb66ed40_0;  1 drivers
L_0x5b57cb679840 .functor MUXZ 1, v0x5b57cb66ed40_0, L_0x5b57cb679a30, o0x7d7342a9de28, C4<>;
S_0x5b57cb66e950 .scope module, "storage" "DFF" 9 12, 10 3 0, S_0x5b57cb66e700;
 .timescale -9 -12;
    .port_info 0 /INPUT 1 "clk";
    .port_info 1 /INPUT 1 "d";
    .port_info 2 /OUTPUT 1 "q";
v0x5b57cb66ebc0_0 .net "clk", 0 0, o0x7d7342a9dcd8;  alias, 0 drivers
v0x5b57cb66ec80_0 .net "d", 0 0, L_0x5b57cb679840;  alias, 1 drivers
v0x5b57cb66ed40_0 .var "q", 0 0;
S_0x5b57cb66f390 .scope generate, "gen_bits[10]" "gen_bits[10]" 8 13, 8 13 0, S_0x5b57cb648130;
 .timescale -9 -12;
P_0x5b57cb66f590 .param/l "i" 1 8 13, +C4<01010>;
S_0x5b57cb66f670 .scope module, "bit_cell" "Bit" 8 14, 9 3 0, S_0x5b57cb66f390;
 .timescale -9 -12;
    .port_info 0 /INPUT 1 "clk";
    .port_info 1 /INPUT 1 "load";
    .port_info 2 /INPUT 1 "in";
    .port_info 3 /OUTPUT 1 "out";
L_0x5b57cb679cb0 .functor BUFZ 1, v0x5b57cb66fcb0_0, C4<0>, C4<0>, C4<0>;
v0x5b57cb66fe00_0 .net "clk", 0 0, o0x7d7342a9dcd8;  alias, 0 drivers
v0x5b57cb66fea0_0 .net "in", 0 0, L_0x5b57cb679d20;  1 drivers
v0x5b57cb66ff60_0 .net "load", 0 0, o0x7d7342a9de28;  alias, 0 drivers
v0x5b57cb670030_0 .net "next_value", 0 0, L_0x5b57cb679b80;  1 drivers
v0x5b57cb670100_0 .net "out", 0 0, L_0x5b57cb679cb0;  1 drivers
v0x5b57cb6701f0_0 .net "stored", 0 0, v0x5b57cb66fcb0_0;  1 drivers
L_0x5b57cb679b80 .functor MUXZ 1, v0x5b57cb66fcb0_0, L_0x5b57cb679d20, o0x7d7342a9de28, C4<>;
S_0x5b57cb66f8c0 .scope module, "storage" "DFF" 9 12, 10 3 0, S_0x5b57cb66f670;
 .timescale -9 -12;
    .port_info 0 /INPUT 1 "clk";
    .port_info 1 /INPUT 1 "d";
    .port_info 2 /OUTPUT 1 "q";
v0x5b57cb66fb30_0 .net "clk", 0 0, o0x7d7342a9dcd8;  alias, 0 drivers
v0x5b57cb66fbf0_0 .net "d", 0 0, L_0x5b57cb679b80;  alias, 1 drivers
v0x5b57cb66fcb0_0 .var "q", 0 0;
S_0x5b57cb670300 .scope generate, "gen_bits[11]" "gen_bits[11]" 8 13, 8 13 0, S_0x5b57cb648130;
 .timescale -9 -12;
P_0x5b57cb670500 .param/l "i" 1 8 13, +C4<01011>;
S_0x5b57cb6705e0 .scope module, "bit_cell" "Bit" 8 14, 9 3 0, S_0x5b57cb670300;
 .timescale -9 -12;
    .port_info 0 /INPUT 1 "clk";
    .port_info 1 /INPUT 1 "load";
    .port_info 2 /INPUT 1 "in";
    .port_info 3 /OUTPUT 1 "out";
L_0x5b57cb679f90 .functor BUFZ 1, v0x5b57cb670c20_0, C4<0>, C4<0>, C4<0>;
v0x5b57cb670d70_0 .net "clk", 0 0, o0x7d7342a9dcd8;  alias, 0 drivers
v0x5b57cb670e10_0 .net "in", 0 0, L_0x5b57cb67a000;  1 drivers
v0x5b57cb670ed0_0 .net "load", 0 0, o0x7d7342a9de28;  alias, 0 drivers
v0x5b57cb670fa0_0 .net "next_value", 0 0, L_0x5b57cb679e10;  1 drivers
v0x5b57cb671070_0 .net "out", 0 0, L_0x5b57cb679f90;  1 drivers
v0x5b57cb671160_0 .net "stored", 0 0, v0x5b57cb670c20_0;  1 drivers
L_0x5b57cb679e10 .functor MUXZ 1, v0x5b57cb670c20_0, L_0x5b57cb67a000, o0x7d7342a9de28, C4<>;
S_0x5b57cb670830 .scope module, "storage" "DFF" 9 12, 10 3 0, S_0x5b57cb6705e0;
 .timescale -9 -12;
    .port_info 0 /INPUT 1 "clk";
    .port_info 1 /INPUT 1 "d";
    .port_info 2 /OUTPUT 1 "q";
v0x5b57cb670aa0_0 .net "clk", 0 0, o0x7d7342a9dcd8;  alias, 0 drivers
v0x5b57cb670b60_0 .net "d", 0 0, L_0x5b57cb679e10;  alias, 1 drivers
v0x5b57cb670c20_0 .var "q", 0 0;
S_0x5b57cb671270 .scope generate, "gen_bits[12]" "gen_bits[12]" 8 13, 8 13 0, S_0x5b57cb648130;
 .timescale -9 -12;
P_0x5b57cb671470 .param/l "i" 1 8 13, +C4<01100>;
S_0x5b57cb671550 .scope module, "bit_cell" "Bit" 8 14, 9 3 0, S_0x5b57cb671270;
 .timescale -9 -12;
    .port_info 0 /INPUT 1 "clk";
    .port_info 1 /INPUT 1 "load";
    .port_info 2 /INPUT 1 "in";
    .port_info 3 /OUTPUT 1 "out";
L_0x5b57cb67a2e0 .functor BUFZ 1, v0x5b57cb671b90_0, C4<0>, C4<0>, C4<0>;
v0x5b57cb671ce0_0 .net "clk", 0 0, o0x7d7342a9dcd8;  alias, 0 drivers
v0x5b57cb671d80_0 .net "in", 0 0, L_0x5b57cb67a350;  1 drivers
v0x5b57cb671e40_0 .net "load", 0 0, o0x7d7342a9de28;  alias, 0 drivers
v0x5b57cb671f10_0 .net "next_value", 0 0, L_0x5b57cb67a160;  1 drivers
v0x5b57cb671fe0_0 .net "out", 0 0, L_0x5b57cb67a2e0;  1 drivers
v0x5b57cb6720d0_0 .net "stored", 0 0, v0x5b57cb671b90_0;  1 drivers
L_0x5b57cb67a160 .functor MUXZ 1, v0x5b57cb671b90_0, L_0x5b57cb67a350, o0x7d7342a9de28, C4<>;
S_0x5b57cb6717a0 .scope module, "storage" "DFF" 9 12, 10 3 0, S_0x5b57cb671550;
 .timescale -9 -12;
    .port_info 0 /INPUT 1 "clk";
    .port_info 1 /INPUT 1 "d";
    .port_info 2 /OUTPUT 1 "q";
v0x5b57cb671a10_0 .net "clk", 0 0, o0x7d7342a9dcd8;  alias, 0 drivers
v0x5b57cb671ad0_0 .net "d", 0 0, L_0x5b57cb67a160;  alias, 1 drivers
v0x5b57cb671b90_0 .var "q", 0 0;
S_0x5b57cb6721e0 .scope generate, "gen_bits[13]" "gen_bits[13]" 8 13, 8 13 0, S_0x5b57cb648130;
 .timescale -9 -12;
P_0x5b57cb6723e0 .param/l "i" 1 8 13, +C4<01101>;
S_0x5b57cb6724c0 .scope module, "bit_cell" "Bit" 8 14, 9 3 0, S_0x5b57cb6721e0;
 .timescale -9 -12;
    .port_info 0 /INPUT 1 "clk";
    .port_info 1 /INPUT 1 "load";
    .port_info 2 /INPUT 1 "in";
    .port_info 3 /OUTPUT 1 "out";
L_0x5b57cb67a5c0 .functor BUFZ 1, v0x5b57cb672b00_0, C4<0>, C4<0>, C4<0>;
v0x5b57cb672c50_0 .net "clk", 0 0, o0x7d7342a9dcd8;  alias, 0 drivers
v0x5b57cb672cf0_0 .net "in", 0 0, L_0x5b57cb67a630;  1 drivers
v0x5b57cb672db0_0 .net "load", 0 0, o0x7d7342a9de28;  alias, 0 drivers
v0x5b57cb672e80_0 .net "next_value", 0 0, L_0x5b57cb67a440;  1 drivers
v0x5b57cb672f50_0 .net "out", 0 0, L_0x5b57cb67a5c0;  1 drivers
v0x5b57cb673040_0 .net "stored", 0 0, v0x5b57cb672b00_0;  1 drivers
L_0x5b57cb67a440 .functor MUXZ 1, v0x5b57cb672b00_0, L_0x5b57cb67a630, o0x7d7342a9de28, C4<>;
S_0x5b57cb672710 .scope module, "storage" "DFF" 9 12, 10 3 0, S_0x5b57cb6724c0;
 .timescale -9 -12;
    .port_info 0 /INPUT 1 "clk";
    .port_info 1 /INPUT 1 "d";
    .port_info 2 /OUTPUT 1 "q";
v0x5b57cb672980_0 .net "clk", 0 0, o0x7d7342a9dcd8;  alias, 0 drivers
v0x5b57cb672a40_0 .net "d", 0 0, L_0x5b57cb67a440;  alias, 1 drivers
v0x5b57cb672b00_0 .var "q", 0 0;
S_0x5b57cb673150 .scope generate, "gen_bits[14]" "gen_bits[14]" 8 13, 8 13 0, S_0x5b57cb648130;
 .timescale -9 -12;
P_0x5b57cb673350 .param/l "i" 1 8 13, +C4<01110>;
S_0x5b57cb673430 .scope module, "bit_cell" "Bit" 8 14, 9 3 0, S_0x5b57cb673150;
 .timescale -9 -12;
    .port_info 0 /INPUT 1 "clk";
    .port_info 1 /INPUT 1 "load";
    .port_info 2 /INPUT 1 "in";
    .port_info 3 /OUTPUT 1 "out";
L_0x5b57cb67a0f0 .functor BUFZ 1, v0x5b57cb673a70_0, C4<0>, C4<0>, C4<0>;
v0x5b57cb673bc0_0 .net "clk", 0 0, o0x7d7342a9dcd8;  alias, 0 drivers
v0x5b57cb673c60_0 .net "in", 0 0, L_0x5b57cb67a920;  1 drivers
v0x5b57cb673d20_0 .net "load", 0 0, o0x7d7342a9de28;  alias, 0 drivers
v0x5b57cb673df0_0 .net "next_value", 0 0, L_0x5b57cb67a7a0;  1 drivers
v0x5b57cb673ec0_0 .net "out", 0 0, L_0x5b57cb67a0f0;  1 drivers
v0x5b57cb673fb0_0 .net "stored", 0 0, v0x5b57cb673a70_0;  1 drivers
L_0x5b57cb67a7a0 .functor MUXZ 1, v0x5b57cb673a70_0, L_0x5b57cb67a920, o0x7d7342a9de28, C4<>;
S_0x5b57cb673680 .scope module, "storage" "DFF" 9 12, 10 3 0, S_0x5b57cb673430;
 .timescale -9 -12;
    .port_info 0 /INPUT 1 "clk";
    .port_info 1 /INPUT 1 "d";
    .port_info 2 /OUTPUT 1 "q";
v0x5b57cb6738f0_0 .net "clk", 0 0, o0x7d7342a9dcd8;  alias, 0 drivers
v0x5b57cb6739b0_0 .net "d", 0 0, L_0x5b57cb67a7a0;  alias, 1 drivers
v0x5b57cb673a70_0 .var "q", 0 0;
S_0x5b57cb6740c0 .scope generate, "gen_bits[15]" "gen_bits[15]" 8 13, 8 13 0, S_0x5b57cb648130;
 .timescale -9 -12;
P_0x5b57cb6742c0 .param/l "i" 1 8 13, +C4<01111>;
S_0x5b57cb6743a0 .scope module, "bit_cell" "Bit" 8 14, 9 3 0, S_0x5b57cb6740c0;
 .timescale -9 -12;
    .port_info 0 /INPUT 1 "clk";
    .port_info 1 /INPUT 1 "load";
    .port_info 2 /INPUT 1 "in";
    .port_info 3 /OUTPUT 1 "out";
L_0x5b57cb67af80 .functor BUFZ 1, v0x5b57cb6749e0_0, C4<0>, C4<0>, C4<0>;
v0x5b57cb674b30_0 .net "clk", 0 0, o0x7d7342a9dcd8;  alias, 0 drivers
v0x5b57cb674bd0_0 .net "in", 0 0, L_0x5b57cb67aff0;  1 drivers
v0x5b57cb674c90_0 .net "load", 0 0, o0x7d7342a9de28;  alias, 0 drivers
v0x5b57cb674d60_0 .net "next_value", 0 0, L_0x5b57cb67aa10;  1 drivers
v0x5b57cb674e30_0 .net "out", 0 0, L_0x5b57cb67af80;  1 drivers
v0x5b57cb674f20_0 .net "stored", 0 0, v0x5b57cb6749e0_0;  1 drivers
L_0x5b57cb67aa10 .functor MUXZ 1, v0x5b57cb6749e0_0, L_0x5b57cb67aff0, o0x7d7342a9de28, C4<>;
S_0x5b57cb6745f0 .scope module, "storage" "DFF" 9 12, 10 3 0, S_0x5b57cb6743a0;
 .timescale -9 -12;
    .port_info 0 /INPUT 1 "clk";
    .port_info 1 /INPUT 1 "d";
    .port_info 2 /OUTPUT 1 "q";
v0x5b57cb674860_0 .net "clk", 0 0, o0x7d7342a9dcd8;  alias, 0 drivers
v0x5b57cb674920_0 .net "d", 0 0, L_0x5b57cb67aa10;  alias, 1 drivers
v0x5b57cb6749e0_0 .var "q", 0 0;
S_0x5b57cb6496a0 .scope module, "tb_ram512" "tb_ram512" 11 3;
 .timescale -9 -12;
P_0x5b57cb63e8e0 .param/l "AW" 1 11 4, +C4<00000000000000000000000000001001>;
v0x5b57cb676d50_0 .var "address", 8 0;
v0x5b57cb676e60_0 .var "clk", 0 0;
v0x5b57cb676f30_0 .var "in", 15 0;
v0x5b57cb677030_0 .var "load", 0 0;
v0x5b57cb677100_0 .net "out", 15 0, L_0x5b57cb67ba50;  1 drivers
S_0x5b57cb6758f0 .scope module, "dut" "RAM512" 11 12, 12 3 0, S_0x5b57cb6496a0;
 .timescale -9 -12;
    .port_info 0 /INPUT 1 "clk";
    .port_info 1 /INPUT 1 "load";
    .port_info 2 /INPUT 9 "address";
    .port_info 3 /INPUT 16 "in";
    .port_info 4 /OUTPUT 16 "out";
P_0x5b57cb675af0 .param/l "DEPTH" 1 12 10, +C4<00000000000000000000001000000000>;
L_0x5b57cb67ba50 .functor BUFZ 16, L_0x5b57cb67b7d0, C4<0000000000000000>, C4<0000000000000000>, C4<0000000000000000>;
v0x5b57cb675c40_0 .net *"_ivl_0", 15 0, L_0x5b57cb67b7d0;  1 drivers
v0x5b57cb675d40_0 .net *"_ivl_2", 10 0, L_0x5b57cb67b870;  1 drivers
L_0x7d73427b7138 .functor BUFT 1, C4<00>, C4<0>, C4<0>, C4<0>;
v0x5b57cb675e20_0 .net *"_ivl_5", 1 0, L_0x7d73427b7138;  1 drivers
v0x5b57cb675f10_0 .net "address", 8 0, v0x5b57cb676d50_0;  1 drivers
v0x5b57cb675ff0_0 .net "clk", 0 0, v0x5b57cb676e60_0;  1 drivers
v0x5b57cb676100_0 .var/i "idx", 31 0;
v0x5b57cb6761e0_0 .net "in", 15 0, v0x5b57cb676f30_0;  1 drivers
v0x5b57cb6762c0_0 .net "load", 0 0, v0x5b57cb677030_0;  1 drivers
v0x5b57cb676380 .array "mem", 511 0, 15 0;
v0x5b57cb676440_0 .net "out", 15 0, L_0x5b57cb67ba50;  alias, 1 drivers
E_0x5b57cb675bc0 .event posedge, v0x5b57cb675ff0_0;
L_0x5b57cb67b7d0 .array/port v0x5b57cb676380, L_0x5b57cb67b870;
L_0x5b57cb67b870 .concat [ 9 2 0 0], v0x5b57cb676d50_0, L_0x7d73427b7138;
S_0x5b57cb6765c0 .scope task, "expect_word" "expect_word" 11 37, 11 37 0, S_0x5b57cb6496a0;
 .timescale -9 -12;
v0x5b57cb676770_0 .var "addr", 8 0;
v0x5b57cb676850_0 .var "value", 15 0;
TD_tb_ram512.expect_word ;
    %load/vec4 v0x5b57cb676770_0;
    %store/vec4 v0x5b57cb676d50_0, 0, 9;
    %delay 1000, 0;
    %load/vec4 v0x5b57cb677100_0;
    %load/vec4 v0x5b57cb676850_0;
    %cmp/ne;
    %jmp/0xz  T_0.0, 6;
    %vpi_call/w 11 41 "$fatal", 32'sb00000000000000000000000000000001, "RAM512 mismatch at %0d: exp=%h got=%h", v0x5b57cb676770_0, v0x5b57cb676850_0, v0x5b57cb677100_0 {0 0 0};
T_0.0 ;
    %end;
S_0x5b57cb676930 .scope task, "write_word" "write_word" 11 25, 11 25 0, S_0x5b57cb6496a0;
 .timescale -9 -12;
v0x5b57cb676b70_0 .var "addr", 8 0;
v0x5b57cb676c70_0 .var "value", 15 0;
E_0x5b57cb676b10 .event negedge, v0x5b57cb675ff0_0;
TD_tb_ram512.write_word ;
    %load/vec4 v0x5b57cb676b70_0;
    %store/vec4 v0x5b57cb676d50_0, 0, 9;
    %load/vec4 v0x5b57cb676c70_0;
    %store/vec4 v0x5b57cb676f30_0, 0, 16;
    %pushi/vec4 1, 0, 1;
    %store/vec4 v0x5b57cb677030_0, 0, 1;
    %wait E_0x5b57cb675bc0;
    %delay 1000, 0;
    %pushi/vec4 0, 0, 1;
    %store/vec4 v0x5b57cb677030_0, 0, 1;
    %wait E_0x5b57cb676b10;
    %end;
    .scope S_0x5b57cb642b70;
T_2 ;
    %pushi/vec4 0, 0, 16;
    %store/vec4 v0x5b57cb6361d0_0, 0, 16;
    %end;
    .thread T_2;
    .scope S_0x5b57cb642b70;
T_3 ;
    %wait E_0x5b57cb5fe6b0;
    %load/vec4 v0x5b57cb635820_0;
    %flag_set/vec4 8;
    %jmp/0xz  T_3.0, 8;
    %pushi/vec4 0, 0, 16;
    %assign/vec4 v0x5b57cb6361d0_0, 0;
    %jmp T_3.1;
T_3.0 ;
    %load/vec4 v0x5b57cb637740_0;
    %flag_set/vec4 8;
    %jmp/0xz  T_3.2, 8;
    %load/vec4 v0x5b57cb63a220_0;
    %assign/vec4 v0x5b57cb6361d0_0, 0;
    %jmp T_3.3;
T_3.2 ;
    %load/vec4 v0x5b57cb638cb0_0;
    %flag_set/vec4 8;
    %jmp/0xz  T_3.4, 8;
    %load/vec4 v0x5b57cb6361d0_0;
    %addi 1, 0, 16;
    %assign/vec4 v0x5b57cb6361d0_0, 0;
T_3.4 ;
T_3.3 ;
T_3.1 ;
    %jmp T_3;
    .thread T_3;
    .scope S_0x5b57cb6440e0;
T_4 ;
    %pushi/vec4 0, 0, 32;
    %store/vec4 v0x5b57cb6638b0_0, 0, 32;
T_4.0 ;
    %load/vec4 v0x5b57cb6638b0_0;
    %cmpi/s 16384, 0, 32;
    %jmp/0xz T_4.1, 5;
    %pushi/vec4 0, 0, 16;
    %ix/getv/s 4, v0x5b57cb6638b0_0;
    %store/vec4a v0x5b57cb663b30, 4, 0;
    %load/vec4 v0x5b57cb6638b0_0;
    %addi 1, 0, 32;
    %store/vec4 v0x5b57cb6638b0_0, 0, 32;
    %jmp T_4.0;
T_4.1 ;
    %end;
    .thread T_4;
    .scope S_0x5b57cb6440e0;
T_5 ;
    %wait E_0x5b57cb5fe900;
    %load/vec4 v0x5b57cb663a70_0;
    %flag_set/vec4 8;
    %jmp/0xz  T_5.0, 8;
    %load/vec4 v0x5b57cb663990_0;
    %load/vec4 v0x5b57cb6636c0_0;
    %pad/u 16;
    %ix/vec4 3;
    %ix/load 4, 0, 0; Constant delay
    %assign/vec4/a/d v0x5b57cb663b30, 0, 4;
T_5.0 ;
    %jmp T_5;
    .thread T_5;
    .scope S_0x5b57cb645650;
T_6 ;
    %pushi/vec4 0, 0, 32;
    %store/vec4 v0x5b57cb6641f0_0, 0, 32;
T_6.0 ;
    %load/vec4 v0x5b57cb6641f0_0;
    %cmpi/s 4096, 0, 32;
    %jmp/0xz T_6.1, 5;
    %pushi/vec4 0, 0, 16;
    %ix/getv/s 4, v0x5b57cb6641f0_0;
    %store/vec4a v0x5b57cb664470, 4, 0;
    %load/vec4 v0x5b57cb6641f0_0;
    %addi 1, 0, 32;
    %store/vec4 v0x5b57cb6641f0_0, 0, 32;
    %jmp T_6.0;
T_6.1 ;
    %end;
    .thread T_6;
    .scope S_0x5b57cb645650;
T_7 ;
    %wait E_0x5b57cb5feb60;
    %load/vec4 v0x5b57cb6643b0_0;
    %flag_set/vec4 8;
    %jmp/0xz  T_7.0, 8;
    %load/vec4 v0x5b57cb6642d0_0;
    %load/vec4 v0x5b57cb664050_0;
    %pad/u 14;
    %ix/vec4 3;
    %ix/load 4, 0, 0; Constant delay
    %assign/vec4/a/d v0x5b57cb664470, 0, 4;
T_7.0 ;
    %jmp T_7;
    .thread T_7;
    .scope S_0x5b57cb636a80;
T_8 ;
    %pushi/vec4 0, 0, 32;
    %store/vec4 v0x5b57cb664bc0_0, 0, 32;
T_8.0 ;
    %load/vec4 v0x5b57cb664bc0_0;
    %cmpi/s 64, 0, 32;
    %jmp/0xz T_8.1, 5;
    %pushi/vec4 0, 0, 16;
    %ix/getv/s 4, v0x5b57cb664bc0_0;
    %store/vec4a v0x5b57cb664e40, 4, 0;
    %load/vec4 v0x5b57cb664bc0_0;
    %addi 1, 0, 32;
    %store/vec4 v0x5b57cb664bc0_0, 0, 32;
    %jmp T_8.0;
T_8.1 ;
    %end;
    .thread T_8;
    .scope S_0x5b57cb636a80;
T_9 ;
    %wait E_0x5b57cb5fecf0;
    %load/vec4 v0x5b57cb664d80_0;
    %flag_set/vec4 8;
    %jmp/0xz  T_9.0, 8;
    %load/vec4 v0x5b57cb664ca0_0;
    %load/vec4 v0x5b57cb664a20_0;
    %pad/u 8;
    %ix/vec4 3;
    %ix/load 4, 0, 0; Constant delay
    %assign/vec4/a/d v0x5b57cb664e40, 0, 4;
T_9.0 ;
    %jmp T_9;
    .thread T_9;
    .scope S_0x5b57cb646bc0;
T_10 ;
    %pushi/vec4 0, 0, 32;
    %store/vec4 v0x5b57cb665590_0, 0, 32;
T_10.0 ;
    %load/vec4 v0x5b57cb665590_0;
    %cmpi/s 8, 0, 32;
    %jmp/0xz T_10.1, 5;
    %pushi/vec4 0, 0, 16;
    %ix/getv/s 4, v0x5b57cb665590_0;
    %store/vec4a v0x5b57cb665810, 4, 0;
    %load/vec4 v0x5b57cb665590_0;
    %addi 1, 0, 32;
    %store/vec4 v0x5b57cb665590_0, 0, 32;
    %jmp T_10.0;
T_10.1 ;
    %end;
    .thread T_10;
    .scope S_0x5b57cb646bc0;
T_11 ;
    %wait E_0x5b57cb5e1880;
    %load/vec4 v0x5b57cb665750_0;
    %flag_set/vec4 8;
    %jmp/0xz  T_11.0, 8;
    %load/vec4 v0x5b57cb665670_0;
    %load/vec4 v0x5b57cb6653f0_0;
    %pad/u 5;
    %ix/vec4 3;
    %ix/load 4, 0, 0; Constant delay
    %assign/vec4/a/d v0x5b57cb665810, 0, 4;
T_11.0 ;
    %jmp T_11;
    .thread T_11;
    .scope S_0x5b57cb665f70;
T_12 ;
    %pushi/vec4 0, 0, 1;
    %store/vec4 v0x5b57cb666400_0, 0, 1;
    %end;
    .thread T_12;
    .scope S_0x5b57cb665f70;
T_13 ;
    %wait E_0x5b57cb6661e0;
    %load/vec4 v0x5b57cb666340_0;
    %assign/vec4 v0x5b57cb666400_0, 0;
    %jmp T_13;
    .thread T_13;
    .scope S_0x5b57cb666ee0;
T_14 ;
    %pushi/vec4 0, 0, 1;
    %store/vec4 v0x5b57cb667320_0, 0, 1;
    %end;
    .thread T_14;
    .scope S_0x5b57cb666ee0;
T_15 ;
    %wait E_0x5b57cb6661e0;
    %load/vec4 v0x5b57cb667260_0;
    %assign/vec4 v0x5b57cb667320_0, 0;
    %jmp T_15;
    .thread T_15;
    .scope S_0x5b57cb667e20;
T_16 ;
    %pushi/vec4 0, 0, 1;
    %store/vec4 v0x5b57cb6682a0_0, 0, 1;
    %end;
    .thread T_16;
    .scope S_0x5b57cb667e20;
T_17 ;
    %wait E_0x5b57cb6661e0;
    %load/vec4 v0x5b57cb6681e0_0;
    %assign/vec4 v0x5b57cb6682a0_0, 0;
    %jmp T_17;
    .thread T_17;
    .scope S_0x5b57cb668d80;
T_18 ;
    %pushi/vec4 0, 0, 1;
    %store/vec4 v0x5b57cb669170_0, 0, 1;
    %end;
    .thread T_18;
    .scope S_0x5b57cb668d80;
T_19 ;
    %wait E_0x5b57cb6661e0;
    %load/vec4 v0x5b57cb6690b0_0;
    %assign/vec4 v0x5b57cb669170_0, 0;
    %jmp T_19;
    .thread T_19;
    .scope S_0x5b57cb669cd0;
T_20 ;
    %pushi/vec4 0, 0, 1;
    %store/vec4 v0x5b57cb66a0c0_0, 0, 1;
    %end;
    .thread T_20;
    .scope S_0x5b57cb669cd0;
T_21 ;
    %wait E_0x5b57cb6661e0;
    %load/vec4 v0x5b57cb66a000_0;
    %assign/vec4 v0x5b57cb66a0c0_0, 0;
    %jmp T_21;
    .thread T_21;
    .scope S_0x5b57cb66ab50;
T_22 ;
    %pushi/vec4 0, 0, 1;
    %store/vec4 v0x5b57cb66af40_0, 0, 1;
    %end;
    .thread T_22;
    .scope S_0x5b57cb66ab50;
T_23 ;
    %wait E_0x5b57cb6661e0;
    %load/vec4 v0x5b57cb66ae80_0;
    %assign/vec4 v0x5b57cb66af40_0, 0;
    %jmp T_23;
    .thread T_23;
    .scope S_0x5b57cb66bac0;
T_24 ;
    %pushi/vec4 0, 0, 1;
    %store/vec4 v0x5b57cb66beb0_0, 0, 1;
    %end;
    .thread T_24;
    .scope S_0x5b57cb66bac0;
T_25 ;
    %wait E_0x5b57cb6661e0;
    %load/vec4 v0x5b57cb66bdf0_0;
    %assign/vec4 v0x5b57cb66beb0_0, 0;
    %jmp T_25;
    .thread T_25;
    .scope S_0x5b57cb66ca30;
T_26 ;
    %pushi/vec4 0, 0, 1;
    %store/vec4 v0x5b57cb66ce20_0, 0, 1;
    %end;
    .thread T_26;
    .scope S_0x5b57cb66ca30;
T_27 ;
    %wait E_0x5b57cb6661e0;
    %load/vec4 v0x5b57cb66cd60_0;
    %assign/vec4 v0x5b57cb66ce20_0, 0;
    %jmp T_27;
    .thread T_27;
    .scope S_0x5b57cb66d9e0;
T_28 ;
    %pushi/vec4 0, 0, 1;
    %store/vec4 v0x5b57cb66ddd0_0, 0, 1;
    %end;
    .thread T_28;
    .scope S_0x5b57cb66d9e0;
T_29 ;
    %wait E_0x5b57cb6661e0;
    %load/vec4 v0x5b57cb66dd10_0;
    %assign/vec4 v0x5b57cb66ddd0_0, 0;
    %jmp T_29;
    .thread T_29;
    .scope S_0x5b57cb66e950;
T_30 ;
    %pushi/vec4 0, 0, 1;
    %store/vec4 v0x5b57cb66ed40_0, 0, 1;
    %end;
    .thread T_30;
    .scope S_0x5b57cb66e950;
T_31 ;
    %wait E_0x5b57cb6661e0;
    %load/vec4 v0x5b57cb66ec80_0;
    %assign/vec4 v0x5b57cb66ed40_0, 0;
    %jmp T_31;
    .thread T_31;
    .scope S_0x5b57cb66f8c0;
T_32 ;
    %pushi/vec4 0, 0, 1;
    %store/vec4 v0x5b57cb66fcb0_0, 0, 1;
    %end;
    .thread T_32;
    .scope S_0x5b57cb66f8c0;
T_33 ;
    %wait E_0x5b57cb6661e0;
    %load/vec4 v0x5b57cb66fbf0_0;
    %assign/vec4 v0x5b57cb66fcb0_0, 0;
    %jmp T_33;
    .thread T_33;
    .scope S_0x5b57cb670830;
T_34 ;
    %pushi/vec4 0, 0, 1;
    %store/vec4 v0x5b57cb670c20_0, 0, 1;
    %end;
    .thread T_34;
    .scope S_0x5b57cb670830;
T_35 ;
    %wait E_0x5b57cb6661e0;
    %load/vec4 v0x5b57cb670b60_0;
    %assign/vec4 v0x5b57cb670c20_0, 0;
    %jmp T_35;
    .thread T_35;
    .scope S_0x5b57cb6717a0;
T_36 ;
    %pushi/vec4 0, 0, 1;
    %store/vec4 v0x5b57cb671b90_0, 0, 1;
    %end;
    .thread T_36;
    .scope S_0x5b57cb6717a0;
T_37 ;
    %wait E_0x5b57cb6661e0;
    %load/vec4 v0x5b57cb671ad0_0;
    %assign/vec4 v0x5b57cb671b90_0, 0;
    %jmp T_37;
    .thread T_37;
    .scope S_0x5b57cb672710;
T_38 ;
    %pushi/vec4 0, 0, 1;
    %store/vec4 v0x5b57cb672b00_0, 0, 1;
    %end;
    .thread T_38;
    .scope S_0x5b57cb672710;
T_39 ;
    %wait E_0x5b57cb6661e0;
    %load/vec4 v0x5b57cb672a40_0;
    %assign/vec4 v0x5b57cb672b00_0, 0;
    %jmp T_39;
    .thread T_39;
    .scope S_0x5b57cb673680;
T_40 ;
    %pushi/vec4 0, 0, 1;
    %store/vec4 v0x5b57cb673a70_0, 0, 1;
    %end;
    .thread T_40;
    .scope S_0x5b57cb673680;
T_41 ;
    %wait E_0x5b57cb6661e0;
    %load/vec4 v0x5b57cb6739b0_0;
    %assign/vec4 v0x5b57cb673a70_0, 0;
    %jmp T_41;
    .thread T_41;
    .scope S_0x5b57cb6745f0;
T_42 ;
    %pushi/vec4 0, 0, 1;
    %store/vec4 v0x5b57cb6749e0_0, 0, 1;
    %end;
    .thread T_42;
    .scope S_0x5b57cb6745f0;
T_43 ;
    %wait E_0x5b57cb6661e0;
    %load/vec4 v0x5b57cb674920_0;
    %assign/vec4 v0x5b57cb6749e0_0, 0;
    %jmp T_43;
    .thread T_43;
    .scope S_0x5b57cb6758f0;
T_44 ;
    %pushi/vec4 0, 0, 32;
    %store/vec4 v0x5b57cb676100_0, 0, 32;
T_44.0 ;
    %load/vec4 v0x5b57cb676100_0;
    %cmpi/s 512, 0, 32;
    %jmp/0xz T_44.1, 5;
    %pushi/vec4 0, 0, 16;
    %ix/getv/s 4, v0x5b57cb676100_0;
    %store/vec4a v0x5b57cb676380, 4, 0;
    %load/vec4 v0x5b57cb676100_0;
    %addi 1, 0, 32;
    %store/vec4 v0x5b57cb676100_0, 0, 32;
    %jmp T_44.0;
T_44.1 ;
    %end;
    .thread T_44;
    .scope S_0x5b57cb6758f0;
T_45 ;
    %wait E_0x5b57cb675bc0;
    %load/vec4 v0x5b57cb6762c0_0;
    %flag_set/vec4 8;
    %jmp/0xz  T_45.0, 8;
    %load/vec4 v0x5b57cb6761e0_0;
    %load/vec4 v0x5b57cb675f10_0;
    %pad/u 11;
    %ix/vec4 3;
    %ix/load 4, 0, 0; Constant delay
    %assign/vec4/a/d v0x5b57cb676380, 0, 4;
T_45.0 ;
    %jmp T_45;
    .thread T_45;
    .scope S_0x5b57cb6496a0;
T_46 ;
    %pushi/vec4 0, 0, 1;
    %store/vec4 v0x5b57cb676e60_0, 0, 1;
T_46.0 ;
    %delay 5000, 0;
    %load/vec4 v0x5b57cb676e60_0;
    %inv;
    %store/vec4 v0x5b57cb676e60_0, 0, 1;
    %jmp T_46.0;
    %end;
    .thread T_46;
    .scope S_0x5b57cb6496a0;
T_47 ;
    %pushi/vec4 0, 0, 1;
    %store/vec4 v0x5b57cb677030_0, 0, 1;
    %pushi/vec4 0, 0, 9;
    %store/vec4 v0x5b57cb676d50_0, 0, 9;
    %pushi/vec4 0, 0, 16;
    %store/vec4 v0x5b57cb676f30_0, 0, 16;
    %pushi/vec4 2, 0, 32;
T_47.0 %dup/vec4;
    %pushi/vec4 0, 0, 32;
    %cmp/s;
    %jmp/1xz T_47.1, 5;
    %jmp/1 T_47.1, 4;
    %pushi/vec4 1, 0, 32;
    %sub;
    %wait E_0x5b57cb675bc0;
    %jmp T_47.0;
T_47.1 ;
    %pop/vec4 1;
    %pushi/vec4 0, 0, 9;
    %store/vec4 v0x5b57cb676b70_0, 0, 9;
    %pushi/vec4 43690, 0, 16;
    %store/vec4 v0x5b57cb676c70_0, 0, 16;
    %fork TD_tb_ram512.write_word, S_0x5b57cb676930;
    %join;
    %pushi/vec4 255, 0, 9;
    %store/vec4 v0x5b57cb676b70_0, 0, 9;
    %pushi/vec4 48879, 0, 16;
    %store/vec4 v0x5b57cb676c70_0, 0, 16;
    %fork TD_tb_ram512.write_word, S_0x5b57cb676930;
    %join;
    %pushi/vec4 511, 0, 9;
    %store/vec4 v0x5b57cb676b70_0, 0, 9;
    %pushi/vec4 4660, 0, 16;
    %store/vec4 v0x5b57cb676c70_0, 0, 16;
    %fork TD_tb_ram512.write_word, S_0x5b57cb676930;
    %join;
    %pushi/vec4 0, 0, 9;
    %store/vec4 v0x5b57cb676770_0, 0, 9;
    %pushi/vec4 43690, 0, 16;
    %store/vec4 v0x5b57cb676850_0, 0, 16;
    %fork TD_tb_ram512.expect_word, S_0x5b57cb6765c0;
    %join;
    %pushi/vec4 255, 0, 9;
    %store/vec4 v0x5b57cb676770_0, 0, 9;
    %pushi/vec4 48879, 0, 16;
    %store/vec4 v0x5b57cb676850_0, 0, 16;
    %fork TD_tb_ram512.expect_word, S_0x5b57cb6765c0;
    %join;
    %pushi/vec4 511, 0, 9;
    %store/vec4 v0x5b57cb676770_0, 0, 9;
    %pushi/vec4 4660, 0, 16;
    %store/vec4 v0x5b57cb676850_0, 0, 16;
    %fork TD_tb_ram512.expect_word, S_0x5b57cb6765c0;
    %join;
    %pushi/vec4 100, 0, 9;
    %store/vec4 v0x5b57cb676770_0, 0, 9;
    %pushi/vec4 0, 0, 16;
    %store/vec4 v0x5b57cb676850_0, 0, 16;
    %fork TD_tb_ram512.expect_word, S_0x5b57cb6765c0;
    %join;
    %vpi_call/w 11 60 "$display", "tb_ram512 passed" {0 0 0};
    %vpi_call/w 11 61 "$finish" {0 0 0};
    %end;
    .thread T_47;
# The file index is used to find the file name in the following table.
:file_names 13;
    "N/A";
    "<interactive>";
    "-";
    "pc.v";
    "ram16k.v";
    "ram4k.v";
    "ram64.v";
    "ram8.v";
    "register.v";
    "bit.v";
    "dff.v";
    "tb_ram512.v";
    "ram512.v";
