#! /usr/bin/vvp
:ivl_version "12.0 (stable)";
:ivl_delay_selection "TYPICAL";
:vpi_time_precision - 12;
:vpi_module "/usr/lib/x86_64-linux-gnu/ivl/system.vpi";
:vpi_module "/usr/lib/x86_64-linux-gnu/ivl/vhdl_sys.vpi";
:vpi_module "/usr/lib/x86_64-linux-gnu/ivl/vhdl_textio.vpi";
:vpi_module "/usr/lib/x86_64-linux-gnu/ivl/v2005_math.vpi";
:vpi_module "/usr/lib/x86_64-linux-gnu/ivl/va_math.vpi";
:vpi_module "/usr/lib/x86_64-linux-gnu/ivl/v2009.vpi";
S_0x58198b8a7060 .scope package, "$unit" "$unit" 2 1;
 .timescale 0 0;
S_0x58198b8b1be0 .scope module, "PC" "PC" 3 3;
 .timescale -9 -12;
    .port_info 0 /INPUT 1 "clk";
    .port_info 1 /INPUT 1 "reset";
    .port_info 2 /INPUT 1 "load";
    .port_info 3 /INPUT 1 "inc";
    .port_info 4 /INPUT 16 "in";
    .port_info 5 /OUTPUT 16 "out";
o0x781ee6fa0018 .functor BUFZ 1, C4<z>; HiZ drive
v0x58198b8aa800_0 .net "clk", 0 0, o0x781ee6fa0018;  0 drivers
o0x781ee6fa0048 .functor BUFZ 16, C4<zzzzzzzzzzzzzzzz>; HiZ drive
v0x58198b8a9290_0 .net "in", 15 0, o0x781ee6fa0048;  0 drivers
o0x781ee6fa0078 .functor BUFZ 1, C4<z>; HiZ drive
v0x58198b8a7d20_0 .net "inc", 0 0, o0x781ee6fa0078;  0 drivers
o0x781ee6fa00a8 .functor BUFZ 1, C4<z>; HiZ drive
v0x58198b8a67b0_0 .net "load", 0 0, o0x781ee6fa00a8;  0 drivers
v0x58198b8a5240_0 .var "out", 15 0;
o0x781ee6fa0108 .functor BUFZ 1, C4<z>; HiZ drive
v0x58198b8a4890_0 .net "reset", 0 0, o0x781ee6fa0108;  0 drivers
E_0x58198b86d720 .event posedge, v0x58198b8aa800_0;
S_0x58198b8b3150 .scope module, "RAM4K" "RAM4K" 4 3;
 .timescale -9 -12;
    .port_info 0 /INPUT 1 "clk";
    .port_info 1 /INPUT 1 "load";
    .port_info 2 /INPUT 12 "address";
    .port_info 3 /INPUT 16 "in";
    .port_info 4 /OUTPUT 16 "out";
P_0x58198b86b940 .param/l "DEPTH" 1 4 10, +C4<00000000000000000001000000000000>;
L_0x58198b8e6550 .functor BUFZ 16, L_0x58198b8e62e0, C4<0000000000000000>, C4<0000000000000000>, C4<0000000000000000>;
v0x58198b8d2510_0 .net *"_ivl_0", 15 0, L_0x58198b8e62e0;  1 drivers
v0x58198b8d2610_0 .net *"_ivl_2", 13 0, L_0x58198b8e63e0;  1 drivers
L_0x781ee6f57018 .functor BUFT 1, C4<00>, C4<0>, C4<0>, C4<0>;
v0x58198b8d26f0_0 .net *"_ivl_5", 1 0, L_0x781ee6f57018;  1 drivers
o0x781ee6fa02e8 .functor BUFZ 12, C4<zzzzzzzzzzzz>; HiZ drive
v0x58198b8d27b0_0 .net "address", 11 0, o0x781ee6fa02e8;  0 drivers
o0x781ee6fa0318 .functor BUFZ 1, C4<z>; HiZ drive
v0x58198b8d2890_0 .net "clk", 0 0, o0x781ee6fa0318;  0 drivers
v0x58198b8d29a0_0 .var/i "idx", 31 0;
o0x781ee6fa0378 .functor BUFZ 16, C4<zzzzzzzzzzzzzzzz>; HiZ drive
v0x58198b8d2a80_0 .net "in", 15 0, o0x781ee6fa0378;  0 drivers
o0x781ee6fa03a8 .functor BUFZ 1, C4<z>; HiZ drive
v0x58198b8d2b60_0 .net "load", 0 0, o0x781ee6fa03a8;  0 drivers
v0x58198b8d2c20 .array "mem", 4095 0, 15 0;
v0x58198b8d2ce0_0 .net "out", 15 0, L_0x58198b8e6550;  1 drivers
E_0x58198b86d970 .event posedge, v0x58198b8d2890_0;
L_0x58198b8e62e0 .array/port v0x58198b8d2c20, L_0x58198b8e63e0;
L_0x58198b8e63e0 .concat [ 12 2 0 0], o0x781ee6fa02e8, L_0x781ee6f57018;
S_0x58198b8b46c0 .scope module, "RAM512" "RAM512" 5 3;
 .timescale -9 -12;
    .port_info 0 /INPUT 1 "clk";
    .port_info 1 /INPUT 1 "load";
    .port_info 2 /INPUT 9 "address";
    .port_info 3 /INPUT 16 "in";
    .port_info 4 /OUTPUT 16 "out";
P_0x58198b8b6f60 .param/l "DEPTH" 1 5 10, +C4<00000000000000000000001000000000>;
L_0x58198b8e6850 .functor BUFZ 16, L_0x58198b8e6610, C4<0000000000000000>, C4<0000000000000000>, C4<0000000000000000>;
v0x58198b8d2ea0_0 .net *"_ivl_0", 15 0, L_0x58198b8e6610;  1 drivers
v0x58198b8d2fa0_0 .net *"_ivl_2", 10 0, L_0x58198b8e66e0;  1 drivers
L_0x781ee6f57060 .functor BUFT 1, C4<00>, C4<0>, C4<0>, C4<0>;
v0x58198b8d3080_0 .net *"_ivl_5", 1 0, L_0x781ee6f57060;  1 drivers
o0x781ee6fa0588 .functor BUFZ 9, C4<zzzzzzzzz>; HiZ drive
v0x58198b8d3140_0 .net "address", 8 0, o0x781ee6fa0588;  0 drivers
o0x781ee6fa05b8 .functor BUFZ 1, C4<z>; HiZ drive
v0x58198b8d3220_0 .net "clk", 0 0, o0x781ee6fa05b8;  0 drivers
v0x58198b8d32e0_0 .var/i "idx", 31 0;
o0x781ee6fa0618 .functor BUFZ 16, C4<zzzzzzzzzzzzzzzz>; HiZ drive
v0x58198b8d33c0_0 .net "in", 15 0, o0x781ee6fa0618;  0 drivers
o0x781ee6fa0648 .functor BUFZ 1, C4<z>; HiZ drive
v0x58198b8d34a0_0 .net "load", 0 0, o0x781ee6fa0648;  0 drivers
v0x58198b8d3560 .array "mem", 511 0, 15 0;
v0x58198b8d36b0_0 .net "out", 15 0, L_0x58198b8e6850;  1 drivers
E_0x58198b86dbd0 .event posedge, v0x58198b8d3220_0;
L_0x58198b8e6610 .array/port v0x58198b8d3560, L_0x58198b8e66e0;
L_0x58198b8e66e0 .concat [ 9 2 0 0], o0x781ee6fa0588, L_0x781ee6f57060;
S_0x58198b8a5af0 .scope module, "RAM64" "RAM64" 6 3;
 .timescale -9 -12;
    .port_info 0 /INPUT 1 "clk";
    .port_info 1 /INPUT 1 "load";
    .port_info 2 /INPUT 6 "address";
    .port_info 3 /INPUT 16 "in";
    .port_info 4 /OUTPUT 16 "out";
P_0x58198b8b4480 .param/l "DEPTH" 1 6 10, +C4<00000000000000000000000001000000>;
L_0x58198b8e6b50 .functor BUFZ 16, L_0x58198b8e6910, C4<0000000000000000>, C4<0000000000000000>, C4<0000000000000000>;
v0x58198b8d3870_0 .net *"_ivl_0", 15 0, L_0x58198b8e6910;  1 drivers
v0x58198b8d3970_0 .net *"_ivl_2", 7 0, L_0x58198b8e69e0;  1 drivers
L_0x781ee6f570a8 .functor BUFT 1, C4<00>, C4<0>, C4<0>, C4<0>;
v0x58198b8d3a50_0 .net *"_ivl_5", 1 0, L_0x781ee6f570a8;  1 drivers
o0x781ee6fa0828 .functor BUFZ 6, C4<zzzzzz>; HiZ drive
v0x58198b8d3b10_0 .net "address", 5 0, o0x781ee6fa0828;  0 drivers
o0x781ee6fa0858 .functor BUFZ 1, C4<z>; HiZ drive
v0x58198b8d3bf0_0 .net "clk", 0 0, o0x781ee6fa0858;  0 drivers
v0x58198b8d3cb0_0 .var/i "idx", 31 0;
o0x781ee6fa08b8 .functor BUFZ 16, C4<zzzzzzzzzzzzzzzz>; HiZ drive
v0x58198b8d3d90_0 .net "in", 15 0, o0x781ee6fa08b8;  0 drivers
o0x781ee6fa08e8 .functor BUFZ 1, C4<z>; HiZ drive
v0x58198b8d3e70_0 .net "load", 0 0, o0x781ee6fa08e8;  0 drivers
v0x58198b8d3f30 .array "mem", 63 0, 15 0;
v0x58198b8d4080_0 .net "out", 15 0, L_0x58198b8e6b50;  1 drivers
E_0x58198b86dd60 .event posedge, v0x58198b8d3bf0_0;
L_0x58198b8e6910 .array/port v0x58198b8d3f30, L_0x58198b8e69e0;
L_0x58198b8e69e0 .concat [ 6 2 0 0], o0x781ee6fa0828, L_0x781ee6f570a8;
S_0x58198b8b5c30 .scope module, "RAM8" "RAM8" 7 3;
 .timescale -9 -12;
    .port_info 0 /INPUT 1 "clk";
    .port_info 1 /INPUT 1 "load";
    .port_info 2 /INPUT 3 "address";
    .port_info 3 /INPUT 16 "in";
    .port_info 4 /OUTPUT 16 "out";
P_0x58198b8b19a0 .param/l "DEPTH" 1 7 10, +C4<00000000000000000000000000001000>;
L_0x58198b8e6e80 .functor BUFZ 16, L_0x58198b8e6c40, C4<0000000000000000>, C4<0000000000000000>, C4<0000000000000000>;
v0x58198b8d4240_0 .net *"_ivl_0", 15 0, L_0x58198b8e6c40;  1 drivers
v0x58198b8d4340_0 .net *"_ivl_2", 4 0, L_0x58198b8e6d10;  1 drivers
L_0x781ee6f570f0 .functor BUFT 1, C4<00>, C4<0>, C4<0>, C4<0>;
v0x58198b8d4420_0 .net *"_ivl_5", 1 0, L_0x781ee6f570f0;  1 drivers
o0x781ee6fa0ac8 .functor BUFZ 3, C4<zzz>; HiZ drive
v0x58198b8d44e0_0 .net "address", 2 0, o0x781ee6fa0ac8;  0 drivers
o0x781ee6fa0af8 .functor BUFZ 1, C4<z>; HiZ drive
v0x58198b8d45c0_0 .net "clk", 0 0, o0x781ee6fa0af8;  0 drivers
v0x58198b8d4680_0 .var/i "idx", 31 0;
o0x781ee6fa0b58 .functor BUFZ 16, C4<zzzzzzzzzzzzzzzz>; HiZ drive
v0x58198b8d4760_0 .net "in", 15 0, o0x781ee6fa0b58;  0 drivers
o0x781ee6fa0b88 .functor BUFZ 1, C4<z>; HiZ drive
v0x58198b8d4840_0 .net "load", 0 0, o0x781ee6fa0b88;  0 drivers
v0x58198b8d4900 .array "mem", 7 0, 15 0;
v0x58198b8d4a50_0 .net "out", 15 0, L_0x58198b8e6e80;  1 drivers
E_0x58198b850840 .event posedge, v0x58198b8d45c0_0;
L_0x58198b8e6c40 .array/port v0x58198b8d4900, L_0x58198b8e6d10;
L_0x58198b8e6d10 .concat [ 3 2 0 0], o0x781ee6fa0ac8, L_0x781ee6f570f0;
S_0x58198b8b71a0 .scope module, "Register" "Register" 8 3;
 .timescale -9 -12;
    .port_info 0 /INPUT 1 "clk";
    .port_info 1 /INPUT 1 "load";
    .port_info 2 /INPUT 16 "in";
    .port_info 3 /OUTPUT 16 "out";
L_0x58198b8ea800 .functor BUFZ 16, L_0x58198b8ea260, C4<0000000000000000>, C4<0000000000000000>, C4<0000000000000000>;
v0x58198b8e4120_0 .net "bit_out", 15 0, L_0x58198b8ea260;  1 drivers
o0x781ee6fa0cd8 .functor BUFZ 1, C4<z>; HiZ drive
v0x58198b8e4220_0 .net "clk", 0 0, o0x781ee6fa0cd8;  0 drivers
o0x781ee6fa2e68 .functor BUFZ 16, C4<zzzzzzzzzzzzzzzz>; HiZ drive
v0x58198b8e46f0_0 .net "in", 15 0, o0x781ee6fa2e68;  0 drivers
o0x781ee6fa0e28 .functor BUFZ 1, C4<z>; HiZ drive
v0x58198b8e4790_0 .net "load", 0 0, o0x781ee6fa0e28;  0 drivers
v0x58198b8e4830_0 .net "out", 15 0, L_0x58198b8ea800;  1 drivers
L_0x58198b8e70f0 .part o0x781ee6fa2e68, 0, 1;
L_0x58198b8e7390 .part o0x781ee6fa2e68, 1, 1;
L_0x58198b8e7680 .part o0x781ee6fa2e68, 2, 1;
L_0x58198b8e7920 .part o0x781ee6fa2e68, 3, 1;
L_0x58198b8e7c50 .part o0x781ee6fa2e68, 4, 1;
L_0x58198b8e7f30 .part o0x781ee6fa2e68, 5, 1;
L_0x58198b8e8230 .part o0x781ee6fa2e68, 6, 1;
L_0x58198b8e8510 .part o0x781ee6fa2e68, 7, 1;
L_0x58198b8e8840 .part o0x781ee6fa2e68, 8, 1;
L_0x58198b8e8b20 .part o0x781ee6fa2e68, 9, 1;
L_0x58198b8e8e10 .part o0x781ee6fa2e68, 10, 1;
L_0x58198b8e90f0 .part o0x781ee6fa2e68, 11, 1;
L_0x58198b8e9440 .part o0x781ee6fa2e68, 12, 1;
L_0x58198b8e9720 .part o0x781ee6fa2e68, 13, 1;
L_0x58198b8e9a10 .part o0x781ee6fa2e68, 14, 1;
L_0x58198b8ea0e0 .part o0x781ee6fa2e68, 15, 1;
LS_0x58198b8ea260_0_0 .concat8 [ 1 1 1 1], L_0x58198b8e7080, L_0x58198b8e7320, L_0x58198b8e7610, L_0x58198b8e78b0;
LS_0x58198b8ea260_0_4 .concat8 [ 1 1 1 1], L_0x58198b8e7be0, L_0x58198b8e7ec0, L_0x58198b8e81c0, L_0x58198b8e84a0;
LS_0x58198b8ea260_0_8 .concat8 [ 1 1 1 1], L_0x58198b8e87d0, L_0x58198b8e8ab0, L_0x58198b8e8da0, L_0x58198b8e9080;
LS_0x58198b8ea260_0_12 .concat8 [ 1 1 1 1], L_0x58198b8e93d0, L_0x58198b8e96b0, L_0x58198b8e91e0, L_0x58198b8ea070;
L_0x58198b8ea260 .concat8 [ 4 4 4 4], LS_0x58198b8ea260_0_0, LS_0x58198b8ea260_0_4, LS_0x58198b8ea260_0_8, LS_0x58198b8ea260_0_12;
S_0x58198b8d4bd0 .scope generate, "gen_bits[0]" "gen_bits[0]" 8 13, 8 13 0, S_0x58198b8b71a0;
 .timescale -9 -12;
P_0x58198b8d4da0 .param/l "i" 1 8 13, +C4<00>;
S_0x58198b8d4e80 .scope module, "bit_cell" "Bit" 8 14, 9 3 0, S_0x58198b8d4bd0;
 .timescale -9 -12;
    .port_info 0 /INPUT 1 "clk";
    .port_info 1 /INPUT 1 "load";
    .port_info 2 /INPUT 1 "in";
    .port_info 3 /OUTPUT 1 "out";
L_0x58198b8e7080 .functor BUFZ 1, v0x58198b8d54f0_0, C4<0>, C4<0>, C4<0>;
v0x58198b8d5610_0 .net "clk", 0 0, o0x781ee6fa0cd8;  alias, 0 drivers
v0x58198b8d56b0_0 .net "in", 0 0, L_0x58198b8e70f0;  1 drivers
v0x58198b8d5750_0 .net "load", 0 0, o0x781ee6fa0e28;  alias, 0 drivers
v0x58198b8d5820_0 .net "next_value", 0 0, L_0x58198b8e6f40;  1 drivers
v0x58198b8d58f0_0 .net "out", 0 0, L_0x58198b8e7080;  1 drivers
v0x58198b8d59e0_0 .net "stored", 0 0, v0x58198b8d54f0_0;  1 drivers
L_0x58198b8e6f40 .functor MUXZ 1, v0x58198b8d54f0_0, L_0x58198b8e70f0, o0x781ee6fa0e28, C4<>;
S_0x58198b8d5060 .scope module, "storage" "DFF" 9 12, 10 3 0, S_0x58198b8d4e80;
 .timescale -9 -12;
    .port_info 0 /INPUT 1 "clk";
    .port_info 1 /INPUT 1 "d";
    .port_info 2 /OUTPUT 1 "q";
v0x58198b8d5350_0 .net "clk", 0 0, o0x781ee6fa0cd8;  alias, 0 drivers
v0x58198b8d5430_0 .net "d", 0 0, L_0x58198b8e6f40;  alias, 1 drivers
v0x58198b8d54f0_0 .var "q", 0 0;
E_0x58198b8d52d0 .event posedge, v0x58198b8d5350_0;
S_0x58198b8d5b10 .scope generate, "gen_bits[1]" "gen_bits[1]" 8 13, 8 13 0, S_0x58198b8b71a0;
 .timescale -9 -12;
P_0x58198b8d5d30 .param/l "i" 1 8 13, +C4<01>;
S_0x58198b8d5df0 .scope module, "bit_cell" "Bit" 8 14, 9 3 0, S_0x58198b8d5b10;
 .timescale -9 -12;
    .port_info 0 /INPUT 1 "clk";
    .port_info 1 /INPUT 1 "load";
    .port_info 2 /INPUT 1 "in";
    .port_info 3 /OUTPUT 1 "out";
L_0x58198b8e7320 .functor BUFZ 1, v0x58198b8d6410_0, C4<0>, C4<0>, C4<0>;
v0x58198b8d6530_0 .net "clk", 0 0, o0x781ee6fa0cd8;  alias, 0 drivers
v0x58198b8d65d0_0 .net "in", 0 0, L_0x58198b8e7390;  1 drivers
v0x58198b8d6690_0 .net "load", 0 0, o0x781ee6fa0e28;  alias, 0 drivers
v0x58198b8d6790_0 .net "next_value", 0 0, L_0x58198b8e71e0;  1 drivers
v0x58198b8d6860_0 .net "out", 0 0, L_0x58198b8e7320;  1 drivers
v0x58198b8d6950_0 .net "stored", 0 0, v0x58198b8d6410_0;  1 drivers
L_0x58198b8e71e0 .functor MUXZ 1, v0x58198b8d6410_0, L_0x58198b8e7390, o0x781ee6fa0e28, C4<>;
S_0x58198b8d5fd0 .scope module, "storage" "DFF" 9 12, 10 3 0, S_0x58198b8d5df0;
 .timescale -9 -12;
    .port_info 0 /INPUT 1 "clk";
    .port_info 1 /INPUT 1 "d";
    .port_info 2 /OUTPUT 1 "q";
v0x58198b8d6240_0 .net "clk", 0 0, o0x781ee6fa0cd8;  alias, 0 drivers
v0x58198b8d6350_0 .net "d", 0 0, L_0x58198b8e71e0;  alias, 1 drivers
v0x58198b8d6410_0 .var "q", 0 0;
S_0x58198b8d6a40 .scope generate, "gen_bits[2]" "gen_bits[2]" 8 13, 8 13 0, S_0x58198b8b71a0;
 .timescale -9 -12;
P_0x58198b8d6c40 .param/l "i" 1 8 13, +C4<010>;
S_0x58198b8d6d00 .scope module, "bit_cell" "Bit" 8 14, 9 3 0, S_0x58198b8d6a40;
 .timescale -9 -12;
    .port_info 0 /INPUT 1 "clk";
    .port_info 1 /INPUT 1 "load";
    .port_info 2 /INPUT 1 "in";
    .port_info 3 /OUTPUT 1 "out";
L_0x58198b8e7610 .functor BUFZ 1, v0x58198b8d7390_0, C4<0>, C4<0>, C4<0>;
v0x58198b8d74e0_0 .net "clk", 0 0, o0x781ee6fa0cd8;  alias, 0 drivers
v0x58198b8d7580_0 .net "in", 0 0, L_0x58198b8e7680;  1 drivers
v0x58198b8d7640_0 .net "load", 0 0, o0x781ee6fa0e28;  alias, 0 drivers
v0x58198b8d7710_0 .net "next_value", 0 0, L_0x58198b8e74d0;  1 drivers
v0x58198b8d77b0_0 .net "out", 0 0, L_0x58198b8e7610;  1 drivers
v0x58198b8d78a0_0 .net "stored", 0 0, v0x58198b8d7390_0;  1 drivers
L_0x58198b8e74d0 .functor MUXZ 1, v0x58198b8d7390_0, L_0x58198b8e7680, o0x781ee6fa0e28, C4<>;
S_0x58198b8d6f10 .scope module, "storage" "DFF" 9 12, 10 3 0, S_0x58198b8d6d00;
 .timescale -9 -12;
    .port_info 0 /INPUT 1 "clk";
    .port_info 1 /INPUT 1 "d";
    .port_info 2 /OUTPUT 1 "q";
v0x58198b8d7180_0 .net "clk", 0 0, o0x781ee6fa0cd8;  alias, 0 drivers
v0x58198b8d72d0_0 .net "d", 0 0, L_0x58198b8e74d0;  alias, 1 drivers
v0x58198b8d7390_0 .var "q", 0 0;
S_0x58198b8d79b0 .scope generate, "gen_bits[3]" "gen_bits[3]" 8 13, 8 13 0, S_0x58198b8b71a0;
 .timescale -9 -12;
P_0x58198b8d7bb0 .param/l "i" 1 8 13, +C4<011>;
S_0x58198b8d7c90 .scope module, "bit_cell" "Bit" 8 14, 9 3 0, S_0x58198b8d79b0;
 .timescale -9 -12;
    .port_info 0 /INPUT 1 "clk";
    .port_info 1 /INPUT 1 "load";
    .port_info 2 /INPUT 1 "in";
    .port_info 3 /OUTPUT 1 "out";
L_0x58198b8e78b0 .functor BUFZ 1, v0x58198b8d8260_0, C4<0>, C4<0>, C4<0>;
v0x58198b8d83b0_0 .net "clk", 0 0, o0x781ee6fa0cd8;  alias, 0 drivers
v0x58198b8d8450_0 .net "in", 0 0, L_0x58198b8e7920;  1 drivers
v0x58198b8d8510_0 .net "load", 0 0, o0x781ee6fa0e28;  alias, 0 drivers
v0x58198b8d85e0_0 .net "next_value", 0 0, L_0x58198b8e7770;  1 drivers
v0x58198b8d86b0_0 .net "out", 0 0, L_0x58198b8e78b0;  1 drivers
v0x58198b8d87a0_0 .net "stored", 0 0, v0x58198b8d8260_0;  1 drivers
L_0x58198b8e7770 .functor MUXZ 1, v0x58198b8d8260_0, L_0x58198b8e7920, o0x781ee6fa0e28, C4<>;
S_0x58198b8d7e70 .scope module, "storage" "DFF" 9 12, 10 3 0, S_0x58198b8d7c90;
 .timescale -9 -12;
    .port_info 0 /INPUT 1 "clk";
    .port_info 1 /INPUT 1 "d";
    .port_info 2 /OUTPUT 1 "q";
v0x58198b8d80e0_0 .net "clk", 0 0, o0x781ee6fa0cd8;  alias, 0 drivers
v0x58198b8d81a0_0 .net "d", 0 0, L_0x58198b8e7770;  alias, 1 drivers
v0x58198b8d8260_0 .var "q", 0 0;
S_0x58198b8d88b0 .scope generate, "gen_bits[4]" "gen_bits[4]" 8 13, 8 13 0, S_0x58198b8b71a0;
 .timescale -9 -12;
P_0x58198b8d8b00 .param/l "i" 1 8 13, +C4<0100>;
S_0x58198b8d8be0 .scope module, "bit_cell" "Bit" 8 14, 9 3 0, S_0x58198b8d88b0;
 .timescale -9 -12;
    .port_info 0 /INPUT 1 "clk";
    .port_info 1 /INPUT 1 "load";
    .port_info 2 /INPUT 1 "in";
    .port_info 3 /OUTPUT 1 "out";
L_0x58198b8e7be0 .functor BUFZ 1, v0x58198b8d91b0_0, C4<0>, C4<0>, C4<0>;
v0x58198b8d92d0_0 .net "clk", 0 0, o0x781ee6fa0cd8;  alias, 0 drivers
v0x58198b8d9370_0 .net "in", 0 0, L_0x58198b8e7c50;  1 drivers
v0x58198b8d9430_0 .net "load", 0 0, o0x781ee6fa0e28;  alias, 0 drivers
v0x58198b8d9500_0 .net "next_value", 0 0, L_0x58198b8e7ad0;  1 drivers
v0x58198b8d95d0_0 .net "out", 0 0, L_0x58198b8e7be0;  1 drivers
v0x58198b8d9670_0 .net "stored", 0 0, v0x58198b8d91b0_0;  1 drivers
L_0x58198b8e7ad0 .functor MUXZ 1, v0x58198b8d91b0_0, L_0x58198b8e7c50, o0x781ee6fa0e28, C4<>;
S_0x58198b8d8dc0 .scope module, "storage" "DFF" 9 12, 10 3 0, S_0x58198b8d8be0;
 .timescale -9 -12;
    .port_info 0 /INPUT 1 "clk";
    .port_info 1 /INPUT 1 "d";
    .port_info 2 /OUTPUT 1 "q";
v0x58198b8d9030_0 .net "clk", 0 0, o0x781ee6fa0cd8;  alias, 0 drivers
v0x58198b8d90f0_0 .net "d", 0 0, L_0x58198b8e7ad0;  alias, 1 drivers
v0x58198b8d91b0_0 .var "q", 0 0;
S_0x58198b8d9780 .scope generate, "gen_bits[5]" "gen_bits[5]" 8 13, 8 13 0, S_0x58198b8b71a0;
 .timescale -9 -12;
P_0x58198b8d9980 .param/l "i" 1 8 13, +C4<0101>;
S_0x58198b8d9a60 .scope module, "bit_cell" "Bit" 8 14, 9 3 0, S_0x58198b8d9780;
 .timescale -9 -12;
    .port_info 0 /INPUT 1 "clk";
    .port_info 1 /INPUT 1 "load";
    .port_info 2 /INPUT 1 "in";
    .port_info 3 /OUTPUT 1 "out";
L_0x58198b8e7ec0 .functor BUFZ 1, v0x58198b8da030_0, C4<0>, C4<0>, C4<0>;
v0x58198b8da180_0 .net "clk", 0 0, o0x781ee6fa0cd8;  alias, 0 drivers
v0x58198b8da220_0 .net "in", 0 0, L_0x58198b8e7f30;  1 drivers
v0x58198b8da2e0_0 .net "load", 0 0, o0x781ee6fa0e28;  alias, 0 drivers
v0x58198b8da3b0_0 .net "next_value", 0 0, L_0x58198b8e7d40;  1 drivers
v0x58198b8da480_0 .net "out", 0 0, L_0x58198b8e7ec0;  1 drivers
v0x58198b8da570_0 .net "stored", 0 0, v0x58198b8da030_0;  1 drivers
L_0x58198b8e7d40 .functor MUXZ 1, v0x58198b8da030_0, L_0x58198b8e7f30, o0x781ee6fa0e28, C4<>;
S_0x58198b8d9c40 .scope module, "storage" "DFF" 9 12, 10 3 0, S_0x58198b8d9a60;
 .timescale -9 -12;
    .port_info 0 /INPUT 1 "clk";
    .port_info 1 /INPUT 1 "d";
    .port_info 2 /OUTPUT 1 "q";
v0x58198b8d9eb0_0 .net "clk", 0 0, o0x781ee6fa0cd8;  alias, 0 drivers
v0x58198b8d9f70_0 .net "d", 0 0, L_0x58198b8e7d40;  alias, 1 drivers
v0x58198b8da030_0 .var "q", 0 0;
S_0x58198b8da680 .scope generate, "gen_bits[6]" "gen_bits[6]" 8 13, 8 13 0, S_0x58198b8b71a0;
 .timescale -9 -12;
P_0x58198b8da880 .param/l "i" 1 8 13, +C4<0110>;
S_0x58198b8da960 .scope module, "bit_cell" "Bit" 8 14, 9 3 0, S_0x58198b8da680;
 .timescale -9 -12;
    .port_info 0 /INPUT 1 "clk";
    .port_info 1 /INPUT 1 "load";
    .port_info 2 /INPUT 1 "in";
    .port_info 3 /OUTPUT 1 "out";
L_0x58198b8e81c0 .functor BUFZ 1, v0x58198b8dafa0_0, C4<0>, C4<0>, C4<0>;
v0x58198b8db0f0_0 .net "clk", 0 0, o0x781ee6fa0cd8;  alias, 0 drivers
v0x58198b8db190_0 .net "in", 0 0, L_0x58198b8e8230;  1 drivers
v0x58198b8db250_0 .net "load", 0 0, o0x781ee6fa0e28;  alias, 0 drivers
v0x58198b8db320_0 .net "next_value", 0 0, L_0x58198b8e8060;  1 drivers
v0x58198b8db3f0_0 .net "out", 0 0, L_0x58198b8e81c0;  1 drivers
v0x58198b8db4e0_0 .net "stored", 0 0, v0x58198b8dafa0_0;  1 drivers
L_0x58198b8e8060 .functor MUXZ 1, v0x58198b8dafa0_0, L_0x58198b8e8230, o0x781ee6fa0e28, C4<>;
S_0x58198b8dabb0 .scope module, "storage" "DFF" 9 12, 10 3 0, S_0x58198b8da960;
 .timescale -9 -12;
    .port_info 0 /INPUT 1 "clk";
    .port_info 1 /INPUT 1 "d";
    .port_info 2 /OUTPUT 1 "q";
v0x58198b8dae20_0 .net "clk", 0 0, o0x781ee6fa0cd8;  alias, 0 drivers
v0x58198b8daee0_0 .net "d", 0 0, L_0x58198b8e8060;  alias, 1 drivers
v0x58198b8dafa0_0 .var "q", 0 0;
S_0x58198b8db5f0 .scope generate, "gen_bits[7]" "gen_bits[7]" 8 13, 8 13 0, S_0x58198b8b71a0;
 .timescale -9 -12;
P_0x58198b8db7f0 .param/l "i" 1 8 13, +C4<0111>;
S_0x58198b8db8d0 .scope module, "bit_cell" "Bit" 8 14, 9 3 0, S_0x58198b8db5f0;
 .timescale -9 -12;
    .port_info 0 /INPUT 1 "clk";
    .port_info 1 /INPUT 1 "load";
    .port_info 2 /INPUT 1 "in";
    .port_info 3 /OUTPUT 1 "out";
L_0x58198b8e84a0 .functor BUFZ 1, v0x58198b8dbf10_0, C4<0>, C4<0>, C4<0>;
v0x58198b8dc060_0 .net "clk", 0 0, o0x781ee6fa0cd8;  alias, 0 drivers
v0x58198b8dc100_0 .net "in", 0 0, L_0x58198b8e8510;  1 drivers
v0x58198b8dc1c0_0 .net "load", 0 0, o0x781ee6fa0e28;  alias, 0 drivers
v0x58198b8dc290_0 .net "next_value", 0 0, L_0x58198b8e8320;  1 drivers
v0x58198b8dc360_0 .net "out", 0 0, L_0x58198b8e84a0;  1 drivers
v0x58198b8dc450_0 .net "stored", 0 0, v0x58198b8dbf10_0;  1 drivers
L_0x58198b8e8320 .functor MUXZ 1, v0x58198b8dbf10_0, L_0x58198b8e8510, o0x781ee6fa0e28, C4<>;
S_0x58198b8dbb20 .scope module, "storage" "DFF" 9 12, 10 3 0, S_0x58198b8db8d0;
 .timescale -9 -12;
    .port_info 0 /INPUT 1 "clk";
    .port_info 1 /INPUT 1 "d";
    .port_info 2 /OUTPUT 1 "q";
v0x58198b8dbd90_0 .net "clk", 0 0, o0x781ee6fa0cd8;  alias, 0 drivers
v0x58198b8dbe50_0 .net "d", 0 0, L_0x58198b8e8320;  alias, 1 drivers
v0x58198b8dbf10_0 .var "q", 0 0;
S_0x58198b8dc560 .scope generate, "gen_bits[8]" "gen_bits[8]" 8 13, 8 13 0, S_0x58198b8b71a0;
 .timescale -9 -12;
P_0x58198b8d8ab0 .param/l "i" 1 8 13, +C4<01000>;
S_0x58198b8dc880 .scope module, "bit_cell" "Bit" 8 14, 9 3 0, S_0x58198b8dc560;
 .timescale -9 -12;
    .port_info 0 /INPUT 1 "clk";
    .port_info 1 /INPUT 1 "load";
    .port_info 2 /INPUT 1 "in";
    .port_info 3 /OUTPUT 1 "out";
L_0x58198b8e87d0 .functor BUFZ 1, v0x58198b8dcec0_0, C4<0>, C4<0>, C4<0>;
v0x58198b8dd010_0 .net "clk", 0 0, o0x781ee6fa0cd8;  alias, 0 drivers
v0x58198b8dd0b0_0 .net "in", 0 0, L_0x58198b8e8840;  1 drivers
v0x58198b8dd170_0 .net "load", 0 0, o0x781ee6fa0e28;  alias, 0 drivers
v0x58198b8dd240_0 .net "next_value", 0 0, L_0x58198b8e8650;  1 drivers
v0x58198b8dd310_0 .net "out", 0 0, L_0x58198b8e87d0;  1 drivers
v0x58198b8dd400_0 .net "stored", 0 0, v0x58198b8dcec0_0;  1 drivers
L_0x58198b8e8650 .functor MUXZ 1, v0x58198b8dcec0_0, L_0x58198b8e8840, o0x781ee6fa0e28, C4<>;
S_0x58198b8dcad0 .scope module, "storage" "DFF" 9 12, 10 3 0, S_0x58198b8dc880;
 .timescale -9 -12;
    .port_info 0 /INPUT 1 "clk";
    .port_info 1 /INPUT 1 "d";
    .port_info 2 /OUTPUT 1 "q";
v0x58198b8dcd40_0 .net "clk", 0 0, o0x781ee6fa0cd8;  alias, 0 drivers
v0x58198b8dce00_0 .net "d", 0 0, L_0x58198b8e8650;  alias, 1 drivers
v0x58198b8dcec0_0 .var "q", 0 0;
S_0x58198b8dd510 .scope generate, "gen_bits[9]" "gen_bits[9]" 8 13, 8 13 0, S_0x58198b8b71a0;
 .timescale -9 -12;
P_0x58198b8dd710 .param/l "i" 1 8 13, +C4<01001>;
S_0x58198b8dd7f0 .scope module, "bit_cell" "Bit" 8 14, 9 3 0, S_0x58198b8dd510;
 .timescale -9 -12;
    .port_info 0 /INPUT 1 "clk";
    .port_info 1 /INPUT 1 "load";
    .port_info 2 /INPUT 1 "in";
    .port_info 3 /OUTPUT 1 "out";
L_0x58198b8e8ab0 .functor BUFZ 1, v0x58198b8dde30_0, C4<0>, C4<0>, C4<0>;
v0x58198b8ddf80_0 .net "clk", 0 0, o0x781ee6fa0cd8;  alias, 0 drivers
v0x58198b8de020_0 .net "in", 0 0, L_0x58198b8e8b20;  1 drivers
v0x58198b8de0e0_0 .net "load", 0 0, o0x781ee6fa0e28;  alias, 0 drivers
v0x58198b8de1b0_0 .net "next_value", 0 0, L_0x58198b8e8930;  1 drivers
v0x58198b8de280_0 .net "out", 0 0, L_0x58198b8e8ab0;  1 drivers
v0x58198b8de370_0 .net "stored", 0 0, v0x58198b8dde30_0;  1 drivers
L_0x58198b8e8930 .functor MUXZ 1, v0x58198b8dde30_0, L_0x58198b8e8b20, o0x781ee6fa0e28, C4<>;
S_0x58198b8dda40 .scope module, "storage" "DFF" 9 12, 10 3 0, S_0x58198b8dd7f0;
 .timescale -9 -12;
    .port_info 0 /INPUT 1 "clk";
    .port_info 1 /INPUT 1 "d";
    .port_info 2 /OUTPUT 1 "q";
v0x58198b8ddcb0_0 .net "clk", 0 0, o0x781ee6fa0cd8;  alias, 0 drivers
v0x58198b8ddd70_0 .net "d", 0 0, L_0x58198b8e8930;  alias, 1 drivers
v0x58198b8dde30_0 .var "q", 0 0;
S_0x58198b8de480 .scope generate, "gen_bits[10]" "gen_bits[10]" 8 13, 8 13 0, S_0x58198b8b71a0;
 .timescale -9 -12;
P_0x58198b8de680 .param/l "i" 1 8 13, +C4<01010>;
S_0x58198b8de760 .scope module, "bit_cell" "Bit" 8 14, 9 3 0, S_0x58198b8de480;
 .timescale -9 -12;
    .port_info 0 /INPUT 1 "clk";
    .port_info 1 /INPUT 1 "load";
    .port_info 2 /INPUT 1 "in";
    .port_info 3 /OUTPUT 1 "out";
L_0x58198b8e8da0 .functor BUFZ 1, v0x58198b8deda0_0, C4<0>, C4<0>, C4<0>;
v0x58198b8deef0_0 .net "clk", 0 0, o0x781ee6fa0cd8;  alias, 0 drivers
v0x58198b8def90_0 .net "in", 0 0, L_0x58198b8e8e10;  1 drivers
v0x58198b8df050_0 .net "load", 0 0, o0x781ee6fa0e28;  alias, 0 drivers
v0x58198b8df120_0 .net "next_value", 0 0, L_0x58198b8e8c70;  1 drivers
v0x58198b8df1f0_0 .net "out", 0 0, L_0x58198b8e8da0;  1 drivers
v0x58198b8df2e0_0 .net "stored", 0 0, v0x58198b8deda0_0;  1 drivers
L_0x58198b8e8c70 .functor MUXZ 1, v0x58198b8deda0_0, L_0x58198b8e8e10, o0x781ee6fa0e28, C4<>;
S_0x58198b8de9b0 .scope module, "storage" "DFF" 9 12, 10 3 0, S_0x58198b8de760;
 .timescale -9 -12;
    .port_info 0 /INPUT 1 "clk";
    .port_info 1 /INPUT 1 "d";
    .port_info 2 /OUTPUT 1 "q";
v0x58198b8dec20_0 .net "clk", 0 0, o0x781ee6fa0cd8;  alias, 0 drivers
v0x58198b8dece0_0 .net "d", 0 0, L_0x58198b8e8c70;  alias, 1 drivers
v0x58198b8deda0_0 .var "q", 0 0;
S_0x58198b8df3f0 .scope generate, "gen_bits[11]" "gen_bits[11]" 8 13, 8 13 0, S_0x58198b8b71a0;
 .timescale -9 -12;
P_0x58198b8df5f0 .param/l "i" 1 8 13, +C4<01011>;
S_0x58198b8df6d0 .scope module, "bit_cell" "Bit" 8 14, 9 3 0, S_0x58198b8df3f0;
 .timescale -9 -12;
    .port_info 0 /INPUT 1 "clk";
    .port_info 1 /INPUT 1 "load";
    .port_info 2 /INPUT 1 "in";
    .port_info 3 /OUTPUT 1 "out";
L_0x58198b8e9080 .functor BUFZ 1, v0x58198b8dfd10_0, C4<0>, C4<0>, C4<0>;
v0x58198b8dfe60_0 .net "clk", 0 0, o0x781ee6fa0cd8;  alias, 0 drivers
v0x58198b8dff00_0 .net "in", 0 0, L_0x58198b8e90f0;  1 drivers
v0x58198b8dffc0_0 .net "load", 0 0, o0x781ee6fa0e28;  alias, 0 drivers
v0x58198b8e0090_0 .net "next_value", 0 0, L_0x58198b8e8f00;  1 drivers
v0x58198b8e0160_0 .net "out", 0 0, L_0x58198b8e9080;  1 drivers
v0x58198b8e0250_0 .net "stored", 0 0, v0x58198b8dfd10_0;  1 drivers
L_0x58198b8e8f00 .functor MUXZ 1, v0x58198b8dfd10_0, L_0x58198b8e90f0, o0x781ee6fa0e28, C4<>;
S_0x58198b8df920 .scope module, "storage" "DFF" 9 12, 10 3 0, S_0x58198b8df6d0;
 .timescale -9 -12;
    .port_info 0 /INPUT 1 "clk";
    .port_info 1 /INPUT 1 "d";
    .port_info 2 /OUTPUT 1 "q";
v0x58198b8dfb90_0 .net "clk", 0 0, o0x781ee6fa0cd8;  alias, 0 drivers
v0x58198b8dfc50_0 .net "d", 0 0, L_0x58198b8e8f00;  alias, 1 drivers
v0x58198b8dfd10_0 .var "q", 0 0;
S_0x58198b8e0360 .scope generate, "gen_bits[12]" "gen_bits[12]" 8 13, 8 13 0, S_0x58198b8b71a0;
 .timescale -9 -12;
P_0x58198b8e0560 .param/l "i" 1 8 13, +C4<01100>;
S_0x58198b8e0640 .scope module, "bit_cell" "Bit" 8 14, 9 3 0, S_0x58198b8e0360;
 .timescale -9 -12;
    .port_info 0 /INPUT 1 "clk";
    .port_info 1 /INPUT 1 "load";
    .port_info 2 /INPUT 1 "in";
    .port_info 3 /OUTPUT 1 "out";
L_0x58198b8e93d0 .functor BUFZ 1, v0x58198b8e0c80_0, C4<0>, C4<0>, C4<0>;
v0x58198b8e0dd0_0 .net "clk", 0 0, o0x781ee6fa0cd8;  alias, 0 drivers
v0x58198b8e0e70_0 .net "in", 0 0, L_0x58198b8e9440;  1 drivers
v0x58198b8e0f30_0 .net "load", 0 0, o0x781ee6fa0e28;  alias, 0 drivers
v0x58198b8e1000_0 .net "next_value", 0 0, L_0x58198b8e9250;  1 drivers
v0x58198b8e10d0_0 .net "out", 0 0, L_0x58198b8e93d0;  1 drivers
v0x58198b8e11c0_0 .net "stored", 0 0, v0x58198b8e0c80_0;  1 drivers
L_0x58198b8e9250 .functor MUXZ 1, v0x58198b8e0c80_0, L_0x58198b8e9440, o0x781ee6fa0e28, C4<>;
S_0x58198b8e0890 .scope module, "storage" "DFF" 9 12, 10 3 0, S_0x58198b8e0640;
 .timescale -9 -12;
    .port_info 0 /INPUT 1 "clk";
    .port_info 1 /INPUT 1 "d";
    .port_info 2 /OUTPUT 1 "q";
v0x58198b8e0b00_0 .net "clk", 0 0, o0x781ee6fa0cd8;  alias, 0 drivers
v0x58198b8e0bc0_0 .net "d", 0 0, L_0x58198b8e9250;  alias, 1 drivers
v0x58198b8e0c80_0 .var "q", 0 0;
S_0x58198b8e12d0 .scope generate, "gen_bits[13]" "gen_bits[13]" 8 13, 8 13 0, S_0x58198b8b71a0;
 .timescale -9 -12;
P_0x58198b8e14d0 .param/l "i" 1 8 13, +C4<01101>;
S_0x58198b8e15b0 .scope module, "bit_cell" "Bit" 8 14, 9 3 0, S_0x58198b8e12d0;
 .timescale -9 -12;
    .port_info 0 /INPUT 1 "clk";
    .port_info 1 /INPUT 1 "load";
    .port_info 2 /INPUT 1 "in";
    .port_info 3 /OUTPUT 1 "out";
L_0x58198b8e96b0 .functor BUFZ 1, v0x58198b8e1bf0_0, C4<0>, C4<0>, C4<0>;
v0x58198b8e1d40_0 .net "clk", 0 0, o0x781ee6fa0cd8;  alias, 0 drivers
v0x58198b8e1de0_0 .net "in", 0 0, L_0x58198b8e9720;  1 drivers
v0x58198b8e1ea0_0 .net "load", 0 0, o0x781ee6fa0e28;  alias, 0 drivers
v0x58198b8e1f70_0 .net "next_value", 0 0, L_0x58198b8e9530;  1 drivers
v0x58198b8e2040_0 .net "out", 0 0, L_0x58198b8e96b0;  1 drivers
v0x58198b8e2130_0 .net "stored", 0 0, v0x58198b8e1bf0_0;  1 drivers
L_0x58198b8e9530 .functor MUXZ 1, v0x58198b8e1bf0_0, L_0x58198b8e9720, o0x781ee6fa0e28, C4<>;
S_0x58198b8e1800 .scope module, "storage" "DFF" 9 12, 10 3 0, S_0x58198b8e15b0;
 .timescale -9 -12;
    .port_info 0 /INPUT 1 "clk";
    .port_info 1 /INPUT 1 "d";
    .port_info 2 /OUTPUT 1 "q";
v0x58198b8e1a70_0 .net "clk", 0 0, o0x781ee6fa0cd8;  alias, 0 drivers
v0x58198b8e1b30_0 .net "d", 0 0, L_0x58198b8e9530;  alias, 1 drivers
v0x58198b8e1bf0_0 .var "q", 0 0;
S_0x58198b8e2240 .scope generate, "gen_bits[14]" "gen_bits[14]" 8 13, 8 13 0, S_0x58198b8b71a0;
 .timescale -9 -12;
P_0x58198b8e2440 .param/l "i" 1 8 13, +C4<01110>;
S_0x58198b8e2520 .scope module, "bit_cell" "Bit" 8 14, 9 3 0, S_0x58198b8e2240;
 .timescale -9 -12;
    .port_info 0 /INPUT 1 "clk";
    .port_info 1 /INPUT 1 "load";
    .port_info 2 /INPUT 1 "in";
    .port_info 3 /OUTPUT 1 "out";
L_0x58198b8e91e0 .functor BUFZ 1, v0x58198b8e2b60_0, C4<0>, C4<0>, C4<0>;
v0x58198b8e2cb0_0 .net "clk", 0 0, o0x781ee6fa0cd8;  alias, 0 drivers
v0x58198b8e2d50_0 .net "in", 0 0, L_0x58198b8e9a10;  1 drivers
v0x58198b8e2e10_0 .net "load", 0 0, o0x781ee6fa0e28;  alias, 0 drivers
v0x58198b8e2ee0_0 .net "next_value", 0 0, L_0x58198b8e9890;  1 drivers
v0x58198b8e2fb0_0 .net "out", 0 0, L_0x58198b8e91e0;  1 drivers
v0x58198b8e30a0_0 .net "stored", 0 0, v0x58198b8e2b60_0;  1 drivers
L_0x58198b8e9890 .functor MUXZ 1, v0x58198b8e2b60_0, L_0x58198b8e9a10, o0x781ee6fa0e28, C4<>;
S_0x58198b8e2770 .scope module, "storage" "DFF" 9 12, 10 3 0, S_0x58198b8e2520;
 .timescale -9 -12;
    .port_info 0 /INPUT 1 "clk";
    .port_info 1 /INPUT 1 "d";
    .port_info 2 /OUTPUT 1 "q";
v0x58198b8e29e0_0 .net "clk", 0 0, o0x781ee6fa0cd8;  alias, 0 drivers
v0x58198b8e2aa0_0 .net "d", 0 0, L_0x58198b8e9890;  alias, 1 drivers
v0x58198b8e2b60_0 .var "q", 0 0;
S_0x58198b8e31b0 .scope generate, "gen_bits[15]" "gen_bits[15]" 8 13, 8 13 0, S_0x58198b8b71a0;
 .timescale -9 -12;
P_0x58198b8e33b0 .param/l "i" 1 8 13, +C4<01111>;
S_0x58198b8e3490 .scope module, "bit_cell" "Bit" 8 14, 9 3 0, S_0x58198b8e31b0;
 .timescale -9 -12;
    .port_info 0 /INPUT 1 "clk";
    .port_info 1 /INPUT 1 "load";
    .port_info 2 /INPUT 1 "in";
    .port_info 3 /OUTPUT 1 "out";
L_0x58198b8ea070 .functor BUFZ 1, v0x58198b8e3ad0_0, C4<0>, C4<0>, C4<0>;
v0x58198b8e3c20_0 .net "clk", 0 0, o0x781ee6fa0cd8;  alias, 0 drivers
v0x58198b8e3cc0_0 .net "in", 0 0, L_0x58198b8ea0e0;  1 drivers
v0x58198b8e3d80_0 .net "load", 0 0, o0x781ee6fa0e28;  alias, 0 drivers
v0x58198b8e3e50_0 .net "next_value", 0 0, L_0x58198b8e9b00;  1 drivers
v0x58198b8e3f20_0 .net "out", 0 0, L_0x58198b8ea070;  1 drivers
v0x58198b8e4010_0 .net "stored", 0 0, v0x58198b8e3ad0_0;  1 drivers
L_0x58198b8e9b00 .functor MUXZ 1, v0x58198b8e3ad0_0, L_0x58198b8ea0e0, o0x781ee6fa0e28, C4<>;
S_0x58198b8e36e0 .scope module, "storage" "DFF" 9 12, 10 3 0, S_0x58198b8e3490;
 .timescale -9 -12;
    .port_info 0 /INPUT 1 "clk";
    .port_info 1 /INPUT 1 "d";
    .port_info 2 /OUTPUT 1 "q";
v0x58198b8e3950_0 .net "clk", 0 0, o0x781ee6fa0cd8;  alias, 0 drivers
v0x58198b8e3a10_0 .net "d", 0 0, L_0x58198b8e9b00;  alias, 1 drivers
v0x58198b8e3ad0_0 .var "q", 0 0;
S_0x58198b8b8710 .scope module, "tb_ram16k" "tb_ram16k" 11 3;
 .timescale -9 -12;
P_0x58198b8ad950 .param/l "AW" 1 11 4, +C4<00000000000000000000000000001110>;
v0x58198b8e5e40_0 .var "address", 13 0;
v0x58198b8e5f50_0 .var "clk", 0 0;
v0x58198b8e6020_0 .var "in", 15 0;
v0x58198b8e6120_0 .var "load", 0 0;
v0x58198b8e61f0_0 .net "out", 15 0, L_0x58198b8eab40;  1 drivers
S_0x58198b8e49e0 .scope module, "dut" "RAM16K" 11 12, 12 3 0, S_0x58198b8b8710;
 .timescale -9 -12;
    .port_info 0 /INPUT 1 "clk";
    .port_info 1 /INPUT 1 "load";
    .port_info 2 /INPUT 14 "address";
    .port_info 3 /INPUT 16 "in";
    .port_info 4 /OUTPUT 16 "out";
P_0x58198b8e4be0 .param/l "DEPTH" 1 12 10, +C4<00000000000000000100000000000000>;
L_0x58198b8eab40 .functor BUFZ 16, L_0x58198b8ea8c0, C4<0000000000000000>, C4<0000000000000000>, C4<0000000000000000>;
v0x58198b8e4d30_0 .net *"_ivl_0", 15 0, L_0x58198b8ea8c0;  1 drivers
v0x58198b8e4e30_0 .net *"_ivl_2", 15 0, L_0x58198b8ea960;  1 drivers
L_0x781ee6f57138 .functor BUFT 1, C4<00>, C4<0>, C4<0>, C4<0>;
v0x58198b8e4f10_0 .net *"_ivl_5", 1 0, L_0x781ee6f57138;  1 drivers
v0x58198b8e5000_0 .net "address", 13 0, v0x58198b8e5e40_0;  1 drivers
v0x58198b8e50e0_0 .net "clk", 0 0, v0x58198b8e5f50_0;  1 drivers
v0x58198b8e51f0_0 .var/i "idx", 31 0;
v0x58198b8e52d0_0 .net "in", 15 0, v0x58198b8e6020_0;  1 drivers
v0x58198b8e53b0_0 .net "load", 0 0, v0x58198b8e6120_0;  1 drivers
v0x58198b8e5470 .array "mem", 16383 0, 15 0;
v0x58198b8e5530_0 .net "out", 15 0, L_0x58198b8eab40;  alias, 1 drivers
E_0x58198b8e4cb0 .event posedge, v0x58198b8e50e0_0;
L_0x58198b8ea8c0 .array/port v0x58198b8e5470, L_0x58198b8ea960;
L_0x58198b8ea960 .concat [ 14 2 0 0], v0x58198b8e5e40_0, L_0x781ee6f57138;
S_0x58198b8e56b0 .scope task, "expect_word" "expect_word" 11 37, 11 37 0, S_0x58198b8b8710;
 .timescale -9 -12;
v0x58198b8e5860_0 .var "addr", 13 0;
v0x58198b8e5940_0 .var "value", 15 0;
TD_tb_ram16k.expect_word ;
    %load/vec4 v0x58198b8e5860_0;
    %store/vec4 v0x58198b8e5e40_0, 0, 14;
    %delay 1000, 0;
    %load/vec4 v0x58198b8e61f0_0;
    %load/vec4 v0x58198b8e5940_0;
    %cmp/ne;
    %jmp/0xz  T_0.0, 6;
    %vpi_call/w 11 41 "$fatal", 32'sb00000000000000000000000000000001, "RAM16K mismatch at %0d: exp=%h got=%h", v0x58198b8e5860_0, v0x58198b8e5940_0, v0x58198b8e61f0_0 {0 0 0};
T_0.0 ;
    %end;
S_0x58198b8e5a20 .scope task, "write_word" "write_word" 11 25, 11 25 0, S_0x58198b8b8710;
 .timescale -9 -12;
v0x58198b8e5c60_0 .var "addr", 13 0;
v0x58198b8e5d60_0 .var "value", 15 0;
E_0x58198b8e5c00 .event negedge, v0x58198b8e50e0_0;
TD_tb_ram16k.write_word ;
    %load/vec4 v0x58198b8e5c60_0;
    %store/vec4 v0x58198b8e5e40_0, 0, 14;
    %load/vec4 v0x58198b8e5d60_0;
    %store/vec4 v0x58198b8e6020_0, 0, 16;
    %pushi/vec4 1, 0, 1;
    %store/vec4 v0x58198b8e6120_0, 0, 1;
    %wait E_0x58198b8e4cb0;
    %delay 1000, 0;
    %pushi/vec4 0, 0, 1;
    %store/vec4 v0x58198b8e6120_0, 0, 1;
    %wait E_0x58198b8e5c00;
    %end;
    .scope S_0x58198b8b1be0;
T_2 ;
    %pushi/vec4 0, 0, 16;
    %store/vec4 v0x58198b8a5240_0, 0, 16;
    %end;
    .thread T_2;
    .scope S_0x58198b8b1be0;
T_3 ;
    %wait E_0x58198b86d720;
    %load/vec4 v0x58198b8a4890_0;
    %flag_set/vec4 8;
    %jmp/0xz  T_3.0, 8;
    %pushi/vec4 0, 0, 16;
    %assign/vec4 v0x58198b8a5240_0, 0;
    %jmp T_3.1;
T_3.0 ;
    %load/vec4 v0x58198b8a67b0_0;
    %flag_set/vec4 8;
    %jmp/0xz  T_3.2, 8;
    %load/vec4 v0x58198b8a9290_0;
    %assign/vec4 v0x58198b8a5240_0, 0;
    %jmp T_3.3;
T_3.2 ;
    %load/vec4 v0x58198b8a7d20_0;
    %flag_set/vec4 8;
    %jmp/0xz  T_3.4, 8;
    %load/vec4 v0x58198b8a5240_0;
    %addi 1, 0, 16;
    %assign/vec4 v0x58198b8a5240_0, 0;
T_3.4 ;
T_3.3 ;
T_3.1 ;
    %jmp T_3;
    .thread T_3;
    .scope S_0x58198b8b3150;
T_4 ;
    %pushi/vec4 0, 0, 32;
    %store/vec4 v0x58198b8d29a0_0, 0, 32;
T_4.0 ;
    %load/vec4 v0x58198b8d29a0_0;
    %cmpi/s 4096, 0, 32;
    %jmp/0xz T_4.1, 5;
    %pushi/vec4 0, 0, 16;
    %ix/getv/s 4, v0x58198b8d29a0_0;
    %store/vec4a v0x58198b8d2c20, 4, 0;
    %load/vec4 v0x58198b8d29a0_0;
    %addi 1, 0, 32;
    %store/vec4 v0x58198b8d29a0_0, 0, 32;
    %jmp T_4.0;
T_4.1 ;
    %end;
    .thread T_4;
    .scope S_0x58198b8b3150;
T_5 ;
    %wait E_0x58198b86d970;
    %load/vec4 v0x58198b8d2b60_0;
    %flag_set/vec4 8;
    %jmp/0xz  T_5.0, 8;
    %load/vec4 v0x58198b8d2a80_0;
    %load/vec4 v0x58198b8d27b0_0;
    %pad/u 14;
    %ix/vec4 3;
    %ix/load 4, 0, 0; Constant delay
    %assign/vec4/a/d v0x58198b8d2c20, 0, 4;
T_5.0 ;
    %jmp T_5;
    .thread T_5;
    .scope S_0x58198b8b46c0;
T_6 ;
    %pushi/vec4 0, 0, 32;
    %store/vec4 v0x58198b8d32e0_0, 0, 32;
T_6.0 ;
    %load/vec4 v0x58198b8d32e0_0;
    %cmpi/s 512, 0, 32;
    %jmp/0xz T_6.1, 5;
    %pushi/vec4 0, 0, 16;
    %ix/getv/s 4, v0x58198b8d32e0_0;
    %store/vec4a v0x58198b8d3560, 4, 0;
    %load/vec4 v0x58198b8d32e0_0;
    %addi 1, 0, 32;
    %store/vec4 v0x58198b8d32e0_0, 0, 32;
    %jmp T_6.0;
T_6.1 ;
    %end;
    .thread T_6;
    .scope S_0x58198b8b46c0;
T_7 ;
    %wait E_0x58198b86dbd0;
    %load/vec4 v0x58198b8d34a0_0;
    %flag_set/vec4 8;
    %jmp/0xz  T_7.0, 8;
    %load/vec4 v0x58198b8d33c0_0;
    %load/vec4 v0x58198b8d3140_0;
    %pad/u 11;
    %ix/vec4 3;
    %ix/load 4, 0, 0; Constant delay
    %assign/vec4/a/d v0x58198b8d3560, 0, 4;
T_7.0 ;
    %jmp T_7;
    .thread T_7;
    .scope S_0x58198b8a5af0;
T_8 ;
    %pushi/vec4 0, 0, 32;
    %store/vec4 v0x58198b8d3cb0_0, 0, 32;
T_8.0 ;
    %load/vec4 v0x58198b8d3cb0_0;
    %cmpi/s 64, 0, 32;
    %jmp/0xz T_8.1, 5;
    %pushi/vec4 0, 0, 16;
    %ix/getv/s 4, v0x58198b8d3cb0_0;
    %store/vec4a v0x58198b8d3f30, 4, 0;
    %load/vec4 v0x58198b8d3cb0_0;
    %addi 1, 0, 32;
    %store/vec4 v0x58198b8d3cb0_0, 0, 32;
    %jmp T_8.0;
T_8.1 ;
    %end;
    .thread T_8;
    .scope S_0x58198b8a5af0;
T_9 ;
    %wait E_0x58198b86dd60;
    %load/vec4 v0x58198b8d3e70_0;
    %flag_set/vec4 8;
    %jmp/0xz  T_9.0, 8;
    %load/vec4 v0x58198b8d3d90_0;
    %load/vec4 v0x58198b8d3b10_0;
    %pad/u 8;
    %ix/vec4 3;
    %ix/load 4, 0, 0; Constant delay
    %assign/vec4/a/d v0x58198b8d3f30, 0, 4;
T_9.0 ;
    %jmp T_9;
    .thread T_9;
    .scope S_0x58198b8b5c30;
T_10 ;
    %pushi/vec4 0, 0, 32;
    %store/vec4 v0x58198b8d4680_0, 0, 32;
T_10.0 ;
    %load/vec4 v0x58198b8d4680_0;
    %cmpi/s 8, 0, 32;
    %jmp/0xz T_10.1, 5;
    %pushi/vec4 0, 0, 16;
    %ix/getv/s 4, v0x58198b8d4680_0;
    %store/vec4a v0x58198b8d4900, 4, 0;
    %load/vec4 v0x58198b8d4680_0;
    %addi 1, 0, 32;
    %store/vec4 v0x58198b8d4680_0, 0, 32;
    %jmp T_10.0;
T_10.1 ;
    %end;
    .thread T_10;
    .scope S_0x58198b8b5c30;
T_11 ;
    %wait E_0x58198b850840;
    %load/vec4 v0x58198b8d4840_0;
    %flag_set/vec4 8;
    %jmp/0xz  T_11.0, 8;
    %load/vec4 v0x58198b8d4760_0;
    %load/vec4 v0x58198b8d44e0_0;
    %pad/u 5;
    %ix/vec4 3;
    %ix/load 4, 0, 0; Constant delay
    %assign/vec4/a/d v0x58198b8d4900, 0, 4;
T_11.0 ;
    %jmp T_11;
    .thread T_11;
    .scope S_0x58198b8d5060;
T_12 ;
    %pushi/vec4 0, 0, 1;
    %store/vec4 v0x58198b8d54f0_0, 0, 1;
    %end;
    .thread T_12;
    .scope S_0x58198b8d5060;
T_13 ;
    %wait E_0x58198b8d52d0;
    %load/vec4 v0x58198b8d5430_0;
    %assign/vec4 v0x58198b8d54f0_0, 0;
    %jmp T_13;
    .thread T_13;
    .scope S_0x58198b8d5fd0;
T_14 ;
    %pushi/vec4 0, 0, 1;
    %store/vec4 v0x58198b8d6410_0, 0, 1;
    %end;
    .thread T_14;
    .scope S_0x58198b8d5fd0;
T_15 ;
    %wait E_0x58198b8d52d0;
    %load/vec4 v0x58198b8d6350_0;
    %assign/vec4 v0x58198b8d6410_0, 0;
    %jmp T_15;
    .thread T_15;
    .scope S_0x58198b8d6f10;
T_16 ;
    %pushi/vec4 0, 0, 1;
    %store/vec4 v0x58198b8d7390_0, 0, 1;
    %end;
    .thread T_16;
    .scope S_0x58198b8d6f10;
T_17 ;
    %wait E_0x58198b8d52d0;
    %load/vec4 v0x58198b8d72d0_0;
    %assign/vec4 v0x58198b8d7390_0, 0;
    %jmp T_17;
    .thread T_17;
    .scope S_0x58198b8d7e70;
T_18 ;
    %pushi/vec4 0, 0, 1;
    %store/vec4 v0x58198b8d8260_0, 0, 1;
    %end;
    .thread T_18;
    .scope S_0x58198b8d7e70;
T_19 ;
    %wait E_0x58198b8d52d0;
    %load/vec4 v0x58198b8d81a0_0;
    %assign/vec4 v0x58198b8d8260_0, 0;
    %jmp T_19;
    .thread T_19;
    .scope S_0x58198b8d8dc0;
T_20 ;
    %pushi/vec4 0, 0, 1;
    %store/vec4 v0x58198b8d91b0_0, 0, 1;
    %end;
    .thread T_20;
    .scope S_0x58198b8d8dc0;
T_21 ;
    %wait E_0x58198b8d52d0;
    %load/vec4 v0x58198b8d90f0_0;
    %assign/vec4 v0x58198b8d91b0_0, 0;
    %jmp T_21;
    .thread T_21;
    .scope S_0x58198b8d9c40;
T_22 ;
    %pushi/vec4 0, 0, 1;
    %store/vec4 v0x58198b8da030_0, 0, 1;
    %end;
    .thread T_22;
    .scope S_0x58198b8d9c40;
T_23 ;
    %wait E_0x58198b8d52d0;
    %load/vec4 v0x58198b8d9f70_0;
    %assign/vec4 v0x58198b8da030_0, 0;
    %jmp T_23;
    .thread T_23;
    .scope S_0x58198b8dabb0;
T_24 ;
    %pushi/vec4 0, 0, 1;
    %store/vec4 v0x58198b8dafa0_0, 0, 1;
    %end;
    .thread T_24;
    .scope S_0x58198b8dabb0;
T_25 ;
    %wait E_0x58198b8d52d0;
    %load/vec4 v0x58198b8daee0_0;
    %assign/vec4 v0x58198b8dafa0_0, 0;
    %jmp T_25;
    .thread T_25;
    .scope S_0x58198b8dbb20;
T_26 ;
    %pushi/vec4 0, 0, 1;
    %store/vec4 v0x58198b8dbf10_0, 0, 1;
    %end;
    .thread T_26;
    .scope S_0x58198b8dbb20;
T_27 ;
    %wait E_0x58198b8d52d0;
    %load/vec4 v0x58198b8dbe50_0;
    %assign/vec4 v0x58198b8dbf10_0, 0;
    %jmp T_27;
    .thread T_27;
    .scope S_0x58198b8dcad0;
T_28 ;
    %pushi/vec4 0, 0, 1;
    %store/vec4 v0x58198b8dcec0_0, 0, 1;
    %end;
    .thread T_28;
    .scope S_0x58198b8dcad0;
T_29 ;
    %wait E_0x58198b8d52d0;
    %load/vec4 v0x58198b8dce00_0;
    %assign/vec4 v0x58198b8dcec0_0, 0;
    %jmp T_29;
    .thread T_29;
    .scope S_0x58198b8dda40;
T_30 ;
    %pushi/vec4 0, 0, 1;
    %store/vec4 v0x58198b8dde30_0, 0, 1;
    %end;
    .thread T_30;
    .scope S_0x58198b8dda40;
T_31 ;
    %wait E_0x58198b8d52d0;
    %load/vec4 v0x58198b8ddd70_0;
    %assign/vec4 v0x58198b8dde30_0, 0;
    %jmp T_31;
    .thread T_31;
    .scope S_0x58198b8de9b0;
T_32 ;
    %pushi/vec4 0, 0, 1;
    %store/vec4 v0x58198b8deda0_0, 0, 1;
    %end;
    .thread T_32;
    .scope S_0x58198b8de9b0;
T_33 ;
    %wait E_0x58198b8d52d0;
    %load/vec4 v0x58198b8dece0_0;
    %assign/vec4 v0x58198b8deda0_0, 0;
    %jmp T_33;
    .thread T_33;
    .scope S_0x58198b8df920;
T_34 ;
    %pushi/vec4 0, 0, 1;
    %store/vec4 v0x58198b8dfd10_0, 0, 1;
    %end;
    .thread T_34;
    .scope S_0x58198b8df920;
T_35 ;
    %wait E_0x58198b8d52d0;
    %load/vec4 v0x58198b8dfc50_0;
    %assign/vec4 v0x58198b8dfd10_0, 0;
    %jmp T_35;
    .thread T_35;
    .scope S_0x58198b8e0890;
T_36 ;
    %pushi/vec4 0, 0, 1;
    %store/vec4 v0x58198b8e0c80_0, 0, 1;
    %end;
    .thread T_36;
    .scope S_0x58198b8e0890;
T_37 ;
    %wait E_0x58198b8d52d0;
    %load/vec4 v0x58198b8e0bc0_0;
    %assign/vec4 v0x58198b8e0c80_0, 0;
    %jmp T_37;
    .thread T_37;
    .scope S_0x58198b8e1800;
T_38 ;
    %pushi/vec4 0, 0, 1;
    %store/vec4 v0x58198b8e1bf0_0, 0, 1;
    %end;
    .thread T_38;
    .scope S_0x58198b8e1800;
T_39 ;
    %wait E_0x58198b8d52d0;
    %load/vec4 v0x58198b8e1b30_0;
    %assign/vec4 v0x58198b8e1bf0_0, 0;
    %jmp T_39;
    .thread T_39;
    .scope S_0x58198b8e2770;
T_40 ;
    %pushi/vec4 0, 0, 1;
    %store/vec4 v0x58198b8e2b60_0, 0, 1;
    %end;
    .thread T_40;
    .scope S_0x58198b8e2770;
T_41 ;
    %wait E_0x58198b8d52d0;
    %load/vec4 v0x58198b8e2aa0_0;
    %assign/vec4 v0x58198b8e2b60_0, 0;
    %jmp T_41;
    .thread T_41;
    .scope S_0x58198b8e36e0;
T_42 ;
    %pushi/vec4 0, 0, 1;
    %store/vec4 v0x58198b8e3ad0_0, 0, 1;
    %end;
    .thread T_42;
    .scope S_0x58198b8e36e0;
T_43 ;
    %wait E_0x58198b8d52d0;
    %load/vec4 v0x58198b8e3a10_0;
    %assign/vec4 v0x58198b8e3ad0_0, 0;
    %jmp T_43;
    .thread T_43;
    .scope S_0x58198b8e49e0;
T_44 ;
    %pushi/vec4 0, 0, 32;
    %store/vec4 v0x58198b8e51f0_0, 0, 32;
T_44.0 ;
    %load/vec4 v0x58198b8e51f0_0;
    %cmpi/s 16384, 0, 32;
    %jmp/0xz T_44.1, 5;
    %pushi/vec4 0, 0, 16;
    %ix/getv/s 4, v0x58198b8e51f0_0;
    %store/vec4a v0x58198b8e5470, 4, 0;
    %load/vec4 v0x58198b8e51f0_0;
    %addi 1, 0, 32;
    %store/vec4 v0x58198b8e51f0_0, 0, 32;
    %jmp T_44.0;
T_44.1 ;
    %end;
    .thread T_44;
    .scope S_0x58198b8e49e0;
T_45 ;
    %wait E_0x58198b8e4cb0;
    %load/vec4 v0x58198b8e53b0_0;
    %flag_set/vec4 8;
    %jmp/0xz  T_45.0, 8;
    %load/vec4 v0x58198b8e52d0_0;
    %load/vec4 v0x58198b8e5000_0;
    %pad/u 16;
    %ix/vec4 3;
    %ix/load 4, 0, 0; Constant delay
    %assign/vec4/a/d v0x58198b8e5470, 0, 4;
T_45.0 ;
    %jmp T_45;
    .thread T_45;
    .scope S_0x58198b8b8710;
T_46 ;
    %pushi/vec4 0, 0, 1;
    %store/vec4 v0x58198b8e5f50_0, 0, 1;
T_46.0 ;
    %delay 5000, 0;
    %load/vec4 v0x58198b8e5f50_0;
    %inv;
    %store/vec4 v0x58198b8e5f50_0, 0, 1;
    %jmp T_46.0;
    %end;
    .thread T_46;
    .scope S_0x58198b8b8710;
T_47 ;
    %pushi/vec4 0, 0, 1;
    %store/vec4 v0x58198b8e6120_0, 0, 1;
    %pushi/vec4 0, 0, 14;
    %store/vec4 v0x58198b8e5e40_0, 0, 14;
    %pushi/vec4 0, 0, 16;
    %store/vec4 v0x58198b8e6020_0, 0, 16;
    %pushi/vec4 2, 0, 32;
T_47.0 %dup/vec4;
    %pushi/vec4 0, 0, 32;
    %cmp/s;
    %jmp/1xz T_47.1, 5;
    %jmp/1 T_47.1, 4;
    %pushi/vec4 1, 0, 32;
    %sub;
    %wait E_0x58198b8e4cb0;
    %jmp T_47.0;
T_47.1 ;
    %pop/vec4 1;
    %pushi/vec4 0, 0, 14;
    %store/vec4 v0x58198b8e5c60_0, 0, 14;
    %pushi/vec4 4369, 0, 16;
    %store/vec4 v0x58198b8e5d60_0, 0, 16;
    %fork TD_tb_ram16k.write_word, S_0x58198b8e5a20;
    %join;
    %pushi/vec4 8191, 0, 14;
    %store/vec4 v0x58198b8e5c60_0, 0, 14;
    %pushi/vec4 8738, 0, 16;
    %store/vec4 v0x58198b8e5d60_0, 0, 16;
    %fork TD_tb_ram16k.write_word, S_0x58198b8e5a20;
    %join;
    %pushi/vec4 16383, 0, 14;
    %store/vec4 v0x58198b8e5c60_0, 0, 14;
    %pushi/vec4 13107, 0, 16;
    %store/vec4 v0x58198b8e5d60_0, 0, 16;
    %fork TD_tb_ram16k.write_word, S_0x58198b8e5a20;
    %join;
    %pushi/vec4 0, 0, 14;
    %store/vec4 v0x58198b8e5860_0, 0, 14;
    %pushi/vec4 4369, 0, 16;
    %store/vec4 v0x58198b8e5940_0, 0, 16;
    %fork TD_tb_ram16k.expect_word, S_0x58198b8e56b0;
    %join;
    %pushi/vec4 8191, 0, 14;
    %store/vec4 v0x58198b8e5860_0, 0, 14;
    %pushi/vec4 8738, 0, 16;
    %store/vec4 v0x58198b8e5940_0, 0, 16;
    %fork TD_tb_ram16k.expect_word, S_0x58198b8e56b0;
    %join;
    %pushi/vec4 16383, 0, 14;
    %store/vec4 v0x58198b8e5860_0, 0, 14;
    %pushi/vec4 13107, 0, 16;
    %store/vec4 v0x58198b8e5940_0, 0, 16;
    %fork TD_tb_ram16k.expect_word, S_0x58198b8e56b0;
    %join;
    %pushi/vec4 17, 0, 14;
    %store/vec4 v0x58198b8e5860_0, 0, 14;
    %pushi/vec4 0, 0, 16;
    %store/vec4 v0x58198b8e5940_0, 0, 16;
    %fork TD_tb_ram16k.expect_word, S_0x58198b8e56b0;
    %join;
    %vpi_call/w 11 60 "$display", "tb_ram16k passed" {0 0 0};
    %vpi_call/w 11 61 "$finish" {0 0 0};
    %end;
    .thread T_47;
# The file index is used to find the file name in the following table.
:file_names 13;
    "N/A";
    "<interactive>";
    "-";
    "pc.v";
    "ram4k.v";
    "ram512.v";
    "ram64.v";
    "ram8.v";
    "register.v";
    "bit.v";
    "dff.v";
    "tb_ram16k.v";
    "ram16k.v";
