#! /usr/bin/vvp
:ivl_version "12.0 (stable)";
:ivl_delay_selection "TYPICAL";
:vpi_time_precision - 12;
:vpi_module "/usr/lib/x86_64-linux-gnu/ivl/system.vpi";
:vpi_module "/usr/lib/x86_64-linux-gnu/ivl/vhdl_sys.vpi";
:vpi_module "/usr/lib/x86_64-linux-gnu/ivl/vhdl_textio.vpi";
:vpi_module "/usr/lib/x86_64-linux-gnu/ivl/v2005_math.vpi";
:vpi_module "/usr/lib/x86_64-linux-gnu/ivl/va_math.vpi";
:vpi_module "/usr/lib/x86_64-linux-gnu/ivl/v2009.vpi";
S_0x5b9b0a326f80 .scope package, "$unit" "$unit" 2 1;
 .timescale 0 0;
S_0x5b9b0a331b00 .scope module, "PC" "PC" 3 3;
 .timescale -9 -12;
    .port_info 0 /INPUT 1 "clk";
    .port_info 1 /INPUT 1 "reset";
    .port_info 2 /INPUT 1 "load";
    .port_info 3 /INPUT 1 "inc";
    .port_info 4 /INPUT 16 "in";
    .port_info 5 /OUTPUT 16 "out";
o0x7ce138c80018 .functor BUFZ 1, C4<z>; HiZ drive
v0x5b9b0a32a720_0 .net "clk", 0 0, o0x7ce138c80018;  0 drivers
o0x7ce138c80048 .functor BUFZ 16, C4<zzzzzzzzzzzzzzzz>; HiZ drive
v0x5b9b0a3291b0_0 .net "in", 15 0, o0x7ce138c80048;  0 drivers
o0x7ce138c80078 .functor BUFZ 1, C4<z>; HiZ drive
v0x5b9b0a327c40_0 .net "inc", 0 0, o0x7ce138c80078;  0 drivers
o0x7ce138c800a8 .functor BUFZ 1, C4<z>; HiZ drive
v0x5b9b0a3266d0_0 .net "load", 0 0, o0x7ce138c800a8;  0 drivers
v0x5b9b0a325160_0 .var "out", 15 0;
o0x7ce138c80108 .functor BUFZ 1, C4<z>; HiZ drive
v0x5b9b0a3247b0_0 .net "reset", 0 0, o0x7ce138c80108;  0 drivers
E_0x5b9b0a2ed640 .event posedge, v0x5b9b0a32a720_0;
S_0x5b9b0a333070 .scope module, "RAM16K" "RAM16K" 4 3;
 .timescale -9 -12;
    .port_info 0 /INPUT 1 "clk";
    .port_info 1 /INPUT 1 "load";
    .port_info 2 /INPUT 14 "address";
    .port_info 3 /INPUT 16 "in";
    .port_info 4 /OUTPUT 16 "out";
P_0x5b9b0a2eb860 .param/l "DEPTH" 1 4 10, +C4<00000000000000000100000000000000>;
L_0x5b9b0a3664b0 .functor BUFZ 16, L_0x5b9b0a366240, C4<0000000000000000>, C4<0000000000000000>, C4<0000000000000000>;
v0x5b9b0a352260_0 .net *"_ivl_0", 15 0, L_0x5b9b0a366240;  1 drivers
v0x5b9b0a352360_0 .net *"_ivl_2", 15 0, L_0x5b9b0a366340;  1 drivers
L_0x7ce1389b7018 .functor BUFT 1, C4<00>, C4<0>, C4<0>, C4<0>;
v0x5b9b0a352440_0 .net *"_ivl_5", 1 0, L_0x7ce1389b7018;  1 drivers
o0x7ce138c802e8 .functor BUFZ 14, C4<zzzzzzzzzzzzzz>; HiZ drive
v0x5b9b0a352500_0 .net "address", 13 0, o0x7ce138c802e8;  0 drivers
o0x7ce138c80318 .functor BUFZ 1, C4<z>; HiZ drive
v0x5b9b0a3525e0_0 .net "clk", 0 0, o0x7ce138c80318;  0 drivers
v0x5b9b0a3526f0_0 .var/i "idx", 31 0;
o0x7ce138c80378 .functor BUFZ 16, C4<zzzzzzzzzzzzzzzz>; HiZ drive
v0x5b9b0a3527d0_0 .net "in", 15 0, o0x7ce138c80378;  0 drivers
o0x7ce138c803a8 .functor BUFZ 1, C4<z>; HiZ drive
v0x5b9b0a3528b0_0 .net "load", 0 0, o0x7ce138c803a8;  0 drivers
v0x5b9b0a352970 .array "mem", 16383 0, 15 0;
v0x5b9b0a352a30_0 .net "out", 15 0, L_0x5b9b0a3664b0;  1 drivers
E_0x5b9b0a2ed890 .event posedge, v0x5b9b0a3525e0_0;
L_0x5b9b0a366240 .array/port v0x5b9b0a352970, L_0x5b9b0a366340;
L_0x5b9b0a366340 .concat [ 14 2 0 0], o0x7ce138c802e8, L_0x7ce1389b7018;
S_0x5b9b0a3345e0 .scope module, "RAM4K" "RAM4K" 5 3;
 .timescale -9 -12;
    .port_info 0 /INPUT 1 "clk";
    .port_info 1 /INPUT 1 "load";
    .port_info 2 /INPUT 12 "address";
    .port_info 3 /INPUT 16 "in";
    .port_info 4 /OUTPUT 16 "out";
P_0x5b9b0a335910 .param/l "DEPTH" 1 5 10, +C4<00000000000000000001000000000000>;
L_0x5b9b0a3667b0 .functor BUFZ 16, L_0x5b9b0a366570, C4<0000000000000000>, C4<0000000000000000>, C4<0000000000000000>;
v0x5b9b0a352bf0_0 .net *"_ivl_0", 15 0, L_0x5b9b0a366570;  1 drivers
v0x5b9b0a352cf0_0 .net *"_ivl_2", 13 0, L_0x5b9b0a366640;  1 drivers
L_0x7ce1389b7060 .functor BUFT 1, C4<00>, C4<0>, C4<0>, C4<0>;
v0x5b9b0a352dd0_0 .net *"_ivl_5", 1 0, L_0x7ce1389b7060;  1 drivers
o0x7ce138c80588 .functor BUFZ 12, C4<zzzzzzzzzzzz>; HiZ drive
v0x5b9b0a352e90_0 .net "address", 11 0, o0x7ce138c80588;  0 drivers
o0x7ce138c805b8 .functor BUFZ 1, C4<z>; HiZ drive
v0x5b9b0a352f70_0 .net "clk", 0 0, o0x7ce138c805b8;  0 drivers
v0x5b9b0a353030_0 .var/i "idx", 31 0;
o0x7ce138c80618 .functor BUFZ 16, C4<zzzzzzzzzzzzzzzz>; HiZ drive
v0x5b9b0a353110_0 .net "in", 15 0, o0x7ce138c80618;  0 drivers
o0x7ce138c80648 .functor BUFZ 1, C4<z>; HiZ drive
v0x5b9b0a3531f0_0 .net "load", 0 0, o0x7ce138c80648;  0 drivers
v0x5b9b0a3532b0 .array "mem", 4095 0, 15 0;
v0x5b9b0a353400_0 .net "out", 15 0, L_0x5b9b0a3667b0;  1 drivers
E_0x5b9b0a2edaf0 .event posedge, v0x5b9b0a352f70_0;
L_0x5b9b0a366570 .array/port v0x5b9b0a3532b0, L_0x5b9b0a366640;
L_0x5b9b0a366640 .concat [ 12 2 0 0], o0x7ce138c80588, L_0x7ce1389b7060;
S_0x5b9b0a325a10 .scope module, "RAM512" "RAM512" 6 3;
 .timescale -9 -12;
    .port_info 0 /INPUT 1 "clk";
    .port_info 1 /INPUT 1 "load";
    .port_info 2 /INPUT 9 "address";
    .port_info 3 /INPUT 16 "in";
    .port_info 4 /OUTPUT 16 "out";
P_0x5b9b0a332e30 .param/l "DEPTH" 1 6 10, +C4<00000000000000000000001000000000>;
L_0x5b9b0a366ab0 .functor BUFZ 16, L_0x5b9b0a366870, C4<0000000000000000>, C4<0000000000000000>, C4<0000000000000000>;
v0x5b9b0a3535c0_0 .net *"_ivl_0", 15 0, L_0x5b9b0a366870;  1 drivers
v0x5b9b0a3536c0_0 .net *"_ivl_2", 10 0, L_0x5b9b0a366940;  1 drivers
L_0x7ce1389b70a8 .functor BUFT 1, C4<00>, C4<0>, C4<0>, C4<0>;
v0x5b9b0a3537a0_0 .net *"_ivl_5", 1 0, L_0x7ce1389b70a8;  1 drivers
o0x7ce138c80828 .functor BUFZ 9, C4<zzzzzzzzz>; HiZ drive
v0x5b9b0a353860_0 .net "address", 8 0, o0x7ce138c80828;  0 drivers
o0x7ce138c80858 .functor BUFZ 1, C4<z>; HiZ drive
v0x5b9b0a353940_0 .net "clk", 0 0, o0x7ce138c80858;  0 drivers
v0x5b9b0a353a00_0 .var/i "idx", 31 0;
o0x7ce138c808b8 .functor BUFZ 16, C4<zzzzzzzzzzzzzzzz>; HiZ drive
v0x5b9b0a353ae0_0 .net "in", 15 0, o0x7ce138c808b8;  0 drivers
o0x7ce138c808e8 .functor BUFZ 1, C4<z>; HiZ drive
v0x5b9b0a353bc0_0 .net "load", 0 0, o0x7ce138c808e8;  0 drivers
v0x5b9b0a353c80 .array "mem", 511 0, 15 0;
v0x5b9b0a353dd0_0 .net "out", 15 0, L_0x5b9b0a366ab0;  1 drivers
E_0x5b9b0a2edc80 .event posedge, v0x5b9b0a353940_0;
L_0x5b9b0a366870 .array/port v0x5b9b0a353c80, L_0x5b9b0a366940;
L_0x5b9b0a366940 .concat [ 9 2 0 0], o0x7ce138c80828, L_0x7ce1389b70a8;
S_0x5b9b0a335b50 .scope module, "RAM64" "RAM64" 7 3;
 .timescale -9 -12;
    .port_info 0 /INPUT 1 "clk";
    .port_info 1 /INPUT 1 "load";
    .port_info 2 /INPUT 6 "address";
    .port_info 3 /INPUT 16 "in";
    .port_info 4 /OUTPUT 16 "out";
P_0x5b9b0a330350 .param/l "DEPTH" 1 7 10, +C4<00000000000000000000000001000000>;
L_0x5b9b0a366de0 .functor BUFZ 16, L_0x5b9b0a366ba0, C4<0000000000000000>, C4<0000000000000000>, C4<0000000000000000>;
v0x5b9b0a353f90_0 .net *"_ivl_0", 15 0, L_0x5b9b0a366ba0;  1 drivers
v0x5b9b0a354090_0 .net *"_ivl_2", 7 0, L_0x5b9b0a366c70;  1 drivers
L_0x7ce1389b70f0 .functor BUFT 1, C4<00>, C4<0>, C4<0>, C4<0>;
v0x5b9b0a354170_0 .net *"_ivl_5", 1 0, L_0x7ce1389b70f0;  1 drivers
o0x7ce138c80ac8 .functor BUFZ 6, C4<zzzzzz>; HiZ drive
v0x5b9b0a354230_0 .net "address", 5 0, o0x7ce138c80ac8;  0 drivers
o0x7ce138c80af8 .functor BUFZ 1, C4<z>; HiZ drive
v0x5b9b0a354310_0 .net "clk", 0 0, o0x7ce138c80af8;  0 drivers
v0x5b9b0a3543d0_0 .var/i "idx", 31 0;
o0x7ce138c80b58 .functor BUFZ 16, C4<zzzzzzzzzzzzzzzz>; HiZ drive
v0x5b9b0a3544b0_0 .net "in", 15 0, o0x7ce138c80b58;  0 drivers
o0x7ce138c80b88 .functor BUFZ 1, C4<z>; HiZ drive
v0x5b9b0a354590_0 .net "load", 0 0, o0x7ce138c80b88;  0 drivers
v0x5b9b0a354650 .array "mem", 63 0, 15 0;
v0x5b9b0a3547a0_0 .net "out", 15 0, L_0x5b9b0a366de0;  1 drivers
E_0x5b9b0a2d0880 .event posedge, v0x5b9b0a354310_0;
L_0x5b9b0a366ba0 .array/port v0x5b9b0a354650, L_0x5b9b0a366c70;
L_0x5b9b0a366c70 .concat [ 6 2 0 0], o0x7ce138c80ac8, L_0x7ce1389b70f0;
S_0x5b9b0a3370c0 .scope module, "Register" "Register" 8 3;
 .timescale -9 -12;
    .port_info 0 /INPUT 1 "clk";
    .port_info 1 /INPUT 1 "load";
    .port_info 2 /INPUT 16 "in";
    .port_info 3 /OUTPUT 16 "out";
L_0x5b9b0a36a760 .functor BUFZ 16, L_0x5b9b0a36a1c0, C4<0000000000000000>, C4<0000000000000000>, C4<0000000000000000>;
v0x5b9b0a364080_0 .net "bit_out", 15 0, L_0x5b9b0a36a1c0;  1 drivers
o0x7ce138c80cd8 .functor BUFZ 1, C4<z>; HiZ drive
v0x5b9b0a364180_0 .net "clk", 0 0, o0x7ce138c80cd8;  0 drivers
o0x7ce138c82e68 .functor BUFZ 16, C4<zzzzzzzzzzzzzzzz>; HiZ drive
v0x5b9b0a364650_0 .net "in", 15 0, o0x7ce138c82e68;  0 drivers
o0x7ce138c80e28 .functor BUFZ 1, C4<z>; HiZ drive
v0x5b9b0a3646f0_0 .net "load", 0 0, o0x7ce138c80e28;  0 drivers
v0x5b9b0a364790_0 .net "out", 15 0, L_0x5b9b0a36a760;  1 drivers
L_0x5b9b0a367050 .part o0x7ce138c82e68, 0, 1;
L_0x5b9b0a3672f0 .part o0x7ce138c82e68, 1, 1;
L_0x5b9b0a3675e0 .part o0x7ce138c82e68, 2, 1;
L_0x5b9b0a367880 .part o0x7ce138c82e68, 3, 1;
L_0x5b9b0a367bb0 .part o0x7ce138c82e68, 4, 1;
L_0x5b9b0a367e90 .part o0x7ce138c82e68, 5, 1;
L_0x5b9b0a368190 .part o0x7ce138c82e68, 6, 1;
L_0x5b9b0a368470 .part o0x7ce138c82e68, 7, 1;
L_0x5b9b0a3687a0 .part o0x7ce138c82e68, 8, 1;
L_0x5b9b0a368a80 .part o0x7ce138c82e68, 9, 1;
L_0x5b9b0a368d70 .part o0x7ce138c82e68, 10, 1;
L_0x5b9b0a369050 .part o0x7ce138c82e68, 11, 1;
L_0x5b9b0a3693a0 .part o0x7ce138c82e68, 12, 1;
L_0x5b9b0a369680 .part o0x7ce138c82e68, 13, 1;
L_0x5b9b0a369970 .part o0x7ce138c82e68, 14, 1;
L_0x5b9b0a36a040 .part o0x7ce138c82e68, 15, 1;
LS_0x5b9b0a36a1c0_0_0 .concat8 [ 1 1 1 1], L_0x5b9b0a366fe0, L_0x5b9b0a367280, L_0x5b9b0a367570, L_0x5b9b0a367810;
LS_0x5b9b0a36a1c0_0_4 .concat8 [ 1 1 1 1], L_0x5b9b0a367b40, L_0x5b9b0a367e20, L_0x5b9b0a368120, L_0x5b9b0a368400;
LS_0x5b9b0a36a1c0_0_8 .concat8 [ 1 1 1 1], L_0x5b9b0a368730, L_0x5b9b0a368a10, L_0x5b9b0a368d00, L_0x5b9b0a368fe0;
LS_0x5b9b0a36a1c0_0_12 .concat8 [ 1 1 1 1], L_0x5b9b0a369330, L_0x5b9b0a369610, L_0x5b9b0a369140, L_0x5b9b0a369fd0;
L_0x5b9b0a36a1c0 .concat8 [ 4 4 4 4], LS_0x5b9b0a36a1c0_0_0, LS_0x5b9b0a36a1c0_0_4, LS_0x5b9b0a36a1c0_0_8, LS_0x5b9b0a36a1c0_0_12;
S_0x5b9b0a354920 .scope generate, "gen_bits[0]" "gen_bits[0]" 8 13, 8 13 0, S_0x5b9b0a3370c0;
 .timescale -9 -12;
P_0x5b9b0a354af0 .param/l "i" 1 8 13, +C4<00>;
S_0x5b9b0a354bd0 .scope module, "bit_cell" "Bit" 8 14, 9 3 0, S_0x5b9b0a354920;
 .timescale -9 -12;
    .port_info 0 /INPUT 1 "clk";
    .port_info 1 /INPUT 1 "load";
    .port_info 2 /INPUT 1 "in";
    .port_info 3 /OUTPUT 1 "out";
L_0x5b9b0a366fe0 .functor BUFZ 1, v0x5b9b0a355240_0, C4<0>, C4<0>, C4<0>;
v0x5b9b0a355360_0 .net "clk", 0 0, o0x7ce138c80cd8;  alias, 0 drivers
v0x5b9b0a355400_0 .net "in", 0 0, L_0x5b9b0a367050;  1 drivers
v0x5b9b0a3554a0_0 .net "load", 0 0, o0x7ce138c80e28;  alias, 0 drivers
v0x5b9b0a355570_0 .net "next_value", 0 0, L_0x5b9b0a366ea0;  1 drivers
v0x5b9b0a355640_0 .net "out", 0 0, L_0x5b9b0a366fe0;  1 drivers
v0x5b9b0a355730_0 .net "stored", 0 0, v0x5b9b0a355240_0;  1 drivers
L_0x5b9b0a366ea0 .functor MUXZ 1, v0x5b9b0a355240_0, L_0x5b9b0a367050, o0x7ce138c80e28, C4<>;
S_0x5b9b0a354db0 .scope module, "storage" "DFF" 9 12, 10 3 0, S_0x5b9b0a354bd0;
 .timescale -9 -12;
    .port_info 0 /INPUT 1 "clk";
    .port_info 1 /INPUT 1 "d";
    .port_info 2 /OUTPUT 1 "q";
v0x5b9b0a3550a0_0 .net "clk", 0 0, o0x7ce138c80cd8;  alias, 0 drivers
v0x5b9b0a355180_0 .net "d", 0 0, L_0x5b9b0a366ea0;  alias, 1 drivers
v0x5b9b0a355240_0 .var "q", 0 0;
E_0x5b9b0a355020 .event posedge, v0x5b9b0a3550a0_0;
S_0x5b9b0a355860 .scope generate, "gen_bits[1]" "gen_bits[1]" 8 13, 8 13 0, S_0x5b9b0a3370c0;
 .timescale -9 -12;
P_0x5b9b0a355a80 .param/l "i" 1 8 13, +C4<01>;
S_0x5b9b0a355b40 .scope module, "bit_cell" "Bit" 8 14, 9 3 0, S_0x5b9b0a355860;
 .timescale -9 -12;
    .port_info 0 /INPUT 1 "clk";
    .port_info 1 /INPUT 1 "load";
    .port_info 2 /INPUT 1 "in";
    .port_info 3 /OUTPUT 1 "out";
L_0x5b9b0a367280 .functor BUFZ 1, v0x5b9b0a356160_0, C4<0>, C4<0>, C4<0>;
v0x5b9b0a356280_0 .net "clk", 0 0, o0x7ce138c80cd8;  alias, 0 drivers
v0x5b9b0a356320_0 .net "in", 0 0, L_0x5b9b0a3672f0;  1 drivers
v0x5b9b0a3563e0_0 .net "load", 0 0, o0x7ce138c80e28;  alias, 0 drivers
v0x5b9b0a3564e0_0 .net "next_value", 0 0, L_0x5b9b0a367140;  1 drivers
v0x5b9b0a3565b0_0 .net "out", 0 0, L_0x5b9b0a367280;  1 drivers
v0x5b9b0a3566a0_0 .net "stored", 0 0, v0x5b9b0a356160_0;  1 drivers
L_0x5b9b0a367140 .functor MUXZ 1, v0x5b9b0a356160_0, L_0x5b9b0a3672f0, o0x7ce138c80e28, C4<>;
S_0x5b9b0a355d20 .scope module, "storage" "DFF" 9 12, 10 3 0, S_0x5b9b0a355b40;
 .timescale -9 -12;
    .port_info 0 /INPUT 1 "clk";
    .port_info 1 /INPUT 1 "d";
    .port_info 2 /OUTPUT 1 "q";
v0x5b9b0a355f90_0 .net "clk", 0 0, o0x7ce138c80cd8;  alias, 0 drivers
v0x5b9b0a3560a0_0 .net "d", 0 0, L_0x5b9b0a367140;  alias, 1 drivers
v0x5b9b0a356160_0 .var "q", 0 0;
S_0x5b9b0a356790 .scope generate, "gen_bits[2]" "gen_bits[2]" 8 13, 8 13 0, S_0x5b9b0a3370c0;
 .timescale -9 -12;
P_0x5b9b0a356990 .param/l "i" 1 8 13, +C4<010>;
S_0x5b9b0a356a50 .scope module, "bit_cell" "Bit" 8 14, 9 3 0, S_0x5b9b0a356790;
 .timescale -9 -12;
    .port_info 0 /INPUT 1 "clk";
    .port_info 1 /INPUT 1 "load";
    .port_info 2 /INPUT 1 "in";
    .port_info 3 /OUTPUT 1 "out";
L_0x5b9b0a367570 .functor BUFZ 1, v0x5b9b0a3570e0_0, C4<0>, C4<0>, C4<0>;
v0x5b9b0a357230_0 .net "clk", 0 0, o0x7ce138c80cd8;  alias, 0 drivers
v0x5b9b0a3572d0_0 .net "in", 0 0, L_0x5b9b0a3675e0;  1 drivers
v0x5b9b0a357390_0 .net "load", 0 0, o0x7ce138c80e28;  alias, 0 drivers
v0x5b9b0a357460_0 .net "next_value", 0 0, L_0x5b9b0a367430;  1 drivers
v0x5b9b0a357500_0 .net "out", 0 0, L_0x5b9b0a367570;  1 drivers
v0x5b9b0a3575f0_0 .net "stored", 0 0, v0x5b9b0a3570e0_0;  1 drivers
L_0x5b9b0a367430 .functor MUXZ 1, v0x5b9b0a3570e0_0, L_0x5b9b0a3675e0, o0x7ce138c80e28, C4<>;
S_0x5b9b0a356c60 .scope module, "storage" "DFF" 9 12, 10 3 0, S_0x5b9b0a356a50;
 .timescale -9 -12;
    .port_info 0 /INPUT 1 "clk";
    .port_info 1 /INPUT 1 "d";
    .port_info 2 /OUTPUT 1 "q";
v0x5b9b0a356ed0_0 .net "clk", 0 0, o0x7ce138c80cd8;  alias, 0 drivers
v0x5b9b0a357020_0 .net "d", 0 0, L_0x5b9b0a367430;  alias, 1 drivers
v0x5b9b0a3570e0_0 .var "q", 0 0;
S_0x5b9b0a357700 .scope generate, "gen_bits[3]" "gen_bits[3]" 8 13, 8 13 0, S_0x5b9b0a3370c0;
 .timescale -9 -12;
P_0x5b9b0a357900 .param/l "i" 1 8 13, +C4<011>;
S_0x5b9b0a3579e0 .scope module, "bit_cell" "Bit" 8 14, 9 3 0, S_0x5b9b0a357700;
 .timescale -9 -12;
    .port_info 0 /INPUT 1 "clk";
    .port_info 1 /INPUT 1 "load";
    .port_info 2 /INPUT 1 "in";
    .port_info 3 /OUTPUT 1 "out";
L_0x5b9b0a367810 .functor BUFZ 1, v0x5b9b0a357fb0_0, C4<0>, C4<0>, C4<0>;
v0x5b9b0a358100_0 .net "clk", 0 0, o0x7ce138c80cd8;  alias, 0 drivers
v0x5b9b0a3581a0_0 .net "in", 0 0, L_0x5b9b0a367880;  1 drivers
v0x5b9b0a358260_0 .net "load", 0 0, o0x7ce138c80e28;  alias, 0 drivers
v0x5b9b0a358330_0 .net "next_value", 0 0, L_0x5b9b0a3676d0;  1 drivers
v0x5b9b0a358400_0 .net "out", 0 0, L_0x5b9b0a367810;  1 drivers
v0x5b9b0a3584f0_0 .net "stored", 0 0, v0x5b9b0a357fb0_0;  1 drivers
L_0x5b9b0a3676d0 .functor MUXZ 1, v0x5b9b0a357fb0_0, L_0x5b9b0a367880, o0x7ce138c80e28, C4<>;
S_0x5b9b0a357bc0 .scope module, "storage" "DFF" 9 12, 10 3 0, S_0x5b9b0a3579e0;
 .timescale -9 -12;
    .port_info 0 /INPUT 1 "clk";
    .port_info 1 /INPUT 1 "d";
    .port_info 2 /OUTPUT 1 "q";
v0x5b9b0a357e30_0 .net "clk", 0 0, o0x7ce138c80cd8;  alias, 0 drivers
v0x5b9b0a357ef0_0 .net "d", 0 0, L_0x5b9b0a3676d0;  alias, 1 drivers
v0x5b9b0a357fb0_0 .var "q", 0 0;
S_0x5b9b0a358600 .scope generate, "gen_bits[4]" "gen_bits[4]" 8 13, 8 13 0, S_0x5b9b0a3370c0;
 .timescale -9 -12;
P_0x5b9b0a358850 .param/l "i" 1 8 13, +C4<0100>;
S_0x5b9b0a358930 .scope module, "bit_cell" "Bit" 8 14, 9 3 0, S_0x5b9b0a358600;
 .timescale -9 -12;
    .port_info 0 /INPUT 1 "clk";
    .port_info 1 /INPUT 1 "load";
    .port_info 2 /INPUT 1 "in";
    .port_info 3 /OUTPUT 1 "out";
L_0x5b9b0a367b40 .functor BUFZ 1, v0x5b9b0a358f00_0, C4<0>, C4<0>, C4<0>;
v0x5b9b0a359020_0 .net "clk", 0 0, o0x7ce138c80cd8;  alias, 0 drivers
v0x5b9b0a3590c0_0 .net "in", 0 0, L_0x5b9b0a367bb0;  1 drivers
v0x5b9b0a359180_0 .net "load", 0 0, o0x7ce138c80e28;  alias, 0 drivers
v0x5b9b0a359250_0 .net "next_value", 0 0, L_0x5b9b0a367a30;  1 drivers
v0x5b9b0a359320_0 .net "out", 0 0, L_0x5b9b0a367b40;  1 drivers
v0x5b9b0a3593c0_0 .net "stored", 0 0, v0x5b9b0a358f00_0;  1 drivers
L_0x5b9b0a367a30 .functor MUXZ 1, v0x5b9b0a358f00_0, L_0x5b9b0a367bb0, o0x7ce138c80e28, C4<>;
S_0x5b9b0a358b10 .scope module, "storage" "DFF" 9 12, 10 3 0, S_0x5b9b0a358930;
 .timescale -9 -12;
    .port_info 0 /INPUT 1 "clk";
    .port_info 1 /INPUT 1 "d";
    .port_info 2 /OUTPUT 1 "q";
v0x5b9b0a358d80_0 .net "clk", 0 0, o0x7ce138c80cd8;  alias, 0 drivers
v0x5b9b0a358e40_0 .net "d", 0 0, L_0x5b9b0a367a30;  alias, 1 drivers
v0x5b9b0a358f00_0 .var "q", 0 0;
S_0x5b9b0a3594d0 .scope generate, "gen_bits[5]" "gen_bits[5]" 8 13, 8 13 0, S_0x5b9b0a3370c0;
 .timescale -9 -12;
P_0x5b9b0a3596d0 .param/l "i" 1 8 13, +C4<0101>;
S_0x5b9b0a3597b0 .scope module, "bit_cell" "Bit" 8 14, 9 3 0, S_0x5b9b0a3594d0;
 .timescale -9 -12;
    .port_info 0 /INPUT 1 "clk";
    .port_info 1 /INPUT 1 "load";
    .port_info 2 /INPUT 1 "in";
    .port_info 3 /OUTPUT 1 "out";
L_0x5b9b0a367e20 .functor BUFZ 1, v0x5b9b0a359d80_0, C4<0>, C4<0>, C4<0>;
v0x5b9b0a359ed0_0 .net "clk", 0 0, o0x7ce138c80cd8;  alias, 0 drivers
v0x5b9b0a359f70_0 .net "in", 0 0, L_0x5b9b0a367e90;  1 drivers
v0x5b9b0a35a030_0 .net "load", 0 0, o0x7ce138c80e28;  alias, 0 drivers
v0x5b9b0a35a100_0 .net "next_value", 0 0, L_0x5b9b0a367ca0;  1 drivers
v0x5b9b0a35a1d0_0 .net "out", 0 0, L_0x5b9b0a367e20;  1 drivers
v0x5b9b0a35a2c0_0 .net "stored", 0 0, v0x5b9b0a359d80_0;  1 drivers
L_0x5b9b0a367ca0 .functor MUXZ 1, v0x5b9b0a359d80_0, L_0x5b9b0a367e90, o0x7ce138c80e28, C4<>;
S_0x5b9b0a359990 .scope module, "storage" "DFF" 9 12, 10 3 0, S_0x5b9b0a3597b0;
 .timescale -9 -12;
    .port_info 0 /INPUT 1 "clk";
    .port_info 1 /INPUT 1 "d";
    .port_info 2 /OUTPUT 1 "q";
v0x5b9b0a359c00_0 .net "clk", 0 0, o0x7ce138c80cd8;  alias, 0 drivers
v0x5b9b0a359cc0_0 .net "d", 0 0, L_0x5b9b0a367ca0;  alias, 1 drivers
v0x5b9b0a359d80_0 .var "q", 0 0;
S_0x5b9b0a35a3d0 .scope generate, "gen_bits[6]" "gen_bits[6]" 8 13, 8 13 0, S_0x5b9b0a3370c0;
 .timescale -9 -12;
P_0x5b9b0a35a5d0 .param/l "i" 1 8 13, +C4<0110>;
S_0x5b9b0a35a6b0 .scope module, "bit_cell" "Bit" 8 14, 9 3 0, S_0x5b9b0a35a3d0;
 .timescale -9 -12;
    .port_info 0 /INPUT 1 "clk";
    .port_info 1 /INPUT 1 "load";
    .port_info 2 /INPUT 1 "in";
    .port_info 3 /OUTPUT 1 "out";
L_0x5b9b0a368120 .functor BUFZ 1, v0x5b9b0a35acf0_0, C4<0>, C4<0>, C4<0>;
v0x5b9b0a35ae40_0 .net "clk", 0 0, o0x7ce138c80cd8;  alias, 0 drivers
v0x5b9b0a35aee0_0 .net "in", 0 0, L_0x5b9b0a368190;  1 drivers
v0x5b9b0a35afa0_0 .net "load", 0 0, o0x7ce138c80e28;  alias, 0 drivers
v0x5b9b0a35b070_0 .net "next_value", 0 0, L_0x5b9b0a367fc0;  1 drivers
v0x5b9b0a35b140_0 .net "out", 0 0, L_0x5b9b0a368120;  1 drivers
v0x5b9b0a35b230_0 .net "stored", 0 0, v0x5b9b0a35acf0_0;  1 drivers
L_0x5b9b0a367fc0 .functor MUXZ 1, v0x5b9b0a35acf0_0, L_0x5b9b0a368190, o0x7ce138c80e28, C4<>;
S_0x5b9b0a35a900 .scope module, "storage" "DFF" 9 12, 10 3 0, S_0x5b9b0a35a6b0;
 .timescale -9 -12;
    .port_info 0 /INPUT 1 "clk";
    .port_info 1 /INPUT 1 "d";
    .port_info 2 /OUTPUT 1 "q";
v0x5b9b0a35ab70_0 .net "clk", 0 0, o0x7ce138c80cd8;  alias, 0 drivers
v0x5b9b0a35ac30_0 .net "d", 0 0, L_0x5b9b0a367fc0;  alias, 1 drivers
v0x5b9b0a35acf0_0 .var "q", 0 0;
S_0x5b9b0a35b340 .scope generate, "gen_bits[7]" "gen_bits[7]" 8 13, 8 13 0, S_0x5b9b0a3370c0;
 .timescale -9 -12;
P_0x5b9b0a35b540 .param/l "i" 1 8 13, +C4<0111>;
S_0x5b9b0a35b620 .scope module, "bit_cell" "Bit" 8 14, 9 3 0, S_0x5b9b0a35b340;
 .timescale -9 -12;
    .port_info 0 /INPUT 1 "clk";
    .port_info 1 /INPUT 1 "load";
    .port_info 2 /INPUT 1 "in";
    .port_info 3 /OUTPUT 1 "out";
L_0x5b9b0a368400 .functor BUFZ 1, v0x5b9b0a35bc60_0, C4<0>, C4<0>, C4<0>;
v0x5b9b0a35bdb0_0 .net "clk", 0 0, o0x7ce138c80cd8;  alias, 0 drivers
v0x5b9b0a35be50_0 .net "in", 0 0, L_0x5b9b0a368470;  1 drivers
v0x5b9b0a35bf10_0 .net "load", 0 0, o0x7ce138c80e28;  alias, 0 drivers
v0x5b9b0a35bfe0_0 .net "next_value", 0 0, L_0x5b9b0a368280;  1 drivers
v0x5b9b0a35c0b0_0 .net "out", 0 0, L_0x5b9b0a368400;  1 drivers
v0x5b9b0a35c1a0_0 .net "stored", 0 0, v0x5b9b0a35bc60_0;  1 drivers
L_0x5b9b0a368280 .functor MUXZ 1, v0x5b9b0a35bc60_0, L_0x5b9b0a368470, o0x7ce138c80e28, C4<>;
S_0x5b9b0a35b870 .scope module, "storage" "DFF" 9 12, 10 3 0, S_0x5b9b0a35b620;
 .timescale -9 -12;
    .port_info 0 /INPUT 1 "clk";
    .port_info 1 /INPUT 1 "d";
    .port_info 2 /OUTPUT 1 "q";
v0x5b9b0a35bae0_0 .net "clk", 0 0, o0x7ce138c80cd8;  alias, 0 drivers
v0x5b9b0a35bba0_0 .net "d", 0 0, L_0x5b9b0a368280;  alias, 1 drivers
v0x5b9b0a35bc60_0 .var "q", 0 0;
S_0x5b9b0a35c2b0 .scope generate, "gen_bits[8]" "gen_bits[8]" 8 13, 8 13 0, S_0x5b9b0a3370c0;
 .timescale -9 -12;
P_0x5b9b0a358800 .param/l "i" 1 8 13, +C4<01000>;
S_0x5b9b0a35c5d0 .scope module, "bit_cell" "Bit" 8 14, 9 3 0, S_0x5b9b0a35c2b0;
 .timescale -9 -12;
    .port_info 0 /INPUT 1 "clk";
    .port_info 1 /INPUT 1 "load";
    .port_info 2 /INPUT 1 "in";
    .port_info 3 /OUTPUT 1 "out";
L_0x5b9b0a368730 .functor BUFZ 1, v0x5b9b0a35ce20_0, C4<0>, C4<0>, C4<0>;
v0x5b9b0a35cf70_0 .net "clk", 0 0, o0x7ce138c80cd8;  alias, 0 drivers
v0x5b9b0a35d010_0 .net "in", 0 0, L_0x5b9b0a3687a0;  1 drivers
v0x5b9b0a35d0d0_0 .net "load", 0 0, o0x7ce138c80e28;  alias, 0 drivers
v0x5b9b0a35d1a0_0 .net "next_value", 0 0, L_0x5b9b0a3685b0;  1 drivers
v0x5b9b0a35d270_0 .net "out", 0 0, L_0x5b9b0a368730;  1 drivers
v0x5b9b0a35d360_0 .net "stored", 0 0, v0x5b9b0a35ce20_0;  1 drivers
L_0x5b9b0a3685b0 .functor MUXZ 1, v0x5b9b0a35ce20_0, L_0x5b9b0a3687a0, o0x7ce138c80e28, C4<>;
S_0x5b9b0a35c820 .scope module, "storage" "DFF" 9 12, 10 3 0, S_0x5b9b0a35c5d0;
 .timescale -9 -12;
    .port_info 0 /INPUT 1 "clk";
    .port_info 1 /INPUT 1 "d";
    .port_info 2 /OUTPUT 1 "q";
v0x5b9b0a35ca90_0 .net "clk", 0 0, o0x7ce138c80cd8;  alias, 0 drivers
v0x5b9b0a35cd60_0 .net "d", 0 0, L_0x5b9b0a3685b0;  alias, 1 drivers
v0x5b9b0a35ce20_0 .var "q", 0 0;
S_0x5b9b0a35d470 .scope generate, "gen_bits[9]" "gen_bits[9]" 8 13, 8 13 0, S_0x5b9b0a3370c0;
 .timescale -9 -12;
P_0x5b9b0a35d670 .param/l "i" 1 8 13, +C4<01001>;
S_0x5b9b0a35d750 .scope module, "bit_cell" "Bit" 8 14, 9 3 0, S_0x5b9b0a35d470;
 .timescale -9 -12;
    .port_info 0 /INPUT 1 "clk";
    .port_info 1 /INPUT 1 "load";
    .port_info 2 /INPUT 1 "in";
    .port_info 3 /OUTPUT 1 "out";
L_0x5b9b0a368a10 .functor BUFZ 1, v0x5b9b0a35dd90_0, C4<0>, C4<0>, C4<0>;
v0x5b9b0a35dee0_0 .net "clk", 0 0, o0x7ce138c80cd8;  alias, 0 drivers
v0x5b9b0a35df80_0 .net "in", 0 0, L_0x5b9b0a368a80;  1 drivers
v0x5b9b0a35e040_0 .net "load", 0 0, o0x7ce138c80e28;  alias, 0 drivers
v0x5b9b0a35e110_0 .net "next_value", 0 0, L_0x5b9b0a368890;  1 drivers
v0x5b9b0a35e1e0_0 .net "out", 0 0, L_0x5b9b0a368a10;  1 drivers
v0x5b9b0a35e2d0_0 .net "stored", 0 0, v0x5b9b0a35dd90_0;  1 drivers
L_0x5b9b0a368890 .functor MUXZ 1, v0x5b9b0a35dd90_0, L_0x5b9b0a368a80, o0x7ce138c80e28, C4<>;
S_0x5b9b0a35d9a0 .scope module, "storage" "DFF" 9 12, 10 3 0, S_0x5b9b0a35d750;
 .timescale -9 -12;
    .port_info 0 /INPUT 1 "clk";
    .port_info 1 /INPUT 1 "d";
    .port_info 2 /OUTPUT 1 "q";
v0x5b9b0a35dc10_0 .net "clk", 0 0, o0x7ce138c80cd8;  alias, 0 drivers
v0x5b9b0a35dcd0_0 .net "d", 0 0, L_0x5b9b0a368890;  alias, 1 drivers
v0x5b9b0a35dd90_0 .var "q", 0 0;
S_0x5b9b0a35e3e0 .scope generate, "gen_bits[10]" "gen_bits[10]" 8 13, 8 13 0, S_0x5b9b0a3370c0;
 .timescale -9 -12;
P_0x5b9b0a35e5e0 .param/l "i" 1 8 13, +C4<01010>;
S_0x5b9b0a35e6c0 .scope module, "bit_cell" "Bit" 8 14, 9 3 0, S_0x5b9b0a35e3e0;
 .timescale -9 -12;
    .port_info 0 /INPUT 1 "clk";
    .port_info 1 /INPUT 1 "load";
    .port_info 2 /INPUT 1 "in";
    .port_info 3 /OUTPUT 1 "out";
L_0x5b9b0a368d00 .functor BUFZ 1, v0x5b9b0a35ed00_0, C4<0>, C4<0>, C4<0>;
v0x5b9b0a35ee50_0 .net "clk", 0 0, o0x7ce138c80cd8;  alias, 0 drivers
v0x5b9b0a35eef0_0 .net "in", 0 0, L_0x5b9b0a368d70;  1 drivers
v0x5b9b0a35efb0_0 .net "load", 0 0, o0x7ce138c80e28;  alias, 0 drivers
v0x5b9b0a35f080_0 .net "next_value", 0 0, L_0x5b9b0a368bd0;  1 drivers
v0x5b9b0a35f150_0 .net "out", 0 0, L_0x5b9b0a368d00;  1 drivers
v0x5b9b0a35f240_0 .net "stored", 0 0, v0x5b9b0a35ed00_0;  1 drivers
L_0x5b9b0a368bd0 .functor MUXZ 1, v0x5b9b0a35ed00_0, L_0x5b9b0a368d70, o0x7ce138c80e28, C4<>;
S_0x5b9b0a35e910 .scope module, "storage" "DFF" 9 12, 10 3 0, S_0x5b9b0a35e6c0;
 .timescale -9 -12;
    .port_info 0 /INPUT 1 "clk";
    .port_info 1 /INPUT 1 "d";
    .port_info 2 /OUTPUT 1 "q";
v0x5b9b0a35eb80_0 .net "clk", 0 0, o0x7ce138c80cd8;  alias, 0 drivers
v0x5b9b0a35ec40_0 .net "d", 0 0, L_0x5b9b0a368bd0;  alias, 1 drivers
v0x5b9b0a35ed00_0 .var "q", 0 0;
S_0x5b9b0a35f350 .scope generate, "gen_bits[11]" "gen_bits[11]" 8 13, 8 13 0, S_0x5b9b0a3370c0;
 .timescale -9 -12;
P_0x5b9b0a35f550 .param/l "i" 1 8 13, +C4<01011>;
S_0x5b9b0a35f630 .scope module, "bit_cell" "Bit" 8 14, 9 3 0, S_0x5b9b0a35f350;
 .timescale -9 -12;
    .port_info 0 /INPUT 1 "clk";
    .port_info 1 /INPUT 1 "load";
    .port_info 2 /INPUT 1 "in";
    .port_info 3 /OUTPUT 1 "out";
L_0x5b9b0a368fe0 .functor BUFZ 1, v0x5b9b0a35fc70_0, C4<0>, C4<0>, C4<0>;
v0x5b9b0a35fdc0_0 .net "clk", 0 0, o0x7ce138c80cd8;  alias, 0 drivers
v0x5b9b0a35fe60_0 .net "in", 0 0, L_0x5b9b0a369050;  1 drivers
v0x5b9b0a35ff20_0 .net "load", 0 0, o0x7ce138c80e28;  alias, 0 drivers
v0x5b9b0a35fff0_0 .net "next_value", 0 0, L_0x5b9b0a368e60;  1 drivers
v0x5b9b0a3600c0_0 .net "out", 0 0, L_0x5b9b0a368fe0;  1 drivers
v0x5b9b0a3601b0_0 .net "stored", 0 0, v0x5b9b0a35fc70_0;  1 drivers
L_0x5b9b0a368e60 .functor MUXZ 1, v0x5b9b0a35fc70_0, L_0x5b9b0a369050, o0x7ce138c80e28, C4<>;
S_0x5b9b0a35f880 .scope module, "storage" "DFF" 9 12, 10 3 0, S_0x5b9b0a35f630;
 .timescale -9 -12;
    .port_info 0 /INPUT 1 "clk";
    .port_info 1 /INPUT 1 "d";
    .port_info 2 /OUTPUT 1 "q";
v0x5b9b0a35faf0_0 .net "clk", 0 0, o0x7ce138c80cd8;  alias, 0 drivers
v0x5b9b0a35fbb0_0 .net "d", 0 0, L_0x5b9b0a368e60;  alias, 1 drivers
v0x5b9b0a35fc70_0 .var "q", 0 0;
S_0x5b9b0a3602c0 .scope generate, "gen_bits[12]" "gen_bits[12]" 8 13, 8 13 0, S_0x5b9b0a3370c0;
 .timescale -9 -12;
P_0x5b9b0a3604c0 .param/l "i" 1 8 13, +C4<01100>;
S_0x5b9b0a3605a0 .scope module, "bit_cell" "Bit" 8 14, 9 3 0, S_0x5b9b0a3602c0;
 .timescale -9 -12;
    .port_info 0 /INPUT 1 "clk";
    .port_info 1 /INPUT 1 "load";
    .port_info 2 /INPUT 1 "in";
    .port_info 3 /OUTPUT 1 "out";
L_0x5b9b0a369330 .functor BUFZ 1, v0x5b9b0a360be0_0, C4<0>, C4<0>, C4<0>;
v0x5b9b0a360d30_0 .net "clk", 0 0, o0x7ce138c80cd8;  alias, 0 drivers
v0x5b9b0a360dd0_0 .net "in", 0 0, L_0x5b9b0a3693a0;  1 drivers
v0x5b9b0a360e90_0 .net "load", 0 0, o0x7ce138c80e28;  alias, 0 drivers
v0x5b9b0a360f60_0 .net "next_value", 0 0, L_0x5b9b0a3691b0;  1 drivers
v0x5b9b0a361030_0 .net "out", 0 0, L_0x5b9b0a369330;  1 drivers
v0x5b9b0a361120_0 .net "stored", 0 0, v0x5b9b0a360be0_0;  1 drivers
L_0x5b9b0a3691b0 .functor MUXZ 1, v0x5b9b0a360be0_0, L_0x5b9b0a3693a0, o0x7ce138c80e28, C4<>;
S_0x5b9b0a3607f0 .scope module, "storage" "DFF" 9 12, 10 3 0, S_0x5b9b0a3605a0;
 .timescale -9 -12;
    .port_info 0 /INPUT 1 "clk";
    .port_info 1 /INPUT 1 "d";
    .port_info 2 /OUTPUT 1 "q";
v0x5b9b0a360a60_0 .net "clk", 0 0, o0x7ce138c80cd8;  alias, 0 drivers
v0x5b9b0a360b20_0 .net "d", 0 0, L_0x5b9b0a3691b0;  alias, 1 drivers
v0x5b9b0a360be0_0 .var "q", 0 0;
S_0x5b9b0a361230 .scope generate, "gen_bits[13]" "gen_bits[13]" 8 13, 8 13 0, S_0x5b9b0a3370c0;
 .timescale -9 -12;
P_0x5b9b0a361430 .param/l "i" 1 8 13, +C4<01101>;
S_0x5b9b0a361510 .scope module, "bit_cell" "Bit" 8 14, 9 3 0, S_0x5b9b0a361230;
 .timescale -9 -12;
    .port_info 0 /INPUT 1 "clk";
    .port_info 1 /INPUT 1 "load";
    .port_info 2 /INPUT 1 "in";
    .port_info 3 /OUTPUT 1 "out";
L_0x5b9b0a369610 .functor BUFZ 1, v0x5b9b0a361b50_0, C4<0>, C4<0>, C4<0>;
v0x5b9b0a361ca0_0 .net "clk", 0 0, o0x7ce138c80cd8;  alias, 0 drivers
v0x5b9b0a361d40_0 .net "in", 0 0, L_0x5b9b0a369680;  1 drivers
v0x5b9b0a361e00_0 .net "load", 0 0, o0x7ce138c80e28;  alias, 0 drivers
v0x5b9b0a361ed0_0 .net "next_value", 0 0, L_0x5b9b0a369490;  1 drivers
v0x5b9b0a361fa0_0 .net "out", 0 0, L_0x5b9b0a369610;  1 drivers
v0x5b9b0a362090_0 .net "stored", 0 0, v0x5b9b0a361b50_0;  1 drivers
L_0x5b9b0a369490 .functor MUXZ 1, v0x5b9b0a361b50_0, L_0x5b9b0a369680, o0x7ce138c80e28, C4<>;
S_0x5b9b0a361760 .scope module, "storage" "DFF" 9 12, 10 3 0, S_0x5b9b0a361510;
 .timescale -9 -12;
    .port_info 0 /INPUT 1 "clk";
    .port_info 1 /INPUT 1 "d";
    .port_info 2 /OUTPUT 1 "q";
v0x5b9b0a3619d0_0 .net "clk", 0 0, o0x7ce138c80cd8;  alias, 0 drivers
v0x5b9b0a361a90_0 .net "d", 0 0, L_0x5b9b0a369490;  alias, 1 drivers
v0x5b9b0a361b50_0 .var "q", 0 0;
S_0x5b9b0a3621a0 .scope generate, "gen_bits[14]" "gen_bits[14]" 8 13, 8 13 0, S_0x5b9b0a3370c0;
 .timescale -9 -12;
P_0x5b9b0a3623a0 .param/l "i" 1 8 13, +C4<01110>;
S_0x5b9b0a362480 .scope module, "bit_cell" "Bit" 8 14, 9 3 0, S_0x5b9b0a3621a0;
 .timescale -9 -12;
    .port_info 0 /INPUT 1 "clk";
    .port_info 1 /INPUT 1 "load";
    .port_info 2 /INPUT 1 "in";
    .port_info 3 /OUTPUT 1 "out";
L_0x5b9b0a369140 .functor BUFZ 1, v0x5b9b0a362ac0_0, C4<0>, C4<0>, C4<0>;
v0x5b9b0a362c10_0 .net "clk", 0 0, o0x7ce138c80cd8;  alias, 0 drivers
v0x5b9b0a362cb0_0 .net "in", 0 0, L_0x5b9b0a369970;  1 drivers
v0x5b9b0a362d70_0 .net "load", 0 0, o0x7ce138c80e28;  alias, 0 drivers
v0x5b9b0a362e40_0 .net "next_value", 0 0, L_0x5b9b0a3697f0;  1 drivers
v0x5b9b0a362f10_0 .net "out", 0 0, L_0x5b9b0a369140;  1 drivers
v0x5b9b0a363000_0 .net "stored", 0 0, v0x5b9b0a362ac0_0;  1 drivers
L_0x5b9b0a3697f0 .functor MUXZ 1, v0x5b9b0a362ac0_0, L_0x5b9b0a369970, o0x7ce138c80e28, C4<>;
S_0x5b9b0a3626d0 .scope module, "storage" "DFF" 9 12, 10 3 0, S_0x5b9b0a362480;
 .timescale -9 -12;
    .port_info 0 /INPUT 1 "clk";
    .port_info 1 /INPUT 1 "d";
    .port_info 2 /OUTPUT 1 "q";
v0x5b9b0a362940_0 .net "clk", 0 0, o0x7ce138c80cd8;  alias, 0 drivers
v0x5b9b0a362a00_0 .net "d", 0 0, L_0x5b9b0a3697f0;  alias, 1 drivers
v0x5b9b0a362ac0_0 .var "q", 0 0;
S_0x5b9b0a363110 .scope generate, "gen_bits[15]" "gen_bits[15]" 8 13, 8 13 0, S_0x5b9b0a3370c0;
 .timescale -9 -12;
P_0x5b9b0a363310 .param/l "i" 1 8 13, +C4<01111>;
S_0x5b9b0a3633f0 .scope module, "bit_cell" "Bit" 8 14, 9 3 0, S_0x5b9b0a363110;
 .timescale -9 -12;
    .port_info 0 /INPUT 1 "clk";
    .port_info 1 /INPUT 1 "load";
    .port_info 2 /INPUT 1 "in";
    .port_info 3 /OUTPUT 1 "out";
L_0x5b9b0a369fd0 .functor BUFZ 1, v0x5b9b0a363a30_0, C4<0>, C4<0>, C4<0>;
v0x5b9b0a363b80_0 .net "clk", 0 0, o0x7ce138c80cd8;  alias, 0 drivers
v0x5b9b0a363c20_0 .net "in", 0 0, L_0x5b9b0a36a040;  1 drivers
v0x5b9b0a363ce0_0 .net "load", 0 0, o0x7ce138c80e28;  alias, 0 drivers
v0x5b9b0a363db0_0 .net "next_value", 0 0, L_0x5b9b0a369a60;  1 drivers
v0x5b9b0a363e80_0 .net "out", 0 0, L_0x5b9b0a369fd0;  1 drivers
v0x5b9b0a363f70_0 .net "stored", 0 0, v0x5b9b0a363a30_0;  1 drivers
L_0x5b9b0a369a60 .functor MUXZ 1, v0x5b9b0a363a30_0, L_0x5b9b0a36a040, o0x7ce138c80e28, C4<>;
S_0x5b9b0a363640 .scope module, "storage" "DFF" 9 12, 10 3 0, S_0x5b9b0a3633f0;
 .timescale -9 -12;
    .port_info 0 /INPUT 1 "clk";
    .port_info 1 /INPUT 1 "d";
    .port_info 2 /OUTPUT 1 "q";
v0x5b9b0a3638b0_0 .net "clk", 0 0, o0x7ce138c80cd8;  alias, 0 drivers
v0x5b9b0a363970_0 .net "d", 0 0, L_0x5b9b0a369a60;  alias, 1 drivers
v0x5b9b0a363a30_0 .var "q", 0 0;
S_0x5b9b0a338630 .scope module, "tb_ram8" "tb_ram8" 11 3;
 .timescale -9 -12;
P_0x5b9b0a32c300 .param/l "AW" 1 11 4, +C4<00000000000000000000000000000011>;
v0x5b9b0a365da0_0 .var "address", 2 0;
v0x5b9b0a365eb0_0 .var "clk", 0 0;
v0x5b9b0a365f80_0 .var "in", 15 0;
v0x5b9b0a366080_0 .var "load", 0 0;
v0x5b9b0a366150_0 .net "out", 15 0, L_0x5b9b0a36aaa0;  1 drivers
S_0x5b9b0a364940 .scope module, "dut" "RAM8" 11 12, 12 3 0, S_0x5b9b0a338630;
 .timescale -9 -12;
    .port_info 0 /INPUT 1 "clk";
    .port_info 1 /INPUT 1 "load";
    .port_info 2 /INPUT 3 "address";
    .port_info 3 /INPUT 16 "in";
    .port_info 4 /OUTPUT 16 "out";
P_0x5b9b0a364b40 .param/l "DEPTH" 1 12 10, +C4<00000000000000000000000000001000>;
L_0x5b9b0a36aaa0 .functor BUFZ 16, L_0x5b9b0a36a820, C4<0000000000000000>, C4<0000000000000000>, C4<0000000000000000>;
v0x5b9b0a364c90_0 .net *"_ivl_0", 15 0, L_0x5b9b0a36a820;  1 drivers
v0x5b9b0a364d90_0 .net *"_ivl_2", 4 0, L_0x5b9b0a36a8c0;  1 drivers
L_0x7ce1389b7138 .functor BUFT 1, C4<00>, C4<0>, C4<0>, C4<0>;
v0x5b9b0a364e70_0 .net *"_ivl_5", 1 0, L_0x7ce1389b7138;  1 drivers
v0x5b9b0a364f60_0 .net "address", 2 0, v0x5b9b0a365da0_0;  1 drivers
v0x5b9b0a365040_0 .net "clk", 0 0, v0x5b9b0a365eb0_0;  1 drivers
v0x5b9b0a365150_0 .var/i "idx", 31 0;
v0x5b9b0a365230_0 .net "in", 15 0, v0x5b9b0a365f80_0;  1 drivers
v0x5b9b0a365310_0 .net "load", 0 0, v0x5b9b0a366080_0;  1 drivers
v0x5b9b0a3653d0 .array "mem", 7 0, 15 0;
v0x5b9b0a365490_0 .net "out", 15 0, L_0x5b9b0a36aaa0;  alias, 1 drivers
E_0x5b9b0a364c10 .event posedge, v0x5b9b0a365040_0;
L_0x5b9b0a36a820 .array/port v0x5b9b0a3653d0, L_0x5b9b0a36a8c0;
L_0x5b9b0a36a8c0 .concat [ 3 2 0 0], v0x5b9b0a365da0_0, L_0x7ce1389b7138;
S_0x5b9b0a365610 .scope task, "expect_word" "expect_word" 11 37, 11 37 0, S_0x5b9b0a338630;
 .timescale -9 -12;
v0x5b9b0a3657c0_0 .var "addr", 2 0;
v0x5b9b0a3658a0_0 .var "value", 15 0;
TD_tb_ram8.expect_word ;
    %load/vec4 v0x5b9b0a3657c0_0;
    %store/vec4 v0x5b9b0a365da0_0, 0, 3;
    %delay 1000, 0;
    %load/vec4 v0x5b9b0a366150_0;
    %load/vec4 v0x5b9b0a3658a0_0;
    %cmp/ne;
    %jmp/0xz  T_0.0, 6;
    %vpi_call/w 11 41 "$fatal", 32'sb00000000000000000000000000000001, "RAM8 mismatch at %0d: exp=%h got=%h", v0x5b9b0a3657c0_0, v0x5b9b0a3658a0_0, v0x5b9b0a366150_0 {0 0 0};
T_0.0 ;
    %end;
S_0x5b9b0a365980 .scope task, "write_word" "write_word" 11 25, 11 25 0, S_0x5b9b0a338630;
 .timescale -9 -12;
v0x5b9b0a365bc0_0 .var "addr", 2 0;
v0x5b9b0a365cc0_0 .var "value", 15 0;
E_0x5b9b0a365b60 .event negedge, v0x5b9b0a365040_0;
TD_tb_ram8.write_word ;
    %load/vec4 v0x5b9b0a365bc0_0;
    %store/vec4 v0x5b9b0a365da0_0, 0, 3;
    %load/vec4 v0x5b9b0a365cc0_0;
    %store/vec4 v0x5b9b0a365f80_0, 0, 16;
    %pushi/vec4 1, 0, 1;
    %store/vec4 v0x5b9b0a366080_0, 0, 1;
    %wait E_0x5b9b0a364c10;
    %delay 1000, 0;
    %pushi/vec4 0, 0, 1;
    %store/vec4 v0x5b9b0a366080_0, 0, 1;
    %wait E_0x5b9b0a365b60;
    %end;
    .scope S_0x5b9b0a331b00;
T_2 ;
    %pushi/vec4 0, 0, 16;
    %store/vec4 v0x5b9b0a325160_0, 0, 16;
    %end;
    .thread T_2;
    .scope S_0x5b9b0a331b00;
T_3 ;
    %wait E_0x5b9b0a2ed640;
    %load/vec4 v0x5b9b0a3247b0_0;
    %flag_set/vec4 8;
    %jmp/0xz  T_3.0, 8;
    %pushi/vec4 0, 0, 16;
    %assign/vec4 v0x5b9b0a325160_0, 0;
    %jmp T_3.1;
T_3.0 ;
    %load/vec4 v0x5b9b0a3266d0_0;
    %flag_set/vec4 8;
    %jmp/0xz  T_3.2, 8;
    %load/vec4 v0x5b9b0a3291b0_0;
    %assign/vec4 v0x5b9b0a325160_0, 0;
    %jmp T_3.3;
T_3.2 ;
    %load/vec4 v0x5b9b0a327c40_0;
    %flag_set/vec4 8;
    %jmp/0xz  T_3.4, 8;
    %load/vec4 v0x5b9b0a325160_0;
    %addi 1, 0, 16;
    %assign/vec4 v0x5b9b0a325160_0, 0;
T_3.4 ;
T_3.3 ;
T_3.1 ;
    %jmp T_3;
    .thread T_3;
    .scope S_0x5b9b0a333070;
T_4 ;
    %pushi/vec4 0, 0, 32;
    %store/vec4 v0x5b9b0a3526f0_0, 0, 32;
T_4.0 ;
    %load/vec4 v0x5b9b0a3526f0_0;
    %cmpi/s 16384, 0, 32;
    %jmp/0xz T_4.1, 5;
    %pushi/vec4 0, 0, 16;
    %ix/getv/s 4, v0x5b9b0a3526f0_0;
    %store/vec4a v0x5b9b0a352970, 4, 0;
    %load/vec4 v0x5b9b0a3526f0_0;
    %addi 1, 0, 32;
    %store/vec4 v0x5b9b0a3526f0_0, 0, 32;
    %jmp T_4.0;
T_4.1 ;
    %end;
    .thread T_4;
    .scope S_0x5b9b0a333070;
T_5 ;
    %wait E_0x5b9b0a2ed890;
    %load/vec4 v0x5b9b0a3528b0_0;
    %flag_set/vec4 8;
    %jmp/0xz  T_5.0, 8;
    %load/vec4 v0x5b9b0a3527d0_0;
    %load/vec4 v0x5b9b0a352500_0;
    %pad/u 16;
    %ix/vec4 3;
    %ix/load 4, 0, 0; Constant delay
    %assign/vec4/a/d v0x5b9b0a352970, 0, 4;
T_5.0 ;
    %jmp T_5;
    .thread T_5;
    .scope S_0x5b9b0a3345e0;
T_6 ;
    %pushi/vec4 0, 0, 32;
    %store/vec4 v0x5b9b0a353030_0, 0, 32;
T_6.0 ;
    %load/vec4 v0x5b9b0a353030_0;
    %cmpi/s 4096, 0, 32;
    %jmp/0xz T_6.1, 5;
    %pushi/vec4 0, 0, 16;
    %ix/getv/s 4, v0x5b9b0a353030_0;
    %store/vec4a v0x5b9b0a3532b0, 4, 0;
    %load/vec4 v0x5b9b0a353030_0;
    %addi 1, 0, 32;
    %store/vec4 v0x5b9b0a353030_0, 0, 32;
    %jmp T_6.0;
T_6.1 ;
    %end;
    .thread T_6;
    .scope S_0x5b9b0a3345e0;
T_7 ;
    %wait E_0x5b9b0a2edaf0;
    %load/vec4 v0x5b9b0a3531f0_0;
    %flag_set/vec4 8;
    %jmp/0xz  T_7.0, 8;
    %load/vec4 v0x5b9b0a353110_0;
    %load/vec4 v0x5b9b0a352e90_0;
    %pad/u 14;
    %ix/vec4 3;
    %ix/load 4, 0, 0; Constant delay
    %assign/vec4/a/d v0x5b9b0a3532b0, 0, 4;
T_7.0 ;
    %jmp T_7;
    .thread T_7;
    .scope S_0x5b9b0a325a10;
T_8 ;
    %pushi/vec4 0, 0, 32;
    %store/vec4 v0x5b9b0a353a00_0, 0, 32;
T_8.0 ;
    %load/vec4 v0x5b9b0a353a00_0;
    %cmpi/s 512, 0, 32;
    %jmp/0xz T_8.1, 5;
    %pushi/vec4 0, 0, 16;
    %ix/getv/s 4, v0x5b9b0a353a00_0;
    %store/vec4a v0x5b9b0a353c80, 4, 0;
    %load/vec4 v0x5b9b0a353a00_0;
    %addi 1, 0, 32;
    %store/vec4 v0x5b9b0a353a00_0, 0, 32;
    %jmp T_8.0;
T_8.1 ;
    %end;
    .thread T_8;
    .scope S_0x5b9b0a325a10;
T_9 ;
    %wait E_0x5b9b0a2edc80;
    %load/vec4 v0x5b9b0a353bc0_0;
    %flag_set/vec4 8;
    %jmp/0xz  T_9.0, 8;
    %load/vec4 v0x5b9b0a353ae0_0;
    %load/vec4 v0x5b9b0a353860_0;
    %pad/u 11;
    %ix/vec4 3;
    %ix/load 4, 0, 0; Constant delay
    %assign/vec4/a/d v0x5b9b0a353c80, 0, 4;
T_9.0 ;
    %jmp T_9;
    .thread T_9;
    .scope S_0x5b9b0a335b50;
T_10 ;
    %pushi/vec4 0, 0, 32;
    %store/vec4 v0x5b9b0a3543d0_0, 0, 32;
T_10.0 ;
    %load/vec4 v0x5b9b0a3543d0_0;
    %cmpi/s 64, 0, 32;
    %jmp/0xz T_10.1, 5;
    %pushi/vec4 0, 0, 16;
    %ix/getv/s 4, v0x5b9b0a3543d0_0;
    %store/vec4a v0x5b9b0a354650, 4, 0;
    %load/vec4 v0x5b9b0a3543d0_0;
    %addi 1, 0, 32;
    %store/vec4 v0x5b9b0a3543d0_0, 0, 32;
    %jmp T_10.0;
T_10.1 ;
    %end;
    .thread T_10;
    .scope S_0x5b9b0a335b50;
T_11 ;
    %wait E_0x5b9b0a2d0880;
    %load/vec4 v0x5b9b0a354590_0;
    %flag_set/vec4 8;
    %jmp/0xz  T_11.0, 8;
    %load/vec4 v0x5b9b0a3544b0_0;
    %load/vec4 v0x5b9b0a354230_0;
    %pad/u 8;
    %ix/vec4 3;
    %ix/load 4, 0, 0; Constant delay
    %assign/vec4/a/d v0x5b9b0a354650, 0, 4;
T_11.0 ;
    %jmp T_11;
    .thread T_11;
    .scope S_0x5b9b0a354db0;
T_12 ;
    %pushi/vec4 0, 0, 1;
    %store/vec4 v0x5b9b0a355240_0, 0, 1;
    %end;
    .thread T_12;
    .scope S_0x5b9b0a354db0;
T_13 ;
    %wait E_0x5b9b0a355020;
    %load/vec4 v0x5b9b0a355180_0;
    %assign/vec4 v0x5b9b0a355240_0, 0;
    %jmp T_13;
    .thread T_13;
    .scope S_0x5b9b0a355d20;
T_14 ;
    %pushi/vec4 0, 0, 1;
    %store/vec4 v0x5b9b0a356160_0, 0, 1;
    %end;
    .thread T_14;
    .scope S_0x5b9b0a355d20;
T_15 ;
    %wait E_0x5b9b0a355020;
    %load/vec4 v0x5b9b0a3560a0_0;
    %assign/vec4 v0x5b9b0a356160_0, 0;
    %jmp T_15;
    .thread T_15;
    .scope S_0x5b9b0a356c60;
T_16 ;
    %pushi/vec4 0, 0, 1;
    %store/vec4 v0x5b9b0a3570e0_0, 0, 1;
    %end;
    .thread T_16;
    .scope S_0x5b9b0a356c60;
T_17 ;
    %wait E_0x5b9b0a355020;
    %load/vec4 v0x5b9b0a357020_0;
    %assign/vec4 v0x5b9b0a3570e0_0, 0;
    %jmp T_17;
    .thread T_17;
    .scope S_0x5b9b0a357bc0;
T_18 ;
    %pushi/vec4 0, 0, 1;
    %store/vec4 v0x5b9b0a357fb0_0, 0, 1;
    %end;
    .thread T_18;
    .scope S_0x5b9b0a357bc0;
T_19 ;
    %wait E_0x5b9b0a355020;
    %load/vec4 v0x5b9b0a357ef0_0;
    %assign/vec4 v0x5b9b0a357fb0_0, 0;
    %jmp T_19;
    .thread T_19;
    .scope S_0x5b9b0a358b10;
T_20 ;
    %pushi/vec4 0, 0, 1;
    %store/vec4 v0x5b9b0a358f00_0, 0, 1;
    %end;
    .thread T_20;
    .scope S_0x5b9b0a358b10;
T_21 ;
    %wait E_0x5b9b0a355020;
    %load/vec4 v0x5b9b0a358e40_0;
    %assign/vec4 v0x5b9b0a358f00_0, 0;
    %jmp T_21;
    .thread T_21;
    .scope S_0x5b9b0a359990;
T_22 ;
    %pushi/vec4 0, 0, 1;
    %store/vec4 v0x5b9b0a359d80_0, 0, 1;
    %end;
    .thread T_22;
    .scope S_0x5b9b0a359990;
T_23 ;
    %wait E_0x5b9b0a355020;
    %load/vec4 v0x5b9b0a359cc0_0;
    %assign/vec4 v0x5b9b0a359d80_0, 0;
    %jmp T_23;
    .thread T_23;
    .scope S_0x5b9b0a35a900;
T_24 ;
    %pushi/vec4 0, 0, 1;
    %store/vec4 v0x5b9b0a35acf0_0, 0, 1;
    %end;
    .thread T_24;
    .scope S_0x5b9b0a35a900;
T_25 ;
    %wait E_0x5b9b0a355020;
    %load/vec4 v0x5b9b0a35ac30_0;
    %assign/vec4 v0x5b9b0a35acf0_0, 0;
    %jmp T_25;
    .thread T_25;
    .scope S_0x5b9b0a35b870;
T_26 ;
    %pushi/vec4 0, 0, 1;
    %store/vec4 v0x5b9b0a35bc60_0, 0, 1;
    %end;
    .thread T_26;
    .scope S_0x5b9b0a35b870;
T_27 ;
    %wait E_0x5b9b0a355020;
    %load/vec4 v0x5b9b0a35bba0_0;
    %assign/vec4 v0x5b9b0a35bc60_0, 0;
    %jmp T_27;
    .thread T_27;
    .scope S_0x5b9b0a35c820;
T_28 ;
    %pushi/vec4 0, 0, 1;
    %store/vec4 v0x5b9b0a35ce20_0, 0, 1;
    %end;
    .thread T_28;
    .scope S_0x5b9b0a35c820;
T_29 ;
    %wait E_0x5b9b0a355020;
    %load/vec4 v0x5b9b0a35cd60_0;
    %assign/vec4 v0x5b9b0a35ce20_0, 0;
    %jmp T_29;
    .thread T_29;
    .scope S_0x5b9b0a35d9a0;
T_30 ;
    %pushi/vec4 0, 0, 1;
    %store/vec4 v0x5b9b0a35dd90_0, 0, 1;
    %end;
    .thread T_30;
    .scope S_0x5b9b0a35d9a0;
T_31 ;
    %wait E_0x5b9b0a355020;
    %load/vec4 v0x5b9b0a35dcd0_0;
    %assign/vec4 v0x5b9b0a35dd90_0, 0;
    %jmp T_31;
    .thread T_31;
    .scope S_0x5b9b0a35e910;
T_32 ;
    %pushi/vec4 0, 0, 1;
    %store/vec4 v0x5b9b0a35ed00_0, 0, 1;
    %end;
    .thread T_32;
    .scope S_0x5b9b0a35e910;
T_33 ;
    %wait E_0x5b9b0a355020;
    %load/vec4 v0x5b9b0a35ec40_0;
    %assign/vec4 v0x5b9b0a35ed00_0, 0;
    %jmp T_33;
    .thread T_33;
    .scope S_0x5b9b0a35f880;
T_34 ;
    %pushi/vec4 0, 0, 1;
    %store/vec4 v0x5b9b0a35fc70_0, 0, 1;
    %end;
    .thread T_34;
    .scope S_0x5b9b0a35f880;
T_35 ;
    %wait E_0x5b9b0a355020;
    %load/vec4 v0x5b9b0a35fbb0_0;
    %assign/vec4 v0x5b9b0a35fc70_0, 0;
    %jmp T_35;
    .thread T_35;
    .scope S_0x5b9b0a3607f0;
T_36 ;
    %pushi/vec4 0, 0, 1;
    %store/vec4 v0x5b9b0a360be0_0, 0, 1;
    %end;
    .thread T_36;
    .scope S_0x5b9b0a3607f0;
T_37 ;
    %wait E_0x5b9b0a355020;
    %load/vec4 v0x5b9b0a360b20_0;
    %assign/vec4 v0x5b9b0a360be0_0, 0;
    %jmp T_37;
    .thread T_37;
    .scope S_0x5b9b0a361760;
T_38 ;
    %pushi/vec4 0, 0, 1;
    %store/vec4 v0x5b9b0a361b50_0, 0, 1;
    %end;
    .thread T_38;
    .scope S_0x5b9b0a361760;
T_39 ;
    %wait E_0x5b9b0a355020;
    %load/vec4 v0x5b9b0a361a90_0;
    %assign/vec4 v0x5b9b0a361b50_0, 0;
    %jmp T_39;
    .thread T_39;
    .scope S_0x5b9b0a3626d0;
T_40 ;
    %pushi/vec4 0, 0, 1;
    %store/vec4 v0x5b9b0a362ac0_0, 0, 1;
    %end;
    .thread T_40;
    .scope S_0x5b9b0a3626d0;
T_41 ;
    %wait E_0x5b9b0a355020;
    %load/vec4 v0x5b9b0a362a00_0;
    %assign/vec4 v0x5b9b0a362ac0_0, 0;
    %jmp T_41;
    .thread T_41;
    .scope S_0x5b9b0a363640;
T_42 ;
    %pushi/vec4 0, 0, 1;
    %store/vec4 v0x5b9b0a363a30_0, 0, 1;
    %end;
    .thread T_42;
    .scope S_0x5b9b0a363640;
T_43 ;
    %wait E_0x5b9b0a355020;
    %load/vec4 v0x5b9b0a363970_0;
    %assign/vec4 v0x5b9b0a363a30_0, 0;
    %jmp T_43;
    .thread T_43;
    .scope S_0x5b9b0a364940;
T_44 ;
    %pushi/vec4 0, 0, 32;
    %store/vec4 v0x5b9b0a365150_0, 0, 32;
T_44.0 ;
    %load/vec4 v0x5b9b0a365150_0;
    %cmpi/s 8, 0, 32;
    %jmp/0xz T_44.1, 5;
    %pushi/vec4 0, 0, 16;
    %ix/getv/s 4, v0x5b9b0a365150_0;
    %store/vec4a v0x5b9b0a3653d0, 4, 0;
    %load/vec4 v0x5b9b0a365150_0;
    %addi 1, 0, 32;
    %store/vec4 v0x5b9b0a365150_0, 0, 32;
    %jmp T_44.0;
T_44.1 ;
    %end;
    .thread T_44;
    .scope S_0x5b9b0a364940;
T_45 ;
    %wait E_0x5b9b0a364c10;
    %load/vec4 v0x5b9b0a365310_0;
    %flag_set/vec4 8;
    %jmp/0xz  T_45.0, 8;
    %load/vec4 v0x5b9b0a365230_0;
    %load/vec4 v0x5b9b0a364f60_0;
    %pad/u 5;
    %ix/vec4 3;
    %ix/load 4, 0, 0; Constant delay
    %assign/vec4/a/d v0x5b9b0a3653d0, 0, 4;
T_45.0 ;
    %jmp T_45;
    .thread T_45;
    .scope S_0x5b9b0a338630;
T_46 ;
    %pushi/vec4 0, 0, 1;
    %store/vec4 v0x5b9b0a365eb0_0, 0, 1;
T_46.0 ;
    %delay 5000, 0;
    %load/vec4 v0x5b9b0a365eb0_0;
    %inv;
    %store/vec4 v0x5b9b0a365eb0_0, 0, 1;
    %jmp T_46.0;
    %end;
    .thread T_46;
    .scope S_0x5b9b0a338630;
T_47 ;
    %pushi/vec4 0, 0, 1;
    %store/vec4 v0x5b9b0a366080_0, 0, 1;
    %pushi/vec4 0, 0, 3;
    %store/vec4 v0x5b9b0a365da0_0, 0, 3;
    %pushi/vec4 0, 0, 16;
    %store/vec4 v0x5b9b0a365f80_0, 0, 16;
    %pushi/vec4 2, 0, 32;
T_47.0 %dup/vec4;
    %pushi/vec4 0, 0, 32;
    %cmp/s;
    %jmp/1xz T_47.1, 5;
    %jmp/1 T_47.1, 4;
    %pushi/vec4 1, 0, 32;
    %sub;
    %wait E_0x5b9b0a364c10;
    %jmp T_47.0;
T_47.1 ;
    %pop/vec4 1;
    %pushi/vec4 0, 0, 3;
    %store/vec4 v0x5b9b0a365bc0_0, 0, 3;
    %pushi/vec4 170, 0, 16;
    %store/vec4 v0x5b9b0a365cc0_0, 0, 16;
    %fork TD_tb_ram8.write_word, S_0x5b9b0a365980;
    %join;
    %pushi/vec4 7, 0, 3;
    %store/vec4 v0x5b9b0a365bc0_0, 0, 3;
    %pushi/vec4 22015, 0, 16;
    %store/vec4 v0x5b9b0a365cc0_0, 0, 16;
    %fork TD_tb_ram8.write_word, S_0x5b9b0a365980;
    %join;
    %pushi/vec4 3, 0, 3;
    %store/vec4 v0x5b9b0a365bc0_0, 0, 3;
    %pushi/vec4 4660, 0, 16;
    %store/vec4 v0x5b9b0a365cc0_0, 0, 16;
    %fork TD_tb_ram8.write_word, S_0x5b9b0a365980;
    %join;
    %pushi/vec4 0, 0, 3;
    %store/vec4 v0x5b9b0a3657c0_0, 0, 3;
    %pushi/vec4 170, 0, 16;
    %store/vec4 v0x5b9b0a3658a0_0, 0, 16;
    %fork TD_tb_ram8.expect_word, S_0x5b9b0a365610;
    %join;
    %pushi/vec4 7, 0, 3;
    %store/vec4 v0x5b9b0a3657c0_0, 0, 3;
    %pushi/vec4 22015, 0, 16;
    %store/vec4 v0x5b9b0a3658a0_0, 0, 16;
    %fork TD_tb_ram8.expect_word, S_0x5b9b0a365610;
    %join;
    %pushi/vec4 3, 0, 3;
    %store/vec4 v0x5b9b0a3657c0_0, 0, 3;
    %pushi/vec4 4660, 0, 16;
    %store/vec4 v0x5b9b0a3658a0_0, 0, 16;
    %fork TD_tb_ram8.expect_word, S_0x5b9b0a365610;
    %join;
    %pushi/vec4 1, 0, 3;
    %store/vec4 v0x5b9b0a3657c0_0, 0, 3;
    %pushi/vec4 0, 0, 16;
    %store/vec4 v0x5b9b0a3658a0_0, 0, 16;
    %fork TD_tb_ram8.expect_word, S_0x5b9b0a365610;
    %join;
    %vpi_call/w 11 60 "$display", "tb_ram8 passed" {0 0 0};
    %vpi_call/w 11 61 "$finish" {0 0 0};
    %end;
    .thread T_47;
# The file index is used to find the file name in the following table.
:file_names 13;
    "N/A";
    "<interactive>";
    "-";
    "pc.v";
    "ram16k.v";
    "ram4k.v";
    "ram512.v";
    "ram64.v";
    "register.v";
    "bit.v";
    "dff.v";
    "tb_ram8.v";
    "ram8.v";
