#! /usr/bin/vvp
:ivl_version "12.0 (stable)";
:ivl_delay_selection "TYPICAL";
:vpi_time_precision - 12;
:vpi_module "/usr/lib/x86_64-linux-gnu/ivl/system.vpi";
:vpi_module "/usr/lib/x86_64-linux-gnu/ivl/vhdl_sys.vpi";
:vpi_module "/usr/lib/x86_64-linux-gnu/ivl/vhdl_textio.vpi";
:vpi_module "/usr/lib/x86_64-linux-gnu/ivl/v2005_math.vpi";
:vpi_module "/usr/lib/x86_64-linux-gnu/ivl/va_math.vpi";
:vpi_module "/usr/lib/x86_64-linux-gnu/ivl/v2009.vpi";
S_0x63680837cf50 .scope package, "$unit" "$unit" 2 1;
 .timescale 0 0;
S_0x6368083723d0 .scope module, "PC" "PC" 3 3;
 .timescale -9 -12;
    .port_info 0 /INPUT 1 "clk";
    .port_info 1 /INPUT 1 "reset";
    .port_info 2 /INPUT 1 "load";
    .port_info 3 /INPUT 1 "inc";
    .port_info 4 /INPUT 16 "in";
    .port_info 5 /OUTPUT 16 "out";
o0x768f736e6018 .functor BUFZ 1, C4<z>; HiZ drive
v0x636808376760_0 .net "clk", 0 0, o0x768f736e6018;  0 drivers
o0x768f736e6048 .functor BUFZ 16, C4<zzzzzzzzzzzzzzzz>; HiZ drive
v0x6368083751f0_0 .net "in", 15 0, o0x768f736e6048;  0 drivers
o0x768f736e6078 .functor BUFZ 1, C4<z>; HiZ drive
v0x636808373c80_0 .net "inc", 0 0, o0x768f736e6078;  0 drivers
o0x768f736e60a8 .functor BUFZ 1, C4<z>; HiZ drive
v0x636808372710_0 .net "load", 0 0, o0x768f736e60a8;  0 drivers
v0x6368083711a0_0 .var "out", 15 0;
o0x768f736e6108 .functor BUFZ 1, C4<z>; HiZ drive
v0x63680836fc00_0 .net "reset", 0 0, o0x768f736e6108;  0 drivers
E_0x636808337530 .event posedge, v0x636808376760_0;
S_0x63680837e4c0 .scope module, "RAM16K" "RAM16K" 4 3;
 .timescale -9 -12;
    .port_info 0 /INPUT 1 "clk";
    .port_info 1 /INPUT 1 "load";
    .port_info 2 /INPUT 14 "address";
    .port_info 3 /INPUT 16 "in";
    .port_info 4 /OUTPUT 16 "out";
P_0x6368083356f0 .param/l "DEPTH" 1 4 10, +C4<00000000000000000100000000000000>;
L_0x6368083af720 .functor BUFZ 16, L_0x6368083af4b0, C4<0000000000000000>, C4<0000000000000000>, C4<0000000000000000>;
v0x63680839bfa0_0 .net *"_ivl_0", 15 0, L_0x6368083af4b0;  1 drivers
v0x63680839c0a0_0 .net *"_ivl_2", 15 0, L_0x6368083af5b0;  1 drivers
L_0x768f7369d018 .functor BUFT 1, C4<00>, C4<0>, C4<0>, C4<0>;
v0x63680839c180_0 .net *"_ivl_5", 1 0, L_0x768f7369d018;  1 drivers
o0x768f736e62e8 .functor BUFZ 14, C4<zzzzzzzzzzzzzz>; HiZ drive
v0x63680839c240_0 .net "address", 13 0, o0x768f736e62e8;  0 drivers
o0x768f736e6318 .functor BUFZ 1, C4<z>; HiZ drive
v0x63680839c320_0 .net "clk", 0 0, o0x768f736e6318;  0 drivers
v0x63680839c430_0 .var/i "idx", 31 0;
o0x768f736e6378 .functor BUFZ 16, C4<zzzzzzzzzzzzzzzz>; HiZ drive
v0x63680839c510_0 .net "in", 15 0, o0x768f736e6378;  0 drivers
o0x768f736e63a8 .functor BUFZ 1, C4<z>; HiZ drive
v0x63680839c5f0_0 .net "load", 0 0, o0x768f736e63a8;  0 drivers
v0x63680839c6b0 .array "mem", 16383 0, 15 0;
v0x63680839c770_0 .net "out", 15 0, L_0x6368083af720;  1 drivers
E_0x636808337780 .event posedge, v0x63680839c320_0;
L_0x6368083af4b0 .array/port v0x63680839c6b0, L_0x6368083af5b0;
L_0x6368083af5b0 .concat [ 14 2 0 0], o0x768f736e62e8, L_0x768f7369d018;
S_0x63680837fa30 .scope module, "RAM4K" "RAM4K" 5 3;
 .timescale -9 -12;
    .port_info 0 /INPUT 1 "clk";
    .port_info 1 /INPUT 1 "load";
    .port_info 2 /INPUT 12 "address";
    .port_info 3 /INPUT 16 "in";
    .port_info 4 /OUTPUT 16 "out";
P_0x636808331840 .param/l "DEPTH" 1 5 10, +C4<00000000000000000001000000000000>;
L_0x6368083afa20 .functor BUFZ 16, L_0x6368083af7e0, C4<0000000000000000>, C4<0000000000000000>, C4<0000000000000000>;
v0x63680839c930_0 .net *"_ivl_0", 15 0, L_0x6368083af7e0;  1 drivers
v0x63680839ca30_0 .net *"_ivl_2", 13 0, L_0x6368083af8b0;  1 drivers
L_0x768f7369d060 .functor BUFT 1, C4<00>, C4<0>, C4<0>, C4<0>;
v0x63680839cb10_0 .net *"_ivl_5", 1 0, L_0x768f7369d060;  1 drivers
o0x768f736e6588 .functor BUFZ 12, C4<zzzzzzzzzzzz>; HiZ drive
v0x63680839cbd0_0 .net "address", 11 0, o0x768f736e6588;  0 drivers
o0x768f736e65b8 .functor BUFZ 1, C4<z>; HiZ drive
v0x63680839ccb0_0 .net "clk", 0 0, o0x768f736e65b8;  0 drivers
v0x63680839cd70_0 .var/i "idx", 31 0;
o0x768f736e6618 .functor BUFZ 16, C4<zzzzzzzzzzzzzzzz>; HiZ drive
v0x63680839ce50_0 .net "in", 15 0, o0x768f736e6618;  0 drivers
o0x768f736e6648 .functor BUFZ 1, C4<z>; HiZ drive
v0x63680839cf30_0 .net "load", 0 0, o0x768f736e6648;  0 drivers
v0x63680839cff0 .array "mem", 4095 0, 15 0;
v0x63680839d140_0 .net "out", 15 0, L_0x6368083afa20;  1 drivers
E_0x6368083379e0 .event posedge, v0x63680839ccb0_0;
L_0x6368083af7e0 .array/port v0x63680839cff0, L_0x6368083af8b0;
L_0x6368083af8b0 .concat [ 12 2 0 0], o0x768f736e6588, L_0x768f7369d060;
S_0x636808370e60 .scope module, "RAM512" "RAM512" 6 3;
 .timescale -9 -12;
    .port_info 0 /INPUT 1 "clk";
    .port_info 1 /INPUT 1 "load";
    .port_info 2 /INPUT 9 "address";
    .port_info 3 /INPUT 16 "in";
    .port_info 4 /OUTPUT 16 "out";
P_0x636808380d60 .param/l "DEPTH" 1 6 10, +C4<00000000000000000000001000000000>;
L_0x6368083afd20 .functor BUFZ 16, L_0x6368083afae0, C4<0000000000000000>, C4<0000000000000000>, C4<0000000000000000>;
v0x63680839d300_0 .net *"_ivl_0", 15 0, L_0x6368083afae0;  1 drivers
v0x63680839d400_0 .net *"_ivl_2", 10 0, L_0x6368083afbb0;  1 drivers
L_0x768f7369d0a8 .functor BUFT 1, C4<00>, C4<0>, C4<0>, C4<0>;
v0x63680839d4e0_0 .net *"_ivl_5", 1 0, L_0x768f7369d0a8;  1 drivers
o0x768f736e6828 .functor BUFZ 9, C4<zzzzzzzzz>; HiZ drive
v0x63680839d5a0_0 .net "address", 8 0, o0x768f736e6828;  0 drivers
o0x768f736e6858 .functor BUFZ 1, C4<z>; HiZ drive
v0x63680839d680_0 .net "clk", 0 0, o0x768f736e6858;  0 drivers
v0x63680839d740_0 .var/i "idx", 31 0;
o0x768f736e68b8 .functor BUFZ 16, C4<zzzzzzzzzzzzzzzz>; HiZ drive
v0x63680839d820_0 .net "in", 15 0, o0x768f736e68b8;  0 drivers
o0x768f736e68e8 .functor BUFZ 1, C4<z>; HiZ drive
v0x63680839d900_0 .net "load", 0 0, o0x768f736e68e8;  0 drivers
v0x63680839d9c0 .array "mem", 511 0, 15 0;
v0x63680839db10_0 .net "out", 15 0, L_0x6368083afd20;  1 drivers
E_0x636808337b70 .event posedge, v0x63680839d680_0;
L_0x6368083afae0 .array/port v0x63680839d9c0, L_0x6368083afbb0;
L_0x6368083afbb0 .concat [ 9 2 0 0], o0x768f736e6828, L_0x768f7369d0a8;
S_0x636808380fa0 .scope module, "RAM64" "RAM64" 7 3;
 .timescale -9 -12;
    .port_info 0 /INPUT 1 "clk";
    .port_info 1 /INPUT 1 "load";
    .port_info 2 /INPUT 6 "address";
    .port_info 3 /INPUT 16 "in";
    .port_info 4 /OUTPUT 16 "out";
P_0x63680837e280 .param/l "DEPTH" 1 7 10, +C4<00000000000000000000000001000000>;
L_0x6368083b0050 .functor BUFZ 16, L_0x6368083afe10, C4<0000000000000000>, C4<0000000000000000>, C4<0000000000000000>;
v0x63680839dcd0_0 .net *"_ivl_0", 15 0, L_0x6368083afe10;  1 drivers
v0x63680839ddd0_0 .net *"_ivl_2", 7 0, L_0x6368083afee0;  1 drivers
L_0x768f7369d0f0 .functor BUFT 1, C4<00>, C4<0>, C4<0>, C4<0>;
v0x63680839deb0_0 .net *"_ivl_5", 1 0, L_0x768f7369d0f0;  1 drivers
o0x768f736e6ac8 .functor BUFZ 6, C4<zzzzzz>; HiZ drive
v0x63680839df70_0 .net "address", 5 0, o0x768f736e6ac8;  0 drivers
o0x768f736e6af8 .functor BUFZ 1, C4<z>; HiZ drive
v0x63680839e050_0 .net "clk", 0 0, o0x768f736e6af8;  0 drivers
v0x63680839e110_0 .var/i "idx", 31 0;
o0x768f736e6b58 .functor BUFZ 16, C4<zzzzzzzzzzzzzzzz>; HiZ drive
v0x63680839e1f0_0 .net "in", 15 0, o0x768f736e6b58;  0 drivers
o0x768f736e6b88 .functor BUFZ 1, C4<z>; HiZ drive
v0x63680839e2d0_0 .net "load", 0 0, o0x768f736e6b88;  0 drivers
v0x63680839e390 .array "mem", 63 0, 15 0;
v0x63680839e4e0_0 .net "out", 15 0, L_0x6368083b0050;  1 drivers
E_0x63680831c880 .event posedge, v0x63680839e050_0;
L_0x6368083afe10 .array/port v0x63680839e390, L_0x6368083afee0;
L_0x6368083afee0 .concat [ 6 2 0 0], o0x768f736e6ac8, L_0x768f7369d0f0;
S_0x636808382510 .scope module, "RAM8" "RAM8" 8 3;
 .timescale -9 -12;
    .port_info 0 /INPUT 1 "clk";
    .port_info 1 /INPUT 1 "load";
    .port_info 2 /INPUT 3 "address";
    .port_info 3 /INPUT 16 "in";
    .port_info 4 /OUTPUT 16 "out";
P_0x63680837a230 .param/l "DEPTH" 1 8 10, +C4<00000000000000000000000000001000>;
L_0x6368083b03a0 .functor BUFZ 16, L_0x6368083b0110, C4<0000000000000000>, C4<0000000000000000>, C4<0000000000000000>;
v0x63680839e6e0_0 .net *"_ivl_0", 15 0, L_0x6368083b0110;  1 drivers
v0x63680839e7e0_0 .net *"_ivl_2", 4 0, L_0x6368083b01e0;  1 drivers
L_0x768f7369d138 .functor BUFT 1, C4<00>, C4<0>, C4<0>, C4<0>;
v0x63680839e8c0_0 .net *"_ivl_5", 1 0, L_0x768f7369d138;  1 drivers
o0x768f736e6d68 .functor BUFZ 3, C4<zzz>; HiZ drive
v0x63680839e980_0 .net "address", 2 0, o0x768f736e6d68;  0 drivers
o0x768f736e6d98 .functor BUFZ 1, C4<z>; HiZ drive
v0x63680839ea60_0 .net "clk", 0 0, o0x768f736e6d98;  0 drivers
v0x63680839eb20_0 .var/i "idx", 31 0;
o0x768f736e6df8 .functor BUFZ 16, C4<zzzzzzzzzzzzzzzz>; HiZ drive
v0x63680839ec00_0 .net "in", 15 0, o0x768f736e6df8;  0 drivers
o0x768f736e6e28 .functor BUFZ 1, C4<z>; HiZ drive
v0x63680839ece0_0 .net "load", 0 0, o0x768f736e6e28;  0 drivers
v0x63680839eda0 .array "mem", 7 0, 15 0;
v0x63680839eef0_0 .net "out", 15 0, L_0x6368083b03a0;  1 drivers
E_0x63680839e660 .event posedge, v0x63680839ea60_0;
L_0x6368083b0110 .array/port v0x63680839eda0, L_0x6368083b01e0;
L_0x6368083b01e0 .concat [ 3 2 0 0], o0x768f736e6d68, L_0x768f7369d138;
S_0x636808383a80 .scope module, "tb_register" "tb_register" 9 3;
 .timescale -9 -12;
v0x6368083af190_0 .var "clk", 0 0;
v0x6368083af250_0 .var "in", 15 0;
v0x6368083af310_0 .var "load", 0 0;
v0x6368083af3e0_0 .net "out", 15 0, L_0x6368083b3c80;  1 drivers
S_0x63680839f070 .scope module, "dut" "Register" 9 9, 10 3 0, S_0x636808383a80;
 .timescale -9 -12;
    .port_info 0 /INPUT 1 "clk";
    .port_info 1 /INPUT 1 "load";
    .port_info 2 /INPUT 16 "in";
    .port_info 3 /OUTPUT 16 "out";
L_0x6368083b3c80 .functor BUFZ 16, L_0x6368083b36e0, C4<0000000000000000>, C4<0000000000000000>, C4<0000000000000000>;
v0x6368083aea00_0 .net "bit_out", 15 0, L_0x6368083b36e0;  1 drivers
v0x6368083aeb00_0 .net "clk", 0 0, v0x6368083af190_0;  1 drivers
v0x6368083aebc0_0 .net "in", 15 0, v0x6368083af250_0;  1 drivers
v0x6368083aec60_0 .net "load", 0 0, v0x6368083af310_0;  1 drivers
v0x6368083aed00_0 .net "out", 15 0, L_0x6368083b3c80;  alias, 1 drivers
L_0x6368083b0610 .part v0x6368083af250_0, 0, 1;
L_0x6368083b0900 .part v0x6368083af250_0, 1, 1;
L_0x6368083b0ba0 .part v0x6368083af250_0, 2, 1;
L_0x6368083b0e30 .part v0x6368083af250_0, 3, 1;
L_0x6368083b10f0 .part v0x6368083af250_0, 4, 1;
L_0x6368083b13d0 .part v0x6368083af250_0, 5, 1;
L_0x6368083b16f0 .part v0x6368083af250_0, 6, 1;
L_0x6368083b19d0 .part v0x6368083af250_0, 7, 1;
L_0x6368083b1d00 .part v0x6368083af250_0, 8, 1;
L_0x6368083b1fe0 .part v0x6368083af250_0, 9, 1;
L_0x6368083b22d0 .part v0x6368083af250_0, 10, 1;
L_0x6368083b25b0 .part v0x6368083af250_0, 11, 1;
L_0x6368083b2900 .part v0x6368083af250_0, 12, 1;
L_0x6368083b2be0 .part v0x6368083af250_0, 13, 1;
L_0x6368083b32c0 .part v0x6368083af250_0, 14, 1;
L_0x6368083b3560 .part v0x6368083af250_0, 15, 1;
LS_0x6368083b36e0_0_0 .concat8 [ 1 1 1 1], L_0x6368083b05a0, L_0x6368083b0890, L_0x6368083b0b30, L_0x6368083b0dc0;
LS_0x6368083b36e0_0_4 .concat8 [ 1 1 1 1], L_0x6368083b1080, L_0x6368083b1360, L_0x6368083b1680, L_0x6368083b1960;
LS_0x6368083b36e0_0_8 .concat8 [ 1 1 1 1], L_0x6368083b1c90, L_0x6368083b1f70, L_0x6368083b2260, L_0x6368083b2540;
LS_0x6368083b36e0_0_12 .concat8 [ 1 1 1 1], L_0x6368083b2890, L_0x6368083b2b70, L_0x6368083b26a0, L_0x6368083b34f0;
L_0x6368083b36e0 .concat8 [ 4 4 4 4], LS_0x6368083b36e0_0_0, LS_0x6368083b36e0_0_4, LS_0x6368083b36e0_0_8, LS_0x6368083b36e0_0_12;
S_0x63680839f220 .scope generate, "gen_bits[0]" "gen_bits[0]" 10 13, 10 13 0, S_0x63680839f070;
 .timescale -9 -12;
P_0x63680839f440 .param/l "i" 1 10 13, +C4<00>;
S_0x63680839f520 .scope module, "bit_cell" "Bit" 10 14, 11 3 0, S_0x63680839f220;
 .timescale -9 -12;
    .port_info 0 /INPUT 1 "clk";
    .port_info 1 /INPUT 1 "load";
    .port_info 2 /INPUT 1 "in";
    .port_info 3 /OUTPUT 1 "out";
L_0x6368083b05a0 .functor BUFZ 1, v0x63680839fb90_0, C4<0>, C4<0>, C4<0>;
v0x63680839fcb0_0 .net "clk", 0 0, v0x6368083af190_0;  alias, 1 drivers
v0x63680839fd80_0 .net "in", 0 0, L_0x6368083b0610;  1 drivers
v0x63680839fe20_0 .net "load", 0 0, v0x6368083af310_0;  alias, 1 drivers
v0x63680839fef0_0 .net "next_value", 0 0, L_0x6368083b0460;  1 drivers
v0x63680839ffc0_0 .net "out", 0 0, L_0x6368083b05a0;  1 drivers
v0x6368083a00b0_0 .net "stored", 0 0, v0x63680839fb90_0;  1 drivers
L_0x6368083b0460 .functor MUXZ 1, v0x63680839fb90_0, L_0x6368083b0610, v0x6368083af310_0, C4<>;
S_0x63680839f700 .scope module, "storage" "DFF" 11 12, 12 3 0, S_0x63680839f520;
 .timescale -9 -12;
    .port_info 0 /INPUT 1 "clk";
    .port_info 1 /INPUT 1 "d";
    .port_info 2 /OUTPUT 1 "q";
v0x63680839f9f0_0 .net "clk", 0 0, v0x6368083af190_0;  alias, 1 drivers
v0x63680839fad0_0 .net "d", 0 0, L_0x6368083b0460;  alias, 1 drivers
v0x63680839fb90_0 .var "q", 0 0;
E_0x63680839f970 .event posedge, v0x63680839f9f0_0;
S_0x6368083a01e0 .scope generate, "gen_bits[1]" "gen_bits[1]" 10 13, 10 13 0, S_0x63680839f070;
 .timescale -9 -12;
P_0x6368083a0400 .param/l "i" 1 10 13, +C4<01>;
S_0x6368083a04c0 .scope module, "bit_cell" "Bit" 10 14, 11 3 0, S_0x6368083a01e0;
 .timescale -9 -12;
    .port_info 0 /INPUT 1 "clk";
    .port_info 1 /INPUT 1 "load";
    .port_info 2 /INPUT 1 "in";
    .port_info 3 /OUTPUT 1 "out";
L_0x6368083b0890 .functor BUFZ 1, v0x6368083a0ae0_0, C4<0>, C4<0>, C4<0>;
v0x6368083a0c00_0 .net "clk", 0 0, v0x6368083af190_0;  alias, 1 drivers
v0x6368083a0ca0_0 .net "in", 0 0, L_0x6368083b0900;  1 drivers
v0x6368083a0d60_0 .net "load", 0 0, v0x6368083af310_0;  alias, 1 drivers
v0x6368083a0e60_0 .net "next_value", 0 0, L_0x6368083b0750;  1 drivers
v0x6368083a0f30_0 .net "out", 0 0, L_0x6368083b0890;  1 drivers
v0x6368083a1020_0 .net "stored", 0 0, v0x6368083a0ae0_0;  1 drivers
L_0x6368083b0750 .functor MUXZ 1, v0x6368083a0ae0_0, L_0x6368083b0900, v0x6368083af310_0, C4<>;
S_0x6368083a06a0 .scope module, "storage" "DFF" 11 12, 12 3 0, S_0x6368083a04c0;
 .timescale -9 -12;
    .port_info 0 /INPUT 1 "clk";
    .port_info 1 /INPUT 1 "d";
    .port_info 2 /OUTPUT 1 "q";
v0x6368083a0910_0 .net "clk", 0 0, v0x6368083af190_0;  alias, 1 drivers
v0x6368083a0a20_0 .net "d", 0 0, L_0x6368083b0750;  alias, 1 drivers
v0x6368083a0ae0_0 .var "q", 0 0;
S_0x6368083a1110 .scope generate, "gen_bits[2]" "gen_bits[2]" 10 13, 10 13 0, S_0x63680839f070;
 .timescale -9 -12;
P_0x6368083a1310 .param/l "i" 1 10 13, +C4<010>;
S_0x6368083a13d0 .scope module, "bit_cell" "Bit" 10 14, 11 3 0, S_0x6368083a1110;
 .timescale -9 -12;
    .port_info 0 /INPUT 1 "clk";
    .port_info 1 /INPUT 1 "load";
    .port_info 2 /INPUT 1 "in";
    .port_info 3 /OUTPUT 1 "out";
L_0x6368083b0b30 .functor BUFZ 1, v0x6368083a1a60_0, C4<0>, C4<0>, C4<0>;
v0x6368083a1bb0_0 .net "clk", 0 0, v0x6368083af190_0;  alias, 1 drivers
v0x6368083a1c50_0 .net "in", 0 0, L_0x6368083b0ba0;  1 drivers
v0x6368083a1d10_0 .net "load", 0 0, v0x6368083af310_0;  alias, 1 drivers
v0x6368083a1de0_0 .net "next_value", 0 0, L_0x6368083b09f0;  1 drivers
v0x6368083a1e80_0 .net "out", 0 0, L_0x6368083b0b30;  1 drivers
v0x6368083a1f70_0 .net "stored", 0 0, v0x6368083a1a60_0;  1 drivers
L_0x6368083b09f0 .functor MUXZ 1, v0x6368083a1a60_0, L_0x6368083b0ba0, v0x6368083af310_0, C4<>;
S_0x6368083a15e0 .scope module, "storage" "DFF" 11 12, 12 3 0, S_0x6368083a13d0;
 .timescale -9 -12;
    .port_info 0 /INPUT 1 "clk";
    .port_info 1 /INPUT 1 "d";
    .port_info 2 /OUTPUT 1 "q";
v0x6368083a1850_0 .net "clk", 0 0, v0x6368083af190_0;  alias, 1 drivers
v0x6368083a19a0_0 .net "d", 0 0, L_0x6368083b09f0;  alias, 1 drivers
v0x6368083a1a60_0 .var "q", 0 0;
S_0x6368083a2080 .scope generate, "gen_bits[3]" "gen_bits[3]" 10 13, 10 13 0, S_0x63680839f070;
 .timescale -9 -12;
P_0x6368083a2280 .param/l "i" 1 10 13, +C4<011>;
S_0x6368083a2360 .scope module, "bit_cell" "Bit" 10 14, 11 3 0, S_0x6368083a2080;
 .timescale -9 -12;
    .port_info 0 /INPUT 1 "clk";
    .port_info 1 /INPUT 1 "load";
    .port_info 2 /INPUT 1 "in";
    .port_info 3 /OUTPUT 1 "out";
L_0x6368083b0dc0 .functor BUFZ 1, v0x6368083a2930_0, C4<0>, C4<0>, C4<0>;
v0x6368083a2a80_0 .net "clk", 0 0, v0x6368083af190_0;  alias, 1 drivers
v0x6368083a2b20_0 .net "in", 0 0, L_0x6368083b0e30;  1 drivers
v0x6368083a2be0_0 .net "load", 0 0, v0x6368083af310_0;  alias, 1 drivers
v0x6368083a2cb0_0 .net "next_value", 0 0, L_0x6368083b0c90;  1 drivers
v0x6368083a2d80_0 .net "out", 0 0, L_0x6368083b0dc0;  1 drivers
v0x6368083a2e70_0 .net "stored", 0 0, v0x6368083a2930_0;  1 drivers
L_0x6368083b0c90 .functor MUXZ 1, v0x6368083a2930_0, L_0x6368083b0e30, v0x6368083af310_0, C4<>;
S_0x6368083a2540 .scope module, "storage" "DFF" 11 12, 12 3 0, S_0x6368083a2360;
 .timescale -9 -12;
    .port_info 0 /INPUT 1 "clk";
    .port_info 1 /INPUT 1 "d";
    .port_info 2 /OUTPUT 1 "q";
v0x6368083a27b0_0 .net "clk", 0 0, v0x6368083af190_0;  alias, 1 drivers
v0x6368083a2870_0 .net "d", 0 0, L_0x6368083b0c90;  alias, 1 drivers
v0x6368083a2930_0 .var "q", 0 0;
S_0x6368083a2f80 .scope generate, "gen_bits[4]" "gen_bits[4]" 10 13, 10 13 0, S_0x63680839f070;
 .timescale -9 -12;
P_0x6368083a31d0 .param/l "i" 1 10 13, +C4<0100>;
S_0x6368083a32b0 .scope module, "bit_cell" "Bit" 10 14, 11 3 0, S_0x6368083a2f80;
 .timescale -9 -12;
    .port_info 0 /INPUT 1 "clk";
    .port_info 1 /INPUT 1 "load";
    .port_info 2 /INPUT 1 "in";
    .port_info 3 /OUTPUT 1 "out";
L_0x6368083b1080 .functor BUFZ 1, v0x6368083a3880_0, C4<0>, C4<0>, C4<0>;
v0x6368083a39a0_0 .net "clk", 0 0, v0x6368083af190_0;  alias, 1 drivers
v0x6368083a3a40_0 .net "in", 0 0, L_0x6368083b10f0;  1 drivers
v0x6368083a3b00_0 .net "load", 0 0, v0x6368083af310_0;  alias, 1 drivers
v0x6368083a3bd0_0 .net "next_value", 0 0, L_0x6368083b0f20;  1 drivers
v0x6368083a3ca0_0 .net "out", 0 0, L_0x6368083b1080;  1 drivers
v0x6368083a3d40_0 .net "stored", 0 0, v0x6368083a3880_0;  1 drivers
L_0x6368083b0f20 .functor MUXZ 1, v0x6368083a3880_0, L_0x6368083b10f0, v0x6368083af310_0, C4<>;
S_0x6368083a3490 .scope module, "storage" "DFF" 11 12, 12 3 0, S_0x6368083a32b0;
 .timescale -9 -12;
    .port_info 0 /INPUT 1 "clk";
    .port_info 1 /INPUT 1 "d";
    .port_info 2 /OUTPUT 1 "q";
v0x6368083a3700_0 .net "clk", 0 0, v0x6368083af190_0;  alias, 1 drivers
v0x6368083a37c0_0 .net "d", 0 0, L_0x6368083b0f20;  alias, 1 drivers
v0x6368083a3880_0 .var "q", 0 0;
S_0x6368083a3e50 .scope generate, "gen_bits[5]" "gen_bits[5]" 10 13, 10 13 0, S_0x63680839f070;
 .timescale -9 -12;
P_0x6368083a4050 .param/l "i" 1 10 13, +C4<0101>;
S_0x6368083a4130 .scope module, "bit_cell" "Bit" 10 14, 11 3 0, S_0x6368083a3e50;
 .timescale -9 -12;
    .port_info 0 /INPUT 1 "clk";
    .port_info 1 /INPUT 1 "load";
    .port_info 2 /INPUT 1 "in";
    .port_info 3 /OUTPUT 1 "out";
L_0x6368083b1360 .functor BUFZ 1, v0x6368083a4700_0, C4<0>, C4<0>, C4<0>;
v0x6368083a4850_0 .net "clk", 0 0, v0x6368083af190_0;  alias, 1 drivers
v0x6368083a48f0_0 .net "in", 0 0, L_0x6368083b13d0;  1 drivers
v0x6368083a49b0_0 .net "load", 0 0, v0x6368083af310_0;  alias, 1 drivers
v0x6368083a4a80_0 .net "next_value", 0 0, L_0x6368083b11e0;  1 drivers
v0x6368083a4b50_0 .net "out", 0 0, L_0x6368083b1360;  1 drivers
v0x6368083a4c40_0 .net "stored", 0 0, v0x6368083a4700_0;  1 drivers
L_0x6368083b11e0 .functor MUXZ 1, v0x6368083a4700_0, L_0x6368083b13d0, v0x6368083af310_0, C4<>;
S_0x6368083a4310 .scope module, "storage" "DFF" 11 12, 12 3 0, S_0x6368083a4130;
 .timescale -9 -12;
    .port_info 0 /INPUT 1 "clk";
    .port_info 1 /INPUT 1 "d";
    .port_info 2 /OUTPUT 1 "q";
v0x6368083a4580_0 .net "clk", 0 0, v0x6368083af190_0;  alias, 1 drivers
v0x6368083a4640_0 .net "d", 0 0, L_0x6368083b11e0;  alias, 1 drivers
v0x6368083a4700_0 .var "q", 0 0;
S_0x6368083a4d50 .scope generate, "gen_bits[6]" "gen_bits[6]" 10 13, 10 13 0, S_0x63680839f070;
 .timescale -9 -12;
P_0x6368083a4f50 .param/l "i" 1 10 13, +C4<0110>;
S_0x6368083a5030 .scope module, "bit_cell" "Bit" 10 14, 11 3 0, S_0x6368083a4d50;
 .timescale -9 -12;
    .port_info 0 /INPUT 1 "clk";
    .port_info 1 /INPUT 1 "load";
    .port_info 2 /INPUT 1 "in";
    .port_info 3 /OUTPUT 1 "out";
L_0x6368083b1680 .functor BUFZ 1, v0x6368083a5670_0, C4<0>, C4<0>, C4<0>;
v0x6368083a57c0_0 .net "clk", 0 0, v0x6368083af190_0;  alias, 1 drivers
v0x6368083a5860_0 .net "in", 0 0, L_0x6368083b16f0;  1 drivers
v0x6368083a5920_0 .net "load", 0 0, v0x6368083af310_0;  alias, 1 drivers
v0x6368083a59f0_0 .net "next_value", 0 0, L_0x6368083b1500;  1 drivers
v0x6368083a5ac0_0 .net "out", 0 0, L_0x6368083b1680;  1 drivers
v0x6368083a5bb0_0 .net "stored", 0 0, v0x6368083a5670_0;  1 drivers
L_0x6368083b1500 .functor MUXZ 1, v0x6368083a5670_0, L_0x6368083b16f0, v0x6368083af310_0, C4<>;
S_0x6368083a5280 .scope module, "storage" "DFF" 11 12, 12 3 0, S_0x6368083a5030;
 .timescale -9 -12;
    .port_info 0 /INPUT 1 "clk";
    .port_info 1 /INPUT 1 "d";
    .port_info 2 /OUTPUT 1 "q";
v0x6368083a54f0_0 .net "clk", 0 0, v0x6368083af190_0;  alias, 1 drivers
v0x6368083a55b0_0 .net "d", 0 0, L_0x6368083b1500;  alias, 1 drivers
v0x6368083a5670_0 .var "q", 0 0;
S_0x6368083a5cc0 .scope generate, "gen_bits[7]" "gen_bits[7]" 10 13, 10 13 0, S_0x63680839f070;
 .timescale -9 -12;
P_0x6368083a5ec0 .param/l "i" 1 10 13, +C4<0111>;
S_0x6368083a5fa0 .scope module, "bit_cell" "Bit" 10 14, 11 3 0, S_0x6368083a5cc0;
 .timescale -9 -12;
    .port_info 0 /INPUT 1 "clk";
    .port_info 1 /INPUT 1 "load";
    .port_info 2 /INPUT 1 "in";
    .port_info 3 /OUTPUT 1 "out";
L_0x6368083b1960 .functor BUFZ 1, v0x6368083a65e0_0, C4<0>, C4<0>, C4<0>;
v0x6368083a6730_0 .net "clk", 0 0, v0x6368083af190_0;  alias, 1 drivers
v0x6368083a67d0_0 .net "in", 0 0, L_0x6368083b19d0;  1 drivers
v0x6368083a6890_0 .net "load", 0 0, v0x6368083af310_0;  alias, 1 drivers
v0x6368083a6960_0 .net "next_value", 0 0, L_0x6368083b17e0;  1 drivers
v0x6368083a6a30_0 .net "out", 0 0, L_0x6368083b1960;  1 drivers
v0x6368083a6b20_0 .net "stored", 0 0, v0x6368083a65e0_0;  1 drivers
L_0x6368083b17e0 .functor MUXZ 1, v0x6368083a65e0_0, L_0x6368083b19d0, v0x6368083af310_0, C4<>;
S_0x6368083a61f0 .scope module, "storage" "DFF" 11 12, 12 3 0, S_0x6368083a5fa0;
 .timescale -9 -12;
    .port_info 0 /INPUT 1 "clk";
    .port_info 1 /INPUT 1 "d";
    .port_info 2 /OUTPUT 1 "q";
v0x6368083a6460_0 .net "clk", 0 0, v0x6368083af190_0;  alias, 1 drivers
v0x6368083a6520_0 .net "d", 0 0, L_0x6368083b17e0;  alias, 1 drivers
v0x6368083a65e0_0 .var "q", 0 0;
S_0x6368083a6c30 .scope generate, "gen_bits[8]" "gen_bits[8]" 10 13, 10 13 0, S_0x63680839f070;
 .timescale -9 -12;
P_0x6368083a3180 .param/l "i" 1 10 13, +C4<01000>;
S_0x6368083a6f50 .scope module, "bit_cell" "Bit" 10 14, 11 3 0, S_0x6368083a6c30;
 .timescale -9 -12;
    .port_info 0 /INPUT 1 "clk";
    .port_info 1 /INPUT 1 "load";
    .port_info 2 /INPUT 1 "in";
    .port_info 3 /OUTPUT 1 "out";
L_0x6368083b1c90 .functor BUFZ 1, v0x6368083a77a0_0, C4<0>, C4<0>, C4<0>;
v0x6368083a78f0_0 .net "clk", 0 0, v0x6368083af190_0;  alias, 1 drivers
v0x6368083a7990_0 .net "in", 0 0, L_0x6368083b1d00;  1 drivers
v0x6368083a7a50_0 .net "load", 0 0, v0x6368083af310_0;  alias, 1 drivers
v0x6368083a7b20_0 .net "next_value", 0 0, L_0x6368083b1b10;  1 drivers
v0x6368083a7bf0_0 .net "out", 0 0, L_0x6368083b1c90;  1 drivers
v0x6368083a7ce0_0 .net "stored", 0 0, v0x6368083a77a0_0;  1 drivers
L_0x6368083b1b10 .functor MUXZ 1, v0x6368083a77a0_0, L_0x6368083b1d00, v0x6368083af310_0, C4<>;
S_0x6368083a71a0 .scope module, "storage" "DFF" 11 12, 12 3 0, S_0x6368083a6f50;
 .timescale -9 -12;
    .port_info 0 /INPUT 1 "clk";
    .port_info 1 /INPUT 1 "d";
    .port_info 2 /OUTPUT 1 "q";
v0x6368083a7410_0 .net "clk", 0 0, v0x6368083af190_0;  alias, 1 drivers
v0x6368083a76e0_0 .net "d", 0 0, L_0x6368083b1b10;  alias, 1 drivers
v0x6368083a77a0_0 .var "q", 0 0;
S_0x6368083a7df0 .scope generate, "gen_bits[9]" "gen_bits[9]" 10 13, 10 13 0, S_0x63680839f070;
 .timescale -9 -12;
P_0x6368083a7ff0 .param/l "i" 1 10 13, +C4<01001>;
S_0x6368083a80d0 .scope module, "bit_cell" "Bit" 10 14, 11 3 0, S_0x6368083a7df0;
 .timescale -9 -12;
    .port_info 0 /INPUT 1 "clk";
    .port_info 1 /INPUT 1 "load";
    .port_info 2 /INPUT 1 "in";
    .port_info 3 /OUTPUT 1 "out";
L_0x6368083b1f70 .functor BUFZ 1, v0x6368083a8710_0, C4<0>, C4<0>, C4<0>;
v0x6368083a8860_0 .net "clk", 0 0, v0x6368083af190_0;  alias, 1 drivers
v0x6368083a8900_0 .net "in", 0 0, L_0x6368083b1fe0;  1 drivers
v0x6368083a89c0_0 .net "load", 0 0, v0x6368083af310_0;  alias, 1 drivers
v0x6368083a8a90_0 .net "next_value", 0 0, L_0x6368083b1df0;  1 drivers
v0x6368083a8b60_0 .net "out", 0 0, L_0x6368083b1f70;  1 drivers
v0x6368083a8c50_0 .net "stored", 0 0, v0x6368083a8710_0;  1 drivers
L_0x6368083b1df0 .functor MUXZ 1, v0x6368083a8710_0, L_0x6368083b1fe0, v0x6368083af310_0, C4<>;
S_0x6368083a8320 .scope module, "storage" "DFF" 11 12, 12 3 0, S_0x6368083a80d0;
 .timescale -9 -12;
    .port_info 0 /INPUT 1 "clk";
    .port_info 1 /INPUT 1 "d";
    .port_info 2 /OUTPUT 1 "q";
v0x6368083a8590_0 .net "clk", 0 0, v0x6368083af190_0;  alias, 1 drivers
v0x6368083a8650_0 .net "d", 0 0, L_0x6368083b1df0;  alias, 1 drivers
v0x6368083a8710_0 .var "q", 0 0;
S_0x6368083a8d60 .scope generate, "gen_bits[10]" "gen_bits[10]" 10 13, 10 13 0, S_0x63680839f070;
 .timescale -9 -12;
P_0x6368083a8f60 .param/l "i" 1 10 13, +C4<01010>;
S_0x6368083a9040 .scope module, "bit_cell" "Bit" 10 14, 11 3 0, S_0x6368083a8d60;
 .timescale -9 -12;
    .port_info 0 /INPUT 1 "clk";
    .port_info 1 /INPUT 1 "load";
    .port_info 2 /INPUT 1 "in";
    .port_info 3 /OUTPUT 1 "out";
L_0x6368083b2260 .functor BUFZ 1, v0x6368083a9680_0, C4<0>, C4<0>, C4<0>;
v0x6368083a97d0_0 .net "clk", 0 0, v0x6368083af190_0;  alias, 1 drivers
v0x6368083a9870_0 .net "in", 0 0, L_0x6368083b22d0;  1 drivers
v0x6368083a9930_0 .net "load", 0 0, v0x6368083af310_0;  alias, 1 drivers
v0x6368083a9a00_0 .net "next_value", 0 0, L_0x6368083b2130;  1 drivers
v0x6368083a9ad0_0 .net "out", 0 0, L_0x6368083b2260;  1 drivers
v0x6368083a9bc0_0 .net "stored", 0 0, v0x6368083a9680_0;  1 drivers
L_0x6368083b2130 .functor MUXZ 1, v0x6368083a9680_0, L_0x6368083b22d0, v0x6368083af310_0, C4<>;
S_0x6368083a9290 .scope module, "storage" "DFF" 11 12, 12 3 0, S_0x6368083a9040;
 .timescale -9 -12;
    .port_info 0 /INPUT 1 "clk";
    .port_info 1 /INPUT 1 "d";
    .port_info 2 /OUTPUT 1 "q";
v0x6368083a9500_0 .net "clk", 0 0, v0x6368083af190_0;  alias, 1 drivers
v0x6368083a95c0_0 .net "d", 0 0, L_0x6368083b2130;  alias, 1 drivers
v0x6368083a9680_0 .var "q", 0 0;
S_0x6368083a9cd0 .scope generate, "gen_bits[11]" "gen_bits[11]" 10 13, 10 13 0, S_0x63680839f070;
 .timescale -9 -12;
P_0x6368083a9ed0 .param/l "i" 1 10 13, +C4<01011>;
S_0x6368083a9fb0 .scope module, "bit_cell" "Bit" 10 14, 11 3 0, S_0x6368083a9cd0;
 .timescale -9 -12;
    .port_info 0 /INPUT 1 "clk";
    .port_info 1 /INPUT 1 "load";
    .port_info 2 /INPUT 1 "in";
    .port_info 3 /OUTPUT 1 "out";
L_0x6368083b2540 .functor BUFZ 1, v0x6368083aa5f0_0, C4<0>, C4<0>, C4<0>;
v0x6368083aa740_0 .net "clk", 0 0, v0x6368083af190_0;  alias, 1 drivers
v0x6368083aa7e0_0 .net "in", 0 0, L_0x6368083b25b0;  1 drivers
v0x6368083aa8a0_0 .net "load", 0 0, v0x6368083af310_0;  alias, 1 drivers
v0x6368083aa970_0 .net "next_value", 0 0, L_0x6368083b23c0;  1 drivers
v0x6368083aaa40_0 .net "out", 0 0, L_0x6368083b2540;  1 drivers
v0x6368083aab30_0 .net "stored", 0 0, v0x6368083aa5f0_0;  1 drivers
L_0x6368083b23c0 .functor MUXZ 1, v0x6368083aa5f0_0, L_0x6368083b25b0, v0x6368083af310_0, C4<>;
S_0x6368083aa200 .scope module, "storage" "DFF" 11 12, 12 3 0, S_0x6368083a9fb0;
 .timescale -9 -12;
    .port_info 0 /INPUT 1 "clk";
    .port_info 1 /INPUT 1 "d";
    .port_info 2 /OUTPUT 1 "q";
v0x6368083aa470_0 .net "clk", 0 0, v0x6368083af190_0;  alias, 1 drivers
v0x6368083aa530_0 .net "d", 0 0, L_0x6368083b23c0;  alias, 1 drivers
v0x6368083aa5f0_0 .var "q", 0 0;
S_0x6368083aac40 .scope generate, "gen_bits[12]" "gen_bits[12]" 10 13, 10 13 0, S_0x63680839f070;
 .timescale -9 -12;
P_0x6368083aae40 .param/l "i" 1 10 13, +C4<01100>;
S_0x6368083aaf20 .scope module, "bit_cell" "Bit" 10 14, 11 3 0, S_0x6368083aac40;
 .timescale -9 -12;
    .port_info 0 /INPUT 1 "clk";
    .port_info 1 /INPUT 1 "load";
    .port_info 2 /INPUT 1 "in";
    .port_info 3 /OUTPUT 1 "out";
L_0x6368083b2890 .functor BUFZ 1, v0x6368083ab560_0, C4<0>, C4<0>, C4<0>;
v0x6368083ab6b0_0 .net "clk", 0 0, v0x6368083af190_0;  alias, 1 drivers
v0x6368083ab750_0 .net "in", 0 0, L_0x6368083b2900;  1 drivers
v0x6368083ab810_0 .net "load", 0 0, v0x6368083af310_0;  alias, 1 drivers
v0x6368083ab8e0_0 .net "next_value", 0 0, L_0x6368083b2710;  1 drivers
v0x6368083ab9b0_0 .net "out", 0 0, L_0x6368083b2890;  1 drivers
v0x6368083abaa0_0 .net "stored", 0 0, v0x6368083ab560_0;  1 drivers
L_0x6368083b2710 .functor MUXZ 1, v0x6368083ab560_0, L_0x6368083b2900, v0x6368083af310_0, C4<>;
S_0x6368083ab170 .scope module, "storage" "DFF" 11 12, 12 3 0, S_0x6368083aaf20;
 .timescale -9 -12;
    .port_info 0 /INPUT 1 "clk";
    .port_info 1 /INPUT 1 "d";
    .port_info 2 /OUTPUT 1 "q";
v0x6368083ab3e0_0 .net "clk", 0 0, v0x6368083af190_0;  alias, 1 drivers
v0x6368083ab4a0_0 .net "d", 0 0, L_0x6368083b2710;  alias, 1 drivers
v0x6368083ab560_0 .var "q", 0 0;
S_0x6368083abbb0 .scope generate, "gen_bits[13]" "gen_bits[13]" 10 13, 10 13 0, S_0x63680839f070;
 .timescale -9 -12;
P_0x6368083abdb0 .param/l "i" 1 10 13, +C4<01101>;
S_0x6368083abe90 .scope module, "bit_cell" "Bit" 10 14, 11 3 0, S_0x6368083abbb0;
 .timescale -9 -12;
    .port_info 0 /INPUT 1 "clk";
    .port_info 1 /INPUT 1 "load";
    .port_info 2 /INPUT 1 "in";
    .port_info 3 /OUTPUT 1 "out";
L_0x6368083b2b70 .functor BUFZ 1, v0x6368083ac4d0_0, C4<0>, C4<0>, C4<0>;
v0x6368083ac620_0 .net "clk", 0 0, v0x6368083af190_0;  alias, 1 drivers
v0x6368083ac6c0_0 .net "in", 0 0, L_0x6368083b2be0;  1 drivers
v0x6368083ac780_0 .net "load", 0 0, v0x6368083af310_0;  alias, 1 drivers
v0x6368083ac850_0 .net "next_value", 0 0, L_0x6368083b29f0;  1 drivers
v0x6368083ac920_0 .net "out", 0 0, L_0x6368083b2b70;  1 drivers
v0x6368083aca10_0 .net "stored", 0 0, v0x6368083ac4d0_0;  1 drivers
L_0x6368083b29f0 .functor MUXZ 1, v0x6368083ac4d0_0, L_0x6368083b2be0, v0x6368083af310_0, C4<>;
S_0x6368083ac0e0 .scope module, "storage" "DFF" 11 12, 12 3 0, S_0x6368083abe90;
 .timescale -9 -12;
    .port_info 0 /INPUT 1 "clk";
    .port_info 1 /INPUT 1 "d";
    .port_info 2 /OUTPUT 1 "q";
v0x6368083ac350_0 .net "clk", 0 0, v0x6368083af190_0;  alias, 1 drivers
v0x6368083ac410_0 .net "d", 0 0, L_0x6368083b29f0;  alias, 1 drivers
v0x6368083ac4d0_0 .var "q", 0 0;
S_0x6368083acb20 .scope generate, "gen_bits[14]" "gen_bits[14]" 10 13, 10 13 0, S_0x63680839f070;
 .timescale -9 -12;
P_0x6368083acd20 .param/l "i" 1 10 13, +C4<01110>;
S_0x6368083ace00 .scope module, "bit_cell" "Bit" 10 14, 11 3 0, S_0x6368083acb20;
 .timescale -9 -12;
    .port_info 0 /INPUT 1 "clk";
    .port_info 1 /INPUT 1 "load";
    .port_info 2 /INPUT 1 "in";
    .port_info 3 /OUTPUT 1 "out";
L_0x6368083b26a0 .functor BUFZ 1, v0x6368083ad440_0, C4<0>, C4<0>, C4<0>;
v0x6368083ad590_0 .net "clk", 0 0, v0x6368083af190_0;  alias, 1 drivers
v0x6368083ad630_0 .net "in", 0 0, L_0x6368083b32c0;  1 drivers
v0x6368083ad6f0_0 .net "load", 0 0, v0x6368083af310_0;  alias, 1 drivers
v0x6368083ad7c0_0 .net "next_value", 0 0, L_0x6368083b2d50;  1 drivers
v0x6368083ad890_0 .net "out", 0 0, L_0x6368083b26a0;  1 drivers
v0x6368083ad980_0 .net "stored", 0 0, v0x6368083ad440_0;  1 drivers
L_0x6368083b2d50 .functor MUXZ 1, v0x6368083ad440_0, L_0x6368083b32c0, v0x6368083af310_0, C4<>;
S_0x6368083ad050 .scope module, "storage" "DFF" 11 12, 12 3 0, S_0x6368083ace00;
 .timescale -9 -12;
    .port_info 0 /INPUT 1 "clk";
    .port_info 1 /INPUT 1 "d";
    .port_info 2 /OUTPUT 1 "q";
v0x6368083ad2c0_0 .net "clk", 0 0, v0x6368083af190_0;  alias, 1 drivers
v0x6368083ad380_0 .net "d", 0 0, L_0x6368083b2d50;  alias, 1 drivers
v0x6368083ad440_0 .var "q", 0 0;
S_0x6368083ada90 .scope generate, "gen_bits[15]" "gen_bits[15]" 10 13, 10 13 0, S_0x63680839f070;
 .timescale -9 -12;
P_0x6368083adc90 .param/l "i" 1 10 13, +C4<01111>;
S_0x6368083add70 .scope module, "bit_cell" "Bit" 10 14, 11 3 0, S_0x6368083ada90;
 .timescale -9 -12;
    .port_info 0 /INPUT 1 "clk";
    .port_info 1 /INPUT 1 "load";
    .port_info 2 /INPUT 1 "in";
    .port_info 3 /OUTPUT 1 "out";
L_0x6368083b34f0 .functor BUFZ 1, v0x6368083ae3b0_0, C4<0>, C4<0>, C4<0>;
v0x6368083ae500_0 .net "clk", 0 0, v0x6368083af190_0;  alias, 1 drivers
v0x6368083ae5a0_0 .net "in", 0 0, L_0x6368083b3560;  1 drivers
v0x6368083ae660_0 .net "load", 0 0, v0x6368083af310_0;  alias, 1 drivers
v0x6368083ae730_0 .net "next_value", 0 0, L_0x6368083b33b0;  1 drivers
v0x6368083ae800_0 .net "out", 0 0, L_0x6368083b34f0;  1 drivers
v0x6368083ae8f0_0 .net "stored", 0 0, v0x6368083ae3b0_0;  1 drivers
L_0x6368083b33b0 .functor MUXZ 1, v0x6368083ae3b0_0, L_0x6368083b3560, v0x6368083af310_0, C4<>;
S_0x6368083adfc0 .scope module, "storage" "DFF" 11 12, 12 3 0, S_0x6368083add70;
 .timescale -9 -12;
    .port_info 0 /INPUT 1 "clk";
    .port_info 1 /INPUT 1 "d";
    .port_info 2 /OUTPUT 1 "q";
v0x6368083ae230_0 .net "clk", 0 0, v0x6368083af190_0;  alias, 1 drivers
v0x6368083ae2f0_0 .net "d", 0 0, L_0x6368083b33b0;  alias, 1 drivers
v0x6368083ae3b0_0 .var "q", 0 0;
S_0x6368083aeeb0 .scope task, "load_value" "load_value" 9 21, 9 21 0, S_0x636808383a80;
 .timescale -9 -12;
v0x6368083af0b0_0 .var "value", 15 0;
TD_tb_register.load_value ;
    %load/vec4 v0x6368083af0b0_0;
    %store/vec4 v0x6368083af250_0, 0, 16;
    %pushi/vec4 1, 0, 1;
    %store/vec4 v0x6368083af310_0, 0, 1;
    %wait E_0x63680839f970;
    %pushi/vec4 0, 0, 1;
    %store/vec4 v0x6368083af310_0, 0, 1;
    %end;
    .scope S_0x6368083723d0;
T_1 ;
    %pushi/vec4 0, 0, 16;
    %store/vec4 v0x6368083711a0_0, 0, 16;
    %end;
    .thread T_1;
    .scope S_0x6368083723d0;
T_2 ;
    %wait E_0x636808337530;
    %load/vec4 v0x63680836fc00_0;
    %flag_set/vec4 8;
    %jmp/0xz  T_2.0, 8;
    %pushi/vec4 0, 0, 16;
    %assign/vec4 v0x6368083711a0_0, 0;
    %jmp T_2.1;
T_2.0 ;
    %load/vec4 v0x636808372710_0;
    %flag_set/vec4 8;
    %jmp/0xz  T_2.2, 8;
    %load/vec4 v0x6368083751f0_0;
    %assign/vec4 v0x6368083711a0_0, 0;
    %jmp T_2.3;
T_2.2 ;
    %load/vec4 v0x636808373c80_0;
    %flag_set/vec4 8;
    %jmp/0xz  T_2.4, 8;
    %load/vec4 v0x6368083711a0_0;
    %addi 1, 0, 16;
    %assign/vec4 v0x6368083711a0_0, 0;
T_2.4 ;
T_2.3 ;
T_2.1 ;
    %jmp T_2;
    .thread T_2;
    .scope S_0x63680837e4c0;
T_3 ;
    %pushi/vec4 0, 0, 32;
    %store/vec4 v0x63680839c430_0, 0, 32;
T_3.0 ;
    %load/vec4 v0x63680839c430_0;
    %cmpi/s 16384, 0, 32;
    %jmp/0xz T_3.1, 5;
    %pushi/vec4 0, 0, 16;
    %ix/getv/s 4, v0x63680839c430_0;
    %store/vec4a v0x63680839c6b0, 4, 0;
    %load/vec4 v0x63680839c430_0;
    %addi 1, 0, 32;
    %store/vec4 v0x63680839c430_0, 0, 32;
    %jmp T_3.0;
T_3.1 ;
    %end;
    .thread T_3;
    .scope S_0x63680837e4c0;
T_4 ;
    %wait E_0x636808337780;
    %load/vec4 v0x63680839c5f0_0;
    %flag_set/vec4 8;
    %jmp/0xz  T_4.0, 8;
    %load/vec4 v0x63680839c510_0;
    %load/vec4 v0x63680839c240_0;
    %pad/u 16;
    %ix/vec4 3;
    %ix/load 4, 0, 0; Constant delay
    %assign/vec4/a/d v0x63680839c6b0, 0, 4;
T_4.0 ;
    %jmp T_4;
    .thread T_4;
    .scope S_0x63680837fa30;
T_5 ;
    %pushi/vec4 0, 0, 32;
    %store/vec4 v0x63680839cd70_0, 0, 32;
T_5.0 ;
    %load/vec4 v0x63680839cd70_0;
    %cmpi/s 4096, 0, 32;
    %jmp/0xz T_5.1, 5;
    %pushi/vec4 0, 0, 16;
    %ix/getv/s 4, v0x63680839cd70_0;
    %store/vec4a v0x63680839cff0, 4, 0;
    %load/vec4 v0x63680839cd70_0;
    %addi 1, 0, 32;
    %store/vec4 v0x63680839cd70_0, 0, 32;
    %jmp T_5.0;
T_5.1 ;
    %end;
    .thread T_5;
    .scope S_0x63680837fa30;
T_6 ;
    %wait E_0x6368083379e0;
    %load/vec4 v0x63680839cf30_0;
    %flag_set/vec4 8;
    %jmp/0xz  T_6.0, 8;
    %load/vec4 v0x63680839ce50_0;
    %load/vec4 v0x63680839cbd0_0;
    %pad/u 14;
    %ix/vec4 3;
    %ix/load 4, 0, 0; Constant delay
    %assign/vec4/a/d v0x63680839cff0, 0, 4;
T_6.0 ;
    %jmp T_6;
    .thread T_6;
    .scope S_0x636808370e60;
T_7 ;
    %pushi/vec4 0, 0, 32;
    %store/vec4 v0x63680839d740_0, 0, 32;
T_7.0 ;
    %load/vec4 v0x63680839d740_0;
    %cmpi/s 512, 0, 32;
    %jmp/0xz T_7.1, 5;
    %pushi/vec4 0, 0, 16;
    %ix/getv/s 4, v0x63680839d740_0;
    %store/vec4a v0x63680839d9c0, 4, 0;
    %load/vec4 v0x63680839d740_0;
    %addi 1, 0, 32;
    %store/vec4 v0x63680839d740_0, 0, 32;
    %jmp T_7.0;
T_7.1 ;
    %end;
    .thread T_7;
    .scope S_0x636808370e60;
T_8 ;
    %wait E_0x636808337b70;
    %load/vec4 v0x63680839d900_0;
    %flag_set/vec4 8;
    %jmp/0xz  T_8.0, 8;
    %load/vec4 v0x63680839d820_0;
    %load/vec4 v0x63680839d5a0_0;
    %pad/u 11;
    %ix/vec4 3;
    %ix/load 4, 0, 0; Constant delay
    %assign/vec4/a/d v0x63680839d9c0, 0, 4;
T_8.0 ;
    %jmp T_8;
    .thread T_8;
    .scope S_0x636808380fa0;
T_9 ;
    %pushi/vec4 0, 0, 32;
    %store/vec4 v0x63680839e110_0, 0, 32;
T_9.0 ;
    %load/vec4 v0x63680839e110_0;
    %cmpi/s 64, 0, 32;
    %jmp/0xz T_9.1, 5;
    %pushi/vec4 0, 0, 16;
    %ix/getv/s 4, v0x63680839e110_0;
    %store/vec4a v0x63680839e390, 4, 0;
    %load/vec4 v0x63680839e110_0;
    %addi 1, 0, 32;
    %store/vec4 v0x63680839e110_0, 0, 32;
    %jmp T_9.0;
T_9.1 ;
    %end;
    .thread T_9;
    .scope S_0x636808380fa0;
T_10 ;
    %wait E_0x63680831c880;
    %load/vec4 v0x63680839e2d0_0;
    %flag_set/vec4 8;
    %jmp/0xz  T_10.0, 8;
    %load/vec4 v0x63680839e1f0_0;
    %load/vec4 v0x63680839df70_0;
    %pad/u 8;
    %ix/vec4 3;
    %ix/load 4, 0, 0; Constant delay
    %assign/vec4/a/d v0x63680839e390, 0, 4;
T_10.0 ;
    %jmp T_10;
    .thread T_10;
    .scope S_0x636808382510;
T_11 ;
    %pushi/vec4 0, 0, 32;
    %store/vec4 v0x63680839eb20_0, 0, 32;
T_11.0 ;
    %load/vec4 v0x63680839eb20_0;
    %cmpi/s 8, 0, 32;
    %jmp/0xz T_11.1, 5;
    %pushi/vec4 0, 0, 16;
    %ix/getv/s 4, v0x63680839eb20_0;
    %store/vec4a v0x63680839eda0, 4, 0;
    %load/vec4 v0x63680839eb20_0;
    %addi 1, 0, 32;
    %store/vec4 v0x63680839eb20_0, 0, 32;
    %jmp T_11.0;
T_11.1 ;
    %end;
    .thread T_11;
    .scope S_0x636808382510;
T_12 ;
    %wait E_0x63680839e660;
    %load/vec4 v0x63680839ece0_0;
    %flag_set/vec4 8;
    %jmp/0xz  T_12.0, 8;
    %load/vec4 v0x63680839ec00_0;
    %load/vec4 v0x63680839e980_0;
    %pad/u 5;
    %ix/vec4 3;
    %ix/load 4, 0, 0; Constant delay
    %assign/vec4/a/d v0x63680839eda0, 0, 4;
T_12.0 ;
    %jmp T_12;
    .thread T_12;
    .scope S_0x63680839f700;
T_13 ;
    %pushi/vec4 0, 0, 1;
    %store/vec4 v0x63680839fb90_0, 0, 1;
    %end;
    .thread T_13;
    .scope S_0x63680839f700;
T_14 ;
    %wait E_0x63680839f970;
    %load/vec4 v0x63680839fad0_0;
    %assign/vec4 v0x63680839fb90_0, 0;
    %jmp T_14;
    .thread T_14;
    .scope S_0x6368083a06a0;
T_15 ;
    %pushi/vec4 0, 0, 1;
    %store/vec4 v0x6368083a0ae0_0, 0, 1;
    %end;
    .thread T_15;
    .scope S_0x6368083a06a0;
T_16 ;
    %wait E_0x63680839f970;
    %load/vec4 v0x6368083a0a20_0;
    %assign/vec4 v0x6368083a0ae0_0, 0;
    %jmp T_16;
    .thread T_16;
    .scope S_0x6368083a15e0;
T_17 ;
    %pushi/vec4 0, 0, 1;
    %store/vec4 v0x6368083a1a60_0, 0, 1;
    %end;
    .thread T_17;
    .scope S_0x6368083a15e0;
T_18 ;
    %wait E_0x63680839f970;
    %load/vec4 v0x6368083a19a0_0;
    %assign/vec4 v0x6368083a1a60_0, 0;
    %jmp T_18;
    .thread T_18;
    .scope S_0x6368083a2540;
T_19 ;
    %pushi/vec4 0, 0, 1;
    %store/vec4 v0x6368083a2930_0, 0, 1;
    %end;
    .thread T_19;
    .scope S_0x6368083a2540;
T_20 ;
    %wait E_0x63680839f970;
    %load/vec4 v0x6368083a2870_0;
    %assign/vec4 v0x6368083a2930_0, 0;
    %jmp T_20;
    .thread T_20;
    .scope S_0x6368083a3490;
T_21 ;
    %pushi/vec4 0, 0, 1;
    %store/vec4 v0x6368083a3880_0, 0, 1;
    %end;
    .thread T_21;
    .scope S_0x6368083a3490;
T_22 ;
    %wait E_0x63680839f970;
    %load/vec4 v0x6368083a37c0_0;
    %assign/vec4 v0x6368083a3880_0, 0;
    %jmp T_22;
    .thread T_22;
    .scope S_0x6368083a4310;
T_23 ;
    %pushi/vec4 0, 0, 1;
    %store/vec4 v0x6368083a4700_0, 0, 1;
    %end;
    .thread T_23;
    .scope S_0x6368083a4310;
T_24 ;
    %wait E_0x63680839f970;
    %load/vec4 v0x6368083a4640_0;
    %assign/vec4 v0x6368083a4700_0, 0;
    %jmp T_24;
    .thread T_24;
    .scope S_0x6368083a5280;
T_25 ;
    %pushi/vec4 0, 0, 1;
    %store/vec4 v0x6368083a5670_0, 0, 1;
    %end;
    .thread T_25;
    .scope S_0x6368083a5280;
T_26 ;
    %wait E_0x63680839f970;
    %load/vec4 v0x6368083a55b0_0;
    %assign/vec4 v0x6368083a5670_0, 0;
    %jmp T_26;
    .thread T_26;
    .scope S_0x6368083a61f0;
T_27 ;
    %pushi/vec4 0, 0, 1;
    %store/vec4 v0x6368083a65e0_0, 0, 1;
    %end;
    .thread T_27;
    .scope S_0x6368083a61f0;
T_28 ;
    %wait E_0x63680839f970;
    %load/vec4 v0x6368083a6520_0;
    %assign/vec4 v0x6368083a65e0_0, 0;
    %jmp T_28;
    .thread T_28;
    .scope S_0x6368083a71a0;
T_29 ;
    %pushi/vec4 0, 0, 1;
    %store/vec4 v0x6368083a77a0_0, 0, 1;
    %end;
    .thread T_29;
    .scope S_0x6368083a71a0;
T_30 ;
    %wait E_0x63680839f970;
    %load/vec4 v0x6368083a76e0_0;
    %assign/vec4 v0x6368083a77a0_0, 0;
    %jmp T_30;
    .thread T_30;
    .scope S_0x6368083a8320;
T_31 ;
    %pushi/vec4 0, 0, 1;
    %store/vec4 v0x6368083a8710_0, 0, 1;
    %end;
    .thread T_31;
    .scope S_0x6368083a8320;
T_32 ;
    %wait E_0x63680839f970;
    %load/vec4 v0x6368083a8650_0;
    %assign/vec4 v0x6368083a8710_0, 0;
    %jmp T_32;
    .thread T_32;
    .scope S_0x6368083a9290;
T_33 ;
    %pushi/vec4 0, 0, 1;
    %store/vec4 v0x6368083a9680_0, 0, 1;
    %end;
    .thread T_33;
    .scope S_0x6368083a9290;
T_34 ;
    %wait E_0x63680839f970;
    %load/vec4 v0x6368083a95c0_0;
    %assign/vec4 v0x6368083a9680_0, 0;
    %jmp T_34;
    .thread T_34;
    .scope S_0x6368083aa200;
T_35 ;
    %pushi/vec4 0, 0, 1;
    %store/vec4 v0x6368083aa5f0_0, 0, 1;
    %end;
    .thread T_35;
    .scope S_0x6368083aa200;
T_36 ;
    %wait E_0x63680839f970;
    %load/vec4 v0x6368083aa530_0;
    %assign/vec4 v0x6368083aa5f0_0, 0;
    %jmp T_36;
    .thread T_36;
    .scope S_0x6368083ab170;
T_37 ;
    %pushi/vec4 0, 0, 1;
    %store/vec4 v0x6368083ab560_0, 0, 1;
    %end;
    .thread T_37;
    .scope S_0x6368083ab170;
T_38 ;
    %wait E_0x63680839f970;
    %load/vec4 v0x6368083ab4a0_0;
    %assign/vec4 v0x6368083ab560_0, 0;
    %jmp T_38;
    .thread T_38;
    .scope S_0x6368083ac0e0;
T_39 ;
    %pushi/vec4 0, 0, 1;
    %store/vec4 v0x6368083ac4d0_0, 0, 1;
    %end;
    .thread T_39;
    .scope S_0x6368083ac0e0;
T_40 ;
    %wait E_0x63680839f970;
    %load/vec4 v0x6368083ac410_0;
    %assign/vec4 v0x6368083ac4d0_0, 0;
    %jmp T_40;
    .thread T_40;
    .scope S_0x6368083ad050;
T_41 ;
    %pushi/vec4 0, 0, 1;
    %store/vec4 v0x6368083ad440_0, 0, 1;
    %end;
    .thread T_41;
    .scope S_0x6368083ad050;
T_42 ;
    %wait E_0x63680839f970;
    %load/vec4 v0x6368083ad380_0;
    %assign/vec4 v0x6368083ad440_0, 0;
    %jmp T_42;
    .thread T_42;
    .scope S_0x6368083adfc0;
T_43 ;
    %pushi/vec4 0, 0, 1;
    %store/vec4 v0x6368083ae3b0_0, 0, 1;
    %end;
    .thread T_43;
    .scope S_0x6368083adfc0;
T_44 ;
    %wait E_0x63680839f970;
    %load/vec4 v0x6368083ae2f0_0;
    %assign/vec4 v0x6368083ae3b0_0, 0;
    %jmp T_44;
    .thread T_44;
    .scope S_0x636808383a80;
T_45 ;
    %pushi/vec4 0, 0, 1;
    %store/vec4 v0x6368083af190_0, 0, 1;
T_45.0 ;
    %delay 5000, 0;
    %load/vec4 v0x6368083af190_0;
    %inv;
    %store/vec4 v0x6368083af190_0, 0, 1;
    %jmp T_45.0;
    %end;
    .thread T_45;
    .scope S_0x636808383a80;
T_46 ;
    %pushi/vec4 0, 0, 1;
    %store/vec4 v0x6368083af310_0, 0, 1;
    %pushi/vec4 0, 0, 16;
    %store/vec4 v0x6368083af250_0, 0, 16;
    %wait E_0x63680839f970;
    %load/vec4 v0x6368083af3e0_0;
    %cmpi/ne 0, 0, 16;
    %jmp/0xz  T_46.0, 6;
    %vpi_call/w 9 34 "$fatal", 32'sb00000000000000000000000000000001, "Register should start at 0" {0 0 0};
T_46.0 ;
    %pushi/vec4 4660, 0, 16;
    %store/vec4 v0x6368083af0b0_0, 0, 16;
    %fork TD_tb_register.load_value, S_0x6368083aeeb0;
    %join;
    %delay 1000, 0;
    %load/vec4 v0x6368083af3e0_0;
    %cmpi/ne 4660, 0, 16;
    %jmp/0xz  T_46.2, 6;
    %vpi_call/w 9 38 "$fatal", 32'sb00000000000000000000000000000001, "Register failed to load 16'h1234" {0 0 0};
T_46.2 ;
    %pushi/vec4 65535, 0, 16;
    %store/vec4 v0x6368083af250_0, 0, 16;
    %wait E_0x63680839f970;
    %load/vec4 v0x6368083af3e0_0;
    %cmpi/ne 4660, 0, 16;
    %jmp/0xz  T_46.4, 6;
    %vpi_call/w 9 42 "$fatal", 32'sb00000000000000000000000000000001, "Register changed without load" {0 0 0};
T_46.4 ;
    %pushi/vec4 43981, 0, 16;
    %store/vec4 v0x6368083af0b0_0, 0, 16;
    %fork TD_tb_register.load_value, S_0x6368083aeeb0;
    %join;
    %delay 1000, 0;
    %load/vec4 v0x6368083af3e0_0;
    %cmpi/ne 43981, 0, 16;
    %jmp/0xz  T_46.6, 6;
    %vpi_call/w 9 46 "$fatal", 32'sb00000000000000000000000000000001, "Register failed to load 16'hABCD" {0 0 0};
T_46.6 ;
    %vpi_call/w 9 48 "$display", "tb_register passed" {0 0 0};
    %vpi_call/w 9 49 "$finish" {0 0 0};
    %end;
    .thread T_46;
# The file index is used to find the file name in the following table.
:file_names 13;
    "N/A";
    "<interactive>";
    "-";
    "pc.v";
    "ram16k.v";
    "ram4k.v";
    "ram512.v";
    "ram64.v";
    "ram8.v";
    "tb_register.v";
    "register.v";
    "bit.v";
    "dff.v";
