#! /usr/bin/vvp
:ivl_version "12.0 (stable)";
:ivl_delay_selection "TYPICAL";
:vpi_time_precision - 12;
:vpi_module "/usr/lib/x86_64-linux-gnu/ivl/system.vpi";
:vpi_module "/usr/lib/x86_64-linux-gnu/ivl/vhdl_sys.vpi";
:vpi_module "/usr/lib/x86_64-linux-gnu/ivl/vhdl_textio.vpi";
:vpi_module "/usr/lib/x86_64-linux-gnu/ivl/v2005_math.vpi";
:vpi_module "/usr/lib/x86_64-linux-gnu/ivl/va_math.vpi";
:vpi_module "/usr/lib/x86_64-linux-gnu/ivl/v2009.vpi";
S_0x583cf2d1d060 .scope package, "$unit" "$unit" 2 1;
 .timescale 0 0;
S_0x583cf2d27be0 .scope module, "PC" "PC" 3 3;
 .timescale -9 -12;
    .port_info 0 /INPUT 1 "clk";
    .port_info 1 /INPUT 1 "reset";
    .port_info 2 /INPUT 1 "load";
    .port_info 3 /INPUT 1 "inc";
    .port_info 4 /INPUT 16 "in";
    .port_info 5 /OUTPUT 16 "out";
o0x7cfeaa089018 .functor BUFZ 1, C4<z>; HiZ drive
v0x583cf2d20800_0 .net "clk", 0 0, o0x7cfeaa089018;  0 drivers
o0x7cfeaa089048 .functor BUFZ 16, C4<zzzzzzzzzzzzzzzz>; HiZ drive
v0x583cf2d1f290_0 .net "in", 15 0, o0x7cfeaa089048;  0 drivers
o0x7cfeaa089078 .functor BUFZ 1, C4<z>; HiZ drive
v0x583cf2d1dd20_0 .net "inc", 0 0, o0x7cfeaa089078;  0 drivers
o0x7cfeaa0890a8 .functor BUFZ 1, C4<z>; HiZ drive
v0x583cf2d1c7b0_0 .net "load", 0 0, o0x7cfeaa0890a8;  0 drivers
v0x583cf2d1b240_0 .var "out", 15 0;
o0x7cfeaa089108 .functor BUFZ 1, C4<z>; HiZ drive
v0x583cf2d1a890_0 .net "reset", 0 0, o0x7cfeaa089108;  0 drivers
E_0x583cf2ce3720 .event posedge, v0x583cf2d20800_0;
S_0x583cf2d29150 .scope module, "RAM16K" "RAM16K" 4 3;
 .timescale -9 -12;
    .port_info 0 /INPUT 1 "clk";
    .port_info 1 /INPUT 1 "load";
    .port_info 2 /INPUT 14 "address";
    .port_info 3 /INPUT 16 "in";
    .port_info 4 /OUTPUT 16 "out";
P_0x583cf2ce1940 .param/l "DEPTH" 1 4 10, +C4<00000000000000000100000000000000>;
L_0x583cf2d5c500 .functor BUFZ 16, L_0x583cf2d5c290, C4<0000000000000000>, C4<0000000000000000>, C4<0000000000000000>;
v0x583cf2d482b0_0 .net *"_ivl_0", 15 0, L_0x583cf2d5c290;  1 drivers
v0x583cf2d483b0_0 .net *"_ivl_2", 15 0, L_0x583cf2d5c390;  1 drivers
L_0x7cfeaa040018 .functor BUFT 1, C4<00>, C4<0>, C4<0>, C4<0>;
v0x583cf2d48490_0 .net *"_ivl_5", 1 0, L_0x7cfeaa040018;  1 drivers
o0x7cfeaa0892e8 .functor BUFZ 14, C4<zzzzzzzzzzzzzz>; HiZ drive
v0x583cf2d48550_0 .net "address", 13 0, o0x7cfeaa0892e8;  0 drivers
o0x7cfeaa089318 .functor BUFZ 1, C4<z>; HiZ drive
v0x583cf2d48630_0 .net "clk", 0 0, o0x7cfeaa089318;  0 drivers
v0x583cf2d48740_0 .var/i "idx", 31 0;
o0x7cfeaa089378 .functor BUFZ 16, C4<zzzzzzzzzzzzzzzz>; HiZ drive
v0x583cf2d48820_0 .net "in", 15 0, o0x7cfeaa089378;  0 drivers
o0x7cfeaa0893a8 .functor BUFZ 1, C4<z>; HiZ drive
v0x583cf2d48900_0 .net "load", 0 0, o0x7cfeaa0893a8;  0 drivers
v0x583cf2d489c0 .array "mem", 16383 0, 15 0;
v0x583cf2d48a80_0 .net "out", 15 0, L_0x583cf2d5c500;  1 drivers
E_0x583cf2ce3970 .event posedge, v0x583cf2d48630_0;
L_0x583cf2d5c290 .array/port v0x583cf2d489c0, L_0x583cf2d5c390;
L_0x583cf2d5c390 .concat [ 14 2 0 0], o0x7cfeaa0892e8, L_0x7cfeaa040018;
S_0x583cf2d2a6c0 .scope module, "RAM512" "RAM512" 5 3;
 .timescale -9 -12;
    .port_info 0 /INPUT 1 "clk";
    .port_info 1 /INPUT 1 "load";
    .port_info 2 /INPUT 9 "address";
    .port_info 3 /INPUT 16 "in";
    .port_info 4 /OUTPUT 16 "out";
P_0x583cf2d2cf60 .param/l "DEPTH" 1 5 10, +C4<00000000000000000000001000000000>;
L_0x583cf2d5c800 .functor BUFZ 16, L_0x583cf2d5c5c0, C4<0000000000000000>, C4<0000000000000000>, C4<0000000000000000>;
v0x583cf2d48c40_0 .net *"_ivl_0", 15 0, L_0x583cf2d5c5c0;  1 drivers
v0x583cf2d48d40_0 .net *"_ivl_2", 10 0, L_0x583cf2d5c690;  1 drivers
L_0x7cfeaa040060 .functor BUFT 1, C4<00>, C4<0>, C4<0>, C4<0>;
v0x583cf2d48e20_0 .net *"_ivl_5", 1 0, L_0x7cfeaa040060;  1 drivers
o0x7cfeaa089588 .functor BUFZ 9, C4<zzzzzzzzz>; HiZ drive
v0x583cf2d48ee0_0 .net "address", 8 0, o0x7cfeaa089588;  0 drivers
o0x7cfeaa0895b8 .functor BUFZ 1, C4<z>; HiZ drive
v0x583cf2d48fc0_0 .net "clk", 0 0, o0x7cfeaa0895b8;  0 drivers
v0x583cf2d49080_0 .var/i "idx", 31 0;
o0x7cfeaa089618 .functor BUFZ 16, C4<zzzzzzzzzzzzzzzz>; HiZ drive
v0x583cf2d49160_0 .net "in", 15 0, o0x7cfeaa089618;  0 drivers
o0x7cfeaa089648 .functor BUFZ 1, C4<z>; HiZ drive
v0x583cf2d49240_0 .net "load", 0 0, o0x7cfeaa089648;  0 drivers
v0x583cf2d49300 .array "mem", 511 0, 15 0;
v0x583cf2d49450_0 .net "out", 15 0, L_0x583cf2d5c800;  1 drivers
E_0x583cf2ce3bd0 .event posedge, v0x583cf2d48fc0_0;
L_0x583cf2d5c5c0 .array/port v0x583cf2d49300, L_0x583cf2d5c690;
L_0x583cf2d5c690 .concat [ 9 2 0 0], o0x7cfeaa089588, L_0x7cfeaa040060;
S_0x583cf2d1baf0 .scope module, "RAM64" "RAM64" 6 3;
 .timescale -9 -12;
    .port_info 0 /INPUT 1 "clk";
    .port_info 1 /INPUT 1 "load";
    .port_info 2 /INPUT 6 "address";
    .port_info 3 /INPUT 16 "in";
    .port_info 4 /OUTPUT 16 "out";
P_0x583cf2d2a480 .param/l "DEPTH" 1 6 10, +C4<00000000000000000000000001000000>;
L_0x583cf2d5cb00 .functor BUFZ 16, L_0x583cf2d5c8c0, C4<0000000000000000>, C4<0000000000000000>, C4<0000000000000000>;
v0x583cf2d49610_0 .net *"_ivl_0", 15 0, L_0x583cf2d5c8c0;  1 drivers
v0x583cf2d49710_0 .net *"_ivl_2", 7 0, L_0x583cf2d5c990;  1 drivers
L_0x7cfeaa0400a8 .functor BUFT 1, C4<00>, C4<0>, C4<0>, C4<0>;
v0x583cf2d497f0_0 .net *"_ivl_5", 1 0, L_0x7cfeaa0400a8;  1 drivers
o0x7cfeaa089828 .functor BUFZ 6, C4<zzzzzz>; HiZ drive
v0x583cf2d498b0_0 .net "address", 5 0, o0x7cfeaa089828;  0 drivers
o0x7cfeaa089858 .functor BUFZ 1, C4<z>; HiZ drive
v0x583cf2d49990_0 .net "clk", 0 0, o0x7cfeaa089858;  0 drivers
v0x583cf2d49a50_0 .var/i "idx", 31 0;
o0x7cfeaa0898b8 .functor BUFZ 16, C4<zzzzzzzzzzzzzzzz>; HiZ drive
v0x583cf2d49b30_0 .net "in", 15 0, o0x7cfeaa0898b8;  0 drivers
o0x7cfeaa0898e8 .functor BUFZ 1, C4<z>; HiZ drive
v0x583cf2d49c10_0 .net "load", 0 0, o0x7cfeaa0898e8;  0 drivers
v0x583cf2d49cd0 .array "mem", 63 0, 15 0;
v0x583cf2d49e20_0 .net "out", 15 0, L_0x583cf2d5cb00;  1 drivers
E_0x583cf2ce3d60 .event posedge, v0x583cf2d49990_0;
L_0x583cf2d5c8c0 .array/port v0x583cf2d49cd0, L_0x583cf2d5c990;
L_0x583cf2d5c990 .concat [ 6 2 0 0], o0x7cfeaa089828, L_0x7cfeaa0400a8;
S_0x583cf2d2bc30 .scope module, "RAM8" "RAM8" 7 3;
 .timescale -9 -12;
    .port_info 0 /INPUT 1 "clk";
    .port_info 1 /INPUT 1 "load";
    .port_info 2 /INPUT 3 "address";
    .port_info 3 /INPUT 16 "in";
    .port_info 4 /OUTPUT 16 "out";
P_0x583cf2d279a0 .param/l "DEPTH" 1 7 10, +C4<00000000000000000000000000001000>;
L_0x583cf2d5ce30 .functor BUFZ 16, L_0x583cf2d5cbf0, C4<0000000000000000>, C4<0000000000000000>, C4<0000000000000000>;
v0x583cf2d49fe0_0 .net *"_ivl_0", 15 0, L_0x583cf2d5cbf0;  1 drivers
v0x583cf2d4a0e0_0 .net *"_ivl_2", 4 0, L_0x583cf2d5ccc0;  1 drivers
L_0x7cfeaa0400f0 .functor BUFT 1, C4<00>, C4<0>, C4<0>, C4<0>;
v0x583cf2d4a1c0_0 .net *"_ivl_5", 1 0, L_0x7cfeaa0400f0;  1 drivers
o0x7cfeaa089ac8 .functor BUFZ 3, C4<zzz>; HiZ drive
v0x583cf2d4a280_0 .net "address", 2 0, o0x7cfeaa089ac8;  0 drivers
o0x7cfeaa089af8 .functor BUFZ 1, C4<z>; HiZ drive
v0x583cf2d4a360_0 .net "clk", 0 0, o0x7cfeaa089af8;  0 drivers
v0x583cf2d4a420_0 .var/i "idx", 31 0;
o0x7cfeaa089b58 .functor BUFZ 16, C4<zzzzzzzzzzzzzzzz>; HiZ drive
v0x583cf2d4a500_0 .net "in", 15 0, o0x7cfeaa089b58;  0 drivers
o0x7cfeaa089b88 .functor BUFZ 1, C4<z>; HiZ drive
v0x583cf2d4a5e0_0 .net "load", 0 0, o0x7cfeaa089b88;  0 drivers
v0x583cf2d4a6a0 .array "mem", 7 0, 15 0;
v0x583cf2d4a7f0_0 .net "out", 15 0, L_0x583cf2d5ce30;  1 drivers
E_0x583cf2cc67c0 .event posedge, v0x583cf2d4a360_0;
L_0x583cf2d5cbf0 .array/port v0x583cf2d4a6a0, L_0x583cf2d5ccc0;
L_0x583cf2d5ccc0 .concat [ 3 2 0 0], o0x7cfeaa089ac8, L_0x7cfeaa0400f0;
S_0x583cf2d2d1a0 .scope module, "Register" "Register" 8 3;
 .timescale -9 -12;
    .port_info 0 /INPUT 1 "clk";
    .port_info 1 /INPUT 1 "load";
    .port_info 2 /INPUT 16 "in";
    .port_info 3 /OUTPUT 16 "out";
L_0x583cf2d607b0 .functor BUFZ 16, L_0x583cf2d60210, C4<0000000000000000>, C4<0000000000000000>, C4<0000000000000000>;
v0x583cf2d5a0d0_0 .net "bit_out", 15 0, L_0x583cf2d60210;  1 drivers
o0x7cfeaa089cd8 .functor BUFZ 1, C4<z>; HiZ drive
v0x583cf2d5a1d0_0 .net "clk", 0 0, o0x7cfeaa089cd8;  0 drivers
o0x7cfeaa08be68 .functor BUFZ 16, C4<zzzzzzzzzzzzzzzz>; HiZ drive
v0x583cf2d5a6a0_0 .net "in", 15 0, o0x7cfeaa08be68;  0 drivers
o0x7cfeaa089e28 .functor BUFZ 1, C4<z>; HiZ drive
v0x583cf2d5a740_0 .net "load", 0 0, o0x7cfeaa089e28;  0 drivers
v0x583cf2d5a7e0_0 .net "out", 15 0, L_0x583cf2d607b0;  1 drivers
L_0x583cf2d5d0a0 .part o0x7cfeaa08be68, 0, 1;
L_0x583cf2d5d340 .part o0x7cfeaa08be68, 1, 1;
L_0x583cf2d5d630 .part o0x7cfeaa08be68, 2, 1;
L_0x583cf2d5d8d0 .part o0x7cfeaa08be68, 3, 1;
L_0x583cf2d5dc00 .part o0x7cfeaa08be68, 4, 1;
L_0x583cf2d5dee0 .part o0x7cfeaa08be68, 5, 1;
L_0x583cf2d5e1e0 .part o0x7cfeaa08be68, 6, 1;
L_0x583cf2d5e4c0 .part o0x7cfeaa08be68, 7, 1;
L_0x583cf2d5e7f0 .part o0x7cfeaa08be68, 8, 1;
L_0x583cf2d5ead0 .part o0x7cfeaa08be68, 9, 1;
L_0x583cf2d5edc0 .part o0x7cfeaa08be68, 10, 1;
L_0x583cf2d5f0a0 .part o0x7cfeaa08be68, 11, 1;
L_0x583cf2d5f3f0 .part o0x7cfeaa08be68, 12, 1;
L_0x583cf2d5f6d0 .part o0x7cfeaa08be68, 13, 1;
L_0x583cf2d5f9c0 .part o0x7cfeaa08be68, 14, 1;
L_0x583cf2d60090 .part o0x7cfeaa08be68, 15, 1;
LS_0x583cf2d60210_0_0 .concat8 [ 1 1 1 1], L_0x583cf2d5d030, L_0x583cf2d5d2d0, L_0x583cf2d5d5c0, L_0x583cf2d5d860;
LS_0x583cf2d60210_0_4 .concat8 [ 1 1 1 1], L_0x583cf2d5db90, L_0x583cf2d5de70, L_0x583cf2d5e170, L_0x583cf2d5e450;
LS_0x583cf2d60210_0_8 .concat8 [ 1 1 1 1], L_0x583cf2d5e780, L_0x583cf2d5ea60, L_0x583cf2d5ed50, L_0x583cf2d5f030;
LS_0x583cf2d60210_0_12 .concat8 [ 1 1 1 1], L_0x583cf2d5f380, L_0x583cf2d5f660, L_0x583cf2d5f190, L_0x583cf2d60020;
L_0x583cf2d60210 .concat8 [ 4 4 4 4], LS_0x583cf2d60210_0_0, LS_0x583cf2d60210_0_4, LS_0x583cf2d60210_0_8, LS_0x583cf2d60210_0_12;
S_0x583cf2d4a970 .scope generate, "gen_bits[0]" "gen_bits[0]" 8 13, 8 13 0, S_0x583cf2d2d1a0;
 .timescale -9 -12;
P_0x583cf2d4ab40 .param/l "i" 1 8 13, +C4<00>;
S_0x583cf2d4ac20 .scope module, "bit_cell" "Bit" 8 14, 9 3 0, S_0x583cf2d4a970;
 .timescale -9 -12;
    .port_info 0 /INPUT 1 "clk";
    .port_info 1 /INPUT 1 "load";
    .port_info 2 /INPUT 1 "in";
    .port_info 3 /OUTPUT 1 "out";
L_0x583cf2d5d030 .functor BUFZ 1, v0x583cf2d4b290_0, C4<0>, C4<0>, C4<0>;
v0x583cf2d4b3b0_0 .net "clk", 0 0, o0x7cfeaa089cd8;  alias, 0 drivers
v0x583cf2d4b450_0 .net "in", 0 0, L_0x583cf2d5d0a0;  1 drivers
v0x583cf2d4b4f0_0 .net "load", 0 0, o0x7cfeaa089e28;  alias, 0 drivers
v0x583cf2d4b5c0_0 .net "next_value", 0 0, L_0x583cf2d5cef0;  1 drivers
v0x583cf2d4b690_0 .net "out", 0 0, L_0x583cf2d5d030;  1 drivers
v0x583cf2d4b780_0 .net "stored", 0 0, v0x583cf2d4b290_0;  1 drivers
L_0x583cf2d5cef0 .functor MUXZ 1, v0x583cf2d4b290_0, L_0x583cf2d5d0a0, o0x7cfeaa089e28, C4<>;
S_0x583cf2d4ae00 .scope module, "storage" "DFF" 9 12, 10 3 0, S_0x583cf2d4ac20;
 .timescale -9 -12;
    .port_info 0 /INPUT 1 "clk";
    .port_info 1 /INPUT 1 "d";
    .port_info 2 /OUTPUT 1 "q";
v0x583cf2d4b0f0_0 .net "clk", 0 0, o0x7cfeaa089cd8;  alias, 0 drivers
v0x583cf2d4b1d0_0 .net "d", 0 0, L_0x583cf2d5cef0;  alias, 1 drivers
v0x583cf2d4b290_0 .var "q", 0 0;
E_0x583cf2d4b070 .event posedge, v0x583cf2d4b0f0_0;
S_0x583cf2d4b8b0 .scope generate, "gen_bits[1]" "gen_bits[1]" 8 13, 8 13 0, S_0x583cf2d2d1a0;
 .timescale -9 -12;
P_0x583cf2d4bad0 .param/l "i" 1 8 13, +C4<01>;
S_0x583cf2d4bb90 .scope module, "bit_cell" "Bit" 8 14, 9 3 0, S_0x583cf2d4b8b0;
 .timescale -9 -12;
    .port_info 0 /INPUT 1 "clk";
    .port_info 1 /INPUT 1 "load";
    .port_info 2 /INPUT 1 "in";
    .port_info 3 /OUTPUT 1 "out";
L_0x583cf2d5d2d0 .functor BUFZ 1, v0x583cf2d4c1b0_0, C4<0>, C4<0>, C4<0>;
v0x583cf2d4c2d0_0 .net "clk", 0 0, o0x7cfeaa089cd8;  alias, 0 drivers
v0x583cf2d4c370_0 .net "in", 0 0, L_0x583cf2d5d340;  1 drivers
v0x583cf2d4c430_0 .net "load", 0 0, o0x7cfeaa089e28;  alias, 0 drivers
v0x583cf2d4c530_0 .net "next_value", 0 0, L_0x583cf2d5d190;  1 drivers
v0x583cf2d4c600_0 .net "out", 0 0, L_0x583cf2d5d2d0;  1 drivers
v0x583cf2d4c6f0_0 .net "stored", 0 0, v0x583cf2d4c1b0_0;  1 drivers
L_0x583cf2d5d190 .functor MUXZ 1, v0x583cf2d4c1b0_0, L_0x583cf2d5d340, o0x7cfeaa089e28, C4<>;
S_0x583cf2d4bd70 .scope module, "storage" "DFF" 9 12, 10 3 0, S_0x583cf2d4bb90;
 .timescale -9 -12;
    .port_info 0 /INPUT 1 "clk";
    .port_info 1 /INPUT 1 "d";
    .port_info 2 /OUTPUT 1 "q";
v0x583cf2d4bfe0_0 .net "clk", 0 0, o0x7cfeaa089cd8;  alias, 0 drivers
v0x583cf2d4c0f0_0 .net "d", 0 0, L_0x583cf2d5d190;  alias, 1 drivers
v0x583cf2d4c1b0_0 .var "q", 0 0;
S_0x583cf2d4c7e0 .scope generate, "gen_bits[2]" "gen_bits[2]" 8 13, 8 13 0, S_0x583cf2d2d1a0;
 .timescale -9 -12;
P_0x583cf2d4c9e0 .param/l "i" 1 8 13, +C4<010>;
S_0x583cf2d4caa0 .scope module, "bit_cell" "Bit" 8 14, 9 3 0, S_0x583cf2d4c7e0;
 .timescale -9 -12;
    .port_info 0 /INPUT 1 "clk";
    .port_info 1 /INPUT 1 "load";
    .port_info 2 /INPUT 1 "in";
    .port_info 3 /OUTPUT 1 "out";
L_0x583cf2d5d5c0 .functor BUFZ 1, v0x583cf2d4d130_0, C4<0>, C4<0>, C4<0>;
v0x583cf2d4d280_0 .net "clk", 0 0, o0x7cfeaa089cd8;  alias, 0 drivers
v0x583cf2d4d320_0 .net "in", 0 0, L_0x583cf2d5d630;  1 drivers
v0x583cf2d4d3e0_0 .net "load", 0 0, o0x7cfeaa089e28;  alias, 0 drivers
v0x583cf2d4d4b0_0 .net "next_value", 0 0, L_0x583cf2d5d480;  1 drivers
v0x583cf2d4d550_0 .net "out", 0 0, L_0x583cf2d5d5c0;  1 drivers
v0x583cf2d4d640_0 .net "stored", 0 0, v0x583cf2d4d130_0;  1 drivers
L_0x583cf2d5d480 .functor MUXZ 1, v0x583cf2d4d130_0, L_0x583cf2d5d630, o0x7cfeaa089e28, C4<>;
S_0x583cf2d4ccb0 .scope module, "storage" "DFF" 9 12, 10 3 0, S_0x583cf2d4caa0;
 .timescale -9 -12;
    .port_info 0 /INPUT 1 "clk";
    .port_info 1 /INPUT 1 "d";
    .port_info 2 /OUTPUT 1 "q";
v0x583cf2d4cf20_0 .net "clk", 0 0, o0x7cfeaa089cd8;  alias, 0 drivers
v0x583cf2d4d070_0 .net "d", 0 0, L_0x583cf2d5d480;  alias, 1 drivers
v0x583cf2d4d130_0 .var "q", 0 0;
S_0x583cf2d4d750 .scope generate, "gen_bits[3]" "gen_bits[3]" 8 13, 8 13 0, S_0x583cf2d2d1a0;
 .timescale -9 -12;
P_0x583cf2d4d950 .param/l "i" 1 8 13, +C4<011>;
S_0x583cf2d4da30 .scope module, "bit_cell" "Bit" 8 14, 9 3 0, S_0x583cf2d4d750;
 .timescale -9 -12;
    .port_info 0 /INPUT 1 "clk";
    .port_info 1 /INPUT 1 "load";
    .port_info 2 /INPUT 1 "in";
    .port_info 3 /OUTPUT 1 "out";
L_0x583cf2d5d860 .functor BUFZ 1, v0x583cf2d4e000_0, C4<0>, C4<0>, C4<0>;
v0x583cf2d4e150_0 .net "clk", 0 0, o0x7cfeaa089cd8;  alias, 0 drivers
v0x583cf2d4e1f0_0 .net "in", 0 0, L_0x583cf2d5d8d0;  1 drivers
v0x583cf2d4e2b0_0 .net "load", 0 0, o0x7cfeaa089e28;  alias, 0 drivers
v0x583cf2d4e380_0 .net "next_value", 0 0, L_0x583cf2d5d720;  1 drivers
v0x583cf2d4e450_0 .net "out", 0 0, L_0x583cf2d5d860;  1 drivers
v0x583cf2d4e540_0 .net "stored", 0 0, v0x583cf2d4e000_0;  1 drivers
L_0x583cf2d5d720 .functor MUXZ 1, v0x583cf2d4e000_0, L_0x583cf2d5d8d0, o0x7cfeaa089e28, C4<>;
S_0x583cf2d4dc10 .scope module, "storage" "DFF" 9 12, 10 3 0, S_0x583cf2d4da30;
 .timescale -9 -12;
    .port_info 0 /INPUT 1 "clk";
    .port_info 1 /INPUT 1 "d";
    .port_info 2 /OUTPUT 1 "q";
v0x583cf2d4de80_0 .net "clk", 0 0, o0x7cfeaa089cd8;  alias, 0 drivers
v0x583cf2d4df40_0 .net "d", 0 0, L_0x583cf2d5d720;  alias, 1 drivers
v0x583cf2d4e000_0 .var "q", 0 0;
S_0x583cf2d4e650 .scope generate, "gen_bits[4]" "gen_bits[4]" 8 13, 8 13 0, S_0x583cf2d2d1a0;
 .timescale -9 -12;
P_0x583cf2d4e8a0 .param/l "i" 1 8 13, +C4<0100>;
S_0x583cf2d4e980 .scope module, "bit_cell" "Bit" 8 14, 9 3 0, S_0x583cf2d4e650;
 .timescale -9 -12;
    .port_info 0 /INPUT 1 "clk";
    .port_info 1 /INPUT 1 "load";
    .port_info 2 /INPUT 1 "in";
    .port_info 3 /OUTPUT 1 "out";
L_0x583cf2d5db90 .functor BUFZ 1, v0x583cf2d4ef50_0, C4<0>, C4<0>, C4<0>;
v0x583cf2d4f070_0 .net "clk", 0 0, o0x7cfeaa089cd8;  alias, 0 drivers
v0x583cf2d4f110_0 .net "in", 0 0, L_0x583cf2d5dc00;  1 drivers
v0x583cf2d4f1d0_0 .net "load", 0 0, o0x7cfeaa089e28;  alias, 0 drivers
v0x583cf2d4f2a0_0 .net "next_value", 0 0, L_0x583cf2d5da80;  1 drivers
v0x583cf2d4f370_0 .net "out", 0 0, L_0x583cf2d5db90;  1 drivers
v0x583cf2d4f410_0 .net "stored", 0 0, v0x583cf2d4ef50_0;  1 drivers
L_0x583cf2d5da80 .functor MUXZ 1, v0x583cf2d4ef50_0, L_0x583cf2d5dc00, o0x7cfeaa089e28, C4<>;
S_0x583cf2d4eb60 .scope module, "storage" "DFF" 9 12, 10 3 0, S_0x583cf2d4e980;
 .timescale -9 -12;
    .port_info 0 /INPUT 1 "clk";
    .port_info 1 /INPUT 1 "d";
    .port_info 2 /OUTPUT 1 "q";
v0x583cf2d4edd0_0 .net "clk", 0 0, o0x7cfeaa089cd8;  alias, 0 drivers
v0x583cf2d4ee90_0 .net "d", 0 0, L_0x583cf2d5da80;  alias, 1 drivers
v0x583cf2d4ef50_0 .var "q", 0 0;
S_0x583cf2d4f520 .scope generate, "gen_bits[5]" "gen_bits[5]" 8 13, 8 13 0, S_0x583cf2d2d1a0;
 .timescale -9 -12;
P_0x583cf2d4f720 .param/l "i" 1 8 13, +C4<0101>;
S_0x583cf2d4f800 .scope module, "bit_cell" "Bit" 8 14, 9 3 0, S_0x583cf2d4f520;
 .timescale -9 -12;
    .port_info 0 /INPUT 1 "clk";
    .port_info 1 /INPUT 1 "load";
    .port_info 2 /INPUT 1 "in";
    .port_info 3 /OUTPUT 1 "out";
L_0x583cf2d5de70 .functor BUFZ 1, v0x583cf2d4fdd0_0, C4<0>, C4<0>, C4<0>;
v0x583cf2d4ff20_0 .net "clk", 0 0, o0x7cfeaa089cd8;  alias, 0 drivers
v0x583cf2d4ffc0_0 .net "in", 0 0, L_0x583cf2d5dee0;  1 drivers
v0x583cf2d50080_0 .net "load", 0 0, o0x7cfeaa089e28;  alias, 0 drivers
v0x583cf2d50150_0 .net "next_value", 0 0, L_0x583cf2d5dcf0;  1 drivers
v0x583cf2d50220_0 .net "out", 0 0, L_0x583cf2d5de70;  1 drivers
v0x583cf2d50310_0 .net "stored", 0 0, v0x583cf2d4fdd0_0;  1 drivers
L_0x583cf2d5dcf0 .functor MUXZ 1, v0x583cf2d4fdd0_0, L_0x583cf2d5dee0, o0x7cfeaa089e28, C4<>;
S_0x583cf2d4f9e0 .scope module, "storage" "DFF" 9 12, 10 3 0, S_0x583cf2d4f800;
 .timescale -9 -12;
    .port_info 0 /INPUT 1 "clk";
    .port_info 1 /INPUT 1 "d";
    .port_info 2 /OUTPUT 1 "q";
v0x583cf2d4fc50_0 .net "clk", 0 0, o0x7cfeaa089cd8;  alias, 0 drivers
v0x583cf2d4fd10_0 .net "d", 0 0, L_0x583cf2d5dcf0;  alias, 1 drivers
v0x583cf2d4fdd0_0 .var "q", 0 0;
S_0x583cf2d50420 .scope generate, "gen_bits[6]" "gen_bits[6]" 8 13, 8 13 0, S_0x583cf2d2d1a0;
 .timescale -9 -12;
P_0x583cf2d50620 .param/l "i" 1 8 13, +C4<0110>;
S_0x583cf2d50700 .scope module, "bit_cell" "Bit" 8 14, 9 3 0, S_0x583cf2d50420;
 .timescale -9 -12;
    .port_info 0 /INPUT 1 "clk";
    .port_info 1 /INPUT 1 "load";
    .port_info 2 /INPUT 1 "in";
    .port_info 3 /OUTPUT 1 "out";
L_0x583cf2d5e170 .functor BUFZ 1, v0x583cf2d50d40_0, C4<0>, C4<0>, C4<0>;
v0x583cf2d50e90_0 .net "clk", 0 0, o0x7cfeaa089cd8;  alias, 0 drivers
v0x583cf2d50f30_0 .net "in", 0 0, L_0x583cf2d5e1e0;  1 drivers
v0x583cf2d50ff0_0 .net "load", 0 0, o0x7cfeaa089e28;  alias, 0 drivers
v0x583cf2d510c0_0 .net "next_value", 0 0, L_0x583cf2d5e010;  1 drivers
v0x583cf2d51190_0 .net "out", 0 0, L_0x583cf2d5e170;  1 drivers
v0x583cf2d51280_0 .net "stored", 0 0, v0x583cf2d50d40_0;  1 drivers
L_0x583cf2d5e010 .functor MUXZ 1, v0x583cf2d50d40_0, L_0x583cf2d5e1e0, o0x7cfeaa089e28, C4<>;
S_0x583cf2d50950 .scope module, "storage" "DFF" 9 12, 10 3 0, S_0x583cf2d50700;
 .timescale -9 -12;
    .port_info 0 /INPUT 1 "clk";
    .port_info 1 /INPUT 1 "d";
    .port_info 2 /OUTPUT 1 "q";
v0x583cf2d50bc0_0 .net "clk", 0 0, o0x7cfeaa089cd8;  alias, 0 drivers
v0x583cf2d50c80_0 .net "d", 0 0, L_0x583cf2d5e010;  alias, 1 drivers
v0x583cf2d50d40_0 .var "q", 0 0;
S_0x583cf2d51390 .scope generate, "gen_bits[7]" "gen_bits[7]" 8 13, 8 13 0, S_0x583cf2d2d1a0;
 .timescale -9 -12;
P_0x583cf2d51590 .param/l "i" 1 8 13, +C4<0111>;
S_0x583cf2d51670 .scope module, "bit_cell" "Bit" 8 14, 9 3 0, S_0x583cf2d51390;
 .timescale -9 -12;
    .port_info 0 /INPUT 1 "clk";
    .port_info 1 /INPUT 1 "load";
    .port_info 2 /INPUT 1 "in";
    .port_info 3 /OUTPUT 1 "out";
L_0x583cf2d5e450 .functor BUFZ 1, v0x583cf2d51cb0_0, C4<0>, C4<0>, C4<0>;
v0x583cf2d51e00_0 .net "clk", 0 0, o0x7cfeaa089cd8;  alias, 0 drivers
v0x583cf2d51ea0_0 .net "in", 0 0, L_0x583cf2d5e4c0;  1 drivers
v0x583cf2d51f60_0 .net "load", 0 0, o0x7cfeaa089e28;  alias, 0 drivers
v0x583cf2d52030_0 .net "next_value", 0 0, L_0x583cf2d5e2d0;  1 drivers
v0x583cf2d52100_0 .net "out", 0 0, L_0x583cf2d5e450;  1 drivers
v0x583cf2d521f0_0 .net "stored", 0 0, v0x583cf2d51cb0_0;  1 drivers
L_0x583cf2d5e2d0 .functor MUXZ 1, v0x583cf2d51cb0_0, L_0x583cf2d5e4c0, o0x7cfeaa089e28, C4<>;
S_0x583cf2d518c0 .scope module, "storage" "DFF" 9 12, 10 3 0, S_0x583cf2d51670;
 .timescale -9 -12;
    .port_info 0 /INPUT 1 "clk";
    .port_info 1 /INPUT 1 "d";
    .port_info 2 /OUTPUT 1 "q";
v0x583cf2d51b30_0 .net "clk", 0 0, o0x7cfeaa089cd8;  alias, 0 drivers
v0x583cf2d51bf0_0 .net "d", 0 0, L_0x583cf2d5e2d0;  alias, 1 drivers
v0x583cf2d51cb0_0 .var "q", 0 0;
S_0x583cf2d52300 .scope generate, "gen_bits[8]" "gen_bits[8]" 8 13, 8 13 0, S_0x583cf2d2d1a0;
 .timescale -9 -12;
P_0x583cf2d4e850 .param/l "i" 1 8 13, +C4<01000>;
S_0x583cf2d52620 .scope module, "bit_cell" "Bit" 8 14, 9 3 0, S_0x583cf2d52300;
 .timescale -9 -12;
    .port_info 0 /INPUT 1 "clk";
    .port_info 1 /INPUT 1 "load";
    .port_info 2 /INPUT 1 "in";
    .port_info 3 /OUTPUT 1 "out";
L_0x583cf2d5e780 .functor BUFZ 1, v0x583cf2d52e70_0, C4<0>, C4<0>, C4<0>;
v0x583cf2d52fc0_0 .net "clk", 0 0, o0x7cfeaa089cd8;  alias, 0 drivers
v0x583cf2d53060_0 .net "in", 0 0, L_0x583cf2d5e7f0;  1 drivers
v0x583cf2d53120_0 .net "load", 0 0, o0x7cfeaa089e28;  alias, 0 drivers
v0x583cf2d531f0_0 .net "next_value", 0 0, L_0x583cf2d5e600;  1 drivers
v0x583cf2d532c0_0 .net "out", 0 0, L_0x583cf2d5e780;  1 drivers
v0x583cf2d533b0_0 .net "stored", 0 0, v0x583cf2d52e70_0;  1 drivers
L_0x583cf2d5e600 .functor MUXZ 1, v0x583cf2d52e70_0, L_0x583cf2d5e7f0, o0x7cfeaa089e28, C4<>;
S_0x583cf2d52870 .scope module, "storage" "DFF" 9 12, 10 3 0, S_0x583cf2d52620;
 .timescale -9 -12;
    .port_info 0 /INPUT 1 "clk";
    .port_info 1 /INPUT 1 "d";
    .port_info 2 /OUTPUT 1 "q";
v0x583cf2d52ae0_0 .net "clk", 0 0, o0x7cfeaa089cd8;  alias, 0 drivers
v0x583cf2d52db0_0 .net "d", 0 0, L_0x583cf2d5e600;  alias, 1 drivers
v0x583cf2d52e70_0 .var "q", 0 0;
S_0x583cf2d534c0 .scope generate, "gen_bits[9]" "gen_bits[9]" 8 13, 8 13 0, S_0x583cf2d2d1a0;
 .timescale -9 -12;
P_0x583cf2d536c0 .param/l "i" 1 8 13, +C4<01001>;
S_0x583cf2d537a0 .scope module, "bit_cell" "Bit" 8 14, 9 3 0, S_0x583cf2d534c0;
 .timescale -9 -12;
    .port_info 0 /INPUT 1 "clk";
    .port_info 1 /INPUT 1 "load";
    .port_info 2 /INPUT 1 "in";
    .port_info 3 /OUTPUT 1 "out";
L_0x583cf2d5ea60 .functor BUFZ 1, v0x583cf2d53de0_0, C4<0>, C4<0>, C4<0>;
v0x583cf2d53f30_0 .net "clk", 0 0, o0x7cfeaa089cd8;  alias, 0 drivers
v0x583cf2d53fd0_0 .net "in", 0 0, L_0x583cf2d5ead0;  1 drivers
v0x583cf2d54090_0 .net "load", 0 0, o0x7cfeaa089e28;  alias, 0 drivers
v0x583cf2d54160_0 .net "next_value", 0 0, L_0x583cf2d5e8e0;  1 drivers
v0x583cf2d54230_0 .net "out", 0 0, L_0x583cf2d5ea60;  1 drivers
v0x583cf2d54320_0 .net "stored", 0 0, v0x583cf2d53de0_0;  1 drivers
L_0x583cf2d5e8e0 .functor MUXZ 1, v0x583cf2d53de0_0, L_0x583cf2d5ead0, o0x7cfeaa089e28, C4<>;
S_0x583cf2d539f0 .scope module, "storage" "DFF" 9 12, 10 3 0, S_0x583cf2d537a0;
 .timescale -9 -12;
    .port_info 0 /INPUT 1 "clk";
    .port_info 1 /INPUT 1 "d";
    .port_info 2 /OUTPUT 1 "q";
v0x583cf2d53c60_0 .net "clk", 0 0, o0x7cfeaa089cd8;  alias, 0 drivers
v0x583cf2d53d20_0 .net "d", 0 0, L_0x583cf2d5e8e0;  alias, 1 drivers
v0x583cf2d53de0_0 .var "q", 0 0;
S_0x583cf2d54430 .scope generate, "gen_bits[10]" "gen_bits[10]" 8 13, 8 13 0, S_0x583cf2d2d1a0;
 .timescale -9 -12;
P_0x583cf2d54630 .param/l "i" 1 8 13, +C4<01010>;
S_0x583cf2d54710 .scope module, "bit_cell" "Bit" 8 14, 9 3 0, S_0x583cf2d54430;
 .timescale -9 -12;
    .port_info 0 /INPUT 1 "clk";
    .port_info 1 /INPUT 1 "load";
    .port_info 2 /INPUT 1 "in";
    .port_info 3 /OUTPUT 1 "out";
L_0x583cf2d5ed50 .functor BUFZ 1, v0x583cf2d54d50_0, C4<0>, C4<0>, C4<0>;
v0x583cf2d54ea0_0 .net "clk", 0 0, o0x7cfeaa089cd8;  alias, 0 drivers
v0x583cf2d54f40_0 .net "in", 0 0, L_0x583cf2d5edc0;  1 drivers
v0x583cf2d55000_0 .net "load", 0 0, o0x7cfeaa089e28;  alias, 0 drivers
v0x583cf2d550d0_0 .net "next_value", 0 0, L_0x583cf2d5ec20;  1 drivers
v0x583cf2d551a0_0 .net "out", 0 0, L_0x583cf2d5ed50;  1 drivers
v0x583cf2d55290_0 .net "stored", 0 0, v0x583cf2d54d50_0;  1 drivers
L_0x583cf2d5ec20 .functor MUXZ 1, v0x583cf2d54d50_0, L_0x583cf2d5edc0, o0x7cfeaa089e28, C4<>;
S_0x583cf2d54960 .scope module, "storage" "DFF" 9 12, 10 3 0, S_0x583cf2d54710;
 .timescale -9 -12;
    .port_info 0 /INPUT 1 "clk";
    .port_info 1 /INPUT 1 "d";
    .port_info 2 /OUTPUT 1 "q";
v0x583cf2d54bd0_0 .net "clk", 0 0, o0x7cfeaa089cd8;  alias, 0 drivers
v0x583cf2d54c90_0 .net "d", 0 0, L_0x583cf2d5ec20;  alias, 1 drivers
v0x583cf2d54d50_0 .var "q", 0 0;
S_0x583cf2d553a0 .scope generate, "gen_bits[11]" "gen_bits[11]" 8 13, 8 13 0, S_0x583cf2d2d1a0;
 .timescale -9 -12;
P_0x583cf2d555a0 .param/l "i" 1 8 13, +C4<01011>;
S_0x583cf2d55680 .scope module, "bit_cell" "Bit" 8 14, 9 3 0, S_0x583cf2d553a0;
 .timescale -9 -12;
    .port_info 0 /INPUT 1 "clk";
    .port_info 1 /INPUT 1 "load";
    .port_info 2 /INPUT 1 "in";
    .port_info 3 /OUTPUT 1 "out";
L_0x583cf2d5f030 .functor BUFZ 1, v0x583cf2d55cc0_0, C4<0>, C4<0>, C4<0>;
v0x583cf2d55e10_0 .net "clk", 0 0, o0x7cfeaa089cd8;  alias, 0 drivers
v0x583cf2d55eb0_0 .net "in", 0 0, L_0x583cf2d5f0a0;  1 drivers
v0x583cf2d55f70_0 .net "load", 0 0, o0x7cfeaa089e28;  alias, 0 drivers
v0x583cf2d56040_0 .net "next_value", 0 0, L_0x583cf2d5eeb0;  1 drivers
v0x583cf2d56110_0 .net "out", 0 0, L_0x583cf2d5f030;  1 drivers
v0x583cf2d56200_0 .net "stored", 0 0, v0x583cf2d55cc0_0;  1 drivers
L_0x583cf2d5eeb0 .functor MUXZ 1, v0x583cf2d55cc0_0, L_0x583cf2d5f0a0, o0x7cfeaa089e28, C4<>;
S_0x583cf2d558d0 .scope module, "storage" "DFF" 9 12, 10 3 0, S_0x583cf2d55680;
 .timescale -9 -12;
    .port_info 0 /INPUT 1 "clk";
    .port_info 1 /INPUT 1 "d";
    .port_info 2 /OUTPUT 1 "q";
v0x583cf2d55b40_0 .net "clk", 0 0, o0x7cfeaa089cd8;  alias, 0 drivers
v0x583cf2d55c00_0 .net "d", 0 0, L_0x583cf2d5eeb0;  alias, 1 drivers
v0x583cf2d55cc0_0 .var "q", 0 0;
S_0x583cf2d56310 .scope generate, "gen_bits[12]" "gen_bits[12]" 8 13, 8 13 0, S_0x583cf2d2d1a0;
 .timescale -9 -12;
P_0x583cf2d56510 .param/l "i" 1 8 13, +C4<01100>;
S_0x583cf2d565f0 .scope module, "bit_cell" "Bit" 8 14, 9 3 0, S_0x583cf2d56310;
 .timescale -9 -12;
    .port_info 0 /INPUT 1 "clk";
    .port_info 1 /INPUT 1 "load";
    .port_info 2 /INPUT 1 "in";
    .port_info 3 /OUTPUT 1 "out";
L_0x583cf2d5f380 .functor BUFZ 1, v0x583cf2d56c30_0, C4<0>, C4<0>, C4<0>;
v0x583cf2d56d80_0 .net "clk", 0 0, o0x7cfeaa089cd8;  alias, 0 drivers
v0x583cf2d56e20_0 .net "in", 0 0, L_0x583cf2d5f3f0;  1 drivers
v0x583cf2d56ee0_0 .net "load", 0 0, o0x7cfeaa089e28;  alias, 0 drivers
v0x583cf2d56fb0_0 .net "next_value", 0 0, L_0x583cf2d5f200;  1 drivers
v0x583cf2d57080_0 .net "out", 0 0, L_0x583cf2d5f380;  1 drivers
v0x583cf2d57170_0 .net "stored", 0 0, v0x583cf2d56c30_0;  1 drivers
L_0x583cf2d5f200 .functor MUXZ 1, v0x583cf2d56c30_0, L_0x583cf2d5f3f0, o0x7cfeaa089e28, C4<>;
S_0x583cf2d56840 .scope module, "storage" "DFF" 9 12, 10 3 0, S_0x583cf2d565f0;
 .timescale -9 -12;
    .port_info 0 /INPUT 1 "clk";
    .port_info 1 /INPUT 1 "d";
    .port_info 2 /OUTPUT 1 "q";
v0x583cf2d56ab0_0 .net "clk", 0 0, o0x7cfeaa089cd8;  alias, 0 drivers
v0x583cf2d56b70_0 .net "d", 0 0, L_0x583cf2d5f200;  alias, 1 drivers
v0x583cf2d56c30_0 .var "q", 0 0;
S_0x583cf2d57280 .scope generate, "gen_bits[13]" "gen_bits[13]" 8 13, 8 13 0, S_0x583cf2d2d1a0;
 .timescale -9 -12;
P_0x583cf2d57480 .param/l "i" 1 8 13, +C4<01101>;
S_0x583cf2d57560 .scope module, "bit_cell" "Bit" 8 14, 9 3 0, S_0x583cf2d57280;
 .timescale -9 -12;
    .port_info 0 /INPUT 1 "clk";
    .port_info 1 /INPUT 1 "load";
    .port_info 2 /INPUT 1 "in";
    .port_info 3 /OUTPUT 1 "out";
L_0x583cf2d5f660 .functor BUFZ 1, v0x583cf2d57ba0_0, C4<0>, C4<0>, C4<0>;
v0x583cf2d57cf0_0 .net "clk", 0 0, o0x7cfeaa089cd8;  alias, 0 drivers
v0x583cf2d57d90_0 .net "in", 0 0, L_0x583cf2d5f6d0;  1 drivers
v0x583cf2d57e50_0 .net "load", 0 0, o0x7cfeaa089e28;  alias, 0 drivers
v0x583cf2d57f20_0 .net "next_value", 0 0, L_0x583cf2d5f4e0;  1 drivers
v0x583cf2d57ff0_0 .net "out", 0 0, L_0x583cf2d5f660;  1 drivers
v0x583cf2d580e0_0 .net "stored", 0 0, v0x583cf2d57ba0_0;  1 drivers
L_0x583cf2d5f4e0 .functor MUXZ 1, v0x583cf2d57ba0_0, L_0x583cf2d5f6d0, o0x7cfeaa089e28, C4<>;
S_0x583cf2d577b0 .scope module, "storage" "DFF" 9 12, 10 3 0, S_0x583cf2d57560;
 .timescale -9 -12;
    .port_info 0 /INPUT 1 "clk";
    .port_info 1 /INPUT 1 "d";
    .port_info 2 /OUTPUT 1 "q";
v0x583cf2d57a20_0 .net "clk", 0 0, o0x7cfeaa089cd8;  alias, 0 drivers
v0x583cf2d57ae0_0 .net "d", 0 0, L_0x583cf2d5f4e0;  alias, 1 drivers
v0x583cf2d57ba0_0 .var "q", 0 0;
S_0x583cf2d581f0 .scope generate, "gen_bits[14]" "gen_bits[14]" 8 13, 8 13 0, S_0x583cf2d2d1a0;
 .timescale -9 -12;
P_0x583cf2d583f0 .param/l "i" 1 8 13, +C4<01110>;
S_0x583cf2d584d0 .scope module, "bit_cell" "Bit" 8 14, 9 3 0, S_0x583cf2d581f0;
 .timescale -9 -12;
    .port_info 0 /INPUT 1 "clk";
    .port_info 1 /INPUT 1 "load";
    .port_info 2 /INPUT 1 "in";
    .port_info 3 /OUTPUT 1 "out";
L_0x583cf2d5f190 .functor BUFZ 1, v0x583cf2d58b10_0, C4<0>, C4<0>, C4<0>;
v0x583cf2d58c60_0 .net "clk", 0 0, o0x7cfeaa089cd8;  alias, 0 drivers
v0x583cf2d58d00_0 .net "in", 0 0, L_0x583cf2d5f9c0;  1 drivers
v0x583cf2d58dc0_0 .net "load", 0 0, o0x7cfeaa089e28;  alias, 0 drivers
v0x583cf2d58e90_0 .net "next_value", 0 0, L_0x583cf2d5f840;  1 drivers
v0x583cf2d58f60_0 .net "out", 0 0, L_0x583cf2d5f190;  1 drivers
v0x583cf2d59050_0 .net "stored", 0 0, v0x583cf2d58b10_0;  1 drivers
L_0x583cf2d5f840 .functor MUXZ 1, v0x583cf2d58b10_0, L_0x583cf2d5f9c0, o0x7cfeaa089e28, C4<>;
S_0x583cf2d58720 .scope module, "storage" "DFF" 9 12, 10 3 0, S_0x583cf2d584d0;
 .timescale -9 -12;
    .port_info 0 /INPUT 1 "clk";
    .port_info 1 /INPUT 1 "d";
    .port_info 2 /OUTPUT 1 "q";
v0x583cf2d58990_0 .net "clk", 0 0, o0x7cfeaa089cd8;  alias, 0 drivers
v0x583cf2d58a50_0 .net "d", 0 0, L_0x583cf2d5f840;  alias, 1 drivers
v0x583cf2d58b10_0 .var "q", 0 0;
S_0x583cf2d59160 .scope generate, "gen_bits[15]" "gen_bits[15]" 8 13, 8 13 0, S_0x583cf2d2d1a0;
 .timescale -9 -12;
P_0x583cf2d59360 .param/l "i" 1 8 13, +C4<01111>;
S_0x583cf2d59440 .scope module, "bit_cell" "Bit" 8 14, 9 3 0, S_0x583cf2d59160;
 .timescale -9 -12;
    .port_info 0 /INPUT 1 "clk";
    .port_info 1 /INPUT 1 "load";
    .port_info 2 /INPUT 1 "in";
    .port_info 3 /OUTPUT 1 "out";
L_0x583cf2d60020 .functor BUFZ 1, v0x583cf2d59a80_0, C4<0>, C4<0>, C4<0>;
v0x583cf2d59bd0_0 .net "clk", 0 0, o0x7cfeaa089cd8;  alias, 0 drivers
v0x583cf2d59c70_0 .net "in", 0 0, L_0x583cf2d60090;  1 drivers
v0x583cf2d59d30_0 .net "load", 0 0, o0x7cfeaa089e28;  alias, 0 drivers
v0x583cf2d59e00_0 .net "next_value", 0 0, L_0x583cf2d5fab0;  1 drivers
v0x583cf2d59ed0_0 .net "out", 0 0, L_0x583cf2d60020;  1 drivers
v0x583cf2d59fc0_0 .net "stored", 0 0, v0x583cf2d59a80_0;  1 drivers
L_0x583cf2d5fab0 .functor MUXZ 1, v0x583cf2d59a80_0, L_0x583cf2d60090, o0x7cfeaa089e28, C4<>;
S_0x583cf2d59690 .scope module, "storage" "DFF" 9 12, 10 3 0, S_0x583cf2d59440;
 .timescale -9 -12;
    .port_info 0 /INPUT 1 "clk";
    .port_info 1 /INPUT 1 "d";
    .port_info 2 /OUTPUT 1 "q";
v0x583cf2d59900_0 .net "clk", 0 0, o0x7cfeaa089cd8;  alias, 0 drivers
v0x583cf2d599c0_0 .net "d", 0 0, L_0x583cf2d5fab0;  alias, 1 drivers
v0x583cf2d59a80_0 .var "q", 0 0;
S_0x583cf2d2e710 .scope module, "tb_ram4k" "tb_ram4k" 11 3;
 .timescale -9 -12;
P_0x583cf2d23950 .param/l "AW" 1 11 4, +C4<00000000000000000000000000001100>;
v0x583cf2d5bdf0_0 .var "address", 11 0;
v0x583cf2d5bf00_0 .var "clk", 0 0;
v0x583cf2d5bfd0_0 .var "in", 15 0;
v0x583cf2d5c0d0_0 .var "load", 0 0;
v0x583cf2d5c1a0_0 .net "out", 15 0, L_0x583cf2d60af0;  1 drivers
S_0x583cf2d5a990 .scope module, "dut" "RAM4K" 11 12, 12 3 0, S_0x583cf2d2e710;
 .timescale -9 -12;
    .port_info 0 /INPUT 1 "clk";
    .port_info 1 /INPUT 1 "load";
    .port_info 2 /INPUT 12 "address";
    .port_info 3 /INPUT 16 "in";
    .port_info 4 /OUTPUT 16 "out";
P_0x583cf2d5ab90 .param/l "DEPTH" 1 12 10, +C4<00000000000000000001000000000000>;
L_0x583cf2d60af0 .functor BUFZ 16, L_0x583cf2d60870, C4<0000000000000000>, C4<0000000000000000>, C4<0000000000000000>;
v0x583cf2d5ace0_0 .net *"_ivl_0", 15 0, L_0x583cf2d60870;  1 drivers
v0x583cf2d5ade0_0 .net *"_ivl_2", 13 0, L_0x583cf2d60910;  1 drivers
L_0x7cfeaa040138 .functor BUFT 1, C4<00>, C4<0>, C4<0>, C4<0>;
v0x583cf2d5aec0_0 .net *"_ivl_5", 1 0, L_0x7cfeaa040138;  1 drivers
v0x583cf2d5afb0_0 .net "address", 11 0, v0x583cf2d5bdf0_0;  1 drivers
v0x583cf2d5b090_0 .net "clk", 0 0, v0x583cf2d5bf00_0;  1 drivers
v0x583cf2d5b1a0_0 .var/i "idx", 31 0;
v0x583cf2d5b280_0 .net "in", 15 0, v0x583cf2d5bfd0_0;  1 drivers
v0x583cf2d5b360_0 .net "load", 0 0, v0x583cf2d5c0d0_0;  1 drivers
v0x583cf2d5b420 .array "mem", 4095 0, 15 0;
v0x583cf2d5b4e0_0 .net "out", 15 0, L_0x583cf2d60af0;  alias, 1 drivers
E_0x583cf2d5ac60 .event posedge, v0x583cf2d5b090_0;
L_0x583cf2d60870 .array/port v0x583cf2d5b420, L_0x583cf2d60910;
L_0x583cf2d60910 .concat [ 12 2 0 0], v0x583cf2d5bdf0_0, L_0x7cfeaa040138;
S_0x583cf2d5b660 .scope task, "expect_word" "expect_word" 11 37, 11 37 0, S_0x583cf2d2e710;
 .timescale -9 -12;
v0x583cf2d5b810_0 .var "addr", 11 0;
v0x583cf2d5b8f0_0 .var "value", 15 0;
TD_tb_ram4k.expect_word ;
    %load/vec4 v0x583cf2d5b810_0;
    %store/vec4 v0x583cf2d5bdf0_0, 0, 12;
    %delay 1000, 0;
    %load/vec4 v0x583cf2d5c1a0_0;
    %load/vec4 v0x583cf2d5b8f0_0;
    %cmp/ne;
    %jmp/0xz  T_0.0, 6;
    %vpi_call/w 11 41 "$fatal", 32'sb00000000000000000000000000000001, "RAM4K mismatch at %0d: exp=%h got=%h", v0x583cf2d5b810_0, v0x583cf2d5b8f0_0, v0x583cf2d5c1a0_0 {0 0 0};
T_0.0 ;
    %end;
S_0x583cf2d5b9d0 .scope task, "write_word" "write_word" 11 25, 11 25 0, S_0x583cf2d2e710;
 .timescale -9 -12;
v0x583cf2d5bc10_0 .var "addr", 11 0;
v0x583cf2d5bd10_0 .var "value", 15 0;
E_0x583cf2d5bbb0 .event negedge, v0x583cf2d5b090_0;
TD_tb_ram4k.write_word ;
    %load/vec4 v0x583cf2d5bc10_0;
    %store/vec4 v0x583cf2d5bdf0_0, 0, 12;
    %load/vec4 v0x583cf2d5bd10_0;
    %store/vec4 v0x583cf2d5bfd0_0, 0, 16;
    %pushi/vec4 1, 0, 1;
    %store/vec4 v0x583cf2d5c0d0_0, 0, 1;
    %wait E_0x583cf2d5ac60;
    %delay 1000, 0;
    %pushi/vec4 0, 0, 1;
    %store/vec4 v0x583cf2d5c0d0_0, 0, 1;
    %wait E_0x583cf2d5bbb0;
    %end;
    .scope S_0x583cf2d27be0;
T_2 ;
    %pushi/vec4 0, 0, 16;
    %store/vec4 v0x583cf2d1b240_0, 0, 16;
    %end;
    .thread T_2;
    .scope S_0x583cf2d27be0;
T_3 ;
    %wait E_0x583cf2ce3720;
    %load/vec4 v0x583cf2d1a890_0;
    %flag_set/vec4 8;
    %jmp/0xz  T_3.0, 8;
    %pushi/vec4 0, 0, 16;
    %assign/vec4 v0x583cf2d1b240_0, 0;
    %jmp T_3.1;
T_3.0 ;
    %load/vec4 v0x583cf2d1c7b0_0;
    %flag_set/vec4 8;
    %jmp/0xz  T_3.2, 8;
    %load/vec4 v0x583cf2d1f290_0;
    %assign/vec4 v0x583cf2d1b240_0, 0;
    %jmp T_3.3;
T_3.2 ;
    %load/vec4 v0x583cf2d1dd20_0;
    %flag_set/vec4 8;
    %jmp/0xz  T_3.4, 8;
    %load/vec4 v0x583cf2d1b240_0;
    %addi 1, 0, 16;
    %assign/vec4 v0x583cf2d1b240_0, 0;
T_3.4 ;
T_3.3 ;
T_3.1 ;
    %jmp T_3;
    .thread T_3;
    .scope S_0x583cf2d29150;
T_4 ;
    %pushi/vec4 0, 0, 32;
    %store/vec4 v0x583cf2d48740_0, 0, 32;
T_4.0 ;
    %load/vec4 v0x583cf2d48740_0;
    %cmpi/s 16384, 0, 32;
    %jmp/0xz T_4.1, 5;
    %pushi/vec4 0, 0, 16;
    %ix/getv/s 4, v0x583cf2d48740_0;
    %store/vec4a v0x583cf2d489c0, 4, 0;
    %load/vec4 v0x583cf2d48740_0;
    %addi 1, 0, 32;
    %store/vec4 v0x583cf2d48740_0, 0, 32;
    %jmp T_4.0;
T_4.1 ;
    %end;
    .thread T_4;
    .scope S_0x583cf2d29150;
T_5 ;
    %wait E_0x583cf2ce3970;
    %load/vec4 v0x583cf2d48900_0;
    %flag_set/vec4 8;
    %jmp/0xz  T_5.0, 8;
    %load/vec4 v0x583cf2d48820_0;
    %load/vec4 v0x583cf2d48550_0;
    %pad/u 16;
    %ix/vec4 3;
    %ix/load 4, 0, 0; Constant delay
    %assign/vec4/a/d v0x583cf2d489c0, 0, 4;
T_5.0 ;
    %jmp T_5;
    .thread T_5;
    .scope S_0x583cf2d2a6c0;
T_6 ;
    %pushi/vec4 0, 0, 32;
    %store/vec4 v0x583cf2d49080_0, 0, 32;
T_6.0 ;
    %load/vec4 v0x583cf2d49080_0;
    %cmpi/s 512, 0, 32;
    %jmp/0xz T_6.1, 5;
    %pushi/vec4 0, 0, 16;
    %ix/getv/s 4, v0x583cf2d49080_0;
    %store/vec4a v0x583cf2d49300, 4, 0;
    %load/vec4 v0x583cf2d49080_0;
    %addi 1, 0, 32;
    %store/vec4 v0x583cf2d49080_0, 0, 32;
    %jmp T_6.0;
T_6.1 ;
    %end;
    .thread T_6;
    .scope S_0x583cf2d2a6c0;
T_7 ;
    %wait E_0x583cf2ce3bd0;
    %load/vec4 v0x583cf2d49240_0;
    %flag_set/vec4 8;
    %jmp/0xz  T_7.0, 8;
    %load/vec4 v0x583cf2d49160_0;
    %load/vec4 v0x583cf2d48ee0_0;
    %pad/u 11;
    %ix/vec4 3;
    %ix/load 4, 0, 0; Constant delay
    %assign/vec4/a/d v0x583cf2d49300, 0, 4;
T_7.0 ;
    %jmp T_7;
    .thread T_7;
    .scope S_0x583cf2d1baf0;
T_8 ;
    %pushi/vec4 0, 0, 32;
    %store/vec4 v0x583cf2d49a50_0, 0, 32;
T_8.0 ;
    %load/vec4 v0x583cf2d49a50_0;
    %cmpi/s 64, 0, 32;
    %jmp/0xz T_8.1, 5;
    %pushi/vec4 0, 0, 16;
    %ix/getv/s 4, v0x583cf2d49a50_0;
    %store/vec4a v0x583cf2d49cd0, 4, 0;
    %load/vec4 v0x583cf2d49a50_0;
    %addi 1, 0, 32;
    %store/vec4 v0x583cf2d49a50_0, 0, 32;
    %jmp T_8.0;
T_8.1 ;
    %end;
    .thread T_8;
    .scope S_0x583cf2d1baf0;
T_9 ;
    %wait E_0x583cf2ce3d60;
    %load/vec4 v0x583cf2d49c10_0;
    %flag_set/vec4 8;
    %jmp/0xz  T_9.0, 8;
    %load/vec4 v0x583cf2d49b30_0;
    %load/vec4 v0x583cf2d498b0_0;
    %pad/u 8;
    %ix/vec4 3;
    %ix/load 4, 0, 0; Constant delay
    %assign/vec4/a/d v0x583cf2d49cd0, 0, 4;
T_9.0 ;
    %jmp T_9;
    .thread T_9;
    .scope S_0x583cf2d2bc30;
T_10 ;
    %pushi/vec4 0, 0, 32;
    %store/vec4 v0x583cf2d4a420_0, 0, 32;
T_10.0 ;
    %load/vec4 v0x583cf2d4a420_0;
    %cmpi/s 8, 0, 32;
    %jmp/0xz T_10.1, 5;
    %pushi/vec4 0, 0, 16;
    %ix/getv/s 4, v0x583cf2d4a420_0;
    %store/vec4a v0x583cf2d4a6a0, 4, 0;
    %load/vec4 v0x583cf2d4a420_0;
    %addi 1, 0, 32;
    %store/vec4 v0x583cf2d4a420_0, 0, 32;
    %jmp T_10.0;
T_10.1 ;
    %end;
    .thread T_10;
    .scope S_0x583cf2d2bc30;
T_11 ;
    %wait E_0x583cf2cc67c0;
    %load/vec4 v0x583cf2d4a5e0_0;
    %flag_set/vec4 8;
    %jmp/0xz  T_11.0, 8;
    %load/vec4 v0x583cf2d4a500_0;
    %load/vec4 v0x583cf2d4a280_0;
    %pad/u 5;
    %ix/vec4 3;
    %ix/load 4, 0, 0; Constant delay
    %assign/vec4/a/d v0x583cf2d4a6a0, 0, 4;
T_11.0 ;
    %jmp T_11;
    .thread T_11;
    .scope S_0x583cf2d4ae00;
T_12 ;
    %pushi/vec4 0, 0, 1;
    %store/vec4 v0x583cf2d4b290_0, 0, 1;
    %end;
    .thread T_12;
    .scope S_0x583cf2d4ae00;
T_13 ;
    %wait E_0x583cf2d4b070;
    %load/vec4 v0x583cf2d4b1d0_0;
    %assign/vec4 v0x583cf2d4b290_0, 0;
    %jmp T_13;
    .thread T_13;
    .scope S_0x583cf2d4bd70;
T_14 ;
    %pushi/vec4 0, 0, 1;
    %store/vec4 v0x583cf2d4c1b0_0, 0, 1;
    %end;
    .thread T_14;
    .scope S_0x583cf2d4bd70;
T_15 ;
    %wait E_0x583cf2d4b070;
    %load/vec4 v0x583cf2d4c0f0_0;
    %assign/vec4 v0x583cf2d4c1b0_0, 0;
    %jmp T_15;
    .thread T_15;
    .scope S_0x583cf2d4ccb0;
T_16 ;
    %pushi/vec4 0, 0, 1;
    %store/vec4 v0x583cf2d4d130_0, 0, 1;
    %end;
    .thread T_16;
    .scope S_0x583cf2d4ccb0;
T_17 ;
    %wait E_0x583cf2d4b070;
    %load/vec4 v0x583cf2d4d070_0;
    %assign/vec4 v0x583cf2d4d130_0, 0;
    %jmp T_17;
    .thread T_17;
    .scope S_0x583cf2d4dc10;
T_18 ;
    %pushi/vec4 0, 0, 1;
    %store/vec4 v0x583cf2d4e000_0, 0, 1;
    %end;
    .thread T_18;
    .scope S_0x583cf2d4dc10;
T_19 ;
    %wait E_0x583cf2d4b070;
    %load/vec4 v0x583cf2d4df40_0;
    %assign/vec4 v0x583cf2d4e000_0, 0;
    %jmp T_19;
    .thread T_19;
    .scope S_0x583cf2d4eb60;
T_20 ;
    %pushi/vec4 0, 0, 1;
    %store/vec4 v0x583cf2d4ef50_0, 0, 1;
    %end;
    .thread T_20;
    .scope S_0x583cf2d4eb60;
T_21 ;
    %wait E_0x583cf2d4b070;
    %load/vec4 v0x583cf2d4ee90_0;
    %assign/vec4 v0x583cf2d4ef50_0, 0;
    %jmp T_21;
    .thread T_21;
    .scope S_0x583cf2d4f9e0;
T_22 ;
    %pushi/vec4 0, 0, 1;
    %store/vec4 v0x583cf2d4fdd0_0, 0, 1;
    %end;
    .thread T_22;
    .scope S_0x583cf2d4f9e0;
T_23 ;
    %wait E_0x583cf2d4b070;
    %load/vec4 v0x583cf2d4fd10_0;
    %assign/vec4 v0x583cf2d4fdd0_0, 0;
    %jmp T_23;
    .thread T_23;
    .scope S_0x583cf2d50950;
T_24 ;
    %pushi/vec4 0, 0, 1;
    %store/vec4 v0x583cf2d50d40_0, 0, 1;
    %end;
    .thread T_24;
    .scope S_0x583cf2d50950;
T_25 ;
    %wait E_0x583cf2d4b070;
    %load/vec4 v0x583cf2d50c80_0;
    %assign/vec4 v0x583cf2d50d40_0, 0;
    %jmp T_25;
    .thread T_25;
    .scope S_0x583cf2d518c0;
T_26 ;
    %pushi/vec4 0, 0, 1;
    %store/vec4 v0x583cf2d51cb0_0, 0, 1;
    %end;
    .thread T_26;
    .scope S_0x583cf2d518c0;
T_27 ;
    %wait E_0x583cf2d4b070;
    %load/vec4 v0x583cf2d51bf0_0;
    %assign/vec4 v0x583cf2d51cb0_0, 0;
    %jmp T_27;
    .thread T_27;
    .scope S_0x583cf2d52870;
T_28 ;
    %pushi/vec4 0, 0, 1;
    %store/vec4 v0x583cf2d52e70_0, 0, 1;
    %end;
    .thread T_28;
    .scope S_0x583cf2d52870;
T_29 ;
    %wait E_0x583cf2d4b070;
    %load/vec4 v0x583cf2d52db0_0;
    %assign/vec4 v0x583cf2d52e70_0, 0;
    %jmp T_29;
    .thread T_29;
    .scope S_0x583cf2d539f0;
T_30 ;
    %pushi/vec4 0, 0, 1;
    %store/vec4 v0x583cf2d53de0_0, 0, 1;
    %end;
    .thread T_30;
    .scope S_0x583cf2d539f0;
T_31 ;
    %wait E_0x583cf2d4b070;
    %load/vec4 v0x583cf2d53d20_0;
    %assign/vec4 v0x583cf2d53de0_0, 0;
    %jmp T_31;
    .thread T_31;
    .scope S_0x583cf2d54960;
T_32 ;
    %pushi/vec4 0, 0, 1;
    %store/vec4 v0x583cf2d54d50_0, 0, 1;
    %end;
    .thread T_32;
    .scope S_0x583cf2d54960;
T_33 ;
    %wait E_0x583cf2d4b070;
    %load/vec4 v0x583cf2d54c90_0;
    %assign/vec4 v0x583cf2d54d50_0, 0;
    %jmp T_33;
    .thread T_33;
    .scope S_0x583cf2d558d0;
T_34 ;
    %pushi/vec4 0, 0, 1;
    %store/vec4 v0x583cf2d55cc0_0, 0, 1;
    %end;
    .thread T_34;
    .scope S_0x583cf2d558d0;
T_35 ;
    %wait E_0x583cf2d4b070;
    %load/vec4 v0x583cf2d55c00_0;
    %assign/vec4 v0x583cf2d55cc0_0, 0;
    %jmp T_35;
    .thread T_35;
    .scope S_0x583cf2d56840;
T_36 ;
    %pushi/vec4 0, 0, 1;
    %store/vec4 v0x583cf2d56c30_0, 0, 1;
    %end;
    .thread T_36;
    .scope S_0x583cf2d56840;
T_37 ;
    %wait E_0x583cf2d4b070;
    %load/vec4 v0x583cf2d56b70_0;
    %assign/vec4 v0x583cf2d56c30_0, 0;
    %jmp T_37;
    .thread T_37;
    .scope S_0x583cf2d577b0;
T_38 ;
    %pushi/vec4 0, 0, 1;
    %store/vec4 v0x583cf2d57ba0_0, 0, 1;
    %end;
    .thread T_38;
    .scope S_0x583cf2d577b0;
T_39 ;
    %wait E_0x583cf2d4b070;
    %load/vec4 v0x583cf2d57ae0_0;
    %assign/vec4 v0x583cf2d57ba0_0, 0;
    %jmp T_39;
    .thread T_39;
    .scope S_0x583cf2d58720;
T_40 ;
    %pushi/vec4 0, 0, 1;
    %store/vec4 v0x583cf2d58b10_0, 0, 1;
    %end;
    .thread T_40;
    .scope S_0x583cf2d58720;
T_41 ;
    %wait E_0x583cf2d4b070;
    %load/vec4 v0x583cf2d58a50_0;
    %assign/vec4 v0x583cf2d58b10_0, 0;
    %jmp T_41;
    .thread T_41;
    .scope S_0x583cf2d59690;
T_42 ;
    %pushi/vec4 0, 0, 1;
    %store/vec4 v0x583cf2d59a80_0, 0, 1;
    %end;
    .thread T_42;
    .scope S_0x583cf2d59690;
T_43 ;
    %wait E_0x583cf2d4b070;
    %load/vec4 v0x583cf2d599c0_0;
    %assign/vec4 v0x583cf2d59a80_0, 0;
    %jmp T_43;
    .thread T_43;
    .scope S_0x583cf2d5a990;
T_44 ;
    %pushi/vec4 0, 0, 32;
    %store/vec4 v0x583cf2d5b1a0_0, 0, 32;
T_44.0 ;
    %load/vec4 v0x583cf2d5b1a0_0;
    %cmpi/s 4096, 0, 32;
    %jmp/0xz T_44.1, 5;
    %pushi/vec4 0, 0, 16;
    %ix/getv/s 4, v0x583cf2d5b1a0_0;
    %store/vec4a v0x583cf2d5b420, 4, 0;
    %load/vec4 v0x583cf2d5b1a0_0;
    %addi 1, 0, 32;
    %store/vec4 v0x583cf2d5b1a0_0, 0, 32;
    %jmp T_44.0;
T_44.1 ;
    %end;
    .thread T_44;
    .scope S_0x583cf2d5a990;
T_45 ;
    %wait E_0x583cf2d5ac60;
    %load/vec4 v0x583cf2d5b360_0;
    %flag_set/vec4 8;
    %jmp/0xz  T_45.0, 8;
    %load/vec4 v0x583cf2d5b280_0;
    %load/vec4 v0x583cf2d5afb0_0;
    %pad/u 14;
    %ix/vec4 3;
    %ix/load 4, 0, 0; Constant delay
    %assign/vec4/a/d v0x583cf2d5b420, 0, 4;
T_45.0 ;
    %jmp T_45;
    .thread T_45;
    .scope S_0x583cf2d2e710;
T_46 ;
    %pushi/vec4 0, 0, 1;
    %store/vec4 v0x583cf2d5bf00_0, 0, 1;
T_46.0 ;
    %delay 5000, 0;
    %load/vec4 v0x583cf2d5bf00_0;
    %inv;
    %store/vec4 v0x583cf2d5bf00_0, 0, 1;
    %jmp T_46.0;
    %end;
    .thread T_46;
    .scope S_0x583cf2d2e710;
T_47 ;
    %pushi/vec4 0, 0, 1;
    %store/vec4 v0x583cf2d5c0d0_0, 0, 1;
    %pushi/vec4 0, 0, 12;
    %store/vec4 v0x583cf2d5bdf0_0, 0, 12;
    %pushi/vec4 0, 0, 16;
    %store/vec4 v0x583cf2d5bfd0_0, 0, 16;
    %pushi/vec4 2, 0, 32;
T_47.0 %dup/vec4;
    %pushi/vec4 0, 0, 32;
    %cmp/s;
    %jmp/1xz T_47.1, 5;
    %jmp/1 T_47.1, 4;
    %pushi/vec4 1, 0, 32;
    %sub;
    %wait E_0x583cf2d5ac60;
    %jmp T_47.0;
T_47.1 ;
    %pop/vec4 1;
    %pushi/vec4 0, 0, 12;
    %store/vec4 v0x583cf2d5bc10_0, 0, 12;
    %pushi/vec4 2766, 0, 16;
    %store/vec4 v0x583cf2d5bd10_0, 0, 16;
    %fork TD_tb_ram4k.write_word, S_0x583cf2d5b9d0;
    %join;
    %pushi/vec4 2047, 0, 12;
    %store/vec4 v0x583cf2d5bc10_0, 0, 12;
    %pushi/vec4 64206, 0, 16;
    %store/vec4 v0x583cf2d5bd10_0, 0, 16;
    %fork TD_tb_ram4k.write_word, S_0x583cf2d5b9d0;
    %join;
    %pushi/vec4 4095, 0, 12;
    %store/vec4 v0x583cf2d5bc10_0, 0, 12;
    %pushi/vec4 49374, 0, 16;
    %store/vec4 v0x583cf2d5bd10_0, 0, 16;
    %fork TD_tb_ram4k.write_word, S_0x583cf2d5b9d0;
    %join;
    %pushi/vec4 0, 0, 12;
    %store/vec4 v0x583cf2d5b810_0, 0, 12;
    %pushi/vec4 2766, 0, 16;
    %store/vec4 v0x583cf2d5b8f0_0, 0, 16;
    %fork TD_tb_ram4k.expect_word, S_0x583cf2d5b660;
    %join;
    %pushi/vec4 2047, 0, 12;
    %store/vec4 v0x583cf2d5b810_0, 0, 12;
    %pushi/vec4 64206, 0, 16;
    %store/vec4 v0x583cf2d5b8f0_0, 0, 16;
    %fork TD_tb_ram4k.expect_word, S_0x583cf2d5b660;
    %join;
    %pushi/vec4 4095, 0, 12;
    %store/vec4 v0x583cf2d5b810_0, 0, 12;
    %pushi/vec4 49374, 0, 16;
    %store/vec4 v0x583cf2d5b8f0_0, 0, 16;
    %fork TD_tb_ram4k.expect_word, S_0x583cf2d5b660;
    %join;
    %pushi/vec4 33, 0, 12;
    %store/vec4 v0x583cf2d5b810_0, 0, 12;
    %pushi/vec4 0, 0, 16;
    %store/vec4 v0x583cf2d5b8f0_0, 0, 16;
    %fork TD_tb_ram4k.expect_word, S_0x583cf2d5b660;
    %join;
    %vpi_call/w 11 60 "$display", "tb_ram4k passed" {0 0 0};
    %vpi_call/w 11 61 "$finish" {0 0 0};
    %end;
    .thread T_47;
# The file index is used to find the file name in the following table.
:file_names 13;
    "N/A";
    "<interactive>";
    "-";
    "pc.v";
    "ram16k.v";
    "ram512.v";
    "ram64.v";
    "ram8.v";
    "register.v";
    "bit.v";
    "dff.v";
    "tb_ram4k.v";
    "ram4k.v";
